<?xml version="1.0" encoding="UTF-8"?>
<testsuite xmlns:xsi="http://www.w3.org/2001/XMLSchema-instance" xsi:noNamespaceSchemaLocation="https://maven.apache.org/surefire/maven-surefire-plugin/xsd/surefire-test-report-3.0.xsd" version="3.0" name="TestSuite" time="24.528" tests="20" errors="0" skipped="0" failures="0">
  <properties>
    <property name="gopherProxySet" value="false"/>
    <property name="awt.toolkit" value="sun.lwawt.macosx.LWCToolkit"/>
    <property name="surefire.suiteXmlFiles" value="/Users/fabhotels/Downloads/FabHotels/Testng/faburl.xml"/>
    <property name="file.encoding.pkg" value="sun.io"/>
    <property name="java.specification.version" value="1.8"/>
    <property name="sun.cpu.isalist" value=""/>
    <property name="sun.jnu.encoding" value="UTF-8"/>
    <property name="java.class.path" value="/Users/fabhotels/Downloads/FabHotels/target/test-classes:/Users/fabhotels/Downloads/FabHotels/target/classes:/Users/fabhotels/.m2/repository/org/testng/testng/7.4.0/testng-7.4.0.jar:/Users/fabhotels/.m2/repository/com/beust/jcommander/1.78/jcommander-1.78.jar:/Users/fabhotels/.m2/repository/org/webjars/jquery/3.5.1/jquery-3.5.1.jar:/Users/fabhotels/.m2/repository/io/appium/java-client/8.5.1/java-client-8.5.1.jar:/Users/fabhotels/.m2/repository/com/google/code/gson/gson/2.10.1/gson-2.10.1.jar:/Users/fabhotels/.m2/repository/commons-validator/commons-validator/1.7/commons-validator-1.7.jar:/Users/fabhotels/.m2/repository/commons-beanutils/commons-beanutils/1.9.4/commons-beanutils-1.9.4.jar:/Users/fabhotels/.m2/repository/commons-digester/commons-digester/2.1/commons-digester-2.1.jar:/Users/fabhotels/.m2/repository/commons-logging/commons-logging/1.2/commons-logging-1.2.jar:/Users/fabhotels/.m2/repository/commons-collections/commons-collections/3.2.2/commons-collections-3.2.2.jar:/Users/fabhotels/.m2/repository/org/apache/commons/commons-lang3/3.12.0/commons-lang3-3.12.0.jar:/Users/fabhotels/.m2/repository/org/slf4j/slf4j-api/2.0.7/slf4j-api-2.0.7.jar:/Users/fabhotels/.m2/repository/com/vimalselvam/cucumber-extentsreport/3.0.2/cucumber-extentsreport-3.0.2.jar:/Users/fabhotels/.m2/repository/commons-io/commons-io/2.8.0/commons-io-2.8.0.jar:/Users/fabhotels/.m2/repository/org/hamcrest/hamcrest/2.2/hamcrest-2.2.jar:/Users/fabhotels/.m2/repository/com/aventstack/extentreports/3.1.2/extentreports-3.1.2.jar:/Users/fabhotels/.m2/repository/org/freemarker/freemarker/2.3.23/freemarker-2.3.23.jar:/Users/fabhotels/.m2/repository/org/mongodb/mongodb-driver/3.3.0/mongodb-driver-3.3.0.jar:/Users/fabhotels/.m2/repository/org/apache/httpcomponents/httpclient/4.5.2/httpclient-4.5.2.jar:/Users/fabhotels/.m2/repository/org/apache/httpcomponents/httpcore/4.4.4/httpcore-4.4.4.jar:/Users/fabhotels/.m2/repository/org/apache/httpcomponents/httpmime/4.5.2/httpmime-4.5.2.jar:/Users/fabhotels/.m2/repository/org/jsoup/jsoup/1.9.2/jsoup-1.9.2.jar:/Users/fabhotels/.m2/repository/org/postgresql/postgresql/42.2.9/postgresql-42.2.9.jar:/Users/fabhotels/.m2/repository/org/apache/maven/maven-core/3.9.1/maven-core-3.9.1.jar:/Users/fabhotels/.m2/repository/org/apache/maven/maven-model/3.9.1/maven-model-3.9.1.jar:/Users/fabhotels/.m2/repository/org/apache/maven/maven-settings/3.9.1/maven-settings-3.9.1.jar:/Users/fabhotels/.m2/repository/org/apache/maven/maven-settings-builder/3.9.1/maven-settings-builder-3.9.1.jar:/Users/fabhotels/.m2/repository/org/codehaus/plexus/plexus-sec-dispatcher/2.0/plexus-sec-dispatcher-2.0.jar:/Users/fabhotels/.m2/repository/org/codehaus/plexus/plexus-cipher/2.0/plexus-cipher-2.0.jar:/Users/fabhotels/.m2/repository/org/apache/maven/maven-builder-support/3.9.1/maven-builder-support-3.9.1.jar:/Users/fabhotels/.m2/repository/org/apache/maven/maven-repository-metadata/3.9.1/maven-repository-metadata-3.9.1.jar:/Users/fabhotels/.m2/repository/org/apache/maven/maven-artifact/3.9.1/maven-artifact-3.9.1.jar:/Users/fabhotels/.m2/repository/org/apache/maven/maven-plugin-api/3.9.1/maven-plugin-api-3.9.1.jar:/Users/fabhotels/.m2/repository/org/apache/maven/maven-model-builder/3.9.1/maven-model-builder-3.9.1.jar:/Users/fabhotels/.m2/repository/org/apache/maven/maven-resolver-provider/3.9.1/maven-resolver-provider-3.9.1.jar:/Users/fabhotels/.m2/repository/org/apache/maven/resolver/maven-resolver-impl/1.9.7/maven-resolver-impl-1.9.7.jar:/Users/fabhotels/.m2/repository/org/apache/maven/resolver/maven-resolver-named-locks/1.9.7/maven-resolver-named-locks-1.9.7.jar:/Users/fabhotels/.m2/repository/org/apache/maven/resolver/maven-resolver-api/1.9.7/maven-resolver-api-1.9.7.jar:/Users/fabhotels/.m2/repository/org/apache/maven/resolver/maven-resolver-spi/1.9.7/maven-resolver-spi-1.9.7.jar:/Users/fabhotels/.m2/repository/org/apache/maven/resolver/maven-resolver-util/1.9.7/maven-resolver-util-1.9.7.jar:/Users/fabhotels/.m2/repository/org/apache/maven/shared/maven-shared-utils/3.3.4/maven-shared-utils-3.3.4.jar:/Users/fabhotels/.m2/repository/org/eclipse/sisu/org.eclipse.sisu.plexus/0.3.5/org.eclipse.sisu.plexus-0.3.5.jar:/Users/fabhotels/.m2/repository/javax/annotation/javax.annotation-api/1.2/javax.annotation-api-1.2.jar:/Users/fabhotels/.m2/repository/org/eclipse/sisu/org.eclipse.sisu.inject/0.3.5/org.eclipse.sisu.inject-0.3.5.jar:/Users/fabhotels/.m2/repository/com/google/inject/guice/5.1.0/guice-5.1.0.jar:/Users/fabhotels/.m2/repository/aopalliance/aopalliance/1.0/aopalliance-1.0.jar:/Users/fabhotels/.m2/repository/com/google/guava/failureaccess/1.0.1/failureaccess-1.0.1.jar:/Users/fabhotels/.m2/repository/javax/inject/javax.inject/1/javax.inject-1.jar:/Users/fabhotels/.m2/repository/org/codehaus/plexus/plexus-utils/3.5.1/plexus-utils-3.5.1.jar:/Users/fabhotels/.m2/repository/org/codehaus/plexus/plexus-classworlds/2.6.0/plexus-classworlds-2.6.0.jar:/Users/fabhotels/.m2/repository/org/codehaus/plexus/plexus-interpolation/1.26/plexus-interpolation-1.26.jar:/Users/fabhotels/.m2/repository/org/codehaus/plexus/plexus-component-annotations/2.1.0/plexus-component-annotations-2.1.0.jar:/Users/fabhotels/.m2/repository/io/github/bonigarcia/webdrivermanager/5.5.3/webdrivermanager-5.5.3.jar:/Users/fabhotels/.m2/repository/com/github/docker-java/docker-java/3.3.3/docker-java-3.3.3.jar:/Users/fabhotels/.m2/repository/com/github/docker-java/docker-java-core/3.3.3/docker-java-core-3.3.3.jar:/Users/fabhotels/.m2/repository/com/github/docker-java/docker-java-api/3.3.3/docker-java-api-3.3.3.jar:/Users/fabhotels/.m2/repository/org/bouncycastle/bcpkix-jdk18on/1.75/bcpkix-jdk18on-1.75.jar:/Users/fabhotels/.m2/repository/org/bouncycastle/bcprov-jdk18on/1.75/bcprov-jdk18on-1.75.jar:/Users/fabhotels/.m2/repository/org/bouncycastle/bcutil-jdk18on/1.75/bcutil-jdk18on-1.75.jar:/Users/fabhotels/.m2/repository/org/slf4j/jcl-over-slf4j/1.7.30/jcl-over-slf4j-1.7.30.jar:/Users/fabhotels/.m2/repository/com/github/docker-java/docker-java-transport-httpclient5/3.3.3/docker-java-transport-httpclient5-3.3.3.jar:/Users/fabhotels/.m2/repository/com/github/docker-java/docker-java-transport/3.3.3/docker-java-transport-3.3.3.jar:/Users/fabhotels/.m2/repository/net/java/dev/jna/jna/5.12.1/jna-5.12.1.jar:/Users/fabhotels/.m2/repository/org/brotli/dec/0.1.2/dec-0.1.2.jar:/Users/fabhotels/.m2/repository/org/apache/httpcomponents/client5/httpclient5/5.2.1/httpclient5-5.2.1.jar:/Users/fabhotels/.m2/repository/org/apache/httpcomponents/core5/httpcore5/5.2/httpcore5-5.2.jar:/Users/fabhotels/.m2/repository/org/apache/httpcomponents/core5/httpcore5-h2/5.2/httpcore5-h2-5.2.jar:/Users/fabhotels/.m2/repository/com/google/guava/guava/31.0.1-jre/guava-31.0.1-jre.jar:/Users/fabhotels/.m2/repository/com/google/guava/listenablefuture/9999.0-empty-to-avoid-conflict-with-guava/listenablefuture-9999.0-empty-to-avoid-conflict-with-guava.jar:/Users/fabhotels/.m2/repository/com/google/code/findbugs/jsr305/3.0.2/jsr305-3.0.2.jar:/Users/fabhotels/.m2/repository/org/checkerframework/checker-qual/3.12.0/checker-qual-3.12.0.jar:/Users/fabhotels/.m2/repository/com/google/errorprone/error_prone_annotations/2.7.1/error_prone_annotations-2.7.1.jar:/Users/fabhotels/.m2/repository/com/google/j2objc/j2objc-annotations/1.3/j2objc-annotations-1.3.jar:/Users/fabhotels/.m2/repository/io/rest-assured/rest-assured/5.3.0/rest-assured-5.3.0.jar:/Users/fabhotels/.m2/repository/org/apache/groovy/groovy/4.0.6/groovy-4.0.6.jar:/Users/fabhotels/.m2/repository/org/apache/groovy/groovy-xml/4.0.6/groovy-xml-4.0.6.jar:/Users/fabhotels/.m2/repository/org/ccil/cowan/tagsoup/tagsoup/1.2.1/tagsoup-1.2.1.jar:/Users/fabhotels/.m2/repository/io/rest-assured/json-path/5.3.0/json-path-5.3.0.jar:/Users/fabhotels/.m2/repository/org/apache/groovy/groovy-json/4.0.6/groovy-json-4.0.6.jar:/Users/fabhotels/.m2/repository/io/rest-assured/rest-assured-common/5.3.0/rest-assured-common-5.3.0.jar:/Users/fabhotels/.m2/repository/io/rest-assured/xml-path/5.3.0/xml-path-5.3.0.jar:/Users/fabhotels/.m2/repository/io/cucumber/cucumber-testng/7.13.0/cucumber-testng-7.13.0.jar:/Users/fabhotels/.m2/repository/org/apiguardian/apiguardian-api/1.1.2/apiguardian-api-1.1.2.jar:/Users/fabhotels/.m2/repository/io/rest-assured/json-schema-validator/5.3.0/json-schema-validator-5.3.0.jar:/Users/fabhotels/.m2/repository/com/github/java-json-tools/json-schema-validator/2.2.14/json-schema-validator-2.2.14.jar:/Users/fabhotels/.m2/repository/com/github/java-json-tools/jackson-coreutils-equivalence/1.0/jackson-coreutils-equivalence-1.0.jar:/Users/fabhotels/.m2/repository/com/github/java-json-tools/jackson-coreutils/2.0/jackson-coreutils-2.0.jar:/Users/fabhotels/.m2/repository/com/github/java-json-tools/msg-simple/1.2/msg-simple-1.2.jar:/Users/fabhotels/.m2/repository/com/github/java-json-tools/btf/1.3/btf-1.3.jar:/Users/fabhotels/.m2/repository/com/github/java-json-tools/json-schema-core/1.2.14/json-schema-core-1.2.14.jar:/Users/fabhotels/.m2/repository/com/github/java-json-tools/uri-template/0.10/uri-template-0.10.jar:/Users/fabhotels/.m2/repository/org/mozilla/rhino/1.7.7.2/rhino-1.7.7.2.jar:/Users/fabhotels/.m2/repository/com/sun/mail/mailapi/1.6.2/mailapi-1.6.2.jar:/Users/fabhotels/.m2/repository/joda-time/joda-time/2.10.5/joda-time-2.10.5.jar:/Users/fabhotels/.m2/repository/com/googlecode/libphonenumber/libphonenumber/8.11.1/libphonenumber-8.11.1.jar:/Users/fabhotels/.m2/repository/net/sf/jopt-simple/jopt-simple/5.0.4/jopt-simple-5.0.4.jar:/Users/fabhotels/.m2/repository/com/fasterxml/jackson/core/jackson-databind/2.15.0/jackson-databind-2.15.0.jar:/Users/fabhotels/.m2/repository/com/fasterxml/jackson/core/jackson-annotations/2.15.0/jackson-annotations-2.15.0.jar:/Users/fabhotels/.m2/repository/com/fasterxml/jackson/core/jackson-core/2.15.0/jackson-core-2.15.0.jar:/Users/fabhotels/.m2/repository/org/json/json/20230227/json-20230227.jar:/Users/fabhotels/.m2/repository/org/projectlombok/lombok/1.18.26/lombok-1.18.26.jar:/Users/fabhotels/.m2/repository/org/assertj/assertj-core/3.24.2/assertj-core-3.24.2.jar:/Users/fabhotels/.m2/repository/net/bytebuddy/byte-buddy/1.12.21/byte-buddy-1.12.21.jar:/Users/fabhotels/.m2/repository/org/seleniumhq/selenium/selenium-api/4.12.1/selenium-api-4.12.1.jar:/Users/fabhotels/.m2/repository/org/seleniumhq/selenium/selenium-grid/4.12.1/selenium-grid-4.12.1.jar:/Users/fabhotels/.m2/repository/com/google/auto/service/auto-service-annotations/1.1.1/auto-service-annotations-1.1.1.jar:/Users/fabhotels/.m2/repository/com/graphql-java/graphql-java/20.2/graphql-java-20.2.jar:/Users/fabhotels/.m2/repository/org/reactivestreams/reactive-streams/1.0.3/reactive-streams-1.0.3.jar:/Users/fabhotels/.m2/repository/com/graphql-java/java-dataloader/3.2.0/java-dataloader-3.2.0.jar:/Users/fabhotels/.m2/repository/dev/failsafe/failsafe/3.3.2/failsafe-3.3.2.jar:/Users/fabhotels/.m2/repository/io/netty/netty-buffer/4.1.96.Final/netty-buffer-4.1.96.Final.jar:/Users/fabhotels/.m2/repository/io/netty/netty-codec-http/4.1.96.Final/netty-codec-http-4.1.96.Final.jar:/Users/fabhotels/.m2/repository/io/netty/netty-codec/4.1.96.Final/netty-codec-4.1.96.Final.jar:/Users/fabhotels/.m2/repository/io/netty/netty-common/4.1.96.Final/netty-common-4.1.96.Final.jar:/Users/fabhotels/.m2/repository/io/netty/netty-handler/4.1.96.Final/netty-handler-4.1.96.Final.jar:/Users/fabhotels/.m2/repository/io/netty/netty-resolver/4.1.96.Final/netty-resolver-4.1.96.Final.jar:/Users/fabhotels/.m2/repository/io/netty/netty-transport/4.1.96.Final/netty-transport-4.1.96.Final.jar:/Users/fabhotels/.m2/repository/io/ous/jtoml/2.0.0/jtoml-2.0.0.jar:/Users/fabhotels/.m2/repository/org/bouncycastle/bcpkix-jdk15on/1.70/bcpkix-jdk15on-1.70.jar:/Users/fabhotels/.m2/repository/org/bouncycastle/bcprov-jdk15on/1.70/bcprov-jdk15on-1.70.jar:/Users/fabhotels/.m2/repository/org/bouncycastle/bcutil-jdk15on/1.70/bcutil-jdk15on-1.70.jar:/Users/fabhotels/.m2/repository/org/seleniumhq/selenium/selenium-devtools-v114/4.12.1/selenium-devtools-v114-4.12.1.jar:/Users/fabhotels/.m2/repository/org/seleniumhq/selenium/selenium-devtools-v115/4.12.1/selenium-devtools-v115-4.12.1.jar:/Users/fabhotels/.m2/repository/org/seleniumhq/selenium/selenium-devtools-v116/4.12.1/selenium-devtools-v116-4.12.1.jar:/Users/fabhotels/.m2/repository/org/seleniumhq/selenium/selenium-devtools-v85/4.12.1/selenium-devtools-v85-4.12.1.jar:/Users/fabhotels/.m2/repository/org/seleniumhq/selenium/selenium-edge-driver/4.12.1/selenium-edge-driver-4.12.1.jar:/Users/fabhotels/.m2/repository/org/seleniumhq/selenium/selenium-firefox-driver/4.12.1/selenium-firefox-driver-4.12.1.jar:/Users/fabhotels/.m2/repository/org/seleniumhq/selenium/selenium-http/4.12.1/selenium-http-4.12.1.jar:/Users/fabhotels/.m2/repository/org/seleniumhq/selenium/selenium-ie-driver/4.12.1/selenium-ie-driver-4.12.1.jar:/Users/fabhotels/.m2/repository/org/seleniumhq/selenium/selenium-json/4.12.1/selenium-json-4.12.1.jar:/Users/fabhotels/.m2/repository/org/seleniumhq/selenium/selenium-manager/4.12.1/selenium-manager-4.12.1.jar:/Users/fabhotels/.m2/repository/org/seleniumhq/selenium/selenium-safari-driver/4.12.1/selenium-safari-driver-4.12.1.jar:/Users/fabhotels/.m2/repository/org/zeromq/jeromq/0.5.3/jeromq-0.5.3.jar:/Users/fabhotels/.m2/repository/eu/neilalexander/jnacl/1.0.0/jnacl-1.0.0.jar:/Users/fabhotels/.m2/repository/org/seleniumhq/selenium/selenium-chrome-driver/4.12.1/selenium-chrome-driver-4.12.1.jar:/Users/fabhotels/.m2/repository/org/seleniumhq/selenium/selenium-chromium-driver/4.12.1/selenium-chromium-driver-4.12.1.jar:/Users/fabhotels/.m2/repository/org/seleniumhq/selenium/selenium-support/4.12.1/selenium-support-4.12.1.jar:/Users/fabhotels/.m2/repository/org/seleniumhq/selenium/selenium-remote-driver/4.12.1/selenium-remote-driver-4.12.1.jar:/Users/fabhotels/.m2/repository/io/netty/netty-transport-classes-epoll/4.1.96.Final/netty-transport-classes-epoll-4.1.96.Final.jar:/Users/fabhotels/.m2/repository/io/netty/netty-transport-classes-kqueue/4.1.96.Final/netty-transport-classes-kqueue-4.1.96.Final.jar:/Users/fabhotels/.m2/repository/io/netty/netty-transport-native-epoll/4.1.96.Final/netty-transport-native-epoll-4.1.96.Final.jar:/Users/fabhotels/.m2/repository/io/netty/netty-transport-native-kqueue/4.1.96.Final/netty-transport-native-kqueue-4.1.96.Final.jar:/Users/fabhotels/.m2/repository/io/netty/netty-transport-native-unix-common/4.1.96.Final/netty-transport-native-unix-common-4.1.96.Final.jar:/Users/fabhotels/.m2/repository/io/opentelemetry/opentelemetry-api/1.28.0/opentelemetry-api-1.28.0.jar:/Users/fabhotels/.m2/repository/io/opentelemetry/opentelemetry-context/1.28.0/opentelemetry-context-1.28.0.jar:/Users/fabhotels/.m2/repository/io/opentelemetry/opentelemetry-exporter-logging/1.28.0/opentelemetry-exporter-logging-1.28.0.jar:/Users/fabhotels/.m2/repository/io/opentelemetry/opentelemetry-sdk-metrics/1.28.0/opentelemetry-sdk-metrics-1.28.0.jar:/Users/fabhotels/.m2/repository/io/opentelemetry/opentelemetry-extension-incubator/1.28.0-alpha/opentelemetry-extension-incubator-1.28.0-alpha.jar:/Users/fabhotels/.m2/repository/io/opentelemetry/opentelemetry-sdk-logs/1.28.0/opentelemetry-sdk-logs-1.28.0.jar:/Users/fabhotels/.m2/repository/io/opentelemetry/opentelemetry-sdk-common/1.28.0/opentelemetry-sdk-common-1.28.0.jar:/Users/fabhotels/.m2/repository/io/opentelemetry/opentelemetry-sdk-extension-autoconfigure-spi/1.28.0/opentelemetry-sdk-extension-autoconfigure-spi-1.28.0.jar:/Users/fabhotels/.m2/repository/io/opentelemetry/opentelemetry-sdk-extension-autoconfigure/1.28.0/opentelemetry-sdk-extension-autoconfigure-1.28.0.jar:/Users/fabhotels/.m2/repository/io/opentelemetry/opentelemetry-api-events/1.28.0-alpha/opentelemetry-api-events-1.28.0-alpha.jar:/Users/fabhotels/.m2/repository/io/opentelemetry/opentelemetry-sdk-trace/1.28.0/opentelemetry-sdk-trace-1.28.0.jar:/Users/fabhotels/.m2/repository/io/opentelemetry/opentelemetry-sdk/1.28.0/opentelemetry-sdk-1.28.0.jar:/Users/fabhotels/.m2/repository/io/opentelemetry/opentelemetry-semconv/1.28.0-alpha/opentelemetry-semconv-1.28.0-alpha.jar:/Users/fabhotels/.m2/repository/org/asynchttpclient/async-http-client/2.12.3/async-http-client-2.12.3.jar:/Users/fabhotels/.m2/repository/org/asynchttpclient/async-http-client-netty-utils/2.12.3/async-http-client-netty-utils-2.12.3.jar:/Users/fabhotels/.m2/repository/io/netty/netty-codec-socks/4.1.60.Final/netty-codec-socks-4.1.60.Final.jar:/Users/fabhotels/.m2/repository/io/netty/netty-handler-proxy/4.1.60.Final/netty-handler-proxy-4.1.60.Final.jar:/Users/fabhotels/.m2/repository/io/netty/netty-transport-native-epoll/4.1.60.Final/netty-transport-native-epoll-4.1.60.Final-linux-x86_64.jar:/Users/fabhotels/.m2/repository/io/netty/netty-transport-native-kqueue/4.1.60.Final/netty-transport-native-kqueue-4.1.60.Final-osx-x86_64.jar:/Users/fabhotels/.m2/repository/com/typesafe/netty/netty-reactive-streams/2.0.4/netty-reactive-streams-2.0.4.jar:/Users/fabhotels/.m2/repository/com/sun/activation/jakarta.activation/1.2.2/jakarta.activation-1.2.2.jar:/Users/fabhotels/.m2/repository/org/seleniumhq/selenium/selenium-os/4.12.1/selenium-os-4.12.1.jar:/Users/fabhotels/.m2/repository/org/apache/commons/commons-exec/1.3/commons-exec-1.3.jar:/Users/fabhotels/.m2/repository/org/seleniumhq/selenium/selenium-java/4.12.1/selenium-java-4.12.1.jar:/Users/fabhotels/.m2/repository/io/cucumber/cucumber-java/7.13.0/cucumber-java-7.13.0.jar:/Users/fabhotels/.m2/repository/io/cucumber/cucumber-core/7.13.0/cucumber-core-7.13.0.jar:/Users/fabhotels/.m2/repository/io/cucumber/cucumber-gherkin/7.13.0/cucumber-gherkin-7.13.0.jar:/Users/fabhotels/.m2/repository/io/cucumber/cucumber-gherkin-messages/7.13.0/cucumber-gherkin-messages-7.13.0.jar:/Users/fabhotels/.m2/repository/io/cucumber/gherkin/26.2.0/gherkin-26.2.0.jar:/Users/fabhotels/.m2/repository/io/cucumber/messages/22.0.0/messages-22.0.0.jar:/Users/fabhotels/.m2/repository/io/cucumber/tag-expressions/5.0.1/tag-expressions-5.0.1.jar:/Users/fabhotels/.m2/repository/io/cucumber/cucumber-expressions/16.1.2/cucumber-expressions-16.1.2.jar:/Users/fabhotels/.m2/repository/io/cucumber/datatable/7.13.0/datatable-7.13.0.jar:/Users/fabhotels/.m2/repository/io/cucumber/cucumber-plugin/7.13.0/cucumber-plugin-7.13.0.jar:/Users/fabhotels/.m2/repository/io/cucumber/docstring/7.13.0/docstring-7.13.0.jar:/Users/fabhotels/.m2/repository/io/cucumber/html-formatter/20.3.1/html-formatter-20.3.1.jar:/Users/fabhotels/.m2/repository/io/cucumber/junit-xml-formatter/0.2.0/junit-xml-formatter-0.2.0.jar:/Users/fabhotels/.m2/repository/io/cucumber/ci-environment/9.2.0/ci-environment-9.2.0.jar:/Users/fabhotels/.m2/repository/com/github/javafaker/javafaker/1.0.2/javafaker-1.0.2.jar:/Users/fabhotels/.m2/repository/org/yaml/snakeyaml/1.23/snakeyaml-1.23-android.jar:/Users/fabhotels/.m2/repository/com/github/mifmif/generex/1.0.2/generex-1.0.2.jar:/Users/fabhotels/.m2/repository/dk/brics/automaton/automaton/1.11-8/automaton-1.11-8.jar:/Users/fabhotels/.m2/repository/io/gatling/gatling-core/3.9.5/gatling-core-3.9.5.jar:/Users/fabhotels/.m2/repository/org/scala-lang/scala-library/2.13.10/scala-library-2.13.10.jar:/Users/fabhotels/.m2/repository/io/gatling/gatling-netty-util/3.9.5/gatling-netty-util-3.9.5.jar:/Users/fabhotels/.m2/repository/io/gatling/gatling-jdk-util/3.9.5/gatling-jdk-util-3.9.5.jar:/Users/fabhotels/.m2/repository/io/netty/netty-transport-native-epoll/4.1.92.Final/netty-transport-native-epoll-4.1.92.Final-linux-aarch_64.jar:/Users/fabhotels/.m2/repository/io/netty/incubator/netty-incubator-transport-native-io_uring/0.0.21.Final/netty-incubator-transport-native-io_uring-0.0.21.Final-linux-x86_64.jar:/Users/fabhotels/.m2/repository/io/netty/incubator/netty-incubator-transport-classes-io_uring/0.0.21.Final/netty-incubator-transport-classes-io_uring-0.0.21.Final.jar:/Users/fabhotels/.m2/repository/io/netty/incubator/netty-incubator-transport-native-io_uring/0.0.21.Final/netty-incubator-transport-native-io_uring-0.0.21.Final-linux-aarch_64.jar:/Users/fabhotels/.m2/repository/io/gatling/gatling-commons/3.9.5/gatling-commons-3.9.5.jar:/Users/fabhotels/.m2/repository/io/gatling/gatling-commons-shared/3.9.5/gatling-commons-shared-3.9.5.jar:/Users/fabhotels/.m2/repository/org/scala-lang/scala-reflect/2.13.10/scala-reflect-2.13.10.jar:/Users/fabhotels/.m2/repository/io/suzaku/boopickle_2.13/1.3.3/boopickle_2.13-1.3.3.jar:/Users/fabhotels/.m2/repository/io/gatling/gatling-commons-shared-unstable/3.9.5/gatling-commons-shared-unstable-3.9.5.jar:/Users/fabhotels/.m2/repository/com/typesafe/config/1.4.2/config-1.4.2.jar:/Users/fabhotels/.m2/repository/org/typelevel/spire-macros_2.13/0.17.0/spire-macros_2.13-0.17.0.jar:/Users/fabhotels/.m2/repository/com/typesafe/scala-logging/scala-logging_2.13/3.9.5/scala-logging_2.13-3.9.5.jar:/Users/fabhotels/.m2/repository/ch/qos/logback/logback-classic/1.2.12/logback-classic-1.2.12.jar:/Users/fabhotels/.m2/repository/ch/qos/logback/logback-core/1.2.12/logback-core-1.2.12.jar:/Users/fabhotels/.m2/repository/io/gatling/gatling-jsonpath/3.9.5/gatling-jsonpath-3.9.5.jar:/Users/fabhotels/.m2/repository/com/typesafe/akka/akka-actor_2.13/2.6.20/akka-actor_2.13-2.6.20.jar:/Users/fabhotels/.m2/repository/org/scala-lang/modules/scala-java8-compat_2.13/1.0.0/scala-java8-compat_2.13-1.0.0.jar:/Users/fabhotels/.m2/repository/com/typesafe/akka/akka-slf4j_2.13/2.6.20/akka-slf4j_2.13-2.6.20.jar:/Users/fabhotels/.m2/repository/com/github/ben-manes/caffeine/caffeine/2.9.3/caffeine-2.9.3.jar:/Users/fabhotels/.m2/repository/io/pebbletemplates/pebble/3.2.1/pebble-3.2.1.jar:/Users/fabhotels/.m2/repository/org/unbescape/unbescape/1.1.6.RELEASE/unbescape-1.1.6.RELEASE.jar:/Users/fabhotels/.m2/repository/org/scala-lang/modules/scala-parser-combinators_2.13/2.3.0/scala-parser-combinators_2.13-2.3.0.jar:/Users/fabhotels/.m2/repository/com/github/scopt/scopt_2.13/3.7.1/scopt_2.13-3.7.1.jar:/Users/fabhotels/.m2/repository/io/netty/netty-tcnative-classes/2.0.61.Final/netty-tcnative-classes-2.0.61.Final.jar:/Users/fabhotels/.m2/repository/com/softwaremill/quicklens/quicklens_2.13/1.9.3/quicklens_2.13-1.9.3.jar:/Users/fabhotels/.m2/repository/net/sf/saxon/Saxon-HE/10.6/Saxon-HE-10.6.jar:/Users/fabhotels/.m2/repository/org/jodd/jodd-lagarto/6.0.6/jodd-lagarto-6.0.6.jar:/Users/fabhotels/.m2/repository/org/jodd/jodd-util/6.1.0/jodd-util-6.1.0.jar:/Users/fabhotels/.m2/repository/io/burt/jmespath-jackson/0.5.1/jmespath-jackson-0.5.1.jar:/Users/fabhotels/.m2/repository/io/burt/jmespath-core/0.5.1/jmespath-core-0.5.1.jar:/Users/fabhotels/.m2/repository/io/gatling/gatling-core-java/3.9.5/gatling-core-java-3.9.5.jar:/Users/fabhotels/.m2/repository/net/jodah/typetools/0.6.3/typetools-0.6.3.jar:/Users/fabhotels/.m2/repository/io/gatling/highcharts/gatling-charts-highcharts/3.9.5/gatling-charts-highcharts-3.9.5.jar:/Users/fabhotels/.m2/repository/io/gatling/gatling-app/3.9.5/gatling-app-3.9.5.jar:/Users/fabhotels/.m2/repository/io/gatling/gatling-http/3.9.5/gatling-http-3.9.5.jar:/Users/fabhotels/.m2/repository/io/gatling/gatling-http-client/3.9.5/gatling-http-client-3.9.5.jar:/Users/fabhotels/.m2/repository/io/netty/netty-resolver-dns/4.1.92.Final/netty-resolver-dns-4.1.92.Final.jar:/Users/fabhotels/.m2/repository/io/netty/netty-codec-dns/4.1.92.Final/netty-codec-dns-4.1.92.Final.jar:/Users/fabhotels/.m2/repository/io/netty/netty-codec-http2/4.1.92.Final/netty-codec-http2-4.1.92.Final.jar:/Users/fabhotels/.m2/repository/io/netty/netty-resolver-dns-native-macos/4.1.92.Final/netty-resolver-dns-native-macos-4.1.92.Final-osx-x86_64.jar:/Users/fabhotels/.m2/repository/io/netty/netty-resolver-dns-classes-macos/4.1.92.Final/netty-resolver-dns-classes-macos-4.1.92.Final.jar:/Users/fabhotels/.m2/repository/io/netty/netty-resolver-dns-native-macos/4.1.92.Final/netty-resolver-dns-native-macos-4.1.92.Final-osx-aarch_64.jar:/Users/fabhotels/.m2/repository/io/netty/netty-tcnative-boringssl-static/2.0.61.Final/netty-tcnative-boringssl-static-2.0.61.Final.jar:/Users/fabhotels/.m2/repository/io/netty/netty-tcnative-boringssl-static/2.0.61.Final/netty-tcnative-boringssl-static-2.0.61.Final-linux-x86_64.jar:/Users/fabhotels/.m2/repository/io/netty/netty-tcnative-boringssl-static/2.0.61.Final/netty-tcnative-boringssl-static-2.0.61.Final-linux-aarch_64.jar:/Users/fabhotels/.m2/repository/io/netty/netty-tcnative-boringssl-static/2.0.61.Final/netty-tcnative-boringssl-static-2.0.61.Final-osx-x86_64.jar:/Users/fabhotels/.m2/repository/io/netty/netty-tcnative-boringssl-static/2.0.61.Final/netty-tcnative-boringssl-static-2.0.61.Final-osx-aarch_64.jar:/Users/fabhotels/.m2/repository/io/netty/netty-tcnative-boringssl-static/2.0.61.Final/netty-tcnative-boringssl-static-2.0.61.Final-windows-x86_64.jar:/Users/fabhotels/.m2/repository/com/aayushatharva/brotli4j/brotli4j/1.11.0/brotli4j-1.11.0.jar:/Users/fabhotels/.m2/repository/com/aayushatharva/brotli4j/service/1.11.0/service-1.11.0.jar:/Users/fabhotels/.m2/repository/com/aayushatharva/brotli4j/native-linux-x86_64/1.11.0/native-linux-x86_64-1.11.0.jar:/Users/fabhotels/.m2/repository/com/aayushatharva/brotli4j/native-linux-aarch64/1.11.0/native-linux-aarch64-1.11.0.jar:/Users/fabhotels/.m2/repository/com/aayushatharva/brotli4j/native-osx-x86_64/1.11.0/native-osx-x86_64-1.11.0.jar:/Users/fabhotels/.m2/repository/com/aayushatharva/brotli4j/native-osx-aarch64/1.11.0/native-osx-aarch64-1.11.0.jar:/Users/fabhotels/.m2/repository/com/aayushatharva/brotli4j/native-windows-x86_64/1.11.0/native-windows-x86_64-1.11.0.jar:/Users/fabhotels/.m2/repository/io/gatling/gatling-http-java/3.9.5/gatling-http-java-3.9.5.jar:/Users/fabhotels/.m2/repository/io/gatling/gatling-jms/3.9.5/gatling-jms-3.9.5.jar:/Users/fabhotels/.m2/repository/javax/jms/javax.jms-api/2.0.1/javax.jms-api-2.0.1.jar:/Users/fabhotels/.m2/repository/com/eatthepath/fast-uuid/0.2.0/fast-uuid-0.2.0.jar:/Users/fabhotels/.m2/repository/io/gatling/gatling-jms-java/3.9.5/gatling-jms-java-3.9.5.jar:/Users/fabhotels/.m2/repository/io/gatling/gatling-mqtt/3.9.5/gatling-mqtt-3.9.5.jar:/Users/fabhotels/.m2/repository/io/netty/netty-codec-mqtt/4.1.92.Final/netty-codec-mqtt-4.1.92.Final.jar:/Users/fabhotels/.m2/repository/io/gatling/gatling-mqtt-java/3.9.5/gatling-mqtt-java-3.9.5.jar:/Users/fabhotels/.m2/repository/io/gatling/gatling-jdbc/3.9.5/gatling-jdbc-3.9.5.jar:/Users/fabhotels/.m2/repository/io/gatling/gatling-jdbc-java/3.9.5/gatling-jdbc-java-3.9.5.jar:/Users/fabhotels/.m2/repository/io/gatling/gatling-redis/3.9.5/gatling-redis-3.9.5.jar:/Users/fabhotels/.m2/repository/net/debasishg/redisclient_2.13/3.42/redisclient_2.13-3.42.jar:/Users/fabhotels/.m2/repository/io/gatling/gatling-redis-java/3.9.5/gatling-redis-java-3.9.5.jar:/Users/fabhotels/.m2/repository/io/gatling/gatling-graphite/3.9.5/gatling-graphite-3.9.5.jar:/Users/fabhotels/.m2/repository/org/hdrhistogram/HdrHistogram/2.1.12/HdrHistogram-2.1.12.jar:/Users/fabhotels/.m2/repository/io/gatling/gatling-charts/3.9.5/gatling-charts-3.9.5.jar:/Users/fabhotels/.m2/repository/com/tdunning/t-digest/3.1/t-digest-3.1.jar:/Users/fabhotels/.m2/repository/io/gatling/gatling-recorder/3.9.5/gatling-recorder-3.9.5.jar:/Users/fabhotels/.m2/repository/org/scala-lang/modules/scala-swing_2.13/3.0.0/scala-swing_2.13-3.0.0.jar:/Users/fabhotels/.m2/repository/io/gatling/gatling-recorder-bc-shaded/1.73/gatling-recorder-bc-shaded-1.73.jar:/Users/fabhotels/.m2/repository/com/jcraft/jsch/0.1.55/jsch-0.1.55.jar:/Users/fabhotels/.m2/repository/mysql/mysql-connector-java/8.0.27/mysql-connector-java-8.0.27.jar:/Users/fabhotels/.m2/repository/com/google/protobuf/protobuf-java/3.11.4/protobuf-java-3.11.4.jar:/Users/fabhotels/.m2/repository/org/mongodb/mongodb-driver-sync/4.10.2/mongodb-driver-sync-4.10.2.jar:/Users/fabhotels/.m2/repository/org/mongodb/bson/4.10.2/bson-4.10.2.jar:/Users/fabhotels/.m2/repository/org/mongodb/mongodb-driver-core/4.10.2/mongodb-driver-core-4.10.2.jar:/Users/fabhotels/.m2/repository/org/mongodb/bson-record-codec/4.10.2/bson-record-codec-4.10.2.jar:/Users/fabhotels/.m2/repository/org/apache/poi/poi/4.1.1/poi-4.1.1.jar:/Users/fabhotels/.m2/repository/commons-codec/commons-codec/1.13/commons-codec-1.13.jar:/Users/fabhotels/.m2/repository/org/apache/commons/commons-collections4/4.4/commons-collections4-4.4.jar:/Users/fabhotels/.m2/repository/org/apache/commons/commons-math3/3.6.1/commons-math3-3.6.1.jar:/Users/fabhotels/.m2/repository/org/apache/poi/poi-ooxml/4.1.1/poi-ooxml-4.1.1.jar:/Users/fabhotels/.m2/repository/org/apache/poi/poi-ooxml-schemas/4.1.1/poi-ooxml-schemas-4.1.1.jar:/Users/fabhotels/.m2/repository/org/apache/xmlbeans/xmlbeans/3.1.0/xmlbeans-3.1.0.jar:/Users/fabhotels/.m2/repository/org/apache/commons/commons-compress/1.19/commons-compress-1.19.jar:/Users/fabhotels/.m2/repository/com/github/virtuald/curvesapi/1.06/curvesapi-1.06.jar:/Users/fabhotels/.m2/repository/redis/clients/jedis/3.6.1/jedis-3.6.1.jar:/Users/fabhotels/.m2/repository/org/apache/commons/commons-pool2/2.9.0/commons-pool2-2.9.0.jar:/Users/fabhotels/.m2/repository/org/apache/maven/plugin-tools/maven-plugin-annotations/3.3/maven-plugin-annotations-3.3.jar:/Users/fabhotels/.m2/repository/org/simpleflatmapper/lightning-csv/8.2.3/lightning-csv-8.2.3.jar:/Users/fabhotels/.m2/repository/org/simpleflatmapper/ow2-asm/6.2/ow2-asm-6.2.jar:/Users/fabhotels/.m2/repository/org/simpleflatmapper/sfm-util/8.2.3/sfm-util-8.2.3.jar:/Users/fabhotels/.m2/repository/com/sun/mail/javax.mail/1.6.2/javax.mail-1.6.2.jar:/Users/fabhotels/.m2/repository/javax/activation/activation/1.1/activation-1.1.jar:/Users/fabhotels/.m2/repository/org/apache/logging/log4j/log4j-core/2.9.1/log4j-core-2.9.1.jar:/Users/fabhotels/.m2/repository/org/apache/logging/log4j/log4j-api/2.9.1/log4j-api-2.9.1.jar:"/>
    <property name="type" value=""/>
    <property name="java.vm.vendor" value="Amazon.com Inc."/>
    <property name="sun.arch.data.model" value="64"/>
    <property name="java.vendor.url" value="https://aws.amazon.com/corretto/"/>
    <property name="user.timezone" value="Asia/Kolkata"/>
    <property name="java.vm.specification.version" value="1.8"/>
    <property name="os.name" value="Mac OS X"/>
    <property name="user.country" value="IN"/>
    <property name="sun.java.launcher" value="SUN_STANDARD"/>
    <property name="sun.boot.library.path" value="/Users/fabhotels/Library/Java/JavaVirtualMachines/corretto-1.8.0_392/Contents/Home/jre/lib"/>
    <property name="sun.java.command" value="/Users/fabhotels/Downloads/FabHotels/target/surefire/surefirebooter-20231211181948971_3.jar /Users/fabhotels/Downloads/FabHotels/target/surefire 2023-12-11T18-19-43_896-jvmRun1 surefire-20231211181948971_1tmp surefire_0-20231211181948971_2tmp"/>
    <property name="http.nonProxyHosts" value="local|*.local|169.254/16|*.169.254/16"/>
    <property name="surefire.test.class.path" value="/Users/fabhotels/Downloads/FabHotels/target/test-classes:/Users/fabhotels/Downloads/FabHotels/target/classes:/Users/fabhotels/.m2/repository/org/testng/testng/7.4.0/testng-7.4.0.jar:/Users/fabhotels/.m2/repository/com/beust/jcommander/1.78/jcommander-1.78.jar:/Users/fabhotels/.m2/repository/org/webjars/jquery/3.5.1/jquery-3.5.1.jar:/Users/fabhotels/.m2/repository/io/appium/java-client/8.5.1/java-client-8.5.1.jar:/Users/fabhotels/.m2/repository/com/google/code/gson/gson/2.10.1/gson-2.10.1.jar:/Users/fabhotels/.m2/repository/commons-validator/commons-validator/1.7/commons-validator-1.7.jar:/Users/fabhotels/.m2/repository/commons-beanutils/commons-beanutils/1.9.4/commons-beanutils-1.9.4.jar:/Users/fabhotels/.m2/repository/commons-digester/commons-digester/2.1/commons-digester-2.1.jar:/Users/fabhotels/.m2/repository/commons-logging/commons-logging/1.2/commons-logging-1.2.jar:/Users/fabhotels/.m2/repository/commons-collections/commons-collections/3.2.2/commons-collections-3.2.2.jar:/Users/fabhotels/.m2/repository/org/apache/commons/commons-lang3/3.12.0/commons-lang3-3.12.0.jar:/Users/fabhotels/.m2/repository/org/slf4j/slf4j-api/2.0.7/slf4j-api-2.0.7.jar:/Users/fabhotels/.m2/repository/com/vimalselvam/cucumber-extentsreport/3.0.2/cucumber-extentsreport-3.0.2.jar:/Users/fabhotels/.m2/repository/commons-io/commons-io/2.8.0/commons-io-2.8.0.jar:/Users/fabhotels/.m2/repository/org/hamcrest/hamcrest/2.2/hamcrest-2.2.jar:/Users/fabhotels/.m2/repository/com/aventstack/extentreports/3.1.2/extentreports-3.1.2.jar:/Users/fabhotels/.m2/repository/org/freemarker/freemarker/2.3.23/freemarker-2.3.23.jar:/Users/fabhotels/.m2/repository/org/mongodb/mongodb-driver/3.3.0/mongodb-driver-3.3.0.jar:/Users/fabhotels/.m2/repository/org/apache/httpcomponents/httpclient/4.5.2/httpclient-4.5.2.jar:/Users/fabhotels/.m2/repository/org/apache/httpcomponents/httpcore/4.4.4/httpcore-4.4.4.jar:/Users/fabhotels/.m2/repository/org/apache/httpcomponents/httpmime/4.5.2/httpmime-4.5.2.jar:/Users/fabhotels/.m2/repository/org/jsoup/jsoup/1.9.2/jsoup-1.9.2.jar:/Users/fabhotels/.m2/repository/org/postgresql/postgresql/42.2.9/postgresql-42.2.9.jar:/Users/fabhotels/.m2/repository/org/apache/maven/maven-core/3.9.1/maven-core-3.9.1.jar:/Users/fabhotels/.m2/repository/org/apache/maven/maven-model/3.9.1/maven-model-3.9.1.jar:/Users/fabhotels/.m2/repository/org/apache/maven/maven-settings/3.9.1/maven-settings-3.9.1.jar:/Users/fabhotels/.m2/repository/org/apache/maven/maven-settings-builder/3.9.1/maven-settings-builder-3.9.1.jar:/Users/fabhotels/.m2/repository/org/codehaus/plexus/plexus-sec-dispatcher/2.0/plexus-sec-dispatcher-2.0.jar:/Users/fabhotels/.m2/repository/org/codehaus/plexus/plexus-cipher/2.0/plexus-cipher-2.0.jar:/Users/fabhotels/.m2/repository/org/apache/maven/maven-builder-support/3.9.1/maven-builder-support-3.9.1.jar:/Users/fabhotels/.m2/repository/org/apache/maven/maven-repository-metadata/3.9.1/maven-repository-metadata-3.9.1.jar:/Users/fabhotels/.m2/repository/org/apache/maven/maven-artifact/3.9.1/maven-artifact-3.9.1.jar:/Users/fabhotels/.m2/repository/org/apache/maven/maven-plugin-api/3.9.1/maven-plugin-api-3.9.1.jar:/Users/fabhotels/.m2/repository/org/apache/maven/maven-model-builder/3.9.1/maven-model-builder-3.9.1.jar:/Users/fabhotels/.m2/repository/org/apache/maven/maven-resolver-provider/3.9.1/maven-resolver-provider-3.9.1.jar:/Users/fabhotels/.m2/repository/org/apache/maven/resolver/maven-resolver-impl/1.9.7/maven-resolver-impl-1.9.7.jar:/Users/fabhotels/.m2/repository/org/apache/maven/resolver/maven-resolver-named-locks/1.9.7/maven-resolver-named-locks-1.9.7.jar:/Users/fabhotels/.m2/repository/org/apache/maven/resolver/maven-resolver-api/1.9.7/maven-resolver-api-1.9.7.jar:/Users/fabhotels/.m2/repository/org/apache/maven/resolver/maven-resolver-spi/1.9.7/maven-resolver-spi-1.9.7.jar:/Users/fabhotels/.m2/repository/org/apache/maven/resolver/maven-resolver-util/1.9.7/maven-resolver-util-1.9.7.jar:/Users/fabhotels/.m2/repository/org/apache/maven/shared/maven-shared-utils/3.3.4/maven-shared-utils-3.3.4.jar:/Users/fabhotels/.m2/repository/org/eclipse/sisu/org.eclipse.sisu.plexus/0.3.5/org.eclipse.sisu.plexus-0.3.5.jar:/Users/fabhotels/.m2/repository/javax/annotation/javax.annotation-api/1.2/javax.annotation-api-1.2.jar:/Users/fabhotels/.m2/repository/org/eclipse/sisu/org.eclipse.sisu.inject/0.3.5/org.eclipse.sisu.inject-0.3.5.jar:/Users/fabhotels/.m2/repository/com/google/inject/guice/5.1.0/guice-5.1.0.jar:/Users/fabhotels/.m2/repository/aopalliance/aopalliance/1.0/aopalliance-1.0.jar:/Users/fabhotels/.m2/repository/com/google/guava/failureaccess/1.0.1/failureaccess-1.0.1.jar:/Users/fabhotels/.m2/repository/javax/inject/javax.inject/1/javax.inject-1.jar:/Users/fabhotels/.m2/repository/org/codehaus/plexus/plexus-utils/3.5.1/plexus-utils-3.5.1.jar:/Users/fabhotels/.m2/repository/org/codehaus/plexus/plexus-classworlds/2.6.0/plexus-classworlds-2.6.0.jar:/Users/fabhotels/.m2/repository/org/codehaus/plexus/plexus-interpolation/1.26/plexus-interpolation-1.26.jar:/Users/fabhotels/.m2/repository/org/codehaus/plexus/plexus-component-annotations/2.1.0/plexus-component-annotations-2.1.0.jar:/Users/fabhotels/.m2/repository/io/github/bonigarcia/webdrivermanager/5.5.3/webdrivermanager-5.5.3.jar:/Users/fabhotels/.m2/repository/com/github/docker-java/docker-java/3.3.3/docker-java-3.3.3.jar:/Users/fabhotels/.m2/repository/com/github/docker-java/docker-java-core/3.3.3/docker-java-core-3.3.3.jar:/Users/fabhotels/.m2/repository/com/github/docker-java/docker-java-api/3.3.3/docker-java-api-3.3.3.jar:/Users/fabhotels/.m2/repository/org/bouncycastle/bcpkix-jdk18on/1.75/bcpkix-jdk18on-1.75.jar:/Users/fabhotels/.m2/repository/org/bouncycastle/bcprov-jdk18on/1.75/bcprov-jdk18on-1.75.jar:/Users/fabhotels/.m2/repository/org/bouncycastle/bcutil-jdk18on/1.75/bcutil-jdk18on-1.75.jar:/Users/fabhotels/.m2/repository/org/slf4j/jcl-over-slf4j/1.7.30/jcl-over-slf4j-1.7.30.jar:/Users/fabhotels/.m2/repository/com/github/docker-java/docker-java-transport-httpclient5/3.3.3/docker-java-transport-httpclient5-3.3.3.jar:/Users/fabhotels/.m2/repository/com/github/docker-java/docker-java-transport/3.3.3/docker-java-transport-3.3.3.jar:/Users/fabhotels/.m2/repository/net/java/dev/jna/jna/5.12.1/jna-5.12.1.jar:/Users/fabhotels/.m2/repository/org/brotli/dec/0.1.2/dec-0.1.2.jar:/Users/fabhotels/.m2/repository/org/apache/httpcomponents/client5/httpclient5/5.2.1/httpclient5-5.2.1.jar:/Users/fabhotels/.m2/repository/org/apache/httpcomponents/core5/httpcore5/5.2/httpcore5-5.2.jar:/Users/fabhotels/.m2/repository/org/apache/httpcomponents/core5/httpcore5-h2/5.2/httpcore5-h2-5.2.jar:/Users/fabhotels/.m2/repository/com/google/guava/guava/31.0.1-jre/guava-31.0.1-jre.jar:/Users/fabhotels/.m2/repository/com/google/guava/listenablefuture/9999.0-empty-to-avoid-conflict-with-guava/listenablefuture-9999.0-empty-to-avoid-conflict-with-guava.jar:/Users/fabhotels/.m2/repository/com/google/code/findbugs/jsr305/3.0.2/jsr305-3.0.2.jar:/Users/fabhotels/.m2/repository/org/checkerframework/checker-qual/3.12.0/checker-qual-3.12.0.jar:/Users/fabhotels/.m2/repository/com/google/errorprone/error_prone_annotations/2.7.1/error_prone_annotations-2.7.1.jar:/Users/fabhotels/.m2/repository/com/google/j2objc/j2objc-annotations/1.3/j2objc-annotations-1.3.jar:/Users/fabhotels/.m2/repository/io/rest-assured/rest-assured/5.3.0/rest-assured-5.3.0.jar:/Users/fabhotels/.m2/repository/org/apache/groovy/groovy/4.0.6/groovy-4.0.6.jar:/Users/fabhotels/.m2/repository/org/apache/groovy/groovy-xml/4.0.6/groovy-xml-4.0.6.jar:/Users/fabhotels/.m2/repository/org/ccil/cowan/tagsoup/tagsoup/1.2.1/tagsoup-1.2.1.jar:/Users/fabhotels/.m2/repository/io/rest-assured/json-path/5.3.0/json-path-5.3.0.jar:/Users/fabhotels/.m2/repository/org/apache/groovy/groovy-json/4.0.6/groovy-json-4.0.6.jar:/Users/fabhotels/.m2/repository/io/rest-assured/rest-assured-common/5.3.0/rest-assured-common-5.3.0.jar:/Users/fabhotels/.m2/repository/io/rest-assured/xml-path/5.3.0/xml-path-5.3.0.jar:/Users/fabhotels/.m2/repository/io/cucumber/cucumber-testng/7.13.0/cucumber-testng-7.13.0.jar:/Users/fabhotels/.m2/repository/org/apiguardian/apiguardian-api/1.1.2/apiguardian-api-1.1.2.jar:/Users/fabhotels/.m2/repository/io/rest-assured/json-schema-validator/5.3.0/json-schema-validator-5.3.0.jar:/Users/fabhotels/.m2/repository/com/github/java-json-tools/json-schema-validator/2.2.14/json-schema-validator-2.2.14.jar:/Users/fabhotels/.m2/repository/com/github/java-json-tools/jackson-coreutils-equivalence/1.0/jackson-coreutils-equivalence-1.0.jar:/Users/fabhotels/.m2/repository/com/github/java-json-tools/jackson-coreutils/2.0/jackson-coreutils-2.0.jar:/Users/fabhotels/.m2/repository/com/github/java-json-tools/msg-simple/1.2/msg-simple-1.2.jar:/Users/fabhotels/.m2/repository/com/github/java-json-tools/btf/1.3/btf-1.3.jar:/Users/fabhotels/.m2/repository/com/github/java-json-tools/json-schema-core/1.2.14/json-schema-core-1.2.14.jar:/Users/fabhotels/.m2/repository/com/github/java-json-tools/uri-template/0.10/uri-template-0.10.jar:/Users/fabhotels/.m2/repository/org/mozilla/rhino/1.7.7.2/rhino-1.7.7.2.jar:/Users/fabhotels/.m2/repository/com/sun/mail/mailapi/1.6.2/mailapi-1.6.2.jar:/Users/fabhotels/.m2/repository/joda-time/joda-time/2.10.5/joda-time-2.10.5.jar:/Users/fabhotels/.m2/repository/com/googlecode/libphonenumber/libphonenumber/8.11.1/libphonenumber-8.11.1.jar:/Users/fabhotels/.m2/repository/net/sf/jopt-simple/jopt-simple/5.0.4/jopt-simple-5.0.4.jar:/Users/fabhotels/.m2/repository/com/fasterxml/jackson/core/jackson-databind/2.15.0/jackson-databind-2.15.0.jar:/Users/fabhotels/.m2/repository/com/fasterxml/jackson/core/jackson-annotations/2.15.0/jackson-annotations-2.15.0.jar:/Users/fabhotels/.m2/repository/com/fasterxml/jackson/core/jackson-core/2.15.0/jackson-core-2.15.0.jar:/Users/fabhotels/.m2/repository/org/json/json/20230227/json-20230227.jar:/Users/fabhotels/.m2/repository/org/projectlombok/lombok/1.18.26/lombok-1.18.26.jar:/Users/fabhotels/.m2/repository/org/assertj/assertj-core/3.24.2/assertj-core-3.24.2.jar:/Users/fabhotels/.m2/repository/net/bytebuddy/byte-buddy/1.12.21/byte-buddy-1.12.21.jar:/Users/fabhotels/.m2/repository/org/seleniumhq/selenium/selenium-api/4.12.1/selenium-api-4.12.1.jar:/Users/fabhotels/.m2/repository/org/seleniumhq/selenium/selenium-grid/4.12.1/selenium-grid-4.12.1.jar:/Users/fabhotels/.m2/repository/com/google/auto/service/auto-service-annotations/1.1.1/auto-service-annotations-1.1.1.jar:/Users/fabhotels/.m2/repository/com/graphql-java/graphql-java/20.2/graphql-java-20.2.jar:/Users/fabhotels/.m2/repository/org/reactivestreams/reactive-streams/1.0.3/reactive-streams-1.0.3.jar:/Users/fabhotels/.m2/repository/com/graphql-java/java-dataloader/3.2.0/java-dataloader-3.2.0.jar:/Users/fabhotels/.m2/repository/dev/failsafe/failsafe/3.3.2/failsafe-3.3.2.jar:/Users/fabhotels/.m2/repository/io/netty/netty-buffer/4.1.96.Final/netty-buffer-4.1.96.Final.jar:/Users/fabhotels/.m2/repository/io/netty/netty-codec-http/4.1.96.Final/netty-codec-http-4.1.96.Final.jar:/Users/fabhotels/.m2/repository/io/netty/netty-codec/4.1.96.Final/netty-codec-4.1.96.Final.jar:/Users/fabhotels/.m2/repository/io/netty/netty-common/4.1.96.Final/netty-common-4.1.96.Final.jar:/Users/fabhotels/.m2/repository/io/netty/netty-handler/4.1.96.Final/netty-handler-4.1.96.Final.jar:/Users/fabhotels/.m2/repository/io/netty/netty-resolver/4.1.96.Final/netty-resolver-4.1.96.Final.jar:/Users/fabhotels/.m2/repository/io/netty/netty-transport/4.1.96.Final/netty-transport-4.1.96.Final.jar:/Users/fabhotels/.m2/repository/io/ous/jtoml/2.0.0/jtoml-2.0.0.jar:/Users/fabhotels/.m2/repository/org/bouncycastle/bcpkix-jdk15on/1.70/bcpkix-jdk15on-1.70.jar:/Users/fabhotels/.m2/repository/org/bouncycastle/bcprov-jdk15on/1.70/bcprov-jdk15on-1.70.jar:/Users/fabhotels/.m2/repository/org/bouncycastle/bcutil-jdk15on/1.70/bcutil-jdk15on-1.70.jar:/Users/fabhotels/.m2/repository/org/seleniumhq/selenium/selenium-devtools-v114/4.12.1/selenium-devtools-v114-4.12.1.jar:/Users/fabhotels/.m2/repository/org/seleniumhq/selenium/selenium-devtools-v115/4.12.1/selenium-devtools-v115-4.12.1.jar:/Users/fabhotels/.m2/repository/org/seleniumhq/selenium/selenium-devtools-v116/4.12.1/selenium-devtools-v116-4.12.1.jar:/Users/fabhotels/.m2/repository/org/seleniumhq/selenium/selenium-devtools-v85/4.12.1/selenium-devtools-v85-4.12.1.jar:/Users/fabhotels/.m2/repository/org/seleniumhq/selenium/selenium-edge-driver/4.12.1/selenium-edge-driver-4.12.1.jar:/Users/fabhotels/.m2/repository/org/seleniumhq/selenium/selenium-firefox-driver/4.12.1/selenium-firefox-driver-4.12.1.jar:/Users/fabhotels/.m2/repository/org/seleniumhq/selenium/selenium-http/4.12.1/selenium-http-4.12.1.jar:/Users/fabhotels/.m2/repository/org/seleniumhq/selenium/selenium-ie-driver/4.12.1/selenium-ie-driver-4.12.1.jar:/Users/fabhotels/.m2/repository/org/seleniumhq/selenium/selenium-json/4.12.1/selenium-json-4.12.1.jar:/Users/fabhotels/.m2/repository/org/seleniumhq/selenium/selenium-manager/4.12.1/selenium-manager-4.12.1.jar:/Users/fabhotels/.m2/repository/org/seleniumhq/selenium/selenium-safari-driver/4.12.1/selenium-safari-driver-4.12.1.jar:/Users/fabhotels/.m2/repository/org/zeromq/jeromq/0.5.3/jeromq-0.5.3.jar:/Users/fabhotels/.m2/repository/eu/neilalexander/jnacl/1.0.0/jnacl-1.0.0.jar:/Users/fabhotels/.m2/repository/org/seleniumhq/selenium/selenium-chrome-driver/4.12.1/selenium-chrome-driver-4.12.1.jar:/Users/fabhotels/.m2/repository/org/seleniumhq/selenium/selenium-chromium-driver/4.12.1/selenium-chromium-driver-4.12.1.jar:/Users/fabhotels/.m2/repository/org/seleniumhq/selenium/selenium-support/4.12.1/selenium-support-4.12.1.jar:/Users/fabhotels/.m2/repository/org/seleniumhq/selenium/selenium-remote-driver/4.12.1/selenium-remote-driver-4.12.1.jar:/Users/fabhotels/.m2/repository/io/netty/netty-transport-classes-epoll/4.1.96.Final/netty-transport-classes-epoll-4.1.96.Final.jar:/Users/fabhotels/.m2/repository/io/netty/netty-transport-classes-kqueue/4.1.96.Final/netty-transport-classes-kqueue-4.1.96.Final.jar:/Users/fabhotels/.m2/repository/io/netty/netty-transport-native-epoll/4.1.96.Final/netty-transport-native-epoll-4.1.96.Final.jar:/Users/fabhotels/.m2/repository/io/netty/netty-transport-native-kqueue/4.1.96.Final/netty-transport-native-kqueue-4.1.96.Final.jar:/Users/fabhotels/.m2/repository/io/netty/netty-transport-native-unix-common/4.1.96.Final/netty-transport-native-unix-common-4.1.96.Final.jar:/Users/fabhotels/.m2/repository/io/opentelemetry/opentelemetry-api/1.28.0/opentelemetry-api-1.28.0.jar:/Users/fabhotels/.m2/repository/io/opentelemetry/opentelemetry-context/1.28.0/opentelemetry-context-1.28.0.jar:/Users/fabhotels/.m2/repository/io/opentelemetry/opentelemetry-exporter-logging/1.28.0/opentelemetry-exporter-logging-1.28.0.jar:/Users/fabhotels/.m2/repository/io/opentelemetry/opentelemetry-sdk-metrics/1.28.0/opentelemetry-sdk-metrics-1.28.0.jar:/Users/fabhotels/.m2/repository/io/opentelemetry/opentelemetry-extension-incubator/1.28.0-alpha/opentelemetry-extension-incubator-1.28.0-alpha.jar:/Users/fabhotels/.m2/repository/io/opentelemetry/opentelemetry-sdk-logs/1.28.0/opentelemetry-sdk-logs-1.28.0.jar:/Users/fabhotels/.m2/repository/io/opentelemetry/opentelemetry-sdk-common/1.28.0/opentelemetry-sdk-common-1.28.0.jar:/Users/fabhotels/.m2/repository/io/opentelemetry/opentelemetry-sdk-extension-autoconfigure-spi/1.28.0/opentelemetry-sdk-extension-autoconfigure-spi-1.28.0.jar:/Users/fabhotels/.m2/repository/io/opentelemetry/opentelemetry-sdk-extension-autoconfigure/1.28.0/opentelemetry-sdk-extension-autoconfigure-1.28.0.jar:/Users/fabhotels/.m2/repository/io/opentelemetry/opentelemetry-api-events/1.28.0-alpha/opentelemetry-api-events-1.28.0-alpha.jar:/Users/fabhotels/.m2/repository/io/opentelemetry/opentelemetry-sdk-trace/1.28.0/opentelemetry-sdk-trace-1.28.0.jar:/Users/fabhotels/.m2/repository/io/opentelemetry/opentelemetry-sdk/1.28.0/opentelemetry-sdk-1.28.0.jar:/Users/fabhotels/.m2/repository/io/opentelemetry/opentelemetry-semconv/1.28.0-alpha/opentelemetry-semconv-1.28.0-alpha.jar:/Users/fabhotels/.m2/repository/org/asynchttpclient/async-http-client/2.12.3/async-http-client-2.12.3.jar:/Users/fabhotels/.m2/repository/org/asynchttpclient/async-http-client-netty-utils/2.12.3/async-http-client-netty-utils-2.12.3.jar:/Users/fabhotels/.m2/repository/io/netty/netty-codec-socks/4.1.60.Final/netty-codec-socks-4.1.60.Final.jar:/Users/fabhotels/.m2/repository/io/netty/netty-handler-proxy/4.1.60.Final/netty-handler-proxy-4.1.60.Final.jar:/Users/fabhotels/.m2/repository/io/netty/netty-transport-native-epoll/4.1.60.Final/netty-transport-native-epoll-4.1.60.Final-linux-x86_64.jar:/Users/fabhotels/.m2/repository/io/netty/netty-transport-native-kqueue/4.1.60.Final/netty-transport-native-kqueue-4.1.60.Final-osx-x86_64.jar:/Users/fabhotels/.m2/repository/com/typesafe/netty/netty-reactive-streams/2.0.4/netty-reactive-streams-2.0.4.jar:/Users/fabhotels/.m2/repository/com/sun/activation/jakarta.activation/1.2.2/jakarta.activation-1.2.2.jar:/Users/fabhotels/.m2/repository/org/seleniumhq/selenium/selenium-os/4.12.1/selenium-os-4.12.1.jar:/Users/fabhotels/.m2/repository/org/apache/commons/commons-exec/1.3/commons-exec-1.3.jar:/Users/fabhotels/.m2/repository/org/seleniumhq/selenium/selenium-java/4.12.1/selenium-java-4.12.1.jar:/Users/fabhotels/.m2/repository/io/cucumber/cucumber-java/7.13.0/cucumber-java-7.13.0.jar:/Users/fabhotels/.m2/repository/io/cucumber/cucumber-core/7.13.0/cucumber-core-7.13.0.jar:/Users/fabhotels/.m2/repository/io/cucumber/cucumber-gherkin/7.13.0/cucumber-gherkin-7.13.0.jar:/Users/fabhotels/.m2/repository/io/cucumber/cucumber-gherkin-messages/7.13.0/cucumber-gherkin-messages-7.13.0.jar:/Users/fabhotels/.m2/repository/io/cucumber/gherkin/26.2.0/gherkin-26.2.0.jar:/Users/fabhotels/.m2/repository/io/cucumber/messages/22.0.0/messages-22.0.0.jar:/Users/fabhotels/.m2/repository/io/cucumber/tag-expressions/5.0.1/tag-expressions-5.0.1.jar:/Users/fabhotels/.m2/repository/io/cucumber/cucumber-expressions/16.1.2/cucumber-expressions-16.1.2.jar:/Users/fabhotels/.m2/repository/io/cucumber/datatable/7.13.0/datatable-7.13.0.jar:/Users/fabhotels/.m2/repository/io/cucumber/cucumber-plugin/7.13.0/cucumber-plugin-7.13.0.jar:/Users/fabhotels/.m2/repository/io/cucumber/docstring/7.13.0/docstring-7.13.0.jar:/Users/fabhotels/.m2/repository/io/cucumber/html-formatter/20.3.1/html-formatter-20.3.1.jar:/Users/fabhotels/.m2/repository/io/cucumber/junit-xml-formatter/0.2.0/junit-xml-formatter-0.2.0.jar:/Users/fabhotels/.m2/repository/io/cucumber/ci-environment/9.2.0/ci-environment-9.2.0.jar:/Users/fabhotels/.m2/repository/com/github/javafaker/javafaker/1.0.2/javafaker-1.0.2.jar:/Users/fabhotels/.m2/repository/org/yaml/snakeyaml/1.23/snakeyaml-1.23-android.jar:/Users/fabhotels/.m2/repository/com/github/mifmif/generex/1.0.2/generex-1.0.2.jar:/Users/fabhotels/.m2/repository/dk/brics/automaton/automaton/1.11-8/automaton-1.11-8.jar:/Users/fabhotels/.m2/repository/io/gatling/gatling-core/3.9.5/gatling-core-3.9.5.jar:/Users/fabhotels/.m2/repository/org/scala-lang/scala-library/2.13.10/scala-library-2.13.10.jar:/Users/fabhotels/.m2/repository/io/gatling/gatling-netty-util/3.9.5/gatling-netty-util-3.9.5.jar:/Users/fabhotels/.m2/repository/io/gatling/gatling-jdk-util/3.9.5/gatling-jdk-util-3.9.5.jar:/Users/fabhotels/.m2/repository/io/netty/netty-transport-native-epoll/4.1.92.Final/netty-transport-native-epoll-4.1.92.Final-linux-aarch_64.jar:/Users/fabhotels/.m2/repository/io/netty/incubator/netty-incubator-transport-native-io_uring/0.0.21.Final/netty-incubator-transport-native-io_uring-0.0.21.Final-linux-x86_64.jar:/Users/fabhotels/.m2/repository/io/netty/incubator/netty-incubator-transport-classes-io_uring/0.0.21.Final/netty-incubator-transport-classes-io_uring-0.0.21.Final.jar:/Users/fabhotels/.m2/repository/io/netty/incubator/netty-incubator-transport-native-io_uring/0.0.21.Final/netty-incubator-transport-native-io_uring-0.0.21.Final-linux-aarch_64.jar:/Users/fabhotels/.m2/repository/io/gatling/gatling-commons/3.9.5/gatling-commons-3.9.5.jar:/Users/fabhotels/.m2/repository/io/gatling/gatling-commons-shared/3.9.5/gatling-commons-shared-3.9.5.jar:/Users/fabhotels/.m2/repository/org/scala-lang/scala-reflect/2.13.10/scala-reflect-2.13.10.jar:/Users/fabhotels/.m2/repository/io/suzaku/boopickle_2.13/1.3.3/boopickle_2.13-1.3.3.jar:/Users/fabhotels/.m2/repository/io/gatling/gatling-commons-shared-unstable/3.9.5/gatling-commons-shared-unstable-3.9.5.jar:/Users/fabhotels/.m2/repository/com/typesafe/config/1.4.2/config-1.4.2.jar:/Users/fabhotels/.m2/repository/org/typelevel/spire-macros_2.13/0.17.0/spire-macros_2.13-0.17.0.jar:/Users/fabhotels/.m2/repository/com/typesafe/scala-logging/scala-logging_2.13/3.9.5/scala-logging_2.13-3.9.5.jar:/Users/fabhotels/.m2/repository/ch/qos/logback/logback-classic/1.2.12/logback-classic-1.2.12.jar:/Users/fabhotels/.m2/repository/ch/qos/logback/logback-core/1.2.12/logback-core-1.2.12.jar:/Users/fabhotels/.m2/repository/io/gatling/gatling-jsonpath/3.9.5/gatling-jsonpath-3.9.5.jar:/Users/fabhotels/.m2/repository/com/typesafe/akka/akka-actor_2.13/2.6.20/akka-actor_2.13-2.6.20.jar:/Users/fabhotels/.m2/repository/org/scala-lang/modules/scala-java8-compat_2.13/1.0.0/scala-java8-compat_2.13-1.0.0.jar:/Users/fabhotels/.m2/repository/com/typesafe/akka/akka-slf4j_2.13/2.6.20/akka-slf4j_2.13-2.6.20.jar:/Users/fabhotels/.m2/repository/com/github/ben-manes/caffeine/caffeine/2.9.3/caffeine-2.9.3.jar:/Users/fabhotels/.m2/repository/io/pebbletemplates/pebble/3.2.1/pebble-3.2.1.jar:/Users/fabhotels/.m2/repository/org/unbescape/unbescape/1.1.6.RELEASE/unbescape-1.1.6.RELEASE.jar:/Users/fabhotels/.m2/repository/org/scala-lang/modules/scala-parser-combinators_2.13/2.3.0/scala-parser-combinators_2.13-2.3.0.jar:/Users/fabhotels/.m2/repository/com/github/scopt/scopt_2.13/3.7.1/scopt_2.13-3.7.1.jar:/Users/fabhotels/.m2/repository/io/netty/netty-tcnative-classes/2.0.61.Final/netty-tcnative-classes-2.0.61.Final.jar:/Users/fabhotels/.m2/repository/com/softwaremill/quicklens/quicklens_2.13/1.9.3/quicklens_2.13-1.9.3.jar:/Users/fabhotels/.m2/repository/net/sf/saxon/Saxon-HE/10.6/Saxon-HE-10.6.jar:/Users/fabhotels/.m2/repository/org/jodd/jodd-lagarto/6.0.6/jodd-lagarto-6.0.6.jar:/Users/fabhotels/.m2/repository/org/jodd/jodd-util/6.1.0/jodd-util-6.1.0.jar:/Users/fabhotels/.m2/repository/io/burt/jmespath-jackson/0.5.1/jmespath-jackson-0.5.1.jar:/Users/fabhotels/.m2/repository/io/burt/jmespath-core/0.5.1/jmespath-core-0.5.1.jar:/Users/fabhotels/.m2/repository/io/gatling/gatling-core-java/3.9.5/gatling-core-java-3.9.5.jar:/Users/fabhotels/.m2/repository/net/jodah/typetools/0.6.3/typetools-0.6.3.jar:/Users/fabhotels/.m2/repository/io/gatling/highcharts/gatling-charts-highcharts/3.9.5/gatling-charts-highcharts-3.9.5.jar:/Users/fabhotels/.m2/repository/io/gatling/gatling-app/3.9.5/gatling-app-3.9.5.jar:/Users/fabhotels/.m2/repository/io/gatling/gatling-http/3.9.5/gatling-http-3.9.5.jar:/Users/fabhotels/.m2/repository/io/gatling/gatling-http-client/3.9.5/gatling-http-client-3.9.5.jar:/Users/fabhotels/.m2/repository/io/netty/netty-resolver-dns/4.1.92.Final/netty-resolver-dns-4.1.92.Final.jar:/Users/fabhotels/.m2/repository/io/netty/netty-codec-dns/4.1.92.Final/netty-codec-dns-4.1.92.Final.jar:/Users/fabhotels/.m2/repository/io/netty/netty-codec-http2/4.1.92.Final/netty-codec-http2-4.1.92.Final.jar:/Users/fabhotels/.m2/repository/io/netty/netty-resolver-dns-native-macos/4.1.92.Final/netty-resolver-dns-native-macos-4.1.92.Final-osx-x86_64.jar:/Users/fabhotels/.m2/repository/io/netty/netty-resolver-dns-classes-macos/4.1.92.Final/netty-resolver-dns-classes-macos-4.1.92.Final.jar:/Users/fabhotels/.m2/repository/io/netty/netty-resolver-dns-native-macos/4.1.92.Final/netty-resolver-dns-native-macos-4.1.92.Final-osx-aarch_64.jar:/Users/fabhotels/.m2/repository/io/netty/netty-tcnative-boringssl-static/2.0.61.Final/netty-tcnative-boringssl-static-2.0.61.Final.jar:/Users/fabhotels/.m2/repository/io/netty/netty-tcnative-boringssl-static/2.0.61.Final/netty-tcnative-boringssl-static-2.0.61.Final-linux-x86_64.jar:/Users/fabhotels/.m2/repository/io/netty/netty-tcnative-boringssl-static/2.0.61.Final/netty-tcnative-boringssl-static-2.0.61.Final-linux-aarch_64.jar:/Users/fabhotels/.m2/repository/io/netty/netty-tcnative-boringssl-static/2.0.61.Final/netty-tcnative-boringssl-static-2.0.61.Final-osx-x86_64.jar:/Users/fabhotels/.m2/repository/io/netty/netty-tcnative-boringssl-static/2.0.61.Final/netty-tcnative-boringssl-static-2.0.61.Final-osx-aarch_64.jar:/Users/fabhotels/.m2/repository/io/netty/netty-tcnative-boringssl-static/2.0.61.Final/netty-tcnative-boringssl-static-2.0.61.Final-windows-x86_64.jar:/Users/fabhotels/.m2/repository/com/aayushatharva/brotli4j/brotli4j/1.11.0/brotli4j-1.11.0.jar:/Users/fabhotels/.m2/repository/com/aayushatharva/brotli4j/service/1.11.0/service-1.11.0.jar:/Users/fabhotels/.m2/repository/com/aayushatharva/brotli4j/native-linux-x86_64/1.11.0/native-linux-x86_64-1.11.0.jar:/Users/fabhotels/.m2/repository/com/aayushatharva/brotli4j/native-linux-aarch64/1.11.0/native-linux-aarch64-1.11.0.jar:/Users/fabhotels/.m2/repository/com/aayushatharva/brotli4j/native-osx-x86_64/1.11.0/native-osx-x86_64-1.11.0.jar:/Users/fabhotels/.m2/repository/com/aayushatharva/brotli4j/native-osx-aarch64/1.11.0/native-osx-aarch64-1.11.0.jar:/Users/fabhotels/.m2/repository/com/aayushatharva/brotli4j/native-windows-x86_64/1.11.0/native-windows-x86_64-1.11.0.jar:/Users/fabhotels/.m2/repository/io/gatling/gatling-http-java/3.9.5/gatling-http-java-3.9.5.jar:/Users/fabhotels/.m2/repository/io/gatling/gatling-jms/3.9.5/gatling-jms-3.9.5.jar:/Users/fabhotels/.m2/repository/javax/jms/javax.jms-api/2.0.1/javax.jms-api-2.0.1.jar:/Users/fabhotels/.m2/repository/com/eatthepath/fast-uuid/0.2.0/fast-uuid-0.2.0.jar:/Users/fabhotels/.m2/repository/io/gatling/gatling-jms-java/3.9.5/gatling-jms-java-3.9.5.jar:/Users/fabhotels/.m2/repository/io/gatling/gatling-mqtt/3.9.5/gatling-mqtt-3.9.5.jar:/Users/fabhotels/.m2/repository/io/netty/netty-codec-mqtt/4.1.92.Final/netty-codec-mqtt-4.1.92.Final.jar:/Users/fabhotels/.m2/repository/io/gatling/gatling-mqtt-java/3.9.5/gatling-mqtt-java-3.9.5.jar:/Users/fabhotels/.m2/repository/io/gatling/gatling-jdbc/3.9.5/gatling-jdbc-3.9.5.jar:/Users/fabhotels/.m2/repository/io/gatling/gatling-jdbc-java/3.9.5/gatling-jdbc-java-3.9.5.jar:/Users/fabhotels/.m2/repository/io/gatling/gatling-redis/3.9.5/gatling-redis-3.9.5.jar:/Users/fabhotels/.m2/repository/net/debasishg/redisclient_2.13/3.42/redisclient_2.13-3.42.jar:/Users/fabhotels/.m2/repository/io/gatling/gatling-redis-java/3.9.5/gatling-redis-java-3.9.5.jar:/Users/fabhotels/.m2/repository/io/gatling/gatling-graphite/3.9.5/gatling-graphite-3.9.5.jar:/Users/fabhotels/.m2/repository/org/hdrhistogram/HdrHistogram/2.1.12/HdrHistogram-2.1.12.jar:/Users/fabhotels/.m2/repository/io/gatling/gatling-charts/3.9.5/gatling-charts-3.9.5.jar:/Users/fabhotels/.m2/repository/com/tdunning/t-digest/3.1/t-digest-3.1.jar:/Users/fabhotels/.m2/repository/io/gatling/gatling-recorder/3.9.5/gatling-recorder-3.9.5.jar:/Users/fabhotels/.m2/repository/org/scala-lang/modules/scala-swing_2.13/3.0.0/scala-swing_2.13-3.0.0.jar:/Users/fabhotels/.m2/repository/io/gatling/gatling-recorder-bc-shaded/1.73/gatling-recorder-bc-shaded-1.73.jar:/Users/fabhotels/.m2/repository/com/jcraft/jsch/0.1.55/jsch-0.1.55.jar:/Users/fabhotels/.m2/repository/mysql/mysql-connector-java/8.0.27/mysql-connector-java-8.0.27.jar:/Users/fabhotels/.m2/repository/com/google/protobuf/protobuf-java/3.11.4/protobuf-java-3.11.4.jar:/Users/fabhotels/.m2/repository/org/mongodb/mongodb-driver-sync/4.10.2/mongodb-driver-sync-4.10.2.jar:/Users/fabhotels/.m2/repository/org/mongodb/bson/4.10.2/bson-4.10.2.jar:/Users/fabhotels/.m2/repository/org/mongodb/mongodb-driver-core/4.10.2/mongodb-driver-core-4.10.2.jar:/Users/fabhotels/.m2/repository/org/mongodb/bson-record-codec/4.10.2/bson-record-codec-4.10.2.jar:/Users/fabhotels/.m2/repository/org/apache/poi/poi/4.1.1/poi-4.1.1.jar:/Users/fabhotels/.m2/repository/commons-codec/commons-codec/1.13/commons-codec-1.13.jar:/Users/fabhotels/.m2/repository/org/apache/commons/commons-collections4/4.4/commons-collections4-4.4.jar:/Users/fabhotels/.m2/repository/org/apache/commons/commons-math3/3.6.1/commons-math3-3.6.1.jar:/Users/fabhotels/.m2/repository/org/apache/poi/poi-ooxml/4.1.1/poi-ooxml-4.1.1.jar:/Users/fabhotels/.m2/repository/org/apache/poi/poi-ooxml-schemas/4.1.1/poi-ooxml-schemas-4.1.1.jar:/Users/fabhotels/.m2/repository/org/apache/xmlbeans/xmlbeans/3.1.0/xmlbeans-3.1.0.jar:/Users/fabhotels/.m2/repository/org/apache/commons/commons-compress/1.19/commons-compress-1.19.jar:/Users/fabhotels/.m2/repository/com/github/virtuald/curvesapi/1.06/curvesapi-1.06.jar:/Users/fabhotels/.m2/repository/redis/clients/jedis/3.6.1/jedis-3.6.1.jar:/Users/fabhotels/.m2/repository/org/apache/commons/commons-pool2/2.9.0/commons-pool2-2.9.0.jar:/Users/fabhotels/.m2/repository/org/apache/maven/plugin-tools/maven-plugin-annotations/3.3/maven-plugin-annotations-3.3.jar:/Users/fabhotels/.m2/repository/org/simpleflatmapper/lightning-csv/8.2.3/lightning-csv-8.2.3.jar:/Users/fabhotels/.m2/repository/org/simpleflatmapper/ow2-asm/6.2/ow2-asm-6.2.jar:/Users/fabhotels/.m2/repository/org/simpleflatmapper/sfm-util/8.2.3/sfm-util-8.2.3.jar:/Users/fabhotels/.m2/repository/com/sun/mail/javax.mail/1.6.2/javax.mail-1.6.2.jar:/Users/fabhotels/.m2/repository/javax/activation/activation/1.1/activation-1.1.jar:/Users/fabhotels/.m2/repository/org/apache/logging/log4j/log4j-core/2.9.1/log4j-core-2.9.1.jar:/Users/fabhotels/.m2/repository/org/apache/logging/log4j/log4j-api/2.9.1/log4j-api-2.9.1.jar:"/>
    <property name="sun.cpu.endian" value="little"/>
    <property name="user.home" value="/Users/fabhotels"/>
    <property name="user.language" value="en"/>
    <property name="java.specification.vendor" value="Oracle Corporation"/>
    <property name="java.home" value="/Users/fabhotels/Library/Java/JavaVirtualMachines/corretto-1.8.0_392/Contents/Home/jre"/>
    <property name="basedir" value="/Users/fabhotels/Downloads/FabHotels"/>
    <property name="file.separator" value="/"/>
    <property name="line.separator" value="&#10;"/>
    <property name="java.vm.specification.vendor" value="Oracle Corporation"/>
    <property name="java.specification.name" value="Java Platform API Specification"/>
    <property name="java.awt.graphicsenv" value="sun.awt.CGraphicsEnvironment"/>
    <property name="surefire.real.class.path" value="/Users/fabhotels/Downloads/FabHotels/target/surefire/surefirebooter-20231211181948971_3.jar"/>
    <property name="count1" value=""/>
    <property name="sun.boot.class.path" value="/Users/fabhotels/Library/Java/JavaVirtualMachines/corretto-1.8.0_392/Contents/Home/jre/lib/resources.jar:/Users/fabhotels/Library/Java/JavaVirtualMachines/corretto-1.8.0_392/Contents/Home/jre/lib/rt.jar:/Users/fabhotels/Library/Java/JavaVirtualMachines/corretto-1.8.0_392/Contents/Home/jre/lib/sunrsasign.jar:/Users/fabhotels/Library/Java/JavaVirtualMachines/corretto-1.8.0_392/Contents/Home/jre/lib/jsse.jar:/Users/fabhotels/Library/Java/JavaVirtualMachines/corretto-1.8.0_392/Contents/Home/jre/lib/jce.jar:/Users/fabhotels/Library/Java/JavaVirtualMachines/corretto-1.8.0_392/Contents/Home/jre/lib/charsets.jar:/Users/fabhotels/Library/Java/JavaVirtualMachines/corretto-1.8.0_392/Contents/Home/jre/lib/jfr.jar:/Users/fabhotels/Library/Java/JavaVirtualMachines/corretto-1.8.0_392/Contents/Home/jre/classes"/>
    <property name="sun.management.compiler" value="HotSpot 64-Bit Tiered Compilers"/>
    <property name="ftp.nonProxyHosts" value="local|*.local|169.254/16|*.169.254/16"/>
    <property name="java.runtime.version" value="1.8.0_392-b08"/>
    <property name="user.name" value="fabhotels"/>
    <property name="path.separator" value=":"/>
    <property name="os.version" value="13.4"/>
    <property name="java.endorsed.dirs" value="/Users/fabhotels/Library/Java/JavaVirtualMachines/corretto-1.8.0_392/Contents/Home/jre/lib/endorsed"/>
    <property name="java.runtime.name" value="OpenJDK Runtime Environment"/>
    <property name="file.encoding" value="UTF-8"/>
    <property name="countryCode" value=""/>
    <property name="java.vm.name" value="OpenJDK 64-Bit Server VM"/>
    <property name="platformName" value=""/>
    <property name="localRepository" value="/Users/fabhotels/.m2/repository"/>
    <property name="java.vendor.url.bug" value="https://github.com/corretto/corretto-8/issues/"/>
    <property name="java.io.tmpdir" value="/var/folders/8h/s1k7ngkn6tb4cf9z7syc6vth0000gn/T/"/>
    <property name="java.version" value="1.8.0_392"/>
    <property name="user.dir" value="/Users/fabhotels/Downloads/FabHotels"/>
    <property name="os.arch" value="aarch64"/>
    <property name="java.vm.specification.name" value="Java Virtual Machine Specification"/>
    <property name="java.awt.printerjob" value="sun.lwawt.macosx.CPrinterJob"/>
    <property name="env" value=""/>
    <property name="sun.os.patch.level" value="unknown"/>
    <property name="java.library.path" value="/Users/fabhotels/Library/Java/Extensions:/Library/Java/Extensions:/Network/Library/Java/Extensions:/System/Library/Java/Extensions:/usr/lib/java:."/>
    <property name="java.vm.info" value="mixed mode"/>
    <property name="java.vendor" value="Amazon.com Inc."/>
    <property name="java.vm.version" value="25.392-b08"/>
    <property name="java.specification.maintenance.version" value="5"/>
    <property name="java.ext.dirs" value="/Users/fabhotels/Library/Java/Extensions:/Users/fabhotels/Library/Java/JavaVirtualMachines/corretto-1.8.0_392/Contents/Home/jre/lib/ext:/Library/Java/Extensions:/Network/Library/Java/Extensions:/System/Library/Java/Extensions:/usr/lib/java"/>
    <property name="sun.io.unicode.encoding" value="UnicodeBig"/>
    <property name="java.class.version" value="52.0"/>
    <property name="socksNonProxyHosts" value="local|*.local|169.254/16|*.169.254/16"/>
  </properties>
  <testcase name="hitFabURL[https://www.fabhotels.com/](1)" classname="web.B2C.Test.FabWebURLsHealthCheckup" time="0.849">
    <system-out><![CDATA[[Configuration] [WARN] Detected a static method [web.B2C.Test.FabWebURLsHealthCheckup.createMenthodBody()]. Static configuration methods can cause  unexpected behavior.
Started Execution of Test Case : Fabhotels url's
200
]]></system-out>
    <system-err><![CDATA[SLF4J: No SLF4J providers were found.
SLF4J: Defaulting to no-operation (NOP) logger implementation
SLF4J: See https://www.slf4j.org/codes.html#noProviders for further details.
SLF4J: Class path contains SLF4J bindings targeting slf4j-api versions 1.7.x or earlier.
SLF4J: Ignoring binding found at [jar:file:/Users/fabhotels/.m2/repository/ch/qos/logback/logback-classic/1.2.12/logback-classic-1.2.12.jar!/org/slf4j/impl/StaticLoggerBinder.class]
SLF4J: See https://www.slf4j.org/codes.html#ignoredBindings for an explanation.
]]></system-err>
  </testcase>
  <testcase name="hitFabURL[https://www.fabhotels.com/search?city=New-Delhi&amp;guests=1&amp;checkIn=2023-12-06&amp;checkOut=2023-12-07](2)" classname="web.B2C.Test.FabWebURLsHealthCheckup" time="1.087">
    <system-out><![CDATA[Ended Execution of Test Case : Fabhotels url's
Started Execution of Test Case : Fabhotels url's
200
]]></system-out>
  </testcase>
  <testcase name="hitFabURL[https://www.fabhotels.com/hotels-in-new-delhi?checkIn=2023-12-06&amp;checkOut=2023-12-07&amp;guests=1](3)" classname="web.B2C.Test.FabWebURLsHealthCheckup" time="1.463">
    <system-out><![CDATA[Ended Execution of Test Case : Fabhotels url's
Started Execution of Test Case : Fabhotels url's
200
]]></system-out>
  </testcase>
  <testcase name="hitFabURL[https://www.fabhotels.com/hotels-in-new-delhi/fabhotel-white-klove-paharganj.html?checkIn=2023-12-06&amp;checkOut=2023-12-07&amp;guests=1&amp;couponCode=STAYFAB&amp;mealPlan=CP&amp;orderId=casa2inns_65703bdb2f491](4)" classname="web.B2C.Test.FabWebURLsHealthCheckup" time="0.764">
    <system-out><![CDATA[Ended Execution of Test Case : Fabhotels url's
Started Execution of Test Case : Fabhotels url's
200
]]></system-out>
  </testcase>
  <testcase name="hitFabURL[https://www.fabhotels.com/deals/fab-payday-offer](5)" classname="web.B2C.Test.FabWebURLsHealthCheckup" time="0.173">
    <system-out><![CDATA[Ended Execution of Test Case : Fabhotels url's
Started Execution of Test Case : Fabhotels url's
200
]]></system-out>
  </testcase>
  <testcase name="hitFabURL[https://www.fabhotels.com/list-of-couple-friendly-hotels-in-new-delhi?checkIn=2023-12-06&amp;checkOut=2023-12-07&amp;guests=1](6)" classname="web.B2C.Test.FabWebURLsHealthCheckup" time="1.207">
    <system-out><![CDATA[Ended Execution of Test Case : Fabhotels url's
Started Execution of Test Case : Fabhotels url's
200
]]></system-out>
  </testcase>
  <testcase name="hitFabURL[https://www.fabhotels.com/brands/fabexpress?checkIn=2023-12-06&amp;checkOut=2023-12-07&amp;guests=1](7)" classname="web.B2C.Test.FabWebURLsHealthCheckup" time="0.238">
    <system-out><![CDATA[Ended Execution of Test Case : Fabhotels url's
Started Execution of Test Case : Fabhotels url's
404
]]></system-out>
  </testcase>
  <testcase name="hitFabURL[https://www.fabhotels.com/hotels-near-me](8)" classname="web.B2C.Test.FabWebURLsHealthCheckup" time="0.139">
    <system-out><![CDATA[Ended Execution of Test Case : Fabhotels url's
Started Execution of Test Case : Fabhotels url's
200
]]></system-out>
  </testcase>
  <testcase name="hitFabURL[https://www.fabhotels.com/refer-and-earn](9)" classname="web.B2C.Test.FabWebURLsHealthCheckup" time="0.575">
    <system-out><![CDATA[Ended Execution of Test Case : Fabhotels url's
Started Execution of Test Case : Fabhotels url's
200
]]></system-out>
  </testcase>
  <testcase name="hitFabURL[https://www.fabhotels.com/deals-and-offer](10)" classname="web.B2C.Test.FabWebURLsHealthCheckup" time="0.28">
    <system-out><![CDATA[Ended Execution of Test Case : Fabhotels url's
Started Execution of Test Case : Fabhotels url's
200
]]></system-out>
  </testcase>
  <testcase name="hitFabURL[https://www.fabhotels.com/contact-us](11)" classname="web.B2C.Test.FabWebURLsHealthCheckup" time="0.11">
    <system-out><![CDATA[Ended Execution of Test Case : Fabhotels url's
Started Execution of Test Case : Fabhotels url's
200
]]></system-out>
  </testcase>
  <testcase name="hitFabURL[https://www.fabhotels.com/cancellation-refunds-policy](12)" classname="web.B2C.Test.FabWebURLsHealthCheckup" time="0.166">
    <system-out><![CDATA[Ended Execution of Test Case : Fabhotels url's
Started Execution of Test Case : Fabhotels url's
200
]]></system-out>
  </testcase>
  <testcase name="hitFabURL[https://www.fabhotels.com/privacy-policy](13)" classname="web.B2C.Test.FabWebURLsHealthCheckup" time="0.056">
    <system-out><![CDATA[Ended Execution of Test Case : Fabhotels url's
Started Execution of Test Case : Fabhotels url's
200
]]></system-out>
  </testcase>
  <testcase name="hitFabURL[https://www.fabhotels.com/franchise-enquiry](14)" classname="web.B2C.Test.FabWebURLsHealthCheckup" time="0.037">
    <system-out><![CDATA[Ended Execution of Test Case : Fabhotels url's
Started Execution of Test Case : Fabhotels url's
200
]]></system-out>
  </testcase>
  <testcase name="hitFabURL[https://www.fabhotels.com/terms-conditions/a-list](15)" classname="web.B2C.Test.FabWebURLsHealthCheckup" time="0.037">
    <system-out><![CDATA[Ended Execution of Test Case : Fabhotels url's
Started Execution of Test Case : Fabhotels url's
200
]]></system-out>
  </testcase>
  <testcase name="hitFabURL[https://www.fabhotels.com/corporate-enquiry](16)" classname="web.B2C.Test.FabWebURLsHealthCheckup" time="0.1">
    <system-out><![CDATA[Ended Execution of Test Case : Fabhotels url's
Started Execution of Test Case : Fabhotels url's
200
]]></system-out>
  </testcase>
  <testcase name="hitFabURL[https://www.fabhotels.com/loyalty-program-a-list](17)" classname="web.B2C.Test.FabWebURLsHealthCheckup" time="0.187">
    <system-out><![CDATA[Ended Execution of Test Case : Fabhotels url's
Started Execution of Test Case : Fabhotels url's
200
]]></system-out>
  </testcase>
  <testcase name="hitFabURL[https://www.fabhotels.com/faqs/fab-credits](18)" classname="web.B2C.Test.FabWebURLsHealthCheckup" time="0.107">
    <system-out><![CDATA[Ended Execution of Test Case : Fabhotels url's
Started Execution of Test Case : Fabhotels url's
200
]]></system-out>
  </testcase>
  <testcase name="hitFabURL[https://www.fabhotels.com/uiuiuiiuyad](19)" classname="web.B2C.Test.FabWebURLsHealthCheckup" time="0.087">
    <system-out><![CDATA[Ended Execution of Test Case : Fabhotels url's
Started Execution of Test Case : Fabhotels url's
404
]]></system-out>
  </testcase>
  <testcase name="hitFabURL[https://www.fabhotels.com/uiuiuiiuyad/hihuiu](20)" classname="web.B2C.Test.FabWebURLsHealthCheckup" time="0.201">
    <system-out><![CDATA[Ended Execution of Test Case : Fabhotels url's
Started Execution of Test Case : Fabhotels url's
404
]]></system-out>
  </testcase>
</testsuite>