<?xml version="1.0" encoding="UTF-8"?>
<!-- Generated by org.testng.reporters.JUnitReportReporter -->
<testsuite skipped="0" hostname="FabHotelss-MacBook-Air.local" name="web.B2C.Test.FabWebURLsHealthCheckup" tests="20" failures="0" timestamp="2023-12-11T18:20:08 IST" time="8.790" errors="0">
  <testcase name="hitFabURL" time="0.884" classname="web.B2C.Test.FabWebURLsHealthCheckup"/>
  <system-out/>
  <testcase name="hitFabURL" time="0.794" classname="web.B2C.Test.FabWebURLsHealthCheckup"/>
  <system-out/>
  <testcase name="hitFabURL" time="1.118" classname="web.B2C.Test.FabWebURLsHealthCheckup"/>
  <system-out/>
  <testcase name="hitFabURL" time="1.506" classname="web.B2C.Test.FabWebURLsHealthCheckup"/>
  <system-out/>
  <testcase name="hitFabURL" time="1.228" classname="web.B2C.Test.FabWebURLsHealthCheckup"/>
  <system-out/>
  <testcase name="hitFabURL" time="0.312" classname="web.B2C.Test.FabWebURLsHealthCheckup"/>
  <system-out/>
  <testcase name="hitFabURL" time="0.117" classname="web.B2C.Test.FabWebURLsHealthCheckup"/>
  <system-out/>
  <testcase name="hitFabURL" time="0.247" classname="web.B2C.Test.FabWebURLsHealthCheckup"/>
  <system-out/>
  <testcase name="hitFabURL" time="0.371" classname="web.B2C.Test.FabWebURLsHealthCheckup"/>
  <system-out/>
  <testcase name="hitFabURL" time="0.121" classname="web.B2C.Test.FabWebURLsHealthCheckup"/>
  <system-out/>
  <testcase name="hitFabURL" time="0.138" classname="web.B2C.Test.FabWebURLsHealthCheckup"/>
  <system-out/>
  <testcase name="hitFabURL" time="0.623" classname="web.B2C.Test.FabWebURLsHealthCheckup"/>
  <system-out/>
  <testcase name="hitFabURL" time="0.201" classname="web.B2C.Test.FabWebURLsHealthCheckup"/>
  <system-out/>
  <testcase name="hitFabURL" time="0.100" classname="web.B2C.Test.FabWebURLsHealthCheckup"/>
  <system-out/>
  <testcase name="hitFabURL" time="0.228" classname="web.B2C.Test.FabWebURLsHealthCheckup"/>
  <system-out/>
  <testcase name="hitFabURL" time="0.280" classname="web.B2C.Test.FabWebURLsHealthCheckup"/>
  <system-out/>
  <testcase name="hitFabURL" time="0.109" classname="web.B2C.Test.FabWebURLsHealthCheckup"/>
  <system-out/>
  <testcase name="hitFabURL" time="0.090" classname="web.B2C.Test.FabWebURLsHealthCheckup"/>
  <system-out/>
  <testcase name="hitFabURL" time="0.170" classname="web.B2C.Test.FabWebURLsHealthCheckup"/>
  <system-out/>
  <testcase name="hitFabURL" time="0.153" classname="web.B2C.Test.FabWebURLsHealthCheckup"/>
  <system-out/>
</testsuite> <!-- web.B2C.Test.FabWebURLsHealthCheckup -->
