<?xml version="1.0" encoding="UTF-8"?>
<!-- Generated by org.testng.reporters.JUnitReportReporter -->
<testsuite skipped="0" hostname="DESKTOP-KSLN7QV" name="web.mybizz.tests.ExtractData2" tests="3443" failures="0" timestamp="2024-02-26T10:21:01 IST" time="191656.344" errors="6">
  <testcase name="hitUrlAndData" time="49.938" classname="web.mybizz.tests.ExtractData2"/>
  <system-out/>
  <testcase name="hitUrlAndData" time="88.119" classname="web.mybizz.tests.ExtractData2"/>
  <system-out/>
  <testcase name="hitUrlAndData" time="48.949" classname="web.mybizz.tests.ExtractData2"/>
  <system-out/>
  <testcase name="hitUrlAndData" time="47.379" classname="web.mybizz.tests.ExtractData2"/>
  <system-out/>
  <testcase name="hitUrlAndData" time="2.841" classname="web.mybizz.tests.ExtractData2">
    <error type="java.lang.NullPointerException" message="null value in entry: url=null">
      <![CDATA[java.lang.NullPointerException: null value in entry: url=null
at com.google.common.collect.CollectPreconditions.checkEntryNotNull(CollectPreconditions.java:33)
at com.google.common.collect.SingletonImmutableBiMap.<init>(SingletonImmutableBiMap.java:43)
at com.google.common.collect.ImmutableBiMap.of(ImmutableBiMap.java:81)
at com.google.common.collect.ImmutableMap.of(ImmutableMap.java:126)
at org.openqa.selenium.remote.DriverCommand.GET(DriverCommand.java:191)
at org.openqa.selenium.remote.RemoteWebDriver.get(RemoteWebDriver.java:304)
at web.mybizz.tests.ExtractData2.hitUrlAndData(ExtractData2.java:68)
at sun.reflect.GeneratedMethodAccessor2.invoke(Unknown Source)
at sun.reflect.DelegatingMethodAccessorImpl.invoke(DelegatingMethodAccessorImpl.java:43)
at java.lang.reflect.Method.invoke(Method.java:498)
at org.testng.internal.MethodInvocationHelper.invokeMethod(MethodInvocationHelper.java:133)
at org.testng.internal.TestInvoker.invokeMethod(TestInvoker.java:598)
at org.testng.internal.TestInvoker.invokeTestMethod(TestInvoker.java:173)
at org.testng.internal.TestMethodWithDataProviderMethodWorker.call(TestMethodWithDataProviderMethodWorker.java:77)
at org.testng.internal.TestMethodWithDataProviderMethodWorker.call(TestMethodWithDataProviderMethodWorker.java:15)
at java.util.concurrent.FutureTask.run(FutureTask.java:266)
at java.util.concurrent.Executors$RunnableAdapter.call(Executors.java:511)
at java.util.concurrent.FutureTask.run(FutureTask.java:266)
at java.util.concurrent.ThreadPoolExecutor.runWorker(ThreadPoolExecutor.java:1149)
at java.util.concurrent.ThreadPoolExecutor$Worker.run(ThreadPoolExecutor.java:624)
at java.lang.Thread.run(Thread.java:748)
]]>
    </error>
  </testcase> <!-- hitUrlAndData -->
  <system-out/>
  <testcase name="hitUrlAndData" time="48.302" classname="web.mybizz.tests.ExtractData2"/>
  <system-out/>
  <testcase name="hitUrlAndData" time="68.602" classname="web.mybizz.tests.ExtractData2"/>
  <system-out/>
  <testcase name="hitUrlAndData" time="48.862" classname="web.mybizz.tests.ExtractData2"/>
  <system-out/>
  <testcase name="hitUrlAndData" time="67.654" classname="web.mybizz.tests.ExtractData2"/>
  <system-out/>
  <testcase name="hitUrlAndData" time="67.154" classname="web.mybizz.tests.ExtractData2"/>
  <system-out/>
  <testcase name="hitUrlAndData" time="51.015" classname="web.mybizz.tests.ExtractData2"/>
  <system-out/>
  <testcase name="hitUrlAndData" time="69.236" classname="web.mybizz.tests.ExtractData2"/>
  <system-out/>
  <testcase name="hitUrlAndData" time="48.861" classname="web.mybizz.tests.ExtractData2"/>
  <system-out/>
  <testcase name="hitUrlAndData" time="67.477" classname="web.mybizz.tests.ExtractData2"/>
  <system-out/>
  <testcase name="hitUrlAndData" time="48.450" classname="web.mybizz.tests.ExtractData2"/>
  <system-out/>
  <testcase name="hitUrlAndData" time="48.093" classname="web.mybizz.tests.ExtractData2"/>
  <system-out/>
  <testcase name="hitUrlAndData" time="47.724" classname="web.mybizz.tests.ExtractData2"/>
  <system-out/>
  <testcase name="hitUrlAndData" time="49.736" classname="web.mybizz.tests.ExtractData2"/>
  <system-out/>
  <testcase name="hitUrlAndData" time="50.367" classname="web.mybizz.tests.ExtractData2"/>
  <system-out/>
  <testcase name="hitUrlAndData" time="67.824" classname="web.mybizz.tests.ExtractData2"/>
  <system-out/>
  <testcase name="hitUrlAndData" time="67.123" classname="web.mybizz.tests.ExtractData2"/>
  <system-out/>
  <testcase name="hitUrlAndData" time="50.376" classname="web.mybizz.tests.ExtractData2"/>
  <system-out/>
  <testcase name="hitUrlAndData" time="49.119" classname="web.mybizz.tests.ExtractData2"/>
  <system-out/>
  <testcase name="hitUrlAndData" time="88.954" classname="web.mybizz.tests.ExtractData2"/>
  <system-out/>
  <testcase name="hitUrlAndData" time="47.992" classname="web.mybizz.tests.ExtractData2"/>
  <system-out/>
  <testcase name="hitUrlAndData" time="66.971" classname="web.mybizz.tests.ExtractData2"/>
  <system-out/>
  <testcase name="hitUrlAndData" time="66.943" classname="web.mybizz.tests.ExtractData2"/>
  <system-out/>
  <testcase name="hitUrlAndData" time="49.193" classname="web.mybizz.tests.ExtractData2"/>
  <system-out/>
  <testcase name="hitUrlAndData" time="48.254" classname="web.mybizz.tests.ExtractData2"/>
  <system-out/>
  <testcase name="hitUrlAndData" time="49.433" classname="web.mybizz.tests.ExtractData2"/>
  <system-out/>
  <testcase name="hitUrlAndData" time="68.072" classname="web.mybizz.tests.ExtractData2"/>
  <system-out/>
  <testcase name="hitUrlAndData" time="49.256" classname="web.mybizz.tests.ExtractData2"/>
  <system-out/>
  <testcase name="hitUrlAndData" time="49.465" classname="web.mybizz.tests.ExtractData2"/>
  <system-out/>
  <testcase name="hitUrlAndData" time="48.728" classname="web.mybizz.tests.ExtractData2"/>
  <system-out/>
  <testcase name="hitUrlAndData" time="68.873" classname="web.mybizz.tests.ExtractData2"/>
  <system-out/>
  <testcase name="hitUrlAndData" time="66.858" classname="web.mybizz.tests.ExtractData2"/>
  <system-out/>
  <testcase name="hitUrlAndData" time="48.443" classname="web.mybizz.tests.ExtractData2"/>
  <system-out/>
  <testcase name="hitUrlAndData" time="48.802" classname="web.mybizz.tests.ExtractData2"/>
  <system-out/>
  <testcase name="hitUrlAndData" time="48.719" classname="web.mybizz.tests.ExtractData2"/>
  <system-out/>
  <testcase name="hitUrlAndData" time="67.853" classname="web.mybizz.tests.ExtractData2"/>
  <system-out/>
  <testcase name="hitUrlAndData" time="66.810" classname="web.mybizz.tests.ExtractData2"/>
  <system-out/>
  <testcase name="hitUrlAndData" time="67.397" classname="web.mybizz.tests.ExtractData2"/>
  <system-out/>
  <testcase name="hitUrlAndData" time="49.736" classname="web.mybizz.tests.ExtractData2"/>
  <system-out/>
  <testcase name="hitUrlAndData" time="48.363" classname="web.mybizz.tests.ExtractData2"/>
  <system-out/>
  <testcase name="hitUrlAndData" time="47.922" classname="web.mybizz.tests.ExtractData2"/>
  <system-out/>
  <testcase name="hitUrlAndData" time="89.028" classname="web.mybizz.tests.ExtractData2"/>
  <system-out/>
  <testcase name="hitUrlAndData" time="49.406" classname="web.mybizz.tests.ExtractData2"/>
  <system-out/>
  <testcase name="hitUrlAndData" time="46.864" classname="web.mybizz.tests.ExtractData2"/>
  <system-out/>
  <testcase name="hitUrlAndData" time="46.812" classname="web.mybizz.tests.ExtractData2"/>
  <system-out/>
  <testcase name="hitUrlAndData" time="48.340" classname="web.mybizz.tests.ExtractData2"/>
  <system-out/>
  <testcase name="hitUrlAndData" time="70.615" classname="web.mybizz.tests.ExtractData2"/>
  <system-out/>
  <testcase name="hitUrlAndData" time="66.235" classname="web.mybizz.tests.ExtractData2"/>
  <system-out/>
  <testcase name="hitUrlAndData" time="48.988" classname="web.mybizz.tests.ExtractData2"/>
  <system-out/>
  <testcase name="hitUrlAndData" time="67.467" classname="web.mybizz.tests.ExtractData2"/>
  <system-out/>
  <testcase name="hitUrlAndData" time="90.268" classname="web.mybizz.tests.ExtractData2"/>
  <system-out/>
  <testcase name="hitUrlAndData" time="46.684" classname="web.mybizz.tests.ExtractData2"/>
  <system-out/>
  <testcase name="hitUrlAndData" time="49.810" classname="web.mybizz.tests.ExtractData2"/>
  <system-out/>
  <testcase name="hitUrlAndData" time="52.200" classname="web.mybizz.tests.ExtractData2"/>
  <system-out/>
  <testcase name="hitUrlAndData" time="47.333" classname="web.mybizz.tests.ExtractData2"/>
  <system-out/>
  <testcase name="hitUrlAndData" time="88.396" classname="web.mybizz.tests.ExtractData2"/>
  <system-out/>
  <testcase name="hitUrlAndData" time="66.860" classname="web.mybizz.tests.ExtractData2"/>
  <system-out/>
  <testcase name="hitUrlAndData" time="47.437" classname="web.mybizz.tests.ExtractData2"/>
  <system-out/>
  <testcase name="hitUrlAndData" time="67.800" classname="web.mybizz.tests.ExtractData2"/>
  <system-out/>
  <testcase name="hitUrlAndData" time="67.876" classname="web.mybizz.tests.ExtractData2"/>
  <system-out/>
  <testcase name="hitUrlAndData" time="67.726" classname="web.mybizz.tests.ExtractData2"/>
  <system-out/>
  <testcase name="hitUrlAndData" time="49.639" classname="web.mybizz.tests.ExtractData2"/>
  <system-out/>
  <testcase name="hitUrlAndData" time="47.863" classname="web.mybizz.tests.ExtractData2"/>
  <system-out/>
  <testcase name="hitUrlAndData" time="49.596" classname="web.mybizz.tests.ExtractData2"/>
  <system-out/>
  <testcase name="hitUrlAndData" time="49.067" classname="web.mybizz.tests.ExtractData2"/>
  <system-out/>
  <testcase name="hitUrlAndData" time="51.737" classname="web.mybizz.tests.ExtractData2"/>
  <system-out/>
  <testcase name="hitUrlAndData" time="48.190" classname="web.mybizz.tests.ExtractData2"/>
  <system-out/>
  <testcase name="hitUrlAndData" time="48.512" classname="web.mybizz.tests.ExtractData2"/>
  <system-out/>
  <testcase name="hitUrlAndData" time="48.333" classname="web.mybizz.tests.ExtractData2"/>
  <system-out/>
  <testcase name="hitUrlAndData" time="49.049" classname="web.mybizz.tests.ExtractData2"/>
  <system-out/>
  <testcase name="hitUrlAndData" time="66.973" classname="web.mybizz.tests.ExtractData2"/>
  <system-out/>
  <testcase name="hitUrlAndData" time="47.741" classname="web.mybizz.tests.ExtractData2"/>
  <system-out/>
  <testcase name="hitUrlAndData" time="48.676" classname="web.mybizz.tests.ExtractData2"/>
  <system-out/>
  <testcase name="hitUrlAndData" time="48.830" classname="web.mybizz.tests.ExtractData2"/>
  <system-out/>
  <testcase name="hitUrlAndData" time="48.429" classname="web.mybizz.tests.ExtractData2"/>
  <system-out/>
  <testcase name="hitUrlAndData" time="49.672" classname="web.mybizz.tests.ExtractData2"/>
  <system-out/>
  <testcase name="hitUrlAndData" time="48.631" classname="web.mybizz.tests.ExtractData2"/>
  <system-out/>
  <testcase name="hitUrlAndData" time="50.125" classname="web.mybizz.tests.ExtractData2"/>
  <system-out/>
  <testcase name="hitUrlAndData" time="47.906" classname="web.mybizz.tests.ExtractData2"/>
  <system-out/>
  <testcase name="hitUrlAndData" time="49.621" classname="web.mybizz.tests.ExtractData2"/>
  <system-out/>
  <testcase name="hitUrlAndData" time="48.390" classname="web.mybizz.tests.ExtractData2"/>
  <system-out/>
  <testcase name="hitUrlAndData" time="69.878" classname="web.mybizz.tests.ExtractData2"/>
  <system-out/>
  <testcase name="hitUrlAndData" time="47.430" classname="web.mybizz.tests.ExtractData2"/>
  <system-out/>
  <testcase name="hitUrlAndData" time="48.729" classname="web.mybizz.tests.ExtractData2"/>
  <system-out/>
  <testcase name="hitUrlAndData" time="67.540" classname="web.mybizz.tests.ExtractData2"/>
  <system-out/>
  <testcase name="hitUrlAndData" time="50.904" classname="web.mybizz.tests.ExtractData2"/>
  <system-out/>
  <testcase name="hitUrlAndData" time="48.904" classname="web.mybizz.tests.ExtractData2"/>
  <system-out/>
  <testcase name="hitUrlAndData" time="51.048" classname="web.mybizz.tests.ExtractData2"/>
  <system-out/>
  <testcase name="hitUrlAndData" time="50.505" classname="web.mybizz.tests.ExtractData2"/>
  <system-out/>
  <testcase name="hitUrlAndData" time="50.231" classname="web.mybizz.tests.ExtractData2"/>
  <system-out/>
  <testcase name="hitUrlAndData" time="48.940" classname="web.mybizz.tests.ExtractData2"/>
  <system-out/>
  <testcase name="hitUrlAndData" time="69.608" classname="web.mybizz.tests.ExtractData2"/>
  <system-out/>
  <testcase name="hitUrlAndData" time="47.230" classname="web.mybizz.tests.ExtractData2"/>
  <system-out/>
  <testcase name="hitUrlAndData" time="67.851" classname="web.mybizz.tests.ExtractData2"/>
  <system-out/>
  <testcase name="hitUrlAndData" time="51.193" classname="web.mybizz.tests.ExtractData2"/>
  <system-out/>
  <testcase name="hitUrlAndData" time="49.623" classname="web.mybizz.tests.ExtractData2"/>
  <system-out/>
  <testcase name="hitUrlAndData" time="70.287" classname="web.mybizz.tests.ExtractData2"/>
  <system-out/>
  <testcase name="hitUrlAndData" time="47.387" classname="web.mybizz.tests.ExtractData2"/>
  <system-out/>
  <testcase name="hitUrlAndData" time="48.750" classname="web.mybizz.tests.ExtractData2"/>
  <system-out/>
  <testcase name="hitUrlAndData" time="30.609" classname="web.mybizz.tests.ExtractData2"/>
  <system-out/>
  <testcase name="hitUrlAndData" time="48.407" classname="web.mybizz.tests.ExtractData2"/>
  <system-out/>
  <testcase name="hitUrlAndData" time="66.786" classname="web.mybizz.tests.ExtractData2"/>
  <system-out/>
  <testcase name="hitUrlAndData" time="51.456" classname="web.mybizz.tests.ExtractData2"/>
  <system-out/>
  <testcase name="hitUrlAndData" time="49.185" classname="web.mybizz.tests.ExtractData2"/>
  <system-out/>
  <testcase name="hitUrlAndData" time="49.268" classname="web.mybizz.tests.ExtractData2"/>
  <system-out/>
  <testcase name="hitUrlAndData" time="67.674" classname="web.mybizz.tests.ExtractData2"/>
  <system-out/>
  <testcase name="hitUrlAndData" time="47.299" classname="web.mybizz.tests.ExtractData2"/>
  <system-out/>
  <testcase name="hitUrlAndData" time="49.998" classname="web.mybizz.tests.ExtractData2"/>
  <system-out/>
  <testcase name="hitUrlAndData" time="48.359" classname="web.mybizz.tests.ExtractData2"/>
  <system-out/>
  <testcase name="hitUrlAndData" time="88.407" classname="web.mybizz.tests.ExtractData2"/>
  <system-out/>
  <testcase name="hitUrlAndData" time="76.953" classname="web.mybizz.tests.ExtractData2"/>
  <system-out/>
  <testcase name="hitUrlAndData" time="89.671" classname="web.mybizz.tests.ExtractData2"/>
  <system-out/>
  <testcase name="hitUrlAndData" time="51.227" classname="web.mybizz.tests.ExtractData2"/>
  <system-out/>
  <testcase name="hitUrlAndData" time="54.099" classname="web.mybizz.tests.ExtractData2"/>
  <system-out/>
  <testcase name="hitUrlAndData" time="46.845" classname="web.mybizz.tests.ExtractData2"/>
  <system-out/>
  <testcase name="hitUrlAndData" time="48.010" classname="web.mybizz.tests.ExtractData2"/>
  <system-out/>
  <testcase name="hitUrlAndData" time="49.056" classname="web.mybizz.tests.ExtractData2"/>
  <system-out/>
  <testcase name="hitUrlAndData" time="67.667" classname="web.mybizz.tests.ExtractData2"/>
  <system-out/>
  <testcase name="hitUrlAndData" time="48.091" classname="web.mybizz.tests.ExtractData2"/>
  <system-out/>
  <testcase name="hitUrlAndData" time="47.834" classname="web.mybizz.tests.ExtractData2"/>
  <system-out/>
  <testcase name="hitUrlAndData" time="69.309" classname="web.mybizz.tests.ExtractData2"/>
  <system-out/>
  <testcase name="hitUrlAndData" time="89.869" classname="web.mybizz.tests.ExtractData2"/>
  <system-out/>
  <testcase name="hitUrlAndData" time="49.303" classname="web.mybizz.tests.ExtractData2"/>
  <system-out/>
  <testcase name="hitUrlAndData" time="90.052" classname="web.mybizz.tests.ExtractData2"/>
  <system-out/>
  <testcase name="hitUrlAndData" time="48.073" classname="web.mybizz.tests.ExtractData2"/>
  <system-out/>
  <testcase name="hitUrlAndData" time="49.038" classname="web.mybizz.tests.ExtractData2"/>
  <system-out/>
  <testcase name="hitUrlAndData" time="49.055" classname="web.mybizz.tests.ExtractData2"/>
  <system-out/>
  <testcase name="hitUrlAndData" time="67.526" classname="web.mybizz.tests.ExtractData2"/>
  <system-out/>
  <testcase name="hitUrlAndData" time="67.304" classname="web.mybizz.tests.ExtractData2"/>
  <system-out/>
  <testcase name="hitUrlAndData" time="30.412" classname="web.mybizz.tests.ExtractData2"/>
  <system-out/>
  <testcase name="hitUrlAndData" time="50.009" classname="web.mybizz.tests.ExtractData2"/>
  <system-out/>
  <testcase name="hitUrlAndData" time="47.824" classname="web.mybizz.tests.ExtractData2"/>
  <system-out/>
  <testcase name="hitUrlAndData" time="67.226" classname="web.mybizz.tests.ExtractData2"/>
  <system-out/>
  <testcase name="hitUrlAndData" time="70.138" classname="web.mybizz.tests.ExtractData2"/>
  <system-out/>
  <testcase name="hitUrlAndData" time="87.450" classname="web.mybizz.tests.ExtractData2"/>
  <system-out/>
  <testcase name="hitUrlAndData" time="68.684" classname="web.mybizz.tests.ExtractData2"/>
  <system-out/>
  <testcase name="hitUrlAndData" time="48.410" classname="web.mybizz.tests.ExtractData2"/>
  <system-out/>
  <testcase name="hitUrlAndData" time="67.552" classname="web.mybizz.tests.ExtractData2"/>
  <system-out/>
  <testcase name="hitUrlAndData" time="48.097" classname="web.mybizz.tests.ExtractData2"/>
  <system-out/>
  <testcase name="hitUrlAndData" time="46.679" classname="web.mybizz.tests.ExtractData2"/>
  <system-out/>
  <testcase name="hitUrlAndData" time="48.084" classname="web.mybizz.tests.ExtractData2"/>
  <system-out/>
  <testcase name="hitUrlAndData" time="48.267" classname="web.mybizz.tests.ExtractData2"/>
  <system-out/>
  <testcase name="hitUrlAndData" time="67.612" classname="web.mybizz.tests.ExtractData2"/>
  <system-out/>
  <testcase name="hitUrlAndData" time="46.477" classname="web.mybizz.tests.ExtractData2"/>
  <system-out/>
  <testcase name="hitUrlAndData" time="49.040" classname="web.mybizz.tests.ExtractData2"/>
  <system-out/>
  <testcase name="hitUrlAndData" time="49.275" classname="web.mybizz.tests.ExtractData2"/>
  <system-out/>
  <testcase name="hitUrlAndData" time="48.754" classname="web.mybizz.tests.ExtractData2"/>
  <system-out/>
  <testcase name="hitUrlAndData" time="68.016" classname="web.mybizz.tests.ExtractData2"/>
  <system-out/>
  <testcase name="hitUrlAndData" time="50.090" classname="web.mybizz.tests.ExtractData2"/>
  <system-out/>
  <testcase name="hitUrlAndData" time="67.114" classname="web.mybizz.tests.ExtractData2"/>
  <system-out/>
  <testcase name="hitUrlAndData" time="69.185" classname="web.mybizz.tests.ExtractData2"/>
  <system-out/>
  <testcase name="hitUrlAndData" time="68.467" classname="web.mybizz.tests.ExtractData2"/>
  <system-out/>
  <testcase name="hitUrlAndData" time="47.124" classname="web.mybizz.tests.ExtractData2"/>
  <system-out/>
  <testcase name="hitUrlAndData" time="47.674" classname="web.mybizz.tests.ExtractData2"/>
  <system-out/>
  <testcase name="hitUrlAndData" time="70.355" classname="web.mybizz.tests.ExtractData2"/>
  <system-out/>
  <testcase name="hitUrlAndData" time="51.519" classname="web.mybizz.tests.ExtractData2"/>
  <system-out/>
  <testcase name="hitUrlAndData" time="88.393" classname="web.mybizz.tests.ExtractData2"/>
  <system-out/>
  <testcase name="hitUrlAndData" time="50.617" classname="web.mybizz.tests.ExtractData2"/>
  <system-out/>
  <testcase name="hitUrlAndData" time="48.467" classname="web.mybizz.tests.ExtractData2"/>
  <system-out/>
  <testcase name="hitUrlAndData" time="68.190" classname="web.mybizz.tests.ExtractData2"/>
  <system-out/>
  <testcase name="hitUrlAndData" time="67.936" classname="web.mybizz.tests.ExtractData2"/>
  <system-out/>
  <testcase name="hitUrlAndData" time="68.085" classname="web.mybizz.tests.ExtractData2"/>
  <system-out/>
  <testcase name="hitUrlAndData" time="47.703" classname="web.mybizz.tests.ExtractData2"/>
  <system-out/>
  <testcase name="hitUrlAndData" time="47.542" classname="web.mybizz.tests.ExtractData2"/>
  <system-out/>
  <testcase name="hitUrlAndData" time="49.914" classname="web.mybizz.tests.ExtractData2"/>
  <system-out/>
  <testcase name="hitUrlAndData" time="47.271" classname="web.mybizz.tests.ExtractData2"/>
  <system-out/>
  <testcase name="hitUrlAndData" time="51.340" classname="web.mybizz.tests.ExtractData2"/>
  <system-out/>
  <testcase name="hitUrlAndData" time="49.209" classname="web.mybizz.tests.ExtractData2"/>
  <system-out/>
  <testcase name="hitUrlAndData" time="48.029" classname="web.mybizz.tests.ExtractData2"/>
  <system-out/>
  <testcase name="hitUrlAndData" time="47.542" classname="web.mybizz.tests.ExtractData2"/>
  <system-out/>
  <testcase name="hitUrlAndData" time="48.983" classname="web.mybizz.tests.ExtractData2"/>
  <system-out/>
  <testcase name="hitUrlAndData" time="47.967" classname="web.mybizz.tests.ExtractData2"/>
  <system-out/>
  <testcase name="hitUrlAndData" time="50.243" classname="web.mybizz.tests.ExtractData2"/>
  <system-out/>
  <testcase name="hitUrlAndData" time="68.349" classname="web.mybizz.tests.ExtractData2"/>
  <system-out/>
  <testcase name="hitUrlAndData" time="49.299" classname="web.mybizz.tests.ExtractData2"/>
  <system-out/>
  <testcase name="hitUrlAndData" time="48.442" classname="web.mybizz.tests.ExtractData2"/>
  <system-out/>
  <testcase name="hitUrlAndData" time="67.159" classname="web.mybizz.tests.ExtractData2"/>
  <system-out/>
  <testcase name="hitUrlAndData" time="88.585" classname="web.mybizz.tests.ExtractData2"/>
  <system-out/>
  <testcase name="hitUrlAndData" time="47.730" classname="web.mybizz.tests.ExtractData2"/>
  <system-out/>
  <testcase name="hitUrlAndData" time="88.576" classname="web.mybizz.tests.ExtractData2"/>
  <system-out/>
  <testcase name="hitUrlAndData" time="47.707" classname="web.mybizz.tests.ExtractData2"/>
  <system-out/>
  <testcase name="hitUrlAndData" time="51.088" classname="web.mybizz.tests.ExtractData2"/>
  <system-out/>
  <testcase name="hitUrlAndData" time="48.610" classname="web.mybizz.tests.ExtractData2"/>
  <system-out/>
  <testcase name="hitUrlAndData" time="67.719" classname="web.mybizz.tests.ExtractData2"/>
  <system-out/>
  <testcase name="hitUrlAndData" time="67.113" classname="web.mybizz.tests.ExtractData2"/>
  <system-out/>
  <testcase name="hitUrlAndData" time="48.456" classname="web.mybizz.tests.ExtractData2"/>
  <system-out/>
  <testcase name="hitUrlAndData" time="49.302" classname="web.mybizz.tests.ExtractData2"/>
  <system-out/>
  <testcase name="hitUrlAndData" time="67.660" classname="web.mybizz.tests.ExtractData2"/>
  <system-out/>
  <testcase name="hitUrlAndData" time="46.528" classname="web.mybizz.tests.ExtractData2"/>
  <system-out/>
  <testcase name="hitUrlAndData" time="67.205" classname="web.mybizz.tests.ExtractData2"/>
  <system-out/>
  <testcase name="hitUrlAndData" time="72.221" classname="web.mybizz.tests.ExtractData2"/>
  <system-out/>
  <testcase name="hitUrlAndData" time="66.775" classname="web.mybizz.tests.ExtractData2"/>
  <system-out/>
  <testcase name="hitUrlAndData" time="48.770" classname="web.mybizz.tests.ExtractData2"/>
  <system-out/>
  <testcase name="hitUrlAndData" time="68.548" classname="web.mybizz.tests.ExtractData2"/>
  <system-out/>
  <testcase name="hitUrlAndData" time="48.349" classname="web.mybizz.tests.ExtractData2"/>
  <system-out/>
  <testcase name="hitUrlAndData" time="67.173" classname="web.mybizz.tests.ExtractData2"/>
  <system-out/>
  <testcase name="hitUrlAndData" time="48.617" classname="web.mybizz.tests.ExtractData2"/>
  <system-out/>
  <testcase name="hitUrlAndData" time="50.677" classname="web.mybizz.tests.ExtractData2"/>
  <system-out/>
  <testcase name="hitUrlAndData" time="49.644" classname="web.mybizz.tests.ExtractData2"/>
  <system-out/>
  <testcase name="hitUrlAndData" time="47.933" classname="web.mybizz.tests.ExtractData2"/>
  <system-out/>
  <testcase name="hitUrlAndData" time="48.642" classname="web.mybizz.tests.ExtractData2"/>
  <system-out/>
  <testcase name="hitUrlAndData" time="49.587" classname="web.mybizz.tests.ExtractData2"/>
  <system-out/>
  <testcase name="hitUrlAndData" time="49.474" classname="web.mybizz.tests.ExtractData2"/>
  <system-out/>
  <testcase name="hitUrlAndData" time="49.084" classname="web.mybizz.tests.ExtractData2"/>
  <system-out/>
  <testcase name="hitUrlAndData" time="88.827" classname="web.mybizz.tests.ExtractData2"/>
  <system-out/>
  <testcase name="hitUrlAndData" time="48.645" classname="web.mybizz.tests.ExtractData2"/>
  <system-out/>
  <testcase name="hitUrlAndData" time="51.794" classname="web.mybizz.tests.ExtractData2"/>
  <system-out/>
  <testcase name="hitUrlAndData" time="67.110" classname="web.mybizz.tests.ExtractData2"/>
  <system-out/>
  <testcase name="hitUrlAndData" time="48.637" classname="web.mybizz.tests.ExtractData2"/>
  <system-out/>
  <testcase name="hitUrlAndData" time="52.177" classname="web.mybizz.tests.ExtractData2"/>
  <system-out/>
  <testcase name="hitUrlAndData" time="47.946" classname="web.mybizz.tests.ExtractData2"/>
  <system-out/>
  <testcase name="hitUrlAndData" time="49.221" classname="web.mybizz.tests.ExtractData2"/>
  <system-out/>
  <testcase name="hitUrlAndData" time="47.974" classname="web.mybizz.tests.ExtractData2"/>
  <system-out/>
  <testcase name="hitUrlAndData" time="49.869" classname="web.mybizz.tests.ExtractData2"/>
  <system-out/>
  <testcase name="hitUrlAndData" time="47.328" classname="web.mybizz.tests.ExtractData2"/>
  <system-out/>
  <testcase name="hitUrlAndData" time="68.106" classname="web.mybizz.tests.ExtractData2"/>
  <system-out/>
  <testcase name="hitUrlAndData" time="88.722" classname="web.mybizz.tests.ExtractData2"/>
  <system-out/>
  <testcase name="hitUrlAndData" time="50.175" classname="web.mybizz.tests.ExtractData2"/>
  <system-out/>
  <testcase name="hitUrlAndData" time="67.207" classname="web.mybizz.tests.ExtractData2"/>
  <system-out/>
  <testcase name="hitUrlAndData" time="48.231" classname="web.mybizz.tests.ExtractData2"/>
  <system-out/>
  <testcase name="hitUrlAndData" time="67.866" classname="web.mybizz.tests.ExtractData2"/>
  <system-out/>
  <testcase name="hitUrlAndData" time="88.238" classname="web.mybizz.tests.ExtractData2"/>
  <system-out/>
  <testcase name="hitUrlAndData" time="48.872" classname="web.mybizz.tests.ExtractData2"/>
  <system-out/>
  <testcase name="hitUrlAndData" time="68.903" classname="web.mybizz.tests.ExtractData2"/>
  <system-out/>
  <testcase name="hitUrlAndData" time="49.901" classname="web.mybizz.tests.ExtractData2"/>
  <system-out/>
  <testcase name="hitUrlAndData" time="48.613" classname="web.mybizz.tests.ExtractData2"/>
  <system-out/>
  <testcase name="hitUrlAndData" time="67.930" classname="web.mybizz.tests.ExtractData2"/>
  <system-out/>
  <testcase name="hitUrlAndData" time="46.790" classname="web.mybizz.tests.ExtractData2"/>
  <system-out/>
  <testcase name="hitUrlAndData" time="67.345" classname="web.mybizz.tests.ExtractData2"/>
  <system-out/>
  <testcase name="hitUrlAndData" time="48.839" classname="web.mybizz.tests.ExtractData2"/>
  <system-out/>
  <testcase name="hitUrlAndData" time="48.796" classname="web.mybizz.tests.ExtractData2"/>
  <system-out/>
  <testcase name="hitUrlAndData" time="88.170" classname="web.mybizz.tests.ExtractData2"/>
  <system-out/>
  <testcase name="hitUrlAndData" time="48.367" classname="web.mybizz.tests.ExtractData2"/>
  <system-out/>
  <testcase name="hitUrlAndData" time="67.160" classname="web.mybizz.tests.ExtractData2"/>
  <system-out/>
  <testcase name="hitUrlAndData" time="68.280" classname="web.mybizz.tests.ExtractData2"/>
  <system-out/>
  <testcase name="hitUrlAndData" time="52.154" classname="web.mybizz.tests.ExtractData2"/>
  <system-out/>
  <testcase name="hitUrlAndData" time="66.352" classname="web.mybizz.tests.ExtractData2"/>
  <system-out/>
  <testcase name="hitUrlAndData" time="65.611" classname="web.mybizz.tests.ExtractData2"/>
  <system-out/>
  <testcase name="hitUrlAndData" time="66.627" classname="web.mybizz.tests.ExtractData2"/>
  <system-out/>
  <testcase name="hitUrlAndData" time="67.084" classname="web.mybizz.tests.ExtractData2"/>
  <system-out/>
  <testcase name="hitUrlAndData" time="48.350" classname="web.mybizz.tests.ExtractData2"/>
  <system-out/>
  <testcase name="hitUrlAndData" time="47.966" classname="web.mybizz.tests.ExtractData2"/>
  <system-out/>
  <testcase name="hitUrlAndData" time="47.878" classname="web.mybizz.tests.ExtractData2"/>
  <system-out/>
  <testcase name="hitUrlAndData" time="49.231" classname="web.mybizz.tests.ExtractData2"/>
  <system-out/>
  <testcase name="hitUrlAndData" time="48.696" classname="web.mybizz.tests.ExtractData2"/>
  <system-out/>
  <testcase name="hitUrlAndData" time="50.328" classname="web.mybizz.tests.ExtractData2"/>
  <system-out/>
  <testcase name="hitUrlAndData" time="67.052" classname="web.mybizz.tests.ExtractData2"/>
  <system-out/>
  <testcase name="hitUrlAndData" time="48.939" classname="web.mybizz.tests.ExtractData2"/>
  <system-out/>
  <testcase name="hitUrlAndData" time="67.144" classname="web.mybizz.tests.ExtractData2"/>
  <system-out/>
  <testcase name="hitUrlAndData" time="67.363" classname="web.mybizz.tests.ExtractData2"/>
  <system-out/>
  <testcase name="hitUrlAndData" time="66.972" classname="web.mybizz.tests.ExtractData2"/>
  <system-out/>
  <testcase name="hitUrlAndData" time="66.746" classname="web.mybizz.tests.ExtractData2"/>
  <system-out/>
  <testcase name="hitUrlAndData" time="48.885" classname="web.mybizz.tests.ExtractData2"/>
  <system-out/>
  <testcase name="hitUrlAndData" time="47.512" classname="web.mybizz.tests.ExtractData2"/>
  <system-out/>
  <testcase name="hitUrlAndData" time="68.085" classname="web.mybizz.tests.ExtractData2"/>
  <system-out/>
  <testcase name="hitUrlAndData" time="48.615" classname="web.mybizz.tests.ExtractData2"/>
  <system-out/>
  <testcase name="hitUrlAndData" time="67.153" classname="web.mybizz.tests.ExtractData2"/>
  <system-out/>
  <testcase name="hitUrlAndData" time="49.424" classname="web.mybizz.tests.ExtractData2"/>
  <system-out/>
  <testcase name="hitUrlAndData" time="88.662" classname="web.mybizz.tests.ExtractData2"/>
  <system-out/>
  <testcase name="hitUrlAndData" time="68.415" classname="web.mybizz.tests.ExtractData2"/>
  <system-out/>
  <testcase name="hitUrlAndData" time="53.313" classname="web.mybizz.tests.ExtractData2"/>
  <system-out/>
  <testcase name="hitUrlAndData" time="48.549" classname="web.mybizz.tests.ExtractData2"/>
  <system-out/>
  <testcase name="hitUrlAndData" time="46.902" classname="web.mybizz.tests.ExtractData2"/>
  <system-out/>
  <testcase name="hitUrlAndData" time="50.679" classname="web.mybizz.tests.ExtractData2"/>
  <system-out/>
  <testcase name="hitUrlAndData" time="48.328" classname="web.mybizz.tests.ExtractData2"/>
  <system-out/>
  <testcase name="hitUrlAndData" time="49.297" classname="web.mybizz.tests.ExtractData2"/>
  <system-out/>
  <testcase name="hitUrlAndData" time="48.507" classname="web.mybizz.tests.ExtractData2"/>
  <system-out/>
  <testcase name="hitUrlAndData" time="50.180" classname="web.mybizz.tests.ExtractData2"/>
  <system-out/>
  <testcase name="hitUrlAndData" time="47.314" classname="web.mybizz.tests.ExtractData2"/>
  <system-out/>
  <testcase name="hitUrlAndData" time="67.932" classname="web.mybizz.tests.ExtractData2"/>
  <system-out/>
  <testcase name="hitUrlAndData" time="67.760" classname="web.mybizz.tests.ExtractData2"/>
  <system-out/>
  <testcase name="hitUrlAndData" time="48.605" classname="web.mybizz.tests.ExtractData2"/>
  <system-out/>
  <testcase name="hitUrlAndData" time="46.255" classname="web.mybizz.tests.ExtractData2"/>
  <system-out/>
  <testcase name="hitUrlAndData" time="47.992" classname="web.mybizz.tests.ExtractData2"/>
  <system-out/>
  <testcase name="hitUrlAndData" time="48.626" classname="web.mybizz.tests.ExtractData2"/>
  <system-out/>
  <testcase name="hitUrlAndData" time="48.489" classname="web.mybizz.tests.ExtractData2"/>
  <system-out/>
  <testcase name="hitUrlAndData" time="88.921" classname="web.mybizz.tests.ExtractData2"/>
  <system-out/>
  <testcase name="hitUrlAndData" time="51.067" classname="web.mybizz.tests.ExtractData2"/>
  <system-out/>
  <testcase name="hitUrlAndData" time="67.585" classname="web.mybizz.tests.ExtractData2"/>
  <system-out/>
  <testcase name="hitUrlAndData" time="96.480" classname="web.mybizz.tests.ExtractData2"/>
  <system-out/>
  <testcase name="hitUrlAndData" time="48.889" classname="web.mybizz.tests.ExtractData2"/>
  <system-out/>
  <testcase name="hitUrlAndData" time="47.803" classname="web.mybizz.tests.ExtractData2"/>
  <system-out/>
  <testcase name="hitUrlAndData" time="49.430" classname="web.mybizz.tests.ExtractData2"/>
  <system-out/>
  <testcase name="hitUrlAndData" time="48.861" classname="web.mybizz.tests.ExtractData2"/>
  <system-out/>
  <testcase name="hitUrlAndData" time="51.133" classname="web.mybizz.tests.ExtractData2"/>
  <system-out/>
  <testcase name="hitUrlAndData" time="50.850" classname="web.mybizz.tests.ExtractData2"/>
  <system-out/>
  <testcase name="hitUrlAndData" time="47.647" classname="web.mybizz.tests.ExtractData2"/>
  <system-out/>
  <testcase name="hitUrlAndData" time="48.074" classname="web.mybizz.tests.ExtractData2"/>
  <system-out/>
  <testcase name="hitUrlAndData" time="48.353" classname="web.mybizz.tests.ExtractData2"/>
  <system-out/>
  <testcase name="hitUrlAndData" time="49.514" classname="web.mybizz.tests.ExtractData2"/>
  <system-out/>
  <testcase name="hitUrlAndData" time="49.176" classname="web.mybizz.tests.ExtractData2"/>
  <system-out/>
  <testcase name="hitUrlAndData" time="48.460" classname="web.mybizz.tests.ExtractData2"/>
  <system-out/>
  <testcase name="hitUrlAndData" time="67.829" classname="web.mybizz.tests.ExtractData2"/>
  <system-out/>
  <testcase name="hitUrlAndData" time="50.417" classname="web.mybizz.tests.ExtractData2"/>
  <system-out/>
  <testcase name="hitUrlAndData" time="49.091" classname="web.mybizz.tests.ExtractData2"/>
  <system-out/>
  <testcase name="hitUrlAndData" time="68.664" classname="web.mybizz.tests.ExtractData2"/>
  <system-out/>
  <testcase name="hitUrlAndData" time="48.107" classname="web.mybizz.tests.ExtractData2"/>
  <system-out/>
  <testcase name="hitUrlAndData" time="47.824" classname="web.mybizz.tests.ExtractData2"/>
  <system-out/>
  <testcase name="hitUrlAndData" time="49.881" classname="web.mybizz.tests.ExtractData2"/>
  <system-out/>
  <testcase name="hitUrlAndData" time="50.621" classname="web.mybizz.tests.ExtractData2"/>
  <system-out/>
  <testcase name="hitUrlAndData" time="47.115" classname="web.mybizz.tests.ExtractData2"/>
  <system-out/>
  <testcase name="hitUrlAndData" time="48.886" classname="web.mybizz.tests.ExtractData2"/>
  <system-out/>
  <testcase name="hitUrlAndData" time="47.294" classname="web.mybizz.tests.ExtractData2"/>
  <system-out/>
  <testcase name="hitUrlAndData" time="66.802" classname="web.mybizz.tests.ExtractData2"/>
  <system-out/>
  <testcase name="hitUrlAndData" time="47.534" classname="web.mybizz.tests.ExtractData2"/>
  <system-out/>
  <testcase name="hitUrlAndData" time="46.841" classname="web.mybizz.tests.ExtractData2"/>
  <system-out/>
  <testcase name="hitUrlAndData" time="48.264" classname="web.mybizz.tests.ExtractData2"/>
  <system-out/>
  <testcase name="hitUrlAndData" time="52.860" classname="web.mybizz.tests.ExtractData2"/>
  <system-out/>
  <testcase name="hitUrlAndData" time="67.681" classname="web.mybizz.tests.ExtractData2"/>
  <system-out/>
  <testcase name="hitUrlAndData" time="89.465" classname="web.mybizz.tests.ExtractData2"/>
  <system-out/>
  <testcase name="hitUrlAndData" time="68.066" classname="web.mybizz.tests.ExtractData2"/>
  <system-out/>
  <testcase name="hitUrlAndData" time="91.571" classname="web.mybizz.tests.ExtractData2"/>
  <system-out/>
  <testcase name="hitUrlAndData" time="48.707" classname="web.mybizz.tests.ExtractData2"/>
  <system-out/>
  <testcase name="hitUrlAndData" time="49.301" classname="web.mybizz.tests.ExtractData2"/>
  <system-out/>
  <testcase name="hitUrlAndData" time="59.073" classname="web.mybizz.tests.ExtractData2"/>
  <system-out/>
  <testcase name="hitUrlAndData" time="67.474" classname="web.mybizz.tests.ExtractData2"/>
  <system-out/>
  <testcase name="hitUrlAndData" time="47.230" classname="web.mybizz.tests.ExtractData2"/>
  <system-out/>
  <testcase name="hitUrlAndData" time="50.568" classname="web.mybizz.tests.ExtractData2"/>
  <system-out/>
  <testcase name="hitUrlAndData" time="67.375" classname="web.mybizz.tests.ExtractData2"/>
  <system-out/>
  <testcase name="hitUrlAndData" time="48.375" classname="web.mybizz.tests.ExtractData2"/>
  <system-out/>
  <testcase name="hitUrlAndData" time="49.721" classname="web.mybizz.tests.ExtractData2"/>
  <system-out/>
  <testcase name="hitUrlAndData" time="49.078" classname="web.mybizz.tests.ExtractData2"/>
  <system-out/>
  <testcase name="hitUrlAndData" time="48.273" classname="web.mybizz.tests.ExtractData2"/>
  <system-out/>
  <testcase name="hitUrlAndData" time="48.802" classname="web.mybizz.tests.ExtractData2"/>
  <system-out/>
  <testcase name="hitUrlAndData" time="48.241" classname="web.mybizz.tests.ExtractData2"/>
  <system-out/>
  <testcase name="hitUrlAndData" time="50.625" classname="web.mybizz.tests.ExtractData2"/>
  <system-out/>
  <testcase name="hitUrlAndData" time="50.378" classname="web.mybizz.tests.ExtractData2"/>
  <system-out/>
  <testcase name="hitUrlAndData" time="50.056" classname="web.mybizz.tests.ExtractData2"/>
  <system-out/>
  <testcase name="hitUrlAndData" time="68.088" classname="web.mybizz.tests.ExtractData2"/>
  <system-out/>
  <testcase name="hitUrlAndData" time="54.520" classname="web.mybizz.tests.ExtractData2"/>
  <system-out/>
  <testcase name="hitUrlAndData" time="48.334" classname="web.mybizz.tests.ExtractData2"/>
  <system-out/>
  <testcase name="hitUrlAndData" time="47.384" classname="web.mybizz.tests.ExtractData2"/>
  <system-out/>
  <testcase name="hitUrlAndData" time="52.755" classname="web.mybizz.tests.ExtractData2"/>
  <system-out/>
  <testcase name="hitUrlAndData" time="48.679" classname="web.mybizz.tests.ExtractData2"/>
  <system-out/>
  <testcase name="hitUrlAndData" time="50.657" classname="web.mybizz.tests.ExtractData2"/>
  <system-out/>
  <testcase name="hitUrlAndData" time="49.572" classname="web.mybizz.tests.ExtractData2"/>
  <system-out/>
  <testcase name="hitUrlAndData" time="49.574" classname="web.mybizz.tests.ExtractData2"/>
  <system-out/>
  <testcase name="hitUrlAndData" time="49.236" classname="web.mybizz.tests.ExtractData2"/>
  <system-out/>
  <testcase name="hitUrlAndData" time="48.551" classname="web.mybizz.tests.ExtractData2"/>
  <system-out/>
  <testcase name="hitUrlAndData" time="51.421" classname="web.mybizz.tests.ExtractData2"/>
  <system-out/>
  <testcase name="hitUrlAndData" time="48.657" classname="web.mybizz.tests.ExtractData2"/>
  <system-out/>
  <testcase name="hitUrlAndData" time="48.261" classname="web.mybizz.tests.ExtractData2"/>
  <system-out/>
  <testcase name="hitUrlAndData" time="68.606" classname="web.mybizz.tests.ExtractData2"/>
  <system-out/>
  <testcase name="hitUrlAndData" time="49.328" classname="web.mybizz.tests.ExtractData2"/>
  <system-out/>
  <testcase name="hitUrlAndData" time="49.957" classname="web.mybizz.tests.ExtractData2"/>
  <system-out/>
  <testcase name="hitUrlAndData" time="49.109" classname="web.mybizz.tests.ExtractData2"/>
  <system-out/>
  <testcase name="hitUrlAndData" time="68.776" classname="web.mybizz.tests.ExtractData2"/>
  <system-out/>
  <testcase name="hitUrlAndData" time="88.349" classname="web.mybizz.tests.ExtractData2"/>
  <system-out/>
  <testcase name="hitUrlAndData" time="49.850" classname="web.mybizz.tests.ExtractData2"/>
  <system-out/>
  <testcase name="hitUrlAndData" time="69.593" classname="web.mybizz.tests.ExtractData2"/>
  <system-out/>
  <testcase name="hitUrlAndData" time="66.726" classname="web.mybizz.tests.ExtractData2"/>
  <system-out/>
  <testcase name="hitUrlAndData" time="48.408" classname="web.mybizz.tests.ExtractData2"/>
  <system-out/>
  <testcase name="hitUrlAndData" time="53.497" classname="web.mybizz.tests.ExtractData2"/>
  <system-out/>
  <testcase name="hitUrlAndData" time="68.333" classname="web.mybizz.tests.ExtractData2"/>
  <system-out/>
  <testcase name="hitUrlAndData" time="51.007" classname="web.mybizz.tests.ExtractData2"/>
  <system-out/>
  <testcase name="hitUrlAndData" time="48.105" classname="web.mybizz.tests.ExtractData2"/>
  <system-out/>
  <testcase name="hitUrlAndData" time="49.897" classname="web.mybizz.tests.ExtractData2"/>
  <system-out/>
  <testcase name="hitUrlAndData" time="68.565" classname="web.mybizz.tests.ExtractData2"/>
  <system-out/>
  <testcase name="hitUrlAndData" time="46.436" classname="web.mybizz.tests.ExtractData2"/>
  <system-out/>
  <testcase name="hitUrlAndData" time="45.630" classname="web.mybizz.tests.ExtractData2"/>
  <system-out/>
  <testcase name="hitUrlAndData" time="48.966" classname="web.mybizz.tests.ExtractData2"/>
  <system-out/>
  <testcase name="hitUrlAndData" time="51.304" classname="web.mybizz.tests.ExtractData2"/>
  <system-out/>
  <testcase name="hitUrlAndData" time="47.729" classname="web.mybizz.tests.ExtractData2"/>
  <system-out/>
  <testcase name="hitUrlAndData" time="49.730" classname="web.mybizz.tests.ExtractData2"/>
  <system-out/>
  <testcase name="hitUrlAndData" time="48.729" classname="web.mybizz.tests.ExtractData2"/>
  <system-out/>
  <testcase name="hitUrlAndData" time="47.147" classname="web.mybizz.tests.ExtractData2"/>
  <system-out/>
  <testcase name="hitUrlAndData" time="68.421" classname="web.mybizz.tests.ExtractData2"/>
  <system-out/>
  <testcase name="hitUrlAndData" time="48.722" classname="web.mybizz.tests.ExtractData2"/>
  <system-out/>
  <testcase name="hitUrlAndData" time="48.330" classname="web.mybizz.tests.ExtractData2"/>
  <system-out/>
  <testcase name="hitUrlAndData" time="50.907" classname="web.mybizz.tests.ExtractData2"/>
  <system-out/>
  <testcase name="hitUrlAndData" time="49.001" classname="web.mybizz.tests.ExtractData2"/>
  <system-out/>
  <testcase name="hitUrlAndData" time="47.293" classname="web.mybizz.tests.ExtractData2"/>
  <system-out/>
  <testcase name="hitUrlAndData" time="48.330" classname="web.mybizz.tests.ExtractData2"/>
  <system-out/>
  <testcase name="hitUrlAndData" time="49.171" classname="web.mybizz.tests.ExtractData2"/>
  <system-out/>
  <testcase name="hitUrlAndData" time="49.404" classname="web.mybizz.tests.ExtractData2"/>
  <system-out/>
  <testcase name="hitUrlAndData" time="88.147" classname="web.mybizz.tests.ExtractData2"/>
  <system-out/>
  <testcase name="hitUrlAndData" time="52.157" classname="web.mybizz.tests.ExtractData2"/>
  <system-out/>
  <testcase name="hitUrlAndData" time="47.167" classname="web.mybizz.tests.ExtractData2"/>
  <system-out/>
  <testcase name="hitUrlAndData" time="48.355" classname="web.mybizz.tests.ExtractData2"/>
  <system-out/>
  <testcase name="hitUrlAndData" time="66.362" classname="web.mybizz.tests.ExtractData2"/>
  <system-out/>
  <testcase name="hitUrlAndData" time="67.226" classname="web.mybizz.tests.ExtractData2"/>
  <system-out/>
  <testcase name="hitUrlAndData" time="77.577" classname="web.mybizz.tests.ExtractData2"/>
  <system-out/>
  <testcase name="hitUrlAndData" time="47.569" classname="web.mybizz.tests.ExtractData2"/>
  <system-out/>
  <testcase name="hitUrlAndData" time="49.735" classname="web.mybizz.tests.ExtractData2"/>
  <system-out/>
  <testcase name="hitUrlAndData" time="91.720" classname="web.mybizz.tests.ExtractData2"/>
  <system-out/>
  <testcase name="hitUrlAndData" time="67.605" classname="web.mybizz.tests.ExtractData2"/>
  <system-out/>
  <testcase name="hitUrlAndData" time="47.068" classname="web.mybizz.tests.ExtractData2"/>
  <system-out/>
  <testcase name="hitUrlAndData" time="69.944" classname="web.mybizz.tests.ExtractData2"/>
  <system-out/>
  <testcase name="hitUrlAndData" time="48.455" classname="web.mybizz.tests.ExtractData2"/>
  <system-out/>
  <testcase name="hitUrlAndData" time="48.993" classname="web.mybizz.tests.ExtractData2"/>
  <system-out/>
  <testcase name="hitUrlAndData" time="49.098" classname="web.mybizz.tests.ExtractData2"/>
  <system-out/>
  <testcase name="hitUrlAndData" time="48.673" classname="web.mybizz.tests.ExtractData2"/>
  <system-out/>
  <testcase name="hitUrlAndData" time="46.842" classname="web.mybizz.tests.ExtractData2"/>
  <system-out/>
  <testcase name="hitUrlAndData" time="68.616" classname="web.mybizz.tests.ExtractData2"/>
  <system-out/>
  <testcase name="hitUrlAndData" time="69.577" classname="web.mybizz.tests.ExtractData2"/>
  <system-out/>
  <testcase name="hitUrlAndData" time="49.185" classname="web.mybizz.tests.ExtractData2"/>
  <system-out/>
  <testcase name="hitUrlAndData" time="49.231" classname="web.mybizz.tests.ExtractData2"/>
  <system-out/>
  <testcase name="hitUrlAndData" time="49.435" classname="web.mybizz.tests.ExtractData2"/>
  <system-out/>
  <testcase name="hitUrlAndData" time="47.844" classname="web.mybizz.tests.ExtractData2"/>
  <system-out/>
  <testcase name="hitUrlAndData" time="50.225" classname="web.mybizz.tests.ExtractData2"/>
  <system-out/>
  <testcase name="hitUrlAndData" time="46.536" classname="web.mybizz.tests.ExtractData2"/>
  <system-out/>
  <testcase name="hitUrlAndData" time="47.745" classname="web.mybizz.tests.ExtractData2"/>
  <system-out/>
  <testcase name="hitUrlAndData" time="49.583" classname="web.mybizz.tests.ExtractData2"/>
  <system-out/>
  <testcase name="hitUrlAndData" time="47.633" classname="web.mybizz.tests.ExtractData2"/>
  <system-out/>
  <testcase name="hitUrlAndData" time="47.978" classname="web.mybizz.tests.ExtractData2"/>
  <system-out/>
  <testcase name="hitUrlAndData" time="67.926" classname="web.mybizz.tests.ExtractData2"/>
  <system-out/>
  <testcase name="hitUrlAndData" time="49.645" classname="web.mybizz.tests.ExtractData2"/>
  <system-out/>
  <testcase name="hitUrlAndData" time="49.306" classname="web.mybizz.tests.ExtractData2"/>
  <system-out/>
  <testcase name="hitUrlAndData" time="48.879" classname="web.mybizz.tests.ExtractData2"/>
  <system-out/>
  <testcase name="hitUrlAndData" time="48.789" classname="web.mybizz.tests.ExtractData2"/>
  <system-out/>
  <testcase name="hitUrlAndData" time="48.182" classname="web.mybizz.tests.ExtractData2"/>
  <system-out/>
  <testcase name="hitUrlAndData" time="66.854" classname="web.mybizz.tests.ExtractData2"/>
  <system-out/>
  <testcase name="hitUrlAndData" time="48.925" classname="web.mybizz.tests.ExtractData2"/>
  <system-out/>
  <testcase name="hitUrlAndData" time="50.447" classname="web.mybizz.tests.ExtractData2"/>
  <system-out/>
  <testcase name="hitUrlAndData" time="85.369" classname="web.mybizz.tests.ExtractData2"/>
  <system-out/>
  <testcase name="hitUrlAndData" time="47.404" classname="web.mybizz.tests.ExtractData2"/>
  <system-out/>
  <testcase name="hitUrlAndData" time="47.761" classname="web.mybizz.tests.ExtractData2"/>
  <system-out/>
  <testcase name="hitUrlAndData" time="68.104" classname="web.mybizz.tests.ExtractData2"/>
  <system-out/>
  <testcase name="hitUrlAndData" time="47.678" classname="web.mybizz.tests.ExtractData2"/>
  <system-out/>
  <testcase name="hitUrlAndData" time="68.902" classname="web.mybizz.tests.ExtractData2"/>
  <system-out/>
  <testcase name="hitUrlAndData" time="89.044" classname="web.mybizz.tests.ExtractData2"/>
  <system-out/>
  <testcase name="hitUrlAndData" time="68.769" classname="web.mybizz.tests.ExtractData2"/>
  <system-out/>
  <testcase name="hitUrlAndData" time="63.312" classname="web.mybizz.tests.ExtractData2"/>
  <system-out/>
  <testcase name="hitUrlAndData" time="48.333" classname="web.mybizz.tests.ExtractData2"/>
  <system-out/>
  <testcase name="hitUrlAndData" time="46.748" classname="web.mybizz.tests.ExtractData2"/>
  <system-out/>
  <testcase name="hitUrlAndData" time="48.556" classname="web.mybizz.tests.ExtractData2"/>
  <system-out/>
  <testcase name="hitUrlAndData" time="48.488" classname="web.mybizz.tests.ExtractData2"/>
  <system-out/>
  <testcase name="hitUrlAndData" time="53.581" classname="web.mybizz.tests.ExtractData2"/>
  <system-out/>
  <testcase name="hitUrlAndData" time="48.880" classname="web.mybizz.tests.ExtractData2"/>
  <system-out/>
  <testcase name="hitUrlAndData" time="48.849" classname="web.mybizz.tests.ExtractData2"/>
  <system-out/>
  <testcase name="hitUrlAndData" time="46.829" classname="web.mybizz.tests.ExtractData2"/>
  <system-out/>
  <testcase name="hitUrlAndData" time="48.977" classname="web.mybizz.tests.ExtractData2"/>
  <system-out/>
  <testcase name="hitUrlAndData" time="49.139" classname="web.mybizz.tests.ExtractData2"/>
  <system-out/>
  <testcase name="hitUrlAndData" time="48.323" classname="web.mybizz.tests.ExtractData2"/>
  <system-out/>
  <testcase name="hitUrlAndData" time="47.122" classname="web.mybizz.tests.ExtractData2"/>
  <system-out/>
  <testcase name="hitUrlAndData" time="88.678" classname="web.mybizz.tests.ExtractData2"/>
  <system-out/>
  <testcase name="hitUrlAndData" time="47.037" classname="web.mybizz.tests.ExtractData2"/>
  <system-out/>
  <testcase name="hitUrlAndData" time="48.356" classname="web.mybizz.tests.ExtractData2"/>
  <system-out/>
  <testcase name="hitUrlAndData" time="48.433" classname="web.mybizz.tests.ExtractData2"/>
  <system-out/>
  <testcase name="hitUrlAndData" time="48.959" classname="web.mybizz.tests.ExtractData2"/>
  <system-out/>
  <testcase name="hitUrlAndData" time="47.028" classname="web.mybizz.tests.ExtractData2"/>
  <system-out/>
  <testcase name="hitUrlAndData" time="46.652" classname="web.mybizz.tests.ExtractData2"/>
  <system-out/>
  <testcase name="hitUrlAndData" time="67.879" classname="web.mybizz.tests.ExtractData2"/>
  <system-out/>
  <testcase name="hitUrlAndData" time="47.737" classname="web.mybizz.tests.ExtractData2"/>
  <system-out/>
  <testcase name="hitUrlAndData" time="49.596" classname="web.mybizz.tests.ExtractData2"/>
  <system-out/>
  <testcase name="hitUrlAndData" time="66.614" classname="web.mybizz.tests.ExtractData2"/>
  <system-out/>
  <testcase name="hitUrlAndData" time="49.084" classname="web.mybizz.tests.ExtractData2"/>
  <system-out/>
  <testcase name="hitUrlAndData" time="87.743" classname="web.mybizz.tests.ExtractData2"/>
  <system-out/>
  <testcase name="hitUrlAndData" time="48.311" classname="web.mybizz.tests.ExtractData2"/>
  <system-out/>
  <testcase name="hitUrlAndData" time="48.329" classname="web.mybizz.tests.ExtractData2"/>
  <system-out/>
  <testcase name="hitUrlAndData" time="48.601" classname="web.mybizz.tests.ExtractData2"/>
  <system-out/>
  <testcase name="hitUrlAndData" time="69.174" classname="web.mybizz.tests.ExtractData2"/>
  <system-out/>
  <testcase name="hitUrlAndData" time="87.514" classname="web.mybizz.tests.ExtractData2"/>
  <system-out/>
  <testcase name="hitUrlAndData" time="67.128" classname="web.mybizz.tests.ExtractData2"/>
  <system-out/>
  <testcase name="hitUrlAndData" time="67.367" classname="web.mybizz.tests.ExtractData2"/>
  <system-out/>
  <testcase name="hitUrlAndData" time="49.944" classname="web.mybizz.tests.ExtractData2"/>
  <system-out/>
  <testcase name="hitUrlAndData" time="68.438" classname="web.mybizz.tests.ExtractData2"/>
  <system-out/>
  <testcase name="hitUrlAndData" time="49.791" classname="web.mybizz.tests.ExtractData2"/>
  <system-out/>
  <testcase name="hitUrlAndData" time="49.130" classname="web.mybizz.tests.ExtractData2"/>
  <system-out/>
  <testcase name="hitUrlAndData" time="47.018" classname="web.mybizz.tests.ExtractData2"/>
  <system-out/>
  <testcase name="hitUrlAndData" time="49.434" classname="web.mybizz.tests.ExtractData2"/>
  <system-out/>
  <testcase name="hitUrlAndData" time="48.988" classname="web.mybizz.tests.ExtractData2"/>
  <system-out/>
  <testcase name="hitUrlAndData" time="49.369" classname="web.mybizz.tests.ExtractData2"/>
  <system-out/>
  <testcase name="hitUrlAndData" time="48.555" classname="web.mybizz.tests.ExtractData2"/>
  <system-out/>
  <testcase name="hitUrlAndData" time="49.501" classname="web.mybizz.tests.ExtractData2"/>
  <system-out/>
  <testcase name="hitUrlAndData" time="48.379" classname="web.mybizz.tests.ExtractData2"/>
  <system-out/>
  <testcase name="hitUrlAndData" time="49.192" classname="web.mybizz.tests.ExtractData2"/>
  <system-out/>
  <testcase name="hitUrlAndData" time="48.103" classname="web.mybizz.tests.ExtractData2"/>
  <system-out/>
  <testcase name="hitUrlAndData" time="47.494" classname="web.mybizz.tests.ExtractData2"/>
  <system-out/>
  <testcase name="hitUrlAndData" time="89.316" classname="web.mybizz.tests.ExtractData2"/>
  <system-out/>
  <testcase name="hitUrlAndData" time="49.671" classname="web.mybizz.tests.ExtractData2"/>
  <system-out/>
  <testcase name="hitUrlAndData" time="67.368" classname="web.mybizz.tests.ExtractData2"/>
  <system-out/>
  <testcase name="hitUrlAndData" time="48.164" classname="web.mybizz.tests.ExtractData2"/>
  <system-out/>
  <testcase name="hitUrlAndData" time="93.034" classname="web.mybizz.tests.ExtractData2"/>
  <system-out/>
  <testcase name="hitUrlAndData" time="48.968" classname="web.mybizz.tests.ExtractData2"/>
  <system-out/>
  <testcase name="hitUrlAndData" time="66.943" classname="web.mybizz.tests.ExtractData2"/>
  <system-out/>
  <testcase name="hitUrlAndData" time="48.637" classname="web.mybizz.tests.ExtractData2"/>
  <system-out/>
  <testcase name="hitUrlAndData" time="67.310" classname="web.mybizz.tests.ExtractData2"/>
  <system-out/>
  <testcase name="hitUrlAndData" time="47.422" classname="web.mybizz.tests.ExtractData2"/>
  <system-out/>
  <testcase name="hitUrlAndData" time="66.983" classname="web.mybizz.tests.ExtractData2"/>
  <system-out/>
  <testcase name="hitUrlAndData" time="67.968" classname="web.mybizz.tests.ExtractData2"/>
  <system-out/>
  <testcase name="hitUrlAndData" time="68.137" classname="web.mybizz.tests.ExtractData2"/>
  <system-out/>
  <testcase name="hitUrlAndData" time="46.721" classname="web.mybizz.tests.ExtractData2"/>
  <system-out/>
  <testcase name="hitUrlAndData" time="67.934" classname="web.mybizz.tests.ExtractData2"/>
  <system-out/>
  <testcase name="hitUrlAndData" time="48.388" classname="web.mybizz.tests.ExtractData2"/>
  <system-out/>
  <testcase name="hitUrlAndData" time="50.493" classname="web.mybizz.tests.ExtractData2"/>
  <system-out/>
  <testcase name="hitUrlAndData" time="50.427" classname="web.mybizz.tests.ExtractData2"/>
  <system-out/>
  <testcase name="hitUrlAndData" time="46.917" classname="web.mybizz.tests.ExtractData2"/>
  <system-out/>
  <testcase name="hitUrlAndData" time="68.167" classname="web.mybizz.tests.ExtractData2"/>
  <system-out/>
  <testcase name="hitUrlAndData" time="47.421" classname="web.mybizz.tests.ExtractData2"/>
  <system-out/>
  <testcase name="hitUrlAndData" time="69.141" classname="web.mybizz.tests.ExtractData2"/>
  <system-out/>
  <testcase name="hitUrlAndData" time="48.326" classname="web.mybizz.tests.ExtractData2"/>
  <system-out/>
  <testcase name="hitUrlAndData" time="48.725" classname="web.mybizz.tests.ExtractData2"/>
  <system-out/>
  <testcase name="hitUrlAndData" time="51.093" classname="web.mybizz.tests.ExtractData2"/>
  <system-out/>
  <testcase name="hitUrlAndData" time="68.508" classname="web.mybizz.tests.ExtractData2"/>
  <system-out/>
  <testcase name="hitUrlAndData" time="89.454" classname="web.mybizz.tests.ExtractData2"/>
  <system-out/>
  <testcase name="hitUrlAndData" time="48.123" classname="web.mybizz.tests.ExtractData2"/>
  <system-out/>
  <testcase name="hitUrlAndData" time="49.151" classname="web.mybizz.tests.ExtractData2"/>
  <system-out/>
  <testcase name="hitUrlAndData" time="47.007" classname="web.mybizz.tests.ExtractData2"/>
  <system-out/>
  <testcase name="hitUrlAndData" time="49.608" classname="web.mybizz.tests.ExtractData2"/>
  <system-out/>
  <testcase name="hitUrlAndData" time="48.734" classname="web.mybizz.tests.ExtractData2"/>
  <system-out/>
  <testcase name="hitUrlAndData" time="48.935" classname="web.mybizz.tests.ExtractData2"/>
  <system-out/>
  <testcase name="hitUrlAndData" time="68.782" classname="web.mybizz.tests.ExtractData2"/>
  <system-out/>
  <testcase name="hitUrlAndData" time="52.080" classname="web.mybizz.tests.ExtractData2"/>
  <system-out/>
  <testcase name="hitUrlAndData" time="47.660" classname="web.mybizz.tests.ExtractData2"/>
  <system-out/>
  <testcase name="hitUrlAndData" time="47.898" classname="web.mybizz.tests.ExtractData2"/>
  <system-out/>
  <testcase name="hitUrlAndData" time="82.099" classname="web.mybizz.tests.ExtractData2"/>
  <system-out/>
  <testcase name="hitUrlAndData" time="48.165" classname="web.mybizz.tests.ExtractData2"/>
  <system-out/>
  <testcase name="hitUrlAndData" time="48.841" classname="web.mybizz.tests.ExtractData2"/>
  <system-out/>
  <testcase name="hitUrlAndData" time="49.158" classname="web.mybizz.tests.ExtractData2"/>
  <system-out/>
  <testcase name="hitUrlAndData" time="68.138" classname="web.mybizz.tests.ExtractData2"/>
  <system-out/>
  <testcase name="hitUrlAndData" time="47.368" classname="web.mybizz.tests.ExtractData2"/>
  <system-out/>
  <testcase name="hitUrlAndData" time="67.607" classname="web.mybizz.tests.ExtractData2"/>
  <system-out/>
  <testcase name="hitUrlAndData" time="49.092" classname="web.mybizz.tests.ExtractData2"/>
  <system-out/>
  <testcase name="hitUrlAndData" time="50.799" classname="web.mybizz.tests.ExtractData2"/>
  <system-out/>
  <testcase name="hitUrlAndData" time="49.795" classname="web.mybizz.tests.ExtractData2"/>
  <system-out/>
  <testcase name="hitUrlAndData" time="48.884" classname="web.mybizz.tests.ExtractData2"/>
  <system-out/>
  <testcase name="hitUrlAndData" time="47.675" classname="web.mybizz.tests.ExtractData2"/>
  <system-out/>
  <testcase name="hitUrlAndData" time="47.999" classname="web.mybizz.tests.ExtractData2"/>
  <system-out/>
  <testcase name="hitUrlAndData" time="67.059" classname="web.mybizz.tests.ExtractData2"/>
  <system-out/>
  <testcase name="hitUrlAndData" time="49.145" classname="web.mybizz.tests.ExtractData2"/>
  <system-out/>
  <testcase name="hitUrlAndData" time="50.772" classname="web.mybizz.tests.ExtractData2"/>
  <system-out/>
  <testcase name="hitUrlAndData" time="49.845" classname="web.mybizz.tests.ExtractData2"/>
  <system-out/>
  <testcase name="hitUrlAndData" time="47.940" classname="web.mybizz.tests.ExtractData2"/>
  <system-out/>
  <testcase name="hitUrlAndData" time="67.565" classname="web.mybizz.tests.ExtractData2"/>
  <system-out/>
  <testcase name="hitUrlAndData" time="48.259" classname="web.mybizz.tests.ExtractData2"/>
  <system-out/>
  <testcase name="hitUrlAndData" time="49.055" classname="web.mybizz.tests.ExtractData2"/>
  <system-out/>
  <testcase name="hitUrlAndData" time="48.404" classname="web.mybizz.tests.ExtractData2"/>
  <system-out/>
  <testcase name="hitUrlAndData" time="89.305" classname="web.mybizz.tests.ExtractData2"/>
  <system-out/>
  <testcase name="hitUrlAndData" time="47.227" classname="web.mybizz.tests.ExtractData2"/>
  <system-out/>
  <testcase name="hitUrlAndData" time="46.567" classname="web.mybizz.tests.ExtractData2"/>
  <system-out/>
  <testcase name="hitUrlAndData" time="48.604" classname="web.mybizz.tests.ExtractData2"/>
  <system-out/>
  <testcase name="hitUrlAndData" time="47.782" classname="web.mybizz.tests.ExtractData2"/>
  <system-out/>
  <testcase name="hitUrlAndData" time="48.509" classname="web.mybizz.tests.ExtractData2"/>
  <system-out/>
  <testcase name="hitUrlAndData" time="49.283" classname="web.mybizz.tests.ExtractData2"/>
  <system-out/>
  <testcase name="hitUrlAndData" time="50.937" classname="web.mybizz.tests.ExtractData2"/>
  <system-out/>
  <testcase name="hitUrlAndData" time="47.096" classname="web.mybizz.tests.ExtractData2"/>
  <system-out/>
  <testcase name="hitUrlAndData" time="48.053" classname="web.mybizz.tests.ExtractData2"/>
  <system-out/>
  <testcase name="hitUrlAndData" time="67.149" classname="web.mybizz.tests.ExtractData2"/>
  <system-out/>
  <testcase name="hitUrlAndData" time="48.326" classname="web.mybizz.tests.ExtractData2"/>
  <system-out/>
  <testcase name="hitUrlAndData" time="70.084" classname="web.mybizz.tests.ExtractData2"/>
  <system-out/>
  <testcase name="hitUrlAndData" time="67.086" classname="web.mybizz.tests.ExtractData2"/>
  <system-out/>
  <testcase name="hitUrlAndData" time="67.385" classname="web.mybizz.tests.ExtractData2"/>
  <system-out/>
  <testcase name="hitUrlAndData" time="48.871" classname="web.mybizz.tests.ExtractData2"/>
  <system-out/>
  <testcase name="hitUrlAndData" time="50.421" classname="web.mybizz.tests.ExtractData2"/>
  <system-out/>
  <testcase name="hitUrlAndData" time="49.117" classname="web.mybizz.tests.ExtractData2"/>
  <system-out/>
  <testcase name="hitUrlAndData" time="48.754" classname="web.mybizz.tests.ExtractData2"/>
  <system-out/>
  <testcase name="hitUrlAndData" time="47.697" classname="web.mybizz.tests.ExtractData2"/>
  <system-out/>
  <testcase name="hitUrlAndData" time="67.774" classname="web.mybizz.tests.ExtractData2"/>
  <system-out/>
  <testcase name="hitUrlAndData" time="67.757" classname="web.mybizz.tests.ExtractData2"/>
  <system-out/>
  <testcase name="hitUrlAndData" time="67.169" classname="web.mybizz.tests.ExtractData2"/>
  <system-out/>
  <testcase name="hitUrlAndData" time="49.046" classname="web.mybizz.tests.ExtractData2"/>
  <system-out/>
  <testcase name="hitUrlAndData" time="49.209" classname="web.mybizz.tests.ExtractData2"/>
  <system-out/>
  <testcase name="hitUrlAndData" time="48.949" classname="web.mybizz.tests.ExtractData2"/>
  <system-out/>
  <testcase name="hitUrlAndData" time="49.333" classname="web.mybizz.tests.ExtractData2"/>
  <system-out/>
  <testcase name="hitUrlAndData" time="47.943" classname="web.mybizz.tests.ExtractData2"/>
  <system-out/>
  <testcase name="hitUrlAndData" time="50.019" classname="web.mybizz.tests.ExtractData2"/>
  <system-out/>
  <testcase name="hitUrlAndData" time="66.643" classname="web.mybizz.tests.ExtractData2"/>
  <system-out/>
  <testcase name="hitUrlAndData" time="66.964" classname="web.mybizz.tests.ExtractData2"/>
  <system-out/>
  <testcase name="hitUrlAndData" time="50.138" classname="web.mybizz.tests.ExtractData2"/>
  <system-out/>
  <testcase name="hitUrlAndData" time="68.346" classname="web.mybizz.tests.ExtractData2"/>
  <system-out/>
  <testcase name="hitUrlAndData" time="89.035" classname="web.mybizz.tests.ExtractData2"/>
  <system-out/>
  <testcase name="hitUrlAndData" time="66.858" classname="web.mybizz.tests.ExtractData2"/>
  <system-out/>
  <testcase name="hitUrlAndData" time="47.321" classname="web.mybizz.tests.ExtractData2"/>
  <system-out/>
  <testcase name="hitUrlAndData" time="48.116" classname="web.mybizz.tests.ExtractData2"/>
  <system-out/>
  <testcase name="hitUrlAndData" time="49.998" classname="web.mybizz.tests.ExtractData2"/>
  <system-out/>
  <testcase name="hitUrlAndData" time="49.141" classname="web.mybizz.tests.ExtractData2"/>
  <system-out/>
  <testcase name="hitUrlAndData" time="66.586" classname="web.mybizz.tests.ExtractData2"/>
  <system-out/>
  <testcase name="hitUrlAndData" time="47.698" classname="web.mybizz.tests.ExtractData2"/>
  <system-out/>
  <testcase name="hitUrlAndData" time="68.743" classname="web.mybizz.tests.ExtractData2"/>
  <system-out/>
  <testcase name="hitUrlAndData" time="46.595" classname="web.mybizz.tests.ExtractData2"/>
  <system-out/>
  <testcase name="hitUrlAndData" time="50.042" classname="web.mybizz.tests.ExtractData2"/>
  <system-out/>
  <testcase name="hitUrlAndData" time="67.511" classname="web.mybizz.tests.ExtractData2"/>
  <system-out/>
  <testcase name="hitUrlAndData" time="67.456" classname="web.mybizz.tests.ExtractData2"/>
  <system-out/>
  <testcase name="hitUrlAndData" time="89.556" classname="web.mybizz.tests.ExtractData2"/>
  <system-out/>
  <testcase name="hitUrlAndData" time="49.678" classname="web.mybizz.tests.ExtractData2"/>
  <system-out/>
  <testcase name="hitUrlAndData" time="48.478" classname="web.mybizz.tests.ExtractData2"/>
  <system-out/>
  <testcase name="hitUrlAndData" time="50.174" classname="web.mybizz.tests.ExtractData2"/>
  <system-out/>
  <testcase name="hitUrlAndData" time="88.273" classname="web.mybizz.tests.ExtractData2"/>
  <system-out/>
  <testcase name="hitUrlAndData" time="50.409" classname="web.mybizz.tests.ExtractData2"/>
  <system-out/>
  <testcase name="hitUrlAndData" time="89.052" classname="web.mybizz.tests.ExtractData2"/>
  <system-out/>
  <testcase name="hitUrlAndData" time="51.858" classname="web.mybizz.tests.ExtractData2"/>
  <system-out/>
  <testcase name="hitUrlAndData" time="67.228" classname="web.mybizz.tests.ExtractData2"/>
  <system-out/>
  <testcase name="hitUrlAndData" time="68.360" classname="web.mybizz.tests.ExtractData2"/>
  <system-out/>
  <testcase name="hitUrlAndData" time="47.342" classname="web.mybizz.tests.ExtractData2"/>
  <system-out/>
  <testcase name="hitUrlAndData" time="49.154" classname="web.mybizz.tests.ExtractData2"/>
  <system-out/>
  <testcase name="hitUrlAndData" time="90.656" classname="web.mybizz.tests.ExtractData2"/>
  <system-out/>
  <testcase name="hitUrlAndData" time="48.381" classname="web.mybizz.tests.ExtractData2"/>
  <system-out/>
  <testcase name="hitUrlAndData" time="50.470" classname="web.mybizz.tests.ExtractData2"/>
  <system-out/>
  <testcase name="hitUrlAndData" time="50.089" classname="web.mybizz.tests.ExtractData2"/>
  <system-out/>
  <testcase name="hitUrlAndData" time="50.155" classname="web.mybizz.tests.ExtractData2"/>
  <system-out/>
  <testcase name="hitUrlAndData" time="47.928" classname="web.mybizz.tests.ExtractData2"/>
  <system-out/>
  <testcase name="hitUrlAndData" time="49.779" classname="web.mybizz.tests.ExtractData2"/>
  <system-out/>
  <testcase name="hitUrlAndData" time="49.279" classname="web.mybizz.tests.ExtractData2"/>
  <system-out/>
  <testcase name="hitUrlAndData" time="47.415" classname="web.mybizz.tests.ExtractData2"/>
  <system-out/>
  <testcase name="hitUrlAndData" time="49.098" classname="web.mybizz.tests.ExtractData2"/>
  <system-out/>
  <testcase name="hitUrlAndData" time="67.781" classname="web.mybizz.tests.ExtractData2"/>
  <system-out/>
  <testcase name="hitUrlAndData" time="65.307" classname="web.mybizz.tests.ExtractData2"/>
  <system-out/>
  <testcase name="hitUrlAndData" time="51.330" classname="web.mybizz.tests.ExtractData2"/>
  <system-out/>
  <testcase name="hitUrlAndData" time="68.275" classname="web.mybizz.tests.ExtractData2"/>
  <system-out/>
  <testcase name="hitUrlAndData" time="50.581" classname="web.mybizz.tests.ExtractData2"/>
  <system-out/>
  <testcase name="hitUrlAndData" time="47.113" classname="web.mybizz.tests.ExtractData2"/>
  <system-out/>
  <testcase name="hitUrlAndData" time="49.195" classname="web.mybizz.tests.ExtractData2"/>
  <system-out/>
  <testcase name="hitUrlAndData" time="49.286" classname="web.mybizz.tests.ExtractData2"/>
  <system-out/>
  <testcase name="hitUrlAndData" time="48.180" classname="web.mybizz.tests.ExtractData2"/>
  <system-out/>
  <testcase name="hitUrlAndData" time="48.332" classname="web.mybizz.tests.ExtractData2"/>
  <system-out/>
  <testcase name="hitUrlAndData" time="89.754" classname="web.mybizz.tests.ExtractData2"/>
  <system-out/>
  <testcase name="hitUrlAndData" time="48.016" classname="web.mybizz.tests.ExtractData2"/>
  <system-out/>
  <testcase name="hitUrlAndData" time="67.620" classname="web.mybizz.tests.ExtractData2"/>
  <system-out/>
  <testcase name="hitUrlAndData" time="48.673" classname="web.mybizz.tests.ExtractData2"/>
  <system-out/>
  <testcase name="hitUrlAndData" time="47.482" classname="web.mybizz.tests.ExtractData2"/>
  <system-out/>
  <testcase name="hitUrlAndData" time="67.665" classname="web.mybizz.tests.ExtractData2"/>
  <system-out/>
  <testcase name="hitUrlAndData" time="49.217" classname="web.mybizz.tests.ExtractData2"/>
  <system-out/>
  <testcase name="hitUrlAndData" time="68.997" classname="web.mybizz.tests.ExtractData2"/>
  <system-out/>
  <testcase name="hitUrlAndData" time="48.727" classname="web.mybizz.tests.ExtractData2"/>
  <system-out/>
  <testcase name="hitUrlAndData" time="66.676" classname="web.mybizz.tests.ExtractData2"/>
  <system-out/>
  <testcase name="hitUrlAndData" time="68.135" classname="web.mybizz.tests.ExtractData2"/>
  <system-out/>
  <testcase name="hitUrlAndData" time="46.321" classname="web.mybizz.tests.ExtractData2"/>
  <system-out/>
  <testcase name="hitUrlAndData" time="50.547" classname="web.mybizz.tests.ExtractData2"/>
  <system-out/>
  <testcase name="hitUrlAndData" time="48.610" classname="web.mybizz.tests.ExtractData2"/>
  <system-out/>
  <testcase name="hitUrlAndData" time="29.796" classname="web.mybizz.tests.ExtractData2"/>
  <system-out/>
  <testcase name="hitUrlAndData" time="90.003" classname="web.mybizz.tests.ExtractData2"/>
  <system-out/>
  <testcase name="hitUrlAndData" time="49.211" classname="web.mybizz.tests.ExtractData2"/>
  <system-out/>
  <testcase name="hitUrlAndData" time="49.201" classname="web.mybizz.tests.ExtractData2"/>
  <system-out/>
  <testcase name="hitUrlAndData" time="67.893" classname="web.mybizz.tests.ExtractData2"/>
  <system-out/>
  <testcase name="hitUrlAndData" time="67.027" classname="web.mybizz.tests.ExtractData2"/>
  <system-out/>
  <testcase name="hitUrlAndData" time="50.113" classname="web.mybizz.tests.ExtractData2"/>
  <system-out/>
  <testcase name="hitUrlAndData" time="68.632" classname="web.mybizz.tests.ExtractData2"/>
  <system-out/>
  <testcase name="hitUrlAndData" time="50.235" classname="web.mybizz.tests.ExtractData2"/>
  <system-out/>
  <testcase name="hitUrlAndData" time="49.498" classname="web.mybizz.tests.ExtractData2"/>
  <system-out/>
  <testcase name="hitUrlAndData" time="47.579" classname="web.mybizz.tests.ExtractData2"/>
  <system-out/>
  <testcase name="hitUrlAndData" time="50.397" classname="web.mybizz.tests.ExtractData2"/>
  <system-out/>
  <testcase name="hitUrlAndData" time="49.127" classname="web.mybizz.tests.ExtractData2"/>
  <system-out/>
  <testcase name="hitUrlAndData" time="89.950" classname="web.mybizz.tests.ExtractData2"/>
  <system-out/>
  <testcase name="hitUrlAndData" time="52.803" classname="web.mybizz.tests.ExtractData2"/>
  <system-out/>
  <testcase name="hitUrlAndData" time="49.656" classname="web.mybizz.tests.ExtractData2"/>
  <system-out/>
  <testcase name="hitUrlAndData" time="87.998" classname="web.mybizz.tests.ExtractData2"/>
  <system-out/>
  <testcase name="hitUrlAndData" time="51.210" classname="web.mybizz.tests.ExtractData2"/>
  <system-out/>
  <testcase name="hitUrlAndData" time="47.262" classname="web.mybizz.tests.ExtractData2"/>
  <system-out/>
  <testcase name="hitUrlAndData" time="70.421" classname="web.mybizz.tests.ExtractData2"/>
  <system-out/>
  <testcase name="hitUrlAndData" time="67.703" classname="web.mybizz.tests.ExtractData2"/>
  <system-out/>
  <testcase name="hitUrlAndData" time="47.992" classname="web.mybizz.tests.ExtractData2"/>
  <system-out/>
  <testcase name="hitUrlAndData" time="48.065" classname="web.mybizz.tests.ExtractData2"/>
  <system-out/>
  <testcase name="hitUrlAndData" time="48.992" classname="web.mybizz.tests.ExtractData2"/>
  <system-out/>
  <testcase name="hitUrlAndData" time="48.625" classname="web.mybizz.tests.ExtractData2"/>
  <system-out/>
  <testcase name="hitUrlAndData" time="50.339" classname="web.mybizz.tests.ExtractData2"/>
  <system-out/>
  <testcase name="hitUrlAndData" time="50.310" classname="web.mybizz.tests.ExtractData2"/>
  <system-out/>
  <testcase name="hitUrlAndData" time="50.766" classname="web.mybizz.tests.ExtractData2"/>
  <system-out/>
  <testcase name="hitUrlAndData" time="48.701" classname="web.mybizz.tests.ExtractData2"/>
  <system-out/>
  <testcase name="hitUrlAndData" time="48.417" classname="web.mybizz.tests.ExtractData2"/>
  <system-out/>
  <testcase name="hitUrlAndData" time="89.112" classname="web.mybizz.tests.ExtractData2"/>
  <system-out/>
  <testcase name="hitUrlAndData" time="67.655" classname="web.mybizz.tests.ExtractData2"/>
  <system-out/>
  <testcase name="hitUrlAndData" time="48.408" classname="web.mybizz.tests.ExtractData2"/>
  <system-out/>
  <testcase name="hitUrlAndData" time="67.852" classname="web.mybizz.tests.ExtractData2"/>
  <system-out/>
  <testcase name="hitUrlAndData" time="49.398" classname="web.mybizz.tests.ExtractData2"/>
  <system-out/>
  <testcase name="hitUrlAndData" time="48.154" classname="web.mybizz.tests.ExtractData2"/>
  <system-out/>
  <testcase name="hitUrlAndData" time="90.094" classname="web.mybizz.tests.ExtractData2"/>
  <system-out/>
  <testcase name="hitUrlAndData" time="47.178" classname="web.mybizz.tests.ExtractData2"/>
  <system-out/>
  <testcase name="hitUrlAndData" time="47.653" classname="web.mybizz.tests.ExtractData2"/>
  <system-out/>
  <testcase name="hitUrlAndData" time="67.605" classname="web.mybizz.tests.ExtractData2"/>
  <system-out/>
  <testcase name="hitUrlAndData" time="49.646" classname="web.mybizz.tests.ExtractData2"/>
  <system-out/>
  <testcase name="hitUrlAndData" time="49.874" classname="web.mybizz.tests.ExtractData2"/>
  <system-out/>
  <testcase name="hitUrlAndData" time="47.737" classname="web.mybizz.tests.ExtractData2"/>
  <system-out/>
  <testcase name="hitUrlAndData" time="47.589" classname="web.mybizz.tests.ExtractData2"/>
  <system-out/>
  <testcase name="hitUrlAndData" time="49.038" classname="web.mybizz.tests.ExtractData2"/>
  <system-out/>
  <testcase name="hitUrlAndData" time="48.002" classname="web.mybizz.tests.ExtractData2"/>
  <system-out/>
  <testcase name="hitUrlAndData" time="49.808" classname="web.mybizz.tests.ExtractData2"/>
  <system-out/>
  <testcase name="hitUrlAndData" time="49.211" classname="web.mybizz.tests.ExtractData2"/>
  <system-out/>
  <testcase name="hitUrlAndData" time="48.624" classname="web.mybizz.tests.ExtractData2"/>
  <system-out/>
  <testcase name="hitUrlAndData" time="50.868" classname="web.mybizz.tests.ExtractData2"/>
  <system-out/>
  <testcase name="hitUrlAndData" time="49.529" classname="web.mybizz.tests.ExtractData2"/>
  <system-out/>
  <testcase name="hitUrlAndData" time="47.921" classname="web.mybizz.tests.ExtractData2"/>
  <system-out/>
  <testcase name="hitUrlAndData" time="47.402" classname="web.mybizz.tests.ExtractData2"/>
  <system-out/>
  <testcase name="hitUrlAndData" time="47.818" classname="web.mybizz.tests.ExtractData2"/>
  <system-out/>
  <testcase name="hitUrlAndData" time="48.557" classname="web.mybizz.tests.ExtractData2"/>
  <system-out/>
  <testcase name="hitUrlAndData" time="49.200" classname="web.mybizz.tests.ExtractData2"/>
  <system-out/>
  <testcase name="hitUrlAndData" time="48.990" classname="web.mybizz.tests.ExtractData2"/>
  <system-out/>
  <testcase name="hitUrlAndData" time="48.876" classname="web.mybizz.tests.ExtractData2"/>
  <system-out/>
  <testcase name="hitUrlAndData" time="68.158" classname="web.mybizz.tests.ExtractData2"/>
  <system-out/>
  <testcase name="hitUrlAndData" time="50.833" classname="web.mybizz.tests.ExtractData2"/>
  <system-out/>
  <testcase name="hitUrlAndData" time="51.527" classname="web.mybizz.tests.ExtractData2"/>
  <system-out/>
  <testcase name="hitUrlAndData" time="88.373" classname="web.mybizz.tests.ExtractData2"/>
  <system-out/>
  <testcase name="hitUrlAndData" time="68.632" classname="web.mybizz.tests.ExtractData2"/>
  <system-out/>
  <testcase name="hitUrlAndData" time="48.881" classname="web.mybizz.tests.ExtractData2"/>
  <system-out/>
  <testcase name="hitUrlAndData" time="66.568" classname="web.mybizz.tests.ExtractData2"/>
  <system-out/>
  <testcase name="hitUrlAndData" time="47.314" classname="web.mybizz.tests.ExtractData2"/>
  <system-out/>
  <testcase name="hitUrlAndData" time="48.128" classname="web.mybizz.tests.ExtractData2"/>
  <system-out/>
  <testcase name="hitUrlAndData" time="51.092" classname="web.mybizz.tests.ExtractData2"/>
  <system-out/>
  <testcase name="hitUrlAndData" time="50.322" classname="web.mybizz.tests.ExtractData2"/>
  <system-out/>
  <testcase name="hitUrlAndData" time="49.036" classname="web.mybizz.tests.ExtractData2"/>
  <system-out/>
  <testcase name="hitUrlAndData" time="47.601" classname="web.mybizz.tests.ExtractData2"/>
  <system-out/>
  <testcase name="hitUrlAndData" time="47.085" classname="web.mybizz.tests.ExtractData2"/>
  <system-out/>
  <testcase name="hitUrlAndData" time="47.949" classname="web.mybizz.tests.ExtractData2"/>
  <system-out/>
  <testcase name="hitUrlAndData" time="47.923" classname="web.mybizz.tests.ExtractData2"/>
  <system-out/>
  <testcase name="hitUrlAndData" time="67.076" classname="web.mybizz.tests.ExtractData2"/>
  <system-out/>
  <testcase name="hitUrlAndData" time="46.610" classname="web.mybizz.tests.ExtractData2"/>
  <system-out/>
  <testcase name="hitUrlAndData" time="67.870" classname="web.mybizz.tests.ExtractData2"/>
  <system-out/>
  <testcase name="hitUrlAndData" time="49.160" classname="web.mybizz.tests.ExtractData2"/>
  <system-out/>
  <testcase name="hitUrlAndData" time="50.443" classname="web.mybizz.tests.ExtractData2"/>
  <system-out/>
  <testcase name="hitUrlAndData" time="49.218" classname="web.mybizz.tests.ExtractData2"/>
  <system-out/>
  <testcase name="hitUrlAndData" time="68.653" classname="web.mybizz.tests.ExtractData2"/>
  <system-out/>
  <testcase name="hitUrlAndData" time="48.791" classname="web.mybizz.tests.ExtractData2"/>
  <system-out/>
  <testcase name="hitUrlAndData" time="50.234" classname="web.mybizz.tests.ExtractData2"/>
  <system-out/>
  <testcase name="hitUrlAndData" time="67.386" classname="web.mybizz.tests.ExtractData2"/>
  <system-out/>
  <testcase name="hitUrlAndData" time="67.748" classname="web.mybizz.tests.ExtractData2"/>
  <system-out/>
  <testcase name="hitUrlAndData" time="47.570" classname="web.mybizz.tests.ExtractData2"/>
  <system-out/>
  <testcase name="hitUrlAndData" time="49.848" classname="web.mybizz.tests.ExtractData2"/>
  <system-out/>
  <testcase name="hitUrlAndData" time="67.957" classname="web.mybizz.tests.ExtractData2"/>
  <system-out/>
  <testcase name="hitUrlAndData" time="48.130" classname="web.mybizz.tests.ExtractData2"/>
  <system-out/>
  <testcase name="hitUrlAndData" time="70.434" classname="web.mybizz.tests.ExtractData2"/>
  <system-out/>
  <testcase name="hitUrlAndData" time="66.790" classname="web.mybizz.tests.ExtractData2"/>
  <system-out/>
  <testcase name="hitUrlAndData" time="48.289" classname="web.mybizz.tests.ExtractData2"/>
  <system-out/>
  <testcase name="hitUrlAndData" time="50.514" classname="web.mybizz.tests.ExtractData2"/>
  <system-out/>
  <testcase name="hitUrlAndData" time="48.273" classname="web.mybizz.tests.ExtractData2"/>
  <system-out/>
  <testcase name="hitUrlAndData" time="66.536" classname="web.mybizz.tests.ExtractData2"/>
  <system-out/>
  <testcase name="hitUrlAndData" time="48.417" classname="web.mybizz.tests.ExtractData2"/>
  <system-out/>
  <testcase name="hitUrlAndData" time="90.251" classname="web.mybizz.tests.ExtractData2"/>
  <system-out/>
  <testcase name="hitUrlAndData" time="49.105" classname="web.mybizz.tests.ExtractData2"/>
  <system-out/>
  <testcase name="hitUrlAndData" time="48.488" classname="web.mybizz.tests.ExtractData2"/>
  <system-out/>
  <testcase name="hitUrlAndData" time="47.466" classname="web.mybizz.tests.ExtractData2"/>
  <system-out/>
  <testcase name="hitUrlAndData" time="51.052" classname="web.mybizz.tests.ExtractData2"/>
  <system-out/>
  <testcase name="hitUrlAndData" time="46.803" classname="web.mybizz.tests.ExtractData2"/>
  <system-out/>
  <testcase name="hitUrlAndData" time="50.203" classname="web.mybizz.tests.ExtractData2"/>
  <system-out/>
  <testcase name="hitUrlAndData" time="47.909" classname="web.mybizz.tests.ExtractData2"/>
  <system-out/>
  <testcase name="hitUrlAndData" time="49.991" classname="web.mybizz.tests.ExtractData2"/>
  <system-out/>
  <testcase name="hitUrlAndData" time="68.041" classname="web.mybizz.tests.ExtractData2"/>
  <system-out/>
  <testcase name="hitUrlAndData" time="67.355" classname="web.mybizz.tests.ExtractData2"/>
  <system-out/>
  <testcase name="hitUrlAndData" time="68.346" classname="web.mybizz.tests.ExtractData2"/>
  <system-out/>
  <testcase name="hitUrlAndData" time="68.820" classname="web.mybizz.tests.ExtractData2"/>
  <system-out/>
  <testcase name="hitUrlAndData" time="46.201" classname="web.mybizz.tests.ExtractData2"/>
  <system-out/>
  <testcase name="hitUrlAndData" time="49.700" classname="web.mybizz.tests.ExtractData2"/>
  <system-out/>
  <testcase name="hitUrlAndData" time="47.239" classname="web.mybizz.tests.ExtractData2"/>
  <system-out/>
  <testcase name="hitUrlAndData" time="49.764" classname="web.mybizz.tests.ExtractData2"/>
  <system-out/>
  <testcase name="hitUrlAndData" time="67.519" classname="web.mybizz.tests.ExtractData2"/>
  <system-out/>
  <testcase name="hitUrlAndData" time="88.505" classname="web.mybizz.tests.ExtractData2"/>
  <system-out/>
  <testcase name="hitUrlAndData" time="49.619" classname="web.mybizz.tests.ExtractData2"/>
  <system-out/>
  <testcase name="hitUrlAndData" time="48.177" classname="web.mybizz.tests.ExtractData2"/>
  <system-out/>
  <testcase name="hitUrlAndData" time="47.666" classname="web.mybizz.tests.ExtractData2"/>
  <system-out/>
  <testcase name="hitUrlAndData" time="68.052" classname="web.mybizz.tests.ExtractData2"/>
  <system-out/>
  <testcase name="hitUrlAndData" time="50.482" classname="web.mybizz.tests.ExtractData2"/>
  <system-out/>
  <testcase name="hitUrlAndData" time="50.936" classname="web.mybizz.tests.ExtractData2"/>
  <system-out/>
  <testcase name="hitUrlAndData" time="69.949" classname="web.mybizz.tests.ExtractData2"/>
  <system-out/>
  <testcase name="hitUrlAndData" time="89.077" classname="web.mybizz.tests.ExtractData2"/>
  <system-out/>
  <testcase name="hitUrlAndData" time="48.974" classname="web.mybizz.tests.ExtractData2"/>
  <system-out/>
  <testcase name="hitUrlAndData" time="45.735" classname="web.mybizz.tests.ExtractData2"/>
  <system-out/>
  <testcase name="hitUrlAndData" time="68.374" classname="web.mybizz.tests.ExtractData2"/>
  <system-out/>
  <testcase name="hitUrlAndData" time="49.565" classname="web.mybizz.tests.ExtractData2"/>
  <system-out/>
  <testcase name="hitUrlAndData" time="47.377" classname="web.mybizz.tests.ExtractData2"/>
  <system-out/>
  <testcase name="hitUrlAndData" time="67.400" classname="web.mybizz.tests.ExtractData2"/>
  <system-out/>
  <testcase name="hitUrlAndData" time="49.213" classname="web.mybizz.tests.ExtractData2"/>
  <system-out/>
  <testcase name="hitUrlAndData" time="48.956" classname="web.mybizz.tests.ExtractData2"/>
  <system-out/>
  <testcase name="hitUrlAndData" time="91.141" classname="web.mybizz.tests.ExtractData2"/>
  <system-out/>
  <testcase name="hitUrlAndData" time="48.174" classname="web.mybizz.tests.ExtractData2"/>
  <system-out/>
  <testcase name="hitUrlAndData" time="88.352" classname="web.mybizz.tests.ExtractData2"/>
  <system-out/>
  <testcase name="hitUrlAndData" time="49.125" classname="web.mybizz.tests.ExtractData2"/>
  <system-out/>
  <testcase name="hitUrlAndData" time="67.827" classname="web.mybizz.tests.ExtractData2"/>
  <system-out/>
  <testcase name="hitUrlAndData" time="68.911" classname="web.mybizz.tests.ExtractData2"/>
  <system-out/>
  <testcase name="hitUrlAndData" time="48.116" classname="web.mybizz.tests.ExtractData2"/>
  <system-out/>
  <testcase name="hitUrlAndData" time="68.717" classname="web.mybizz.tests.ExtractData2"/>
  <system-out/>
  <testcase name="hitUrlAndData" time="68.049" classname="web.mybizz.tests.ExtractData2"/>
  <system-out/>
  <testcase name="hitUrlAndData" time="48.207" classname="web.mybizz.tests.ExtractData2"/>
  <system-out/>
  <testcase name="hitUrlAndData" time="47.694" classname="web.mybizz.tests.ExtractData2"/>
  <system-out/>
  <testcase name="hitUrlAndData" time="50.128" classname="web.mybizz.tests.ExtractData2"/>
  <system-out/>
  <testcase name="hitUrlAndData" time="48.619" classname="web.mybizz.tests.ExtractData2"/>
  <system-out/>
  <testcase name="hitUrlAndData" time="48.455" classname="web.mybizz.tests.ExtractData2"/>
  <system-out/>
  <testcase name="hitUrlAndData" time="50.127" classname="web.mybizz.tests.ExtractData2"/>
  <system-out/>
  <testcase name="hitUrlAndData" time="49.997" classname="web.mybizz.tests.ExtractData2"/>
  <system-out/>
  <testcase name="hitUrlAndData" time="48.290" classname="web.mybizz.tests.ExtractData2"/>
  <system-out/>
  <testcase name="hitUrlAndData" time="66.579" classname="web.mybizz.tests.ExtractData2"/>
  <system-out/>
  <testcase name="hitUrlAndData" time="49.304" classname="web.mybizz.tests.ExtractData2"/>
  <system-out/>
  <testcase name="hitUrlAndData" time="67.606" classname="web.mybizz.tests.ExtractData2"/>
  <system-out/>
  <testcase name="hitUrlAndData" time="45.696" classname="web.mybizz.tests.ExtractData2"/>
  <system-out/>
  <testcase name="hitUrlAndData" time="68.604" classname="web.mybizz.tests.ExtractData2"/>
  <system-out/>
  <testcase name="hitUrlAndData" time="47.969" classname="web.mybizz.tests.ExtractData2"/>
  <system-out/>
  <testcase name="hitUrlAndData" time="48.528" classname="web.mybizz.tests.ExtractData2"/>
  <system-out/>
  <testcase name="hitUrlAndData" time="47.517" classname="web.mybizz.tests.ExtractData2"/>
  <system-out/>
  <testcase name="hitUrlAndData" time="48.503" classname="web.mybizz.tests.ExtractData2"/>
  <system-out/>
  <testcase name="hitUrlAndData" time="49.523" classname="web.mybizz.tests.ExtractData2"/>
  <system-out/>
  <testcase name="hitUrlAndData" time="67.200" classname="web.mybizz.tests.ExtractData2"/>
  <system-out/>
  <testcase name="hitUrlAndData" time="66.479" classname="web.mybizz.tests.ExtractData2"/>
  <system-out/>
  <testcase name="hitUrlAndData" time="51.769" classname="web.mybizz.tests.ExtractData2"/>
  <system-out/>
  <testcase name="hitUrlAndData" time="66.985" classname="web.mybizz.tests.ExtractData2"/>
  <system-out/>
  <testcase name="hitUrlAndData" time="47.887" classname="web.mybizz.tests.ExtractData2"/>
  <system-out/>
  <testcase name="hitUrlAndData" time="66.594" classname="web.mybizz.tests.ExtractData2"/>
  <system-out/>
  <testcase name="hitUrlAndData" time="48.455" classname="web.mybizz.tests.ExtractData2"/>
  <system-out/>
  <testcase name="hitUrlAndData" time="49.870" classname="web.mybizz.tests.ExtractData2"/>
  <system-out/>
  <testcase name="hitUrlAndData" time="50.870" classname="web.mybizz.tests.ExtractData2"/>
  <system-out/>
  <testcase name="hitUrlAndData" time="48.679" classname="web.mybizz.tests.ExtractData2"/>
  <system-out/>
  <testcase name="hitUrlAndData" time="50.503" classname="web.mybizz.tests.ExtractData2"/>
  <system-out/>
  <testcase name="hitUrlAndData" time="48.862" classname="web.mybizz.tests.ExtractData2"/>
  <system-out/>
  <testcase name="hitUrlAndData" time="51.091" classname="web.mybizz.tests.ExtractData2"/>
  <system-out/>
  <testcase name="hitUrlAndData" time="47.377" classname="web.mybizz.tests.ExtractData2"/>
  <system-out/>
  <testcase name="hitUrlAndData" time="49.134" classname="web.mybizz.tests.ExtractData2"/>
  <system-out/>
  <testcase name="hitUrlAndData" time="49.910" classname="web.mybizz.tests.ExtractData2"/>
  <system-out/>
  <testcase name="hitUrlAndData" time="49.131" classname="web.mybizz.tests.ExtractData2"/>
  <system-out/>
  <testcase name="hitUrlAndData" time="68.689" classname="web.mybizz.tests.ExtractData2"/>
  <system-out/>
  <testcase name="hitUrlAndData" time="68.812" classname="web.mybizz.tests.ExtractData2"/>
  <system-out/>
  <testcase name="hitUrlAndData" time="49.431" classname="web.mybizz.tests.ExtractData2"/>
  <system-out/>
  <testcase name="hitUrlAndData" time="50.485" classname="web.mybizz.tests.ExtractData2"/>
  <system-out/>
  <testcase name="hitUrlAndData" time="48.332" classname="web.mybizz.tests.ExtractData2"/>
  <system-out/>
  <testcase name="hitUrlAndData" time="50.722" classname="web.mybizz.tests.ExtractData2"/>
  <system-out/>
  <testcase name="hitUrlAndData" time="69.486" classname="web.mybizz.tests.ExtractData2"/>
  <system-out/>
  <testcase name="hitUrlAndData" time="67.610" classname="web.mybizz.tests.ExtractData2"/>
  <system-out/>
  <testcase name="hitUrlAndData" time="92.802" classname="web.mybizz.tests.ExtractData2"/>
  <system-out/>
  <testcase name="hitUrlAndData" time="48.738" classname="web.mybizz.tests.ExtractData2"/>
  <system-out/>
  <testcase name="hitUrlAndData" time="47.922" classname="web.mybizz.tests.ExtractData2"/>
  <system-out/>
  <testcase name="hitUrlAndData" time="49.849" classname="web.mybizz.tests.ExtractData2"/>
  <system-out/>
  <testcase name="hitUrlAndData" time="48.559" classname="web.mybizz.tests.ExtractData2"/>
  <system-out/>
  <testcase name="hitUrlAndData" time="48.153" classname="web.mybizz.tests.ExtractData2"/>
  <system-out/>
  <testcase name="hitUrlAndData" time="89.340" classname="web.mybizz.tests.ExtractData2"/>
  <system-out/>
  <testcase name="hitUrlAndData" time="48.339" classname="web.mybizz.tests.ExtractData2"/>
  <system-out/>
  <testcase name="hitUrlAndData" time="49.135" classname="web.mybizz.tests.ExtractData2"/>
  <system-out/>
  <testcase name="hitUrlAndData" time="48.589" classname="web.mybizz.tests.ExtractData2"/>
  <system-out/>
  <testcase name="hitUrlAndData" time="48.182" classname="web.mybizz.tests.ExtractData2"/>
  <system-out/>
  <testcase name="hitUrlAndData" time="51.099" classname="web.mybizz.tests.ExtractData2"/>
  <system-out/>
  <testcase name="hitUrlAndData" time="88.677" classname="web.mybizz.tests.ExtractData2"/>
  <system-out/>
  <testcase name="hitUrlAndData" time="46.939" classname="web.mybizz.tests.ExtractData2"/>
  <system-out/>
  <testcase name="hitUrlAndData" time="47.417" classname="web.mybizz.tests.ExtractData2"/>
  <system-out/>
  <testcase name="hitUrlAndData" time="46.752" classname="web.mybizz.tests.ExtractData2"/>
  <system-out/>
  <testcase name="hitUrlAndData" time="48.644" classname="web.mybizz.tests.ExtractData2"/>
  <system-out/>
  <testcase name="hitUrlAndData" time="48.916" classname="web.mybizz.tests.ExtractData2"/>
  <system-out/>
  <testcase name="hitUrlAndData" time="67.978" classname="web.mybizz.tests.ExtractData2"/>
  <system-out/>
  <testcase name="hitUrlAndData" time="48.163" classname="web.mybizz.tests.ExtractData2"/>
  <system-out/>
  <testcase name="hitUrlAndData" time="49.058" classname="web.mybizz.tests.ExtractData2"/>
  <system-out/>
  <testcase name="hitUrlAndData" time="49.093" classname="web.mybizz.tests.ExtractData2"/>
  <system-out/>
  <testcase name="hitUrlAndData" time="48.178" classname="web.mybizz.tests.ExtractData2"/>
  <system-out/>
  <testcase name="hitUrlAndData" time="50.937" classname="web.mybizz.tests.ExtractData2"/>
  <system-out/>
  <testcase name="hitUrlAndData" time="52.457" classname="web.mybizz.tests.ExtractData2"/>
  <system-out/>
  <testcase name="hitUrlAndData" time="66.320" classname="web.mybizz.tests.ExtractData2"/>
  <system-out/>
  <testcase name="hitUrlAndData" time="48.247" classname="web.mybizz.tests.ExtractData2"/>
  <system-out/>
  <testcase name="hitUrlAndData" time="50.832" classname="web.mybizz.tests.ExtractData2"/>
  <system-out/>
  <testcase name="hitUrlAndData" time="48.215" classname="web.mybizz.tests.ExtractData2"/>
  <system-out/>
  <testcase name="hitUrlAndData" time="66.956" classname="web.mybizz.tests.ExtractData2"/>
  <system-out/>
  <testcase name="hitUrlAndData" time="48.096" classname="web.mybizz.tests.ExtractData2"/>
  <system-out/>
  <testcase name="hitUrlAndData" time="48.461" classname="web.mybizz.tests.ExtractData2"/>
  <system-out/>
  <testcase name="hitUrlAndData" time="50.405" classname="web.mybizz.tests.ExtractData2"/>
  <system-out/>
  <testcase name="hitUrlAndData" time="47.418" classname="web.mybizz.tests.ExtractData2"/>
  <system-out/>
  <testcase name="hitUrlAndData" time="67.166" classname="web.mybizz.tests.ExtractData2"/>
  <system-out/>
  <testcase name="hitUrlAndData" time="47.511" classname="web.mybizz.tests.ExtractData2"/>
  <system-out/>
  <testcase name="hitUrlAndData" time="48.064" classname="web.mybizz.tests.ExtractData2"/>
  <system-out/>
  <testcase name="hitUrlAndData" time="68.470" classname="web.mybizz.tests.ExtractData2"/>
  <system-out/>
  <testcase name="hitUrlAndData" time="51.515" classname="web.mybizz.tests.ExtractData2"/>
  <system-out/>
  <testcase name="hitUrlAndData" time="68.263" classname="web.mybizz.tests.ExtractData2"/>
  <system-out/>
  <testcase name="hitUrlAndData" time="67.356" classname="web.mybizz.tests.ExtractData2"/>
  <system-out/>
  <testcase name="hitUrlAndData" time="48.198" classname="web.mybizz.tests.ExtractData2"/>
  <system-out/>
  <testcase name="hitUrlAndData" time="63.105" classname="web.mybizz.tests.ExtractData2"/>
  <system-out/>
  <testcase name="hitUrlAndData" time="66.647" classname="web.mybizz.tests.ExtractData2"/>
  <system-out/>
  <testcase name="hitUrlAndData" time="51.157" classname="web.mybizz.tests.ExtractData2"/>
  <system-out/>
  <testcase name="hitUrlAndData" time="49.119" classname="web.mybizz.tests.ExtractData2"/>
  <system-out/>
  <testcase name="hitUrlAndData" time="48.259" classname="web.mybizz.tests.ExtractData2"/>
  <system-out/>
  <testcase name="hitUrlAndData" time="50.069" classname="web.mybizz.tests.ExtractData2"/>
  <system-out/>
  <testcase name="hitUrlAndData" time="68.101" classname="web.mybizz.tests.ExtractData2"/>
  <system-out/>
  <testcase name="hitUrlAndData" time="49.095" classname="web.mybizz.tests.ExtractData2"/>
  <system-out/>
  <testcase name="hitUrlAndData" time="50.700" classname="web.mybizz.tests.ExtractData2"/>
  <system-out/>
  <testcase name="hitUrlAndData" time="48.598" classname="web.mybizz.tests.ExtractData2"/>
  <system-out/>
  <testcase name="hitUrlAndData" time="51.105" classname="web.mybizz.tests.ExtractData2"/>
  <system-out/>
  <testcase name="hitUrlAndData" time="48.888" classname="web.mybizz.tests.ExtractData2"/>
  <system-out/>
  <testcase name="hitUrlAndData" time="67.364" classname="web.mybizz.tests.ExtractData2"/>
  <system-out/>
  <testcase name="hitUrlAndData" time="68.904" classname="web.mybizz.tests.ExtractData2"/>
  <system-out/>
  <testcase name="hitUrlAndData" time="30.119" classname="web.mybizz.tests.ExtractData2"/>
  <system-out/>
  <testcase name="hitUrlAndData" time="67.345" classname="web.mybizz.tests.ExtractData2"/>
  <system-out/>
  <testcase name="hitUrlAndData" time="51.060" classname="web.mybizz.tests.ExtractData2"/>
  <system-out/>
  <testcase name="hitUrlAndData" time="66.551" classname="web.mybizz.tests.ExtractData2"/>
  <system-out/>
  <testcase name="hitUrlAndData" time="88.559" classname="web.mybizz.tests.ExtractData2"/>
  <system-out/>
  <testcase name="hitUrlAndData" time="49.532" classname="web.mybizz.tests.ExtractData2"/>
  <system-out/>
  <testcase name="hitUrlAndData" time="49.517" classname="web.mybizz.tests.ExtractData2"/>
  <system-out/>
  <testcase name="hitUrlAndData" time="49.845" classname="web.mybizz.tests.ExtractData2"/>
  <system-out/>
  <testcase name="hitUrlAndData" time="46.619" classname="web.mybizz.tests.ExtractData2"/>
  <system-out/>
  <testcase name="hitUrlAndData" time="49.298" classname="web.mybizz.tests.ExtractData2"/>
  <system-out/>
  <testcase name="hitUrlAndData" time="68.013" classname="web.mybizz.tests.ExtractData2"/>
  <system-out/>
  <testcase name="hitUrlAndData" time="47.461" classname="web.mybizz.tests.ExtractData2"/>
  <system-out/>
  <testcase name="hitUrlAndData" time="47.510" classname="web.mybizz.tests.ExtractData2"/>
  <system-out/>
  <testcase name="hitUrlAndData" time="48.604" classname="web.mybizz.tests.ExtractData2"/>
  <system-out/>
  <testcase name="hitUrlAndData" time="67.712" classname="web.mybizz.tests.ExtractData2"/>
  <system-out/>
  <testcase name="hitUrlAndData" time="47.686" classname="web.mybizz.tests.ExtractData2"/>
  <system-out/>
  <testcase name="hitUrlAndData" time="91.997" classname="web.mybizz.tests.ExtractData2"/>
  <system-out/>
  <testcase name="hitUrlAndData" time="66.814" classname="web.mybizz.tests.ExtractData2"/>
  <system-out/>
  <testcase name="hitUrlAndData" time="48.450" classname="web.mybizz.tests.ExtractData2"/>
  <system-out/>
  <testcase name="hitUrlAndData" time="49.855" classname="web.mybizz.tests.ExtractData2"/>
  <system-out/>
  <testcase name="hitUrlAndData" time="46.483" classname="web.mybizz.tests.ExtractData2"/>
  <system-out/>
  <testcase name="hitUrlAndData" time="48.356" classname="web.mybizz.tests.ExtractData2"/>
  <system-out/>
  <testcase name="hitUrlAndData" time="71.492" classname="web.mybizz.tests.ExtractData2"/>
  <system-out/>
  <testcase name="hitUrlAndData" time="67.334" classname="web.mybizz.tests.ExtractData2"/>
  <system-out/>
  <testcase name="hitUrlAndData" time="69.207" classname="web.mybizz.tests.ExtractData2"/>
  <system-out/>
  <testcase name="hitUrlAndData" time="67.592" classname="web.mybizz.tests.ExtractData2"/>
  <system-out/>
  <testcase name="hitUrlAndData" time="68.137" classname="web.mybizz.tests.ExtractData2"/>
  <system-out/>
  <testcase name="hitUrlAndData" time="49.063" classname="web.mybizz.tests.ExtractData2"/>
  <system-out/>
  <testcase name="hitUrlAndData" time="68.080" classname="web.mybizz.tests.ExtractData2"/>
  <system-out/>
  <testcase name="hitUrlAndData" time="91.837" classname="web.mybizz.tests.ExtractData2"/>
  <system-out/>
  <testcase name="hitUrlAndData" time="47.138" classname="web.mybizz.tests.ExtractData2"/>
  <system-out/>
  <testcase name="hitUrlAndData" time="48.905" classname="web.mybizz.tests.ExtractData2"/>
  <system-out/>
  <testcase name="hitUrlAndData" time="51.848" classname="web.mybizz.tests.ExtractData2"/>
  <system-out/>
  <testcase name="hitUrlAndData" time="53.795" classname="web.mybizz.tests.ExtractData2"/>
  <system-out/>
  <testcase name="hitUrlAndData" time="47.614" classname="web.mybizz.tests.ExtractData2"/>
  <system-out/>
  <testcase name="hitUrlAndData" time="49.369" classname="web.mybizz.tests.ExtractData2"/>
  <system-out/>
  <testcase name="hitUrlAndData" time="48.192" classname="web.mybizz.tests.ExtractData2"/>
  <system-out/>
  <testcase name="hitUrlAndData" time="48.119" classname="web.mybizz.tests.ExtractData2"/>
  <system-out/>
  <testcase name="hitUrlAndData" time="47.932" classname="web.mybizz.tests.ExtractData2"/>
  <system-out/>
  <testcase name="hitUrlAndData" time="47.950" classname="web.mybizz.tests.ExtractData2"/>
  <system-out/>
  <testcase name="hitUrlAndData" time="48.254" classname="web.mybizz.tests.ExtractData2"/>
  <system-out/>
  <testcase name="hitUrlAndData" time="49.868" classname="web.mybizz.tests.ExtractData2"/>
  <system-out/>
  <testcase name="hitUrlAndData" time="48.406" classname="web.mybizz.tests.ExtractData2"/>
  <system-out/>
  <testcase name="hitUrlAndData" time="48.386" classname="web.mybizz.tests.ExtractData2"/>
  <system-out/>
  <testcase name="hitUrlAndData" time="48.347" classname="web.mybizz.tests.ExtractData2"/>
  <system-out/>
  <testcase name="hitUrlAndData" time="48.302" classname="web.mybizz.tests.ExtractData2"/>
  <system-out/>
  <testcase name="hitUrlAndData" time="51.096" classname="web.mybizz.tests.ExtractData2"/>
  <system-out/>
  <testcase name="hitUrlAndData" time="47.030" classname="web.mybizz.tests.ExtractData2"/>
  <system-out/>
  <testcase name="hitUrlAndData" time="48.397" classname="web.mybizz.tests.ExtractData2"/>
  <system-out/>
  <testcase name="hitUrlAndData" time="67.757" classname="web.mybizz.tests.ExtractData2"/>
  <system-out/>
  <testcase name="hitUrlAndData" time="67.204" classname="web.mybizz.tests.ExtractData2"/>
  <system-out/>
  <testcase name="hitUrlAndData" time="68.514" classname="web.mybizz.tests.ExtractData2"/>
  <system-out/>
  <testcase name="hitUrlAndData" time="49.495" classname="web.mybizz.tests.ExtractData2"/>
  <system-out/>
  <testcase name="hitUrlAndData" time="47.624" classname="web.mybizz.tests.ExtractData2"/>
  <system-out/>
  <testcase name="hitUrlAndData" time="67.162" classname="web.mybizz.tests.ExtractData2"/>
  <system-out/>
  <testcase name="hitUrlAndData" time="48.395" classname="web.mybizz.tests.ExtractData2"/>
  <system-out/>
  <testcase name="hitUrlAndData" time="49.755" classname="web.mybizz.tests.ExtractData2"/>
  <system-out/>
  <testcase name="hitUrlAndData" time="66.895" classname="web.mybizz.tests.ExtractData2"/>
  <system-out/>
  <testcase name="hitUrlAndData" time="68.298" classname="web.mybizz.tests.ExtractData2"/>
  <system-out/>
  <testcase name="hitUrlAndData" time="49.859" classname="web.mybizz.tests.ExtractData2"/>
  <system-out/>
  <testcase name="hitUrlAndData" time="69.389" classname="web.mybizz.tests.ExtractData2"/>
  <system-out/>
  <testcase name="hitUrlAndData" time="68.024" classname="web.mybizz.tests.ExtractData2"/>
  <system-out/>
  <testcase name="hitUrlAndData" time="70.769" classname="web.mybizz.tests.ExtractData2"/>
  <system-out/>
  <testcase name="hitUrlAndData" time="47.485" classname="web.mybizz.tests.ExtractData2"/>
  <system-out/>
  <testcase name="hitUrlAndData" time="49.102" classname="web.mybizz.tests.ExtractData2"/>
  <system-out/>
  <testcase name="hitUrlAndData" time="67.984" classname="web.mybizz.tests.ExtractData2"/>
  <system-out/>
  <testcase name="hitUrlAndData" time="48.579" classname="web.mybizz.tests.ExtractData2"/>
  <system-out/>
  <testcase name="hitUrlAndData" time="50.479" classname="web.mybizz.tests.ExtractData2"/>
  <system-out/>
  <testcase name="hitUrlAndData" time="68.562" classname="web.mybizz.tests.ExtractData2"/>
  <system-out/>
  <testcase name="hitUrlAndData" time="67.417" classname="web.mybizz.tests.ExtractData2"/>
  <system-out/>
  <testcase name="hitUrlAndData" time="48.846" classname="web.mybizz.tests.ExtractData2"/>
  <system-out/>
  <testcase name="hitUrlAndData" time="48.430" classname="web.mybizz.tests.ExtractData2"/>
  <system-out/>
  <testcase name="hitUrlAndData" time="49.415" classname="web.mybizz.tests.ExtractData2"/>
  <system-out/>
  <testcase name="hitUrlAndData" time="51.077" classname="web.mybizz.tests.ExtractData2"/>
  <system-out/>
  <testcase name="hitUrlAndData" time="49.624" classname="web.mybizz.tests.ExtractData2"/>
  <system-out/>
  <testcase name="hitUrlAndData" time="51.066" classname="web.mybizz.tests.ExtractData2"/>
  <system-out/>
  <testcase name="hitUrlAndData" time="51.422" classname="web.mybizz.tests.ExtractData2"/>
  <system-out/>
  <testcase name="hitUrlAndData" time="47.716" classname="web.mybizz.tests.ExtractData2"/>
  <system-out/>
  <testcase name="hitUrlAndData" time="49.458" classname="web.mybizz.tests.ExtractData2"/>
  <system-out/>
  <testcase name="hitUrlAndData" time="50.739" classname="web.mybizz.tests.ExtractData2"/>
  <system-out/>
  <testcase name="hitUrlAndData" time="62.954" classname="web.mybizz.tests.ExtractData2"/>
  <system-out/>
  <testcase name="hitUrlAndData" time="68.876" classname="web.mybizz.tests.ExtractData2"/>
  <system-out/>
  <testcase name="hitUrlAndData" time="50.623" classname="web.mybizz.tests.ExtractData2"/>
  <system-out/>
  <testcase name="hitUrlAndData" time="47.262" classname="web.mybizz.tests.ExtractData2"/>
  <system-out/>
  <testcase name="hitUrlAndData" time="49.861" classname="web.mybizz.tests.ExtractData2"/>
  <system-out/>
  <testcase name="hitUrlAndData" time="76.680" classname="web.mybizz.tests.ExtractData2"/>
  <system-out/>
  <testcase name="hitUrlAndData" time="47.751" classname="web.mybizz.tests.ExtractData2"/>
  <system-out/>
  <testcase name="hitUrlAndData" time="48.343" classname="web.mybizz.tests.ExtractData2"/>
  <system-out/>
  <testcase name="hitUrlAndData" time="69.236" classname="web.mybizz.tests.ExtractData2"/>
  <system-out/>
  <testcase name="hitUrlAndData" time="48.961" classname="web.mybizz.tests.ExtractData2"/>
  <system-out/>
  <testcase name="hitUrlAndData" time="47.938" classname="web.mybizz.tests.ExtractData2"/>
  <system-out/>
  <testcase name="hitUrlAndData" time="50.164" classname="web.mybizz.tests.ExtractData2"/>
  <system-out/>
  <testcase name="hitUrlAndData" time="48.576" classname="web.mybizz.tests.ExtractData2"/>
  <system-out/>
  <testcase name="hitUrlAndData" time="49.588" classname="web.mybizz.tests.ExtractData2"/>
  <system-out/>
  <testcase name="hitUrlAndData" time="52.156" classname="web.mybizz.tests.ExtractData2"/>
  <system-out/>
  <testcase name="hitUrlAndData" time="49.484" classname="web.mybizz.tests.ExtractData2"/>
  <system-out/>
  <testcase name="hitUrlAndData" time="50.451" classname="web.mybizz.tests.ExtractData2"/>
  <system-out/>
  <testcase name="hitUrlAndData" time="49.973" classname="web.mybizz.tests.ExtractData2"/>
  <system-out/>
  <testcase name="hitUrlAndData" time="70.328" classname="web.mybizz.tests.ExtractData2"/>
  <system-out/>
  <testcase name="hitUrlAndData" time="89.650" classname="web.mybizz.tests.ExtractData2"/>
  <system-out/>
  <testcase name="hitUrlAndData" time="48.373" classname="web.mybizz.tests.ExtractData2"/>
  <system-out/>
  <testcase name="hitUrlAndData" time="49.017" classname="web.mybizz.tests.ExtractData2"/>
  <system-out/>
  <testcase name="hitUrlAndData" time="53.262" classname="web.mybizz.tests.ExtractData2"/>
  <system-out/>
  <testcase name="hitUrlAndData" time="68.160" classname="web.mybizz.tests.ExtractData2"/>
  <system-out/>
  <testcase name="hitUrlAndData" time="49.686" classname="web.mybizz.tests.ExtractData2"/>
  <system-out/>
  <testcase name="hitUrlAndData" time="47.488" classname="web.mybizz.tests.ExtractData2"/>
  <system-out/>
  <testcase name="hitUrlAndData" time="47.717" classname="web.mybizz.tests.ExtractData2"/>
  <system-out/>
  <testcase name="hitUrlAndData" time="50.415" classname="web.mybizz.tests.ExtractData2"/>
  <system-out/>
  <testcase name="hitUrlAndData" time="68.339" classname="web.mybizz.tests.ExtractData2"/>
  <system-out/>
  <testcase name="hitUrlAndData" time="50.755" classname="web.mybizz.tests.ExtractData2"/>
  <system-out/>
  <testcase name="hitUrlAndData" time="48.770" classname="web.mybizz.tests.ExtractData2"/>
  <system-out/>
  <testcase name="hitUrlAndData" time="48.753" classname="web.mybizz.tests.ExtractData2"/>
  <system-out/>
  <testcase name="hitUrlAndData" time="66.911" classname="web.mybizz.tests.ExtractData2"/>
  <system-out/>
  <testcase name="hitUrlAndData" time="49.550" classname="web.mybizz.tests.ExtractData2"/>
  <system-out/>
  <testcase name="hitUrlAndData" time="66.863" classname="web.mybizz.tests.ExtractData2"/>
  <system-out/>
  <testcase name="hitUrlAndData" time="48.139" classname="web.mybizz.tests.ExtractData2"/>
  <system-out/>
  <testcase name="hitUrlAndData" time="48.440" classname="web.mybizz.tests.ExtractData2"/>
  <system-out/>
  <testcase name="hitUrlAndData" time="67.510" classname="web.mybizz.tests.ExtractData2"/>
  <system-out/>
  <testcase name="hitUrlAndData" time="48.283" classname="web.mybizz.tests.ExtractData2"/>
  <system-out/>
  <testcase name="hitUrlAndData" time="49.061" classname="web.mybizz.tests.ExtractData2"/>
  <system-out/>
  <testcase name="hitUrlAndData" time="48.837" classname="web.mybizz.tests.ExtractData2"/>
  <system-out/>
  <testcase name="hitUrlAndData" time="48.720" classname="web.mybizz.tests.ExtractData2"/>
  <system-out/>
  <testcase name="hitUrlAndData" time="68.453" classname="web.mybizz.tests.ExtractData2"/>
  <system-out/>
  <testcase name="hitUrlAndData" time="29.673" classname="web.mybizz.tests.ExtractData2"/>
  <system-out/>
  <testcase name="hitUrlAndData" time="46.765" classname="web.mybizz.tests.ExtractData2"/>
  <system-out/>
  <testcase name="hitUrlAndData" time="67.479" classname="web.mybizz.tests.ExtractData2"/>
  <system-out/>
  <testcase name="hitUrlAndData" time="50.734" classname="web.mybizz.tests.ExtractData2"/>
  <system-out/>
  <testcase name="hitUrlAndData" time="46.873" classname="web.mybizz.tests.ExtractData2"/>
  <system-out/>
  <testcase name="hitUrlAndData" time="50.505" classname="web.mybizz.tests.ExtractData2"/>
  <system-out/>
  <testcase name="hitUrlAndData" time="69.927" classname="web.mybizz.tests.ExtractData2"/>
  <system-out/>
  <testcase name="hitUrlAndData" time="49.813" classname="web.mybizz.tests.ExtractData2"/>
  <system-out/>
  <testcase name="hitUrlAndData" time="49.798" classname="web.mybizz.tests.ExtractData2"/>
  <system-out/>
  <testcase name="hitUrlAndData" time="48.879" classname="web.mybizz.tests.ExtractData2"/>
  <system-out/>
  <testcase name="hitUrlAndData" time="68.370" classname="web.mybizz.tests.ExtractData2"/>
  <system-out/>
  <testcase name="hitUrlAndData" time="49.652" classname="web.mybizz.tests.ExtractData2"/>
  <system-out/>
  <testcase name="hitUrlAndData" time="49.329" classname="web.mybizz.tests.ExtractData2"/>
  <system-out/>
  <testcase name="hitUrlAndData" time="48.026" classname="web.mybizz.tests.ExtractData2"/>
  <system-out/>
  <testcase name="hitUrlAndData" time="54.137" classname="web.mybizz.tests.ExtractData2"/>
  <system-out/>
  <testcase name="hitUrlAndData" time="50.564" classname="web.mybizz.tests.ExtractData2"/>
  <system-out/>
  <testcase name="hitUrlAndData" time="48.099" classname="web.mybizz.tests.ExtractData2"/>
  <system-out/>
  <testcase name="hitUrlAndData" time="47.888" classname="web.mybizz.tests.ExtractData2"/>
  <system-out/>
  <testcase name="hitUrlAndData" time="66.821" classname="web.mybizz.tests.ExtractData2"/>
  <system-out/>
  <testcase name="hitUrlAndData" time="49.198" classname="web.mybizz.tests.ExtractData2"/>
  <system-out/>
  <testcase name="hitUrlAndData" time="67.056" classname="web.mybizz.tests.ExtractData2"/>
  <system-out/>
  <testcase name="hitUrlAndData" time="49.536" classname="web.mybizz.tests.ExtractData2"/>
  <system-out/>
  <testcase name="hitUrlAndData" time="49.097" classname="web.mybizz.tests.ExtractData2"/>
  <system-out/>
  <testcase name="hitUrlAndData" time="48.936" classname="web.mybizz.tests.ExtractData2"/>
  <system-out/>
  <testcase name="hitUrlAndData" time="48.071" classname="web.mybizz.tests.ExtractData2"/>
  <system-out/>
  <testcase name="hitUrlAndData" time="47.944" classname="web.mybizz.tests.ExtractData2"/>
  <system-out/>
  <testcase name="hitUrlAndData" time="50.657" classname="web.mybizz.tests.ExtractData2"/>
  <system-out/>
  <testcase name="hitUrlAndData" time="48.240" classname="web.mybizz.tests.ExtractData2"/>
  <system-out/>
  <testcase name="hitUrlAndData" time="47.756" classname="web.mybizz.tests.ExtractData2"/>
  <system-out/>
  <testcase name="hitUrlAndData" time="51.227" classname="web.mybizz.tests.ExtractData2"/>
  <system-out/>
  <testcase name="hitUrlAndData" time="47.512" classname="web.mybizz.tests.ExtractData2"/>
  <system-out/>
  <testcase name="hitUrlAndData" time="49.140" classname="web.mybizz.tests.ExtractData2"/>
  <system-out/>
  <testcase name="hitUrlAndData" time="48.994" classname="web.mybizz.tests.ExtractData2"/>
  <system-out/>
  <testcase name="hitUrlAndData" time="67.262" classname="web.mybizz.tests.ExtractData2"/>
  <system-out/>
  <testcase name="hitUrlAndData" time="50.017" classname="web.mybizz.tests.ExtractData2"/>
  <system-out/>
  <testcase name="hitUrlAndData" time="49.037" classname="web.mybizz.tests.ExtractData2"/>
  <system-out/>
  <testcase name="hitUrlAndData" time="47.952" classname="web.mybizz.tests.ExtractData2"/>
  <system-out/>
  <testcase name="hitUrlAndData" time="50.494" classname="web.mybizz.tests.ExtractData2"/>
  <system-out/>
  <testcase name="hitUrlAndData" time="49.077" classname="web.mybizz.tests.ExtractData2"/>
  <system-out/>
  <testcase name="hitUrlAndData" time="52.872" classname="web.mybizz.tests.ExtractData2"/>
  <system-out/>
  <testcase name="hitUrlAndData" time="48.283" classname="web.mybizz.tests.ExtractData2"/>
  <system-out/>
  <testcase name="hitUrlAndData" time="47.056" classname="web.mybizz.tests.ExtractData2"/>
  <system-out/>
  <testcase name="hitUrlAndData" time="47.895" classname="web.mybizz.tests.ExtractData2"/>
  <system-out/>
  <testcase name="hitUrlAndData" time="70.572" classname="web.mybizz.tests.ExtractData2"/>
  <system-out/>
  <testcase name="hitUrlAndData" time="67.511" classname="web.mybizz.tests.ExtractData2"/>
  <system-out/>
  <testcase name="hitUrlAndData" time="31.303" classname="web.mybizz.tests.ExtractData2"/>
  <system-out/>
  <testcase name="hitUrlAndData" time="48.730" classname="web.mybizz.tests.ExtractData2"/>
  <system-out/>
  <testcase name="hitUrlAndData" time="66.603" classname="web.mybizz.tests.ExtractData2"/>
  <system-out/>
  <testcase name="hitUrlAndData" time="47.923" classname="web.mybizz.tests.ExtractData2"/>
  <system-out/>
  <testcase name="hitUrlAndData" time="88.538" classname="web.mybizz.tests.ExtractData2"/>
  <system-out/>
  <testcase name="hitUrlAndData" time="48.144" classname="web.mybizz.tests.ExtractData2"/>
  <system-out/>
  <testcase name="hitUrlAndData" time="31.596" classname="web.mybizz.tests.ExtractData2"/>
  <system-out/>
  <testcase name="hitUrlAndData" time="50.904" classname="web.mybizz.tests.ExtractData2"/>
  <system-out/>
  <testcase name="hitUrlAndData" time="49.387" classname="web.mybizz.tests.ExtractData2"/>
  <system-out/>
  <testcase name="hitUrlAndData" time="67.101" classname="web.mybizz.tests.ExtractData2"/>
  <system-out/>
  <testcase name="hitUrlAndData" time="50.528" classname="web.mybizz.tests.ExtractData2"/>
  <system-out/>
  <testcase name="hitUrlAndData" time="48.370" classname="web.mybizz.tests.ExtractData2"/>
  <system-out/>
  <testcase name="hitUrlAndData" time="88.513" classname="web.mybizz.tests.ExtractData2"/>
  <system-out/>
  <testcase name="hitUrlAndData" time="48.761" classname="web.mybizz.tests.ExtractData2"/>
  <system-out/>
  <testcase name="hitUrlAndData" time="67.084" classname="web.mybizz.tests.ExtractData2"/>
  <system-out/>
  <testcase name="hitUrlAndData" time="47.092" classname="web.mybizz.tests.ExtractData2"/>
  <system-out/>
  <testcase name="hitUrlAndData" time="67.770" classname="web.mybizz.tests.ExtractData2"/>
  <system-out/>
  <testcase name="hitUrlAndData" time="30.170" classname="web.mybizz.tests.ExtractData2"/>
  <system-out/>
  <testcase name="hitUrlAndData" time="49.258" classname="web.mybizz.tests.ExtractData2"/>
  <system-out/>
  <testcase name="hitUrlAndData" time="48.456" classname="web.mybizz.tests.ExtractData2"/>
  <system-out/>
  <testcase name="hitUrlAndData" time="50.126" classname="web.mybizz.tests.ExtractData2"/>
  <system-out/>
  <testcase name="hitUrlAndData" time="79.246" classname="web.mybizz.tests.ExtractData2"/>
  <system-out/>
  <testcase name="hitUrlAndData" time="67.489" classname="web.mybizz.tests.ExtractData2"/>
  <system-out/>
  <testcase name="hitUrlAndData" time="66.574" classname="web.mybizz.tests.ExtractData2"/>
  <system-out/>
  <testcase name="hitUrlAndData" time="48.232" classname="web.mybizz.tests.ExtractData2"/>
  <system-out/>
  <testcase name="hitUrlAndData" time="49.304" classname="web.mybizz.tests.ExtractData2"/>
  <system-out/>
  <testcase name="hitUrlAndData" time="69.115" classname="web.mybizz.tests.ExtractData2"/>
  <system-out/>
  <testcase name="hitUrlAndData" time="48.849" classname="web.mybizz.tests.ExtractData2"/>
  <system-out/>
  <testcase name="hitUrlAndData" time="68.580" classname="web.mybizz.tests.ExtractData2"/>
  <system-out/>
  <testcase name="hitUrlAndData" time="48.246" classname="web.mybizz.tests.ExtractData2"/>
  <system-out/>
  <testcase name="hitUrlAndData" time="49.747" classname="web.mybizz.tests.ExtractData2"/>
  <system-out/>
  <testcase name="hitUrlAndData" time="49.843" classname="web.mybizz.tests.ExtractData2"/>
  <system-out/>
  <testcase name="hitUrlAndData" time="48.570" classname="web.mybizz.tests.ExtractData2"/>
  <system-out/>
  <testcase name="hitUrlAndData" time="68.813" classname="web.mybizz.tests.ExtractData2"/>
  <system-out/>
  <testcase name="hitUrlAndData" time="47.524" classname="web.mybizz.tests.ExtractData2"/>
  <system-out/>
  <testcase name="hitUrlAndData" time="67.777" classname="web.mybizz.tests.ExtractData2"/>
  <system-out/>
  <testcase name="hitUrlAndData" time="49.093" classname="web.mybizz.tests.ExtractData2"/>
  <system-out/>
  <testcase name="hitUrlAndData" time="47.995" classname="web.mybizz.tests.ExtractData2"/>
  <system-out/>
  <testcase name="hitUrlAndData" time="49.612" classname="web.mybizz.tests.ExtractData2"/>
  <system-out/>
  <testcase name="hitUrlAndData" time="48.146" classname="web.mybizz.tests.ExtractData2"/>
  <system-out/>
  <testcase name="hitUrlAndData" time="47.266" classname="web.mybizz.tests.ExtractData2"/>
  <system-out/>
  <testcase name="hitUrlAndData" time="50.092" classname="web.mybizz.tests.ExtractData2"/>
  <system-out/>
  <testcase name="hitUrlAndData" time="90.355" classname="web.mybizz.tests.ExtractData2"/>
  <system-out/>
  <testcase name="hitUrlAndData" time="67.680" classname="web.mybizz.tests.ExtractData2"/>
  <system-out/>
  <testcase name="hitUrlAndData" time="47.990" classname="web.mybizz.tests.ExtractData2"/>
  <system-out/>
  <testcase name="hitUrlAndData" time="91.635" classname="web.mybizz.tests.ExtractData2"/>
  <system-out/>
  <testcase name="hitUrlAndData" time="51.701" classname="web.mybizz.tests.ExtractData2"/>
  <system-out/>
  <testcase name="hitUrlAndData" time="67.290" classname="web.mybizz.tests.ExtractData2"/>
  <system-out/>
  <testcase name="hitUrlAndData" time="48.690" classname="web.mybizz.tests.ExtractData2"/>
  <system-out/>
  <testcase name="hitUrlAndData" time="50.327" classname="web.mybizz.tests.ExtractData2"/>
  <system-out/>
  <testcase name="hitUrlAndData" time="48.104" classname="web.mybizz.tests.ExtractData2"/>
  <system-out/>
  <testcase name="hitUrlAndData" time="48.459" classname="web.mybizz.tests.ExtractData2"/>
  <system-out/>
  <testcase name="hitUrlAndData" time="59.778" classname="web.mybizz.tests.ExtractData2"/>
  <system-out/>
  <testcase name="hitUrlAndData" time="48.620" classname="web.mybizz.tests.ExtractData2"/>
  <system-out/>
  <testcase name="hitUrlAndData" time="48.412" classname="web.mybizz.tests.ExtractData2"/>
  <system-out/>
  <testcase name="hitUrlAndData" time="49.732" classname="web.mybizz.tests.ExtractData2"/>
  <system-out/>
  <testcase name="hitUrlAndData" time="67.071" classname="web.mybizz.tests.ExtractData2"/>
  <system-out/>
  <testcase name="hitUrlAndData" time="49.266" classname="web.mybizz.tests.ExtractData2"/>
  <system-out/>
  <testcase name="hitUrlAndData" time="66.637" classname="web.mybizz.tests.ExtractData2"/>
  <system-out/>
  <testcase name="hitUrlAndData" time="46.899" classname="web.mybizz.tests.ExtractData2"/>
  <system-out/>
  <testcase name="hitUrlAndData" time="47.832" classname="web.mybizz.tests.ExtractData2"/>
  <system-out/>
  <testcase name="hitUrlAndData" time="66.862" classname="web.mybizz.tests.ExtractData2"/>
  <system-out/>
  <testcase name="hitUrlAndData" time="48.524" classname="web.mybizz.tests.ExtractData2"/>
  <system-out/>
  <testcase name="hitUrlAndData" time="66.966" classname="web.mybizz.tests.ExtractData2"/>
  <system-out/>
  <testcase name="hitUrlAndData" time="68.597" classname="web.mybizz.tests.ExtractData2"/>
  <system-out/>
  <testcase name="hitUrlAndData" time="47.777" classname="web.mybizz.tests.ExtractData2"/>
  <system-out/>
  <testcase name="hitUrlAndData" time="46.715" classname="web.mybizz.tests.ExtractData2"/>
  <system-out/>
  <testcase name="hitUrlAndData" time="48.406" classname="web.mybizz.tests.ExtractData2"/>
  <system-out/>
  <testcase name="hitUrlAndData" time="89.100" classname="web.mybizz.tests.ExtractData2"/>
  <system-out/>
  <testcase name="hitUrlAndData" time="47.594" classname="web.mybizz.tests.ExtractData2"/>
  <system-out/>
  <testcase name="hitUrlAndData" time="48.354" classname="web.mybizz.tests.ExtractData2"/>
  <system-out/>
  <testcase name="hitUrlAndData" time="105.278" classname="web.mybizz.tests.ExtractData2">
    <error type="org.openqa.selenium.NoSuchElementException" message="no such element: Unable to locate element: {&quot;method&quot;:&quot;xpath&quot;,&quot;selector&quot;:&quot;//div//h1&quot;}
  (Session info: chrome=123.0.6270.0)
For documentation on this error, please visit: https://www.selenium.dev/documentation/webdriver/troubleshooting/errors#no-such-element-exception
Build info: version: &#039;4.12.1&#039;, revision: &#039;8e34639b11&#039;
System info: os.name: &#039;Windows 10&#039;, os.arch: &#039;amd64&#039;, os.version: &#039;10.0&#039;, java.version: &#039;1.8.0_202&#039;
Driver info: org.openqa.selenium.chrome.ChromeDriver
Command: [e90590ee21705e9ce9b9524a48a71818, findElement {using=xpath, value=//div//h1}]
Capabilities {acceptInsecureCerts: false, browserName: chrome, browserVersion: 123.0.6270.0, chrome: {chromedriverVersion: 123.0.6262.5 (9dc6c13abeee0..., userDataDir: C:\Windows\SystemTemp\scope...}, fedcm:accounts: true, goog:chromeOptions: {debuggerAddress: localhost:55455}, networkConnectionEnabled: false, pageLoadStrategy: normal, platformName: windows, proxy: Proxy(), se:cdp: ws://localhost:55455/devtoo..., se:cdpVersion: 123.0.6270.0, setWindowRect: true, strictFileInteractability: false, timeouts: {implicit: 0, pageLoad: 300000, script: 30000}, unhandledPromptBehavior: dismiss and notify, webauthn:extension:credBlob: true, webauthn:extension:largeBlob: true, webauthn:extension:minPinLength: true, webauthn:extension:prf: true, webauthn:virtualAuthenticators: true}
Session ID: e90590ee21705e9ce9b9524a48a71818">
      <![CDATA[org.openqa.selenium.NoSuchElementException: no such element: Unable to locate element: {"method":"xpath","selector":"//div//h1"}
  (Session info: chrome=123.0.6270.0)
For documentation on this error, please visit: https://www.selenium.dev/documentation/webdriver/troubleshooting/errors#no-such-element-exception
Build info: version: '4.12.1', revision: '8e34639b11'
System info: os.name: 'Windows 10', os.arch: 'amd64', os.version: '10.0', java.version: '1.8.0_202'
Driver info: org.openqa.selenium.chrome.ChromeDriver
Command: [e90590ee21705e9ce9b9524a48a71818, findElement {using=xpath, value=//div//h1}]
Capabilities {acceptInsecureCerts: false, browserName: chrome, browserVersion: 123.0.6270.0, chrome: {chromedriverVersion: 123.0.6262.5 (9dc6c13abeee0..., userDataDir: C:\Windows\SystemTemp\scope...}, fedcm:accounts: true, goog:chromeOptions: {debuggerAddress: localhost:55455}, networkConnectionEnabled: false, pageLoadStrategy: normal, platformName: windows, proxy: Proxy(), se:cdp: ws://localhost:55455/devtoo..., se:cdpVersion: 123.0.6270.0, setWindowRect: true, strictFileInteractability: false, timeouts: {implicit: 0, pageLoad: 300000, script: 30000}, unhandledPromptBehavior: dismiss and notify, webauthn:extension:credBlob: true, webauthn:extension:largeBlob: true, webauthn:extension:minPinLength: true, webauthn:extension:prf: true, webauthn:virtualAuthenticators: true}
Session ID: e90590ee21705e9ce9b9524a48a71818
at sun.reflect.GeneratedConstructorAccessor54.newInstance(Unknown Source)
at sun.reflect.DelegatingConstructorAccessorImpl.newInstance(DelegatingConstructorAccessorImpl.java:45)
at java.lang.reflect.Constructor.newInstance(Constructor.java:423)
at org.openqa.selenium.remote.codec.w3c.W3CHttpResponseCodec.createException(W3CHttpResponseCodec.java:200)
at org.openqa.selenium.remote.codec.w3c.W3CHttpResponseCodec.decode(W3CHttpResponseCodec.java:133)
at org.openqa.selenium.remote.codec.w3c.W3CHttpResponseCodec.decode(W3CHttpResponseCodec.java:52)
at org.openqa.selenium.remote.HttpCommandExecutor.execute(HttpCommandExecutor.java:191)
at org.openqa.selenium.remote.service.DriverCommandExecutor.invokeExecute(DriverCommandExecutor.java:196)
at org.openqa.selenium.remote.service.DriverCommandExecutor.execute(DriverCommandExecutor.java:171)
at org.openqa.selenium.remote.RemoteWebDriver.execute(RemoteWebDriver.java:602)
at org.openqa.selenium.remote.ElementLocation$ElementFinder$2.findElement(ElementLocation.java:165)
at org.openqa.selenium.remote.ElementLocation.findElement(ElementLocation.java:59)
at org.openqa.selenium.remote.RemoteWebDriver.findElement(RemoteWebDriver.java:359)
at org.openqa.selenium.remote.RemoteWebDriver.findElement(RemoteWebDriver.java:353)
at web.mybizz.tests.ExtractData2.hitUrlAndData(ExtractData2.java:166)
at sun.reflect.GeneratedMethodAccessor2.invoke(Unknown Source)
at sun.reflect.DelegatingMethodAccessorImpl.invoke(DelegatingMethodAccessorImpl.java:43)
at java.lang.reflect.Method.invoke(Method.java:498)
at org.testng.internal.MethodInvocationHelper.invokeMethod(MethodInvocationHelper.java:133)
at org.testng.internal.TestInvoker.invokeMethod(TestInvoker.java:598)
at org.testng.internal.TestInvoker.invokeTestMethod(TestInvoker.java:173)
at org.testng.internal.TestMethodWithDataProviderMethodWorker.call(TestMethodWithDataProviderMethodWorker.java:77)
at org.testng.internal.TestMethodWithDataProviderMethodWorker.call(TestMethodWithDataProviderMethodWorker.java:15)
at java.util.concurrent.FutureTask.run(FutureTask.java:266)
at java.util.concurrent.Executors$RunnableAdapter.call(Executors.java:511)
at java.util.concurrent.FutureTask.run(FutureTask.java:266)
at java.util.concurrent.ThreadPoolExecutor.runWorker(ThreadPoolExecutor.java:1149)
at java.util.concurrent.ThreadPoolExecutor$Worker.run(ThreadPoolExecutor.java:624)
at java.lang.Thread.run(Thread.java:748)
]]>
    </error>
  </testcase> <!-- hitUrlAndData -->
  <system-out/>
  <testcase name="hitUrlAndData" time="50.042" classname="web.mybizz.tests.ExtractData2"/>
  <system-out/>
  <testcase name="hitUrlAndData" time="53.800" classname="web.mybizz.tests.ExtractData2"/>
  <system-out/>
  <testcase name="hitUrlAndData" time="88.616" classname="web.mybizz.tests.ExtractData2"/>
  <system-out/>
  <testcase name="hitUrlAndData" time="66.835" classname="web.mybizz.tests.ExtractData2"/>
  <system-out/>
  <testcase name="hitUrlAndData" time="50.376" classname="web.mybizz.tests.ExtractData2"/>
  <system-out/>
  <testcase name="hitUrlAndData" time="48.644" classname="web.mybizz.tests.ExtractData2"/>
  <system-out/>
  <testcase name="hitUrlAndData" time="49.057" classname="web.mybizz.tests.ExtractData2"/>
  <system-out/>
  <testcase name="hitUrlAndData" time="52.266" classname="web.mybizz.tests.ExtractData2"/>
  <system-out/>
  <testcase name="hitUrlAndData" time="48.764" classname="web.mybizz.tests.ExtractData2"/>
  <system-out/>
  <testcase name="hitUrlAndData" time="49.309" classname="web.mybizz.tests.ExtractData2"/>
  <system-out/>
  <testcase name="hitUrlAndData" time="50.374" classname="web.mybizz.tests.ExtractData2"/>
  <system-out/>
  <testcase name="hitUrlAndData" time="48.899" classname="web.mybizz.tests.ExtractData2"/>
  <system-out/>
  <testcase name="hitUrlAndData" time="48.237" classname="web.mybizz.tests.ExtractData2"/>
  <system-out/>
  <testcase name="hitUrlAndData" time="67.103" classname="web.mybizz.tests.ExtractData2"/>
  <system-out/>
  <testcase name="hitUrlAndData" time="68.026" classname="web.mybizz.tests.ExtractData2"/>
  <system-out/>
  <testcase name="hitUrlAndData" time="46.711" classname="web.mybizz.tests.ExtractData2"/>
  <system-out/>
  <testcase name="hitUrlAndData" time="49.231" classname="web.mybizz.tests.ExtractData2"/>
  <system-out/>
  <testcase name="hitUrlAndData" time="50.348" classname="web.mybizz.tests.ExtractData2"/>
  <system-out/>
  <testcase name="hitUrlAndData" time="49.072" classname="web.mybizz.tests.ExtractData2"/>
  <system-out/>
  <testcase name="hitUrlAndData" time="47.392" classname="web.mybizz.tests.ExtractData2"/>
  <system-out/>
  <testcase name="hitUrlAndData" time="48.150" classname="web.mybizz.tests.ExtractData2"/>
  <system-out/>
  <testcase name="hitUrlAndData" time="48.542" classname="web.mybizz.tests.ExtractData2"/>
  <system-out/>
  <testcase name="hitUrlAndData" time="49.722" classname="web.mybizz.tests.ExtractData2"/>
  <system-out/>
  <testcase name="hitUrlAndData" time="67.871" classname="web.mybizz.tests.ExtractData2"/>
  <system-out/>
  <testcase name="hitUrlAndData" time="49.080" classname="web.mybizz.tests.ExtractData2"/>
  <system-out/>
  <testcase name="hitUrlAndData" time="48.678" classname="web.mybizz.tests.ExtractData2"/>
  <system-out/>
  <testcase name="hitUrlAndData" time="47.280" classname="web.mybizz.tests.ExtractData2"/>
  <system-out/>
  <testcase name="hitUrlAndData" time="47.851" classname="web.mybizz.tests.ExtractData2"/>
  <system-out/>
  <testcase name="hitUrlAndData" time="89.486" classname="web.mybizz.tests.ExtractData2"/>
  <system-out/>
  <testcase name="hitUrlAndData" time="47.805" classname="web.mybizz.tests.ExtractData2"/>
  <system-out/>
  <testcase name="hitUrlAndData" time="68.310" classname="web.mybizz.tests.ExtractData2"/>
  <system-out/>
  <testcase name="hitUrlAndData" time="49.806" classname="web.mybizz.tests.ExtractData2"/>
  <system-out/>
  <testcase name="hitUrlAndData" time="49.102" classname="web.mybizz.tests.ExtractData2"/>
  <system-out/>
  <testcase name="hitUrlAndData" time="48.893" classname="web.mybizz.tests.ExtractData2"/>
  <system-out/>
  <testcase name="hitUrlAndData" time="48.587" classname="web.mybizz.tests.ExtractData2"/>
  <system-out/>
  <testcase name="hitUrlAndData" time="48.348" classname="web.mybizz.tests.ExtractData2"/>
  <system-out/>
  <testcase name="hitUrlAndData" time="51.872" classname="web.mybizz.tests.ExtractData2"/>
  <system-out/>
  <testcase name="hitUrlAndData" time="49.301" classname="web.mybizz.tests.ExtractData2"/>
  <system-out/>
  <testcase name="hitUrlAndData" time="47.660" classname="web.mybizz.tests.ExtractData2"/>
  <system-out/>
  <testcase name="hitUrlAndData" time="68.264" classname="web.mybizz.tests.ExtractData2"/>
  <system-out/>
  <testcase name="hitUrlAndData" time="48.118" classname="web.mybizz.tests.ExtractData2"/>
  <system-out/>
  <testcase name="hitUrlAndData" time="68.187" classname="web.mybizz.tests.ExtractData2"/>
  <system-out/>
  <testcase name="hitUrlAndData" time="49.094" classname="web.mybizz.tests.ExtractData2"/>
  <system-out/>
  <testcase name="hitUrlAndData" time="49.671" classname="web.mybizz.tests.ExtractData2"/>
  <system-out/>
  <testcase name="hitUrlAndData" time="47.630" classname="web.mybizz.tests.ExtractData2"/>
  <system-out/>
  <testcase name="hitUrlAndData" time="50.369" classname="web.mybizz.tests.ExtractData2"/>
  <system-out/>
  <testcase name="hitUrlAndData" time="50.105" classname="web.mybizz.tests.ExtractData2"/>
  <system-out/>
  <testcase name="hitUrlAndData" time="49.745" classname="web.mybizz.tests.ExtractData2"/>
  <system-out/>
  <testcase name="hitUrlAndData" time="47.463" classname="web.mybizz.tests.ExtractData2"/>
  <system-out/>
  <testcase name="hitUrlAndData" time="48.676" classname="web.mybizz.tests.ExtractData2"/>
  <system-out/>
  <testcase name="hitUrlAndData" time="48.197" classname="web.mybizz.tests.ExtractData2"/>
  <system-out/>
  <testcase name="hitUrlAndData" time="51.113" classname="web.mybizz.tests.ExtractData2"/>
  <system-out/>
  <testcase name="hitUrlAndData" time="68.765" classname="web.mybizz.tests.ExtractData2"/>
  <system-out/>
  <testcase name="hitUrlAndData" time="49.337" classname="web.mybizz.tests.ExtractData2"/>
  <system-out/>
  <testcase name="hitUrlAndData" time="47.220" classname="web.mybizz.tests.ExtractData2"/>
  <system-out/>
  <testcase name="hitUrlAndData" time="47.146" classname="web.mybizz.tests.ExtractData2"/>
  <system-out/>
  <testcase name="hitUrlAndData" time="67.271" classname="web.mybizz.tests.ExtractData2"/>
  <system-out/>
  <testcase name="hitUrlAndData" time="52.293" classname="web.mybizz.tests.ExtractData2"/>
  <system-out/>
  <testcase name="hitUrlAndData" time="87.282" classname="web.mybizz.tests.ExtractData2"/>
  <system-out/>
  <testcase name="hitUrlAndData" time="87.907" classname="web.mybizz.tests.ExtractData2"/>
  <system-out/>
  <testcase name="hitUrlAndData" time="90.903" classname="web.mybizz.tests.ExtractData2"/>
  <system-out/>
  <testcase name="hitUrlAndData" time="47.999" classname="web.mybizz.tests.ExtractData2"/>
  <system-out/>
  <testcase name="hitUrlAndData" time="50.422" classname="web.mybizz.tests.ExtractData2"/>
  <system-out/>
  <testcase name="hitUrlAndData" time="48.427" classname="web.mybizz.tests.ExtractData2"/>
  <system-out/>
  <testcase name="hitUrlAndData" time="48.151" classname="web.mybizz.tests.ExtractData2"/>
  <system-out/>
  <testcase name="hitUrlAndData" time="51.770" classname="web.mybizz.tests.ExtractData2"/>
  <system-out/>
  <testcase name="hitUrlAndData" time="53.792" classname="web.mybizz.tests.ExtractData2"/>
  <system-out/>
  <testcase name="hitUrlAndData" time="47.747" classname="web.mybizz.tests.ExtractData2"/>
  <system-out/>
  <testcase name="hitUrlAndData" time="47.491" classname="web.mybizz.tests.ExtractData2"/>
  <system-out/>
  <testcase name="hitUrlAndData" time="67.962" classname="web.mybizz.tests.ExtractData2"/>
  <system-out/>
  <testcase name="hitUrlAndData" time="66.790" classname="web.mybizz.tests.ExtractData2"/>
  <system-out/>
  <testcase name="hitUrlAndData" time="49.352" classname="web.mybizz.tests.ExtractData2"/>
  <system-out/>
  <testcase name="hitUrlAndData" time="67.992" classname="web.mybizz.tests.ExtractData2"/>
  <system-out/>
  <testcase name="hitUrlAndData" time="46.976" classname="web.mybizz.tests.ExtractData2"/>
  <system-out/>
  <testcase name="hitUrlAndData" time="49.796" classname="web.mybizz.tests.ExtractData2"/>
  <system-out/>
  <testcase name="hitUrlAndData" time="50.835" classname="web.mybizz.tests.ExtractData2"/>
  <system-out/>
  <testcase name="hitUrlAndData" time="50.100" classname="web.mybizz.tests.ExtractData2"/>
  <system-out/>
  <testcase name="hitUrlAndData" time="51.140" classname="web.mybizz.tests.ExtractData2"/>
  <system-out/>
  <testcase name="hitUrlAndData" time="48.287" classname="web.mybizz.tests.ExtractData2"/>
  <system-out/>
  <testcase name="hitUrlAndData" time="48.032" classname="web.mybizz.tests.ExtractData2"/>
  <system-out/>
  <testcase name="hitUrlAndData" time="47.809" classname="web.mybizz.tests.ExtractData2"/>
  <system-out/>
  <testcase name="hitUrlAndData" time="48.039" classname="web.mybizz.tests.ExtractData2"/>
  <system-out/>
  <testcase name="hitUrlAndData" time="49.086" classname="web.mybizz.tests.ExtractData2"/>
  <system-out/>
  <testcase name="hitUrlAndData" time="51.402" classname="web.mybizz.tests.ExtractData2"/>
  <system-out/>
  <testcase name="hitUrlAndData" time="49.340" classname="web.mybizz.tests.ExtractData2"/>
  <system-out/>
  <testcase name="hitUrlAndData" time="66.667" classname="web.mybizz.tests.ExtractData2"/>
  <system-out/>
  <testcase name="hitUrlAndData" time="48.485" classname="web.mybizz.tests.ExtractData2"/>
  <system-out/>
  <testcase name="hitUrlAndData" time="49.264" classname="web.mybizz.tests.ExtractData2"/>
  <system-out/>
  <testcase name="hitUrlAndData" time="47.436" classname="web.mybizz.tests.ExtractData2"/>
  <system-out/>
  <testcase name="hitUrlAndData" time="50.236" classname="web.mybizz.tests.ExtractData2"/>
  <system-out/>
  <testcase name="hitUrlAndData" time="49.079" classname="web.mybizz.tests.ExtractData2"/>
  <system-out/>
  <testcase name="hitUrlAndData" time="89.060" classname="web.mybizz.tests.ExtractData2"/>
  <system-out/>
  <testcase name="hitUrlAndData" time="48.166" classname="web.mybizz.tests.ExtractData2"/>
  <system-out/>
  <testcase name="hitUrlAndData" time="49.419" classname="web.mybizz.tests.ExtractData2"/>
  <system-out/>
  <testcase name="hitUrlAndData" time="47.433" classname="web.mybizz.tests.ExtractData2"/>
  <system-out/>
  <testcase name="hitUrlAndData" time="89.438" classname="web.mybizz.tests.ExtractData2"/>
  <system-out/>
  <testcase name="hitUrlAndData" time="50.355" classname="web.mybizz.tests.ExtractData2"/>
  <system-out/>
  <testcase name="hitUrlAndData" time="88.394" classname="web.mybizz.tests.ExtractData2"/>
  <system-out/>
  <testcase name="hitUrlAndData" time="51.023" classname="web.mybizz.tests.ExtractData2"/>
  <system-out/>
  <testcase name="hitUrlAndData" time="49.627" classname="web.mybizz.tests.ExtractData2"/>
  <system-out/>
  <testcase name="hitUrlAndData" time="47.724" classname="web.mybizz.tests.ExtractData2"/>
  <system-out/>
  <testcase name="hitUrlAndData" time="49.755" classname="web.mybizz.tests.ExtractData2"/>
  <system-out/>
  <testcase name="hitUrlAndData" time="48.236" classname="web.mybizz.tests.ExtractData2"/>
  <system-out/>
  <testcase name="hitUrlAndData" time="48.615" classname="web.mybizz.tests.ExtractData2"/>
  <system-out/>
  <testcase name="hitUrlAndData" time="72.544" classname="web.mybizz.tests.ExtractData2"/>
  <system-out/>
  <testcase name="hitUrlAndData" time="88.250" classname="web.mybizz.tests.ExtractData2"/>
  <system-out/>
  <testcase name="hitUrlAndData" time="66.611" classname="web.mybizz.tests.ExtractData2"/>
  <system-out/>
  <testcase name="hitUrlAndData" time="67.880" classname="web.mybizz.tests.ExtractData2"/>
  <system-out/>
  <testcase name="hitUrlAndData" time="87.739" classname="web.mybizz.tests.ExtractData2"/>
  <system-out/>
  <testcase name="hitUrlAndData" time="48.535" classname="web.mybizz.tests.ExtractData2"/>
  <system-out/>
  <testcase name="hitUrlAndData" time="87.855" classname="web.mybizz.tests.ExtractData2"/>
  <system-out/>
  <testcase name="hitUrlAndData" time="47.338" classname="web.mybizz.tests.ExtractData2"/>
  <system-out/>
  <testcase name="hitUrlAndData" time="52.053" classname="web.mybizz.tests.ExtractData2"/>
  <system-out/>
  <testcase name="hitUrlAndData" time="48.943" classname="web.mybizz.tests.ExtractData2"/>
  <system-out/>
  <testcase name="hitUrlAndData" time="47.938" classname="web.mybizz.tests.ExtractData2"/>
  <system-out/>
  <testcase name="hitUrlAndData" time="47.087" classname="web.mybizz.tests.ExtractData2"/>
  <system-out/>
  <testcase name="hitUrlAndData" time="69.124" classname="web.mybizz.tests.ExtractData2"/>
  <system-out/>
  <testcase name="hitUrlAndData" time="89.432" classname="web.mybizz.tests.ExtractData2"/>
  <system-out/>
  <testcase name="hitUrlAndData" time="48.507" classname="web.mybizz.tests.ExtractData2"/>
  <system-out/>
  <testcase name="hitUrlAndData" time="48.223" classname="web.mybizz.tests.ExtractData2"/>
  <system-out/>
  <testcase name="hitUrlAndData" time="68.956" classname="web.mybizz.tests.ExtractData2"/>
  <system-out/>
  <testcase name="hitUrlAndData" time="50.432" classname="web.mybizz.tests.ExtractData2"/>
  <system-out/>
  <testcase name="hitUrlAndData" time="69.461" classname="web.mybizz.tests.ExtractData2"/>
  <system-out/>
  <testcase name="hitUrlAndData" time="47.741" classname="web.mybizz.tests.ExtractData2"/>
  <system-out/>
  <testcase name="hitUrlAndData" time="48.622" classname="web.mybizz.tests.ExtractData2"/>
  <system-out/>
  <testcase name="hitUrlAndData" time="49.246" classname="web.mybizz.tests.ExtractData2"/>
  <system-out/>
  <testcase name="hitUrlAndData" time="49.014" classname="web.mybizz.tests.ExtractData2"/>
  <system-out/>
  <testcase name="hitUrlAndData" time="68.710" classname="web.mybizz.tests.ExtractData2"/>
  <system-out/>
  <testcase name="hitUrlAndData" time="100.049" classname="web.mybizz.tests.ExtractData2"/>
  <system-out/>
  <testcase name="hitUrlAndData" time="48.026" classname="web.mybizz.tests.ExtractData2"/>
  <system-out/>
  <testcase name="hitUrlAndData" time="47.207" classname="web.mybizz.tests.ExtractData2"/>
  <system-out/>
  <testcase name="hitUrlAndData" time="69.600" classname="web.mybizz.tests.ExtractData2"/>
  <system-out/>
  <testcase name="hitUrlAndData" time="68.027" classname="web.mybizz.tests.ExtractData2"/>
  <system-out/>
  <testcase name="hitUrlAndData" time="48.127" classname="web.mybizz.tests.ExtractData2"/>
  <system-out/>
  <testcase name="hitUrlAndData" time="52.050" classname="web.mybizz.tests.ExtractData2"/>
  <system-out/>
  <testcase name="hitUrlAndData" time="48.314" classname="web.mybizz.tests.ExtractData2"/>
  <system-out/>
  <testcase name="hitUrlAndData" time="67.801" classname="web.mybizz.tests.ExtractData2"/>
  <system-out/>
  <testcase name="hitUrlAndData" time="51.365" classname="web.mybizz.tests.ExtractData2"/>
  <system-out/>
  <testcase name="hitUrlAndData" time="49.803" classname="web.mybizz.tests.ExtractData2"/>
  <system-out/>
  <testcase name="hitUrlAndData" time="49.287" classname="web.mybizz.tests.ExtractData2"/>
  <system-out/>
  <testcase name="hitUrlAndData" time="67.209" classname="web.mybizz.tests.ExtractData2"/>
  <system-out/>
  <testcase name="hitUrlAndData" time="88.418" classname="web.mybizz.tests.ExtractData2"/>
  <system-out/>
  <testcase name="hitUrlAndData" time="66.649" classname="web.mybizz.tests.ExtractData2"/>
  <system-out/>
  <testcase name="hitUrlAndData" time="48.595" classname="web.mybizz.tests.ExtractData2"/>
  <system-out/>
  <testcase name="hitUrlAndData" time="52.450" classname="web.mybizz.tests.ExtractData2"/>
  <system-out/>
  <testcase name="hitUrlAndData" time="89.022" classname="web.mybizz.tests.ExtractData2"/>
  <system-out/>
  <testcase name="hitUrlAndData" time="47.344" classname="web.mybizz.tests.ExtractData2"/>
  <system-out/>
  <testcase name="hitUrlAndData" time="67.047" classname="web.mybizz.tests.ExtractData2"/>
  <system-out/>
  <testcase name="hitUrlAndData" time="47.933" classname="web.mybizz.tests.ExtractData2"/>
  <system-out/>
  <testcase name="hitUrlAndData" time="68.858" classname="web.mybizz.tests.ExtractData2"/>
  <system-out/>
  <testcase name="hitUrlAndData" time="66.936" classname="web.mybizz.tests.ExtractData2"/>
  <system-out/>
  <testcase name="hitUrlAndData" time="69.283" classname="web.mybizz.tests.ExtractData2"/>
  <system-out/>
  <testcase name="hitUrlAndData" time="46.386" classname="web.mybizz.tests.ExtractData2"/>
  <system-out/>
  <testcase name="hitUrlAndData" time="67.288" classname="web.mybizz.tests.ExtractData2"/>
  <system-out/>
  <testcase name="hitUrlAndData" time="49.899" classname="web.mybizz.tests.ExtractData2"/>
  <system-out/>
  <testcase name="hitUrlAndData" time="50.170" classname="web.mybizz.tests.ExtractData2"/>
  <system-out/>
  <testcase name="hitUrlAndData" time="49.356" classname="web.mybizz.tests.ExtractData2"/>
  <system-out/>
  <testcase name="hitUrlAndData" time="50.461" classname="web.mybizz.tests.ExtractData2"/>
  <system-out/>
  <testcase name="hitUrlAndData" time="52.316" classname="web.mybizz.tests.ExtractData2"/>
  <system-out/>
  <testcase name="hitUrlAndData" time="47.684" classname="web.mybizz.tests.ExtractData2"/>
  <system-out/>
  <testcase name="hitUrlAndData" time="49.059" classname="web.mybizz.tests.ExtractData2"/>
  <system-out/>
  <testcase name="hitUrlAndData" time="47.864" classname="web.mybizz.tests.ExtractData2"/>
  <system-out/>
  <testcase name="hitUrlAndData" time="50.238" classname="web.mybizz.tests.ExtractData2"/>
  <system-out/>
  <testcase name="hitUrlAndData" time="50.622" classname="web.mybizz.tests.ExtractData2"/>
  <system-out/>
  <testcase name="hitUrlAndData" time="49.647" classname="web.mybizz.tests.ExtractData2"/>
  <system-out/>
  <testcase name="hitUrlAndData" time="47.202" classname="web.mybizz.tests.ExtractData2"/>
  <system-out/>
  <testcase name="hitUrlAndData" time="50.275" classname="web.mybizz.tests.ExtractData2"/>
  <system-out/>
  <testcase name="hitUrlAndData" time="67.103" classname="web.mybizz.tests.ExtractData2"/>
  <system-out/>
  <testcase name="hitUrlAndData" time="49.173" classname="web.mybizz.tests.ExtractData2"/>
  <system-out/>
  <testcase name="hitUrlAndData" time="48.801" classname="web.mybizz.tests.ExtractData2"/>
  <system-out/>
  <testcase name="hitUrlAndData" time="47.854" classname="web.mybizz.tests.ExtractData2"/>
  <system-out/>
  <testcase name="hitUrlAndData" time="49.185" classname="web.mybizz.tests.ExtractData2"/>
  <system-out/>
  <testcase name="hitUrlAndData" time="54.451" classname="web.mybizz.tests.ExtractData2"/>
  <system-out/>
  <testcase name="hitUrlAndData" time="67.538" classname="web.mybizz.tests.ExtractData2"/>
  <system-out/>
  <testcase name="hitUrlAndData" time="47.585" classname="web.mybizz.tests.ExtractData2"/>
  <system-out/>
  <testcase name="hitUrlAndData" time="48.366" classname="web.mybizz.tests.ExtractData2"/>
  <system-out/>
  <testcase name="hitUrlAndData" time="49.435" classname="web.mybizz.tests.ExtractData2"/>
  <system-out/>
  <testcase name="hitUrlAndData" time="68.955" classname="web.mybizz.tests.ExtractData2"/>
  <system-out/>
  <testcase name="hitUrlAndData" time="48.617" classname="web.mybizz.tests.ExtractData2"/>
  <system-out/>
  <testcase name="hitUrlAndData" time="28.522" classname="web.mybizz.tests.ExtractData2"/>
  <system-out/>
  <testcase name="hitUrlAndData" time="50.390" classname="web.mybizz.tests.ExtractData2"/>
  <system-out/>
  <testcase name="hitUrlAndData" time="49.690" classname="web.mybizz.tests.ExtractData2"/>
  <system-out/>
  <testcase name="hitUrlAndData" time="49.362" classname="web.mybizz.tests.ExtractData2"/>
  <system-out/>
  <testcase name="hitUrlAndData" time="48.823" classname="web.mybizz.tests.ExtractData2"/>
  <system-out/>
  <testcase name="hitUrlAndData" time="49.025" classname="web.mybizz.tests.ExtractData2"/>
  <system-out/>
  <testcase name="hitUrlAndData" time="68.001" classname="web.mybizz.tests.ExtractData2"/>
  <system-out/>
  <testcase name="hitUrlAndData" time="49.822" classname="web.mybizz.tests.ExtractData2"/>
  <system-out/>
  <testcase name="hitUrlAndData" time="91.437" classname="web.mybizz.tests.ExtractData2"/>
  <system-out/>
  <testcase name="hitUrlAndData" time="67.453" classname="web.mybizz.tests.ExtractData2"/>
  <system-out/>
  <testcase name="hitUrlAndData" time="48.096" classname="web.mybizz.tests.ExtractData2"/>
  <system-out/>
  <testcase name="hitUrlAndData" time="47.904" classname="web.mybizz.tests.ExtractData2"/>
  <system-out/>
  <testcase name="hitUrlAndData" time="49.779" classname="web.mybizz.tests.ExtractData2"/>
  <system-out/>
  <testcase name="hitUrlAndData" time="47.712" classname="web.mybizz.tests.ExtractData2"/>
  <system-out/>
  <testcase name="hitUrlAndData" time="50.079" classname="web.mybizz.tests.ExtractData2"/>
  <system-out/>
  <testcase name="hitUrlAndData" time="50.577" classname="web.mybizz.tests.ExtractData2"/>
  <system-out/>
  <testcase name="hitUrlAndData" time="69.272" classname="web.mybizz.tests.ExtractData2"/>
  <system-out/>
  <testcase name="hitUrlAndData" time="48.001" classname="web.mybizz.tests.ExtractData2"/>
  <system-out/>
  <testcase name="hitUrlAndData" time="49.527" classname="web.mybizz.tests.ExtractData2"/>
  <system-out/>
  <testcase name="hitUrlAndData" time="47.911" classname="web.mybizz.tests.ExtractData2"/>
  <system-out/>
  <testcase name="hitUrlAndData" time="49.940" classname="web.mybizz.tests.ExtractData2"/>
  <system-out/>
  <testcase name="hitUrlAndData" time="67.079" classname="web.mybizz.tests.ExtractData2"/>
  <system-out/>
  <testcase name="hitUrlAndData" time="48.718" classname="web.mybizz.tests.ExtractData2"/>
  <system-out/>
  <testcase name="hitUrlAndData" time="70.709" classname="web.mybizz.tests.ExtractData2"/>
  <system-out/>
  <testcase name="hitUrlAndData" time="49.604" classname="web.mybizz.tests.ExtractData2"/>
  <system-out/>
  <testcase name="hitUrlAndData" time="47.601" classname="web.mybizz.tests.ExtractData2"/>
  <system-out/>
  <testcase name="hitUrlAndData" time="90.299" classname="web.mybizz.tests.ExtractData2"/>
  <system-out/>
  <testcase name="hitUrlAndData" time="50.086" classname="web.mybizz.tests.ExtractData2"/>
  <system-out/>
  <testcase name="hitUrlAndData" time="48.081" classname="web.mybizz.tests.ExtractData2"/>
  <system-out/>
  <testcase name="hitUrlAndData" time="49.830" classname="web.mybizz.tests.ExtractData2"/>
  <system-out/>
  <testcase name="hitUrlAndData" time="68.224" classname="web.mybizz.tests.ExtractData2"/>
  <system-out/>
  <testcase name="hitUrlAndData" time="48.075" classname="web.mybizz.tests.ExtractData2"/>
  <system-out/>
  <testcase name="hitUrlAndData" time="48.815" classname="web.mybizz.tests.ExtractData2"/>
  <system-out/>
  <testcase name="hitUrlAndData" time="49.096" classname="web.mybizz.tests.ExtractData2"/>
  <system-out/>
  <testcase name="hitUrlAndData" time="49.347" classname="web.mybizz.tests.ExtractData2"/>
  <system-out/>
  <testcase name="hitUrlAndData" time="48.202" classname="web.mybizz.tests.ExtractData2"/>
  <system-out/>
  <testcase name="hitUrlAndData" time="71.060" classname="web.mybizz.tests.ExtractData2"/>
  <system-out/>
  <testcase name="hitUrlAndData" time="48.783" classname="web.mybizz.tests.ExtractData2"/>
  <system-out/>
  <testcase name="hitUrlAndData" time="48.170" classname="web.mybizz.tests.ExtractData2"/>
  <system-out/>
  <testcase name="hitUrlAndData" time="48.374" classname="web.mybizz.tests.ExtractData2"/>
  <system-out/>
  <testcase name="hitUrlAndData" time="50.225" classname="web.mybizz.tests.ExtractData2"/>
  <system-out/>
  <testcase name="hitUrlAndData" time="49.248" classname="web.mybizz.tests.ExtractData2"/>
  <system-out/>
  <testcase name="hitUrlAndData" time="67.021" classname="web.mybizz.tests.ExtractData2"/>
  <system-out/>
  <testcase name="hitUrlAndData" time="47.896" classname="web.mybizz.tests.ExtractData2"/>
  <system-out/>
  <testcase name="hitUrlAndData" time="50.045" classname="web.mybizz.tests.ExtractData2"/>
  <system-out/>
  <testcase name="hitUrlAndData" time="49.724" classname="web.mybizz.tests.ExtractData2"/>
  <system-out/>
  <testcase name="hitUrlAndData" time="47.573" classname="web.mybizz.tests.ExtractData2"/>
  <system-out/>
  <testcase name="hitUrlAndData" time="48.018" classname="web.mybizz.tests.ExtractData2"/>
  <system-out/>
  <testcase name="hitUrlAndData" time="52.070" classname="web.mybizz.tests.ExtractData2"/>
  <system-out/>
  <testcase name="hitUrlAndData" time="49.924" classname="web.mybizz.tests.ExtractData2"/>
  <system-out/>
  <testcase name="hitUrlAndData" time="47.979" classname="web.mybizz.tests.ExtractData2"/>
  <system-out/>
  <testcase name="hitUrlAndData" time="67.940" classname="web.mybizz.tests.ExtractData2"/>
  <system-out/>
  <testcase name="hitUrlAndData" time="47.383" classname="web.mybizz.tests.ExtractData2"/>
  <system-out/>
  <testcase name="hitUrlAndData" time="67.290" classname="web.mybizz.tests.ExtractData2"/>
  <system-out/>
  <testcase name="hitUrlAndData" time="90.530" classname="web.mybizz.tests.ExtractData2"/>
  <system-out/>
  <testcase name="hitUrlAndData" time="50.018" classname="web.mybizz.tests.ExtractData2"/>
  <system-out/>
  <testcase name="hitUrlAndData" time="50.175" classname="web.mybizz.tests.ExtractData2"/>
  <system-out/>
  <testcase name="hitUrlAndData" time="48.984" classname="web.mybizz.tests.ExtractData2"/>
  <system-out/>
  <testcase name="hitUrlAndData" time="48.190" classname="web.mybizz.tests.ExtractData2"/>
  <system-out/>
  <testcase name="hitUrlAndData" time="48.157" classname="web.mybizz.tests.ExtractData2"/>
  <system-out/>
  <testcase name="hitUrlAndData" time="48.315" classname="web.mybizz.tests.ExtractData2"/>
  <system-out/>
  <testcase name="hitUrlAndData" time="51.308" classname="web.mybizz.tests.ExtractData2"/>
  <system-out/>
  <testcase name="hitUrlAndData" time="46.804" classname="web.mybizz.tests.ExtractData2"/>
  <system-out/>
  <testcase name="hitUrlAndData" time="49.437" classname="web.mybizz.tests.ExtractData2"/>
  <system-out/>
  <testcase name="hitUrlAndData" time="67.159" classname="web.mybizz.tests.ExtractData2"/>
  <system-out/>
  <testcase name="hitUrlAndData" time="67.880" classname="web.mybizz.tests.ExtractData2"/>
  <system-out/>
  <testcase name="hitUrlAndData" time="46.824" classname="web.mybizz.tests.ExtractData2"/>
  <system-out/>
  <testcase name="hitUrlAndData" time="49.215" classname="web.mybizz.tests.ExtractData2"/>
  <system-out/>
  <testcase name="hitUrlAndData" time="48.609" classname="web.mybizz.tests.ExtractData2"/>
  <system-out/>
  <testcase name="hitUrlAndData" time="48.542" classname="web.mybizz.tests.ExtractData2"/>
  <system-out/>
  <testcase name="hitUrlAndData" time="50.001" classname="web.mybizz.tests.ExtractData2"/>
  <system-out/>
  <testcase name="hitUrlAndData" time="67.708" classname="web.mybizz.tests.ExtractData2"/>
  <system-out/>
  <testcase name="hitUrlAndData" time="67.015" classname="web.mybizz.tests.ExtractData2"/>
  <system-out/>
  <testcase name="hitUrlAndData" time="49.195" classname="web.mybizz.tests.ExtractData2"/>
  <system-out/>
  <testcase name="hitUrlAndData" time="49.152" classname="web.mybizz.tests.ExtractData2"/>
  <system-out/>
  <testcase name="hitUrlAndData" time="49.961" classname="web.mybizz.tests.ExtractData2"/>
  <system-out/>
  <testcase name="hitUrlAndData" time="67.224" classname="web.mybizz.tests.ExtractData2"/>
  <system-out/>
  <testcase name="hitUrlAndData" time="46.924" classname="web.mybizz.tests.ExtractData2"/>
  <system-out/>
  <testcase name="hitUrlAndData" time="49.399" classname="web.mybizz.tests.ExtractData2"/>
  <system-out/>
  <testcase name="hitUrlAndData" time="52.461" classname="web.mybizz.tests.ExtractData2"/>
  <system-out/>
  <testcase name="hitUrlAndData" time="47.923" classname="web.mybizz.tests.ExtractData2"/>
  <system-out/>
  <testcase name="hitUrlAndData" time="51.133" classname="web.mybizz.tests.ExtractData2"/>
  <system-out/>
  <testcase name="hitUrlAndData" time="67.553" classname="web.mybizz.tests.ExtractData2"/>
  <system-out/>
  <testcase name="hitUrlAndData" time="51.245" classname="web.mybizz.tests.ExtractData2"/>
  <system-out/>
  <testcase name="hitUrlAndData" time="68.162" classname="web.mybizz.tests.ExtractData2"/>
  <system-out/>
  <testcase name="hitUrlAndData" time="48.344" classname="web.mybizz.tests.ExtractData2"/>
  <system-out/>
  <testcase name="hitUrlAndData" time="48.717" classname="web.mybizz.tests.ExtractData2"/>
  <system-out/>
  <testcase name="hitUrlAndData" time="49.329" classname="web.mybizz.tests.ExtractData2"/>
  <system-out/>
  <testcase name="hitUrlAndData" time="52.173" classname="web.mybizz.tests.ExtractData2"/>
  <system-out/>
  <testcase name="hitUrlAndData" time="49.020" classname="web.mybizz.tests.ExtractData2"/>
  <system-out/>
  <testcase name="hitUrlAndData" time="50.512" classname="web.mybizz.tests.ExtractData2"/>
  <system-out/>
  <testcase name="hitUrlAndData" time="48.560" classname="web.mybizz.tests.ExtractData2"/>
  <system-out/>
  <testcase name="hitUrlAndData" time="67.862" classname="web.mybizz.tests.ExtractData2"/>
  <system-out/>
  <testcase name="hitUrlAndData" time="47.942" classname="web.mybizz.tests.ExtractData2"/>
  <system-out/>
  <testcase name="hitUrlAndData" time="48.219" classname="web.mybizz.tests.ExtractData2"/>
  <system-out/>
  <testcase name="hitUrlAndData" time="48.069" classname="web.mybizz.tests.ExtractData2"/>
  <system-out/>
  <testcase name="hitUrlAndData" time="66.904" classname="web.mybizz.tests.ExtractData2"/>
  <system-out/>
  <testcase name="hitUrlAndData" time="70.779" classname="web.mybizz.tests.ExtractData2"/>
  <system-out/>
  <testcase name="hitUrlAndData" time="71.386" classname="web.mybizz.tests.ExtractData2"/>
  <system-out/>
  <testcase name="hitUrlAndData" time="67.965" classname="web.mybizz.tests.ExtractData2"/>
  <system-out/>
  <testcase name="hitUrlAndData" time="48.214" classname="web.mybizz.tests.ExtractData2"/>
  <system-out/>
  <testcase name="hitUrlAndData" time="49.030" classname="web.mybizz.tests.ExtractData2"/>
  <system-out/>
  <testcase name="hitUrlAndData" time="50.539" classname="web.mybizz.tests.ExtractData2"/>
  <system-out/>
  <testcase name="hitUrlAndData" time="46.833" classname="web.mybizz.tests.ExtractData2"/>
  <system-out/>
  <testcase name="hitUrlAndData" time="67.081" classname="web.mybizz.tests.ExtractData2"/>
  <system-out/>
  <testcase name="hitUrlAndData" time="48.795" classname="web.mybizz.tests.ExtractData2"/>
  <system-out/>
  <testcase name="hitUrlAndData" time="49.550" classname="web.mybizz.tests.ExtractData2"/>
  <system-out/>
  <testcase name="hitUrlAndData" time="47.388" classname="web.mybizz.tests.ExtractData2"/>
  <system-out/>
  <testcase name="hitUrlAndData" time="67.452" classname="web.mybizz.tests.ExtractData2"/>
  <system-out/>
  <testcase name="hitUrlAndData" time="48.125" classname="web.mybizz.tests.ExtractData2"/>
  <system-out/>
  <testcase name="hitUrlAndData" time="66.948" classname="web.mybizz.tests.ExtractData2"/>
  <system-out/>
  <testcase name="hitUrlAndData" time="48.052" classname="web.mybizz.tests.ExtractData2"/>
  <system-out/>
  <testcase name="hitUrlAndData" time="49.659" classname="web.mybizz.tests.ExtractData2"/>
  <system-out/>
  <testcase name="hitUrlAndData" time="47.830" classname="web.mybizz.tests.ExtractData2"/>
  <system-out/>
  <testcase name="hitUrlAndData" time="48.419" classname="web.mybizz.tests.ExtractData2"/>
  <system-out/>
  <testcase name="hitUrlAndData" time="48.285" classname="web.mybizz.tests.ExtractData2"/>
  <system-out/>
  <testcase name="hitUrlAndData" time="56.397" classname="web.mybizz.tests.ExtractData2"/>
  <system-out/>
  <testcase name="hitUrlAndData" time="48.369" classname="web.mybizz.tests.ExtractData2"/>
  <system-out/>
  <testcase name="hitUrlAndData" time="50.082" classname="web.mybizz.tests.ExtractData2"/>
  <system-out/>
  <testcase name="hitUrlAndData" time="48.136" classname="web.mybizz.tests.ExtractData2"/>
  <system-out/>
  <testcase name="hitUrlAndData" time="88.943" classname="web.mybizz.tests.ExtractData2"/>
  <system-out/>
  <testcase name="hitUrlAndData" time="47.984" classname="web.mybizz.tests.ExtractData2"/>
  <system-out/>
  <testcase name="hitUrlAndData" time="47.479" classname="web.mybizz.tests.ExtractData2"/>
  <system-out/>
  <testcase name="hitUrlAndData" time="49.515" classname="web.mybizz.tests.ExtractData2"/>
  <system-out/>
  <testcase name="hitUrlAndData" time="68.271" classname="web.mybizz.tests.ExtractData2"/>
  <system-out/>
  <testcase name="hitUrlAndData" time="68.459" classname="web.mybizz.tests.ExtractData2"/>
  <system-out/>
  <testcase name="hitUrlAndData" time="47.766" classname="web.mybizz.tests.ExtractData2"/>
  <system-out/>
  <testcase name="hitUrlAndData" time="48.999" classname="web.mybizz.tests.ExtractData2"/>
  <system-out/>
  <testcase name="hitUrlAndData" time="48.064" classname="web.mybizz.tests.ExtractData2"/>
  <system-out/>
  <testcase name="hitUrlAndData" time="48.647" classname="web.mybizz.tests.ExtractData2"/>
  <system-out/>
  <testcase name="hitUrlAndData" time="47.365" classname="web.mybizz.tests.ExtractData2"/>
  <system-out/>
  <testcase name="hitUrlAndData" time="49.674" classname="web.mybizz.tests.ExtractData2"/>
  <system-out/>
  <testcase name="hitUrlAndData" time="70.152" classname="web.mybizz.tests.ExtractData2"/>
  <system-out/>
  <testcase name="hitUrlAndData" time="87.494" classname="web.mybizz.tests.ExtractData2"/>
  <system-out/>
  <testcase name="hitUrlAndData" time="48.464" classname="web.mybizz.tests.ExtractData2"/>
  <system-out/>
  <testcase name="hitUrlAndData" time="47.788" classname="web.mybizz.tests.ExtractData2"/>
  <system-out/>
  <testcase name="hitUrlAndData" time="92.117" classname="web.mybizz.tests.ExtractData2"/>
  <system-out/>
  <testcase name="hitUrlAndData" time="67.618" classname="web.mybizz.tests.ExtractData2"/>
  <system-out/>
  <testcase name="hitUrlAndData" time="66.456" classname="web.mybizz.tests.ExtractData2"/>
  <system-out/>
  <testcase name="hitUrlAndData" time="66.756" classname="web.mybizz.tests.ExtractData2"/>
  <system-out/>
  <testcase name="hitUrlAndData" time="70.138" classname="web.mybizz.tests.ExtractData2"/>
  <system-out/>
  <testcase name="hitUrlAndData" time="49.866" classname="web.mybizz.tests.ExtractData2"/>
  <system-out/>
  <testcase name="hitUrlAndData" time="47.999" classname="web.mybizz.tests.ExtractData2"/>
  <system-out/>
  <testcase name="hitUrlAndData" time="49.064" classname="web.mybizz.tests.ExtractData2"/>
  <system-out/>
  <testcase name="hitUrlAndData" time="51.573" classname="web.mybizz.tests.ExtractData2"/>
  <system-out/>
  <testcase name="hitUrlAndData" time="48.827" classname="web.mybizz.tests.ExtractData2"/>
  <system-out/>
  <testcase name="hitUrlAndData" time="48.725" classname="web.mybizz.tests.ExtractData2"/>
  <system-out/>
  <testcase name="hitUrlAndData" time="48.058" classname="web.mybizz.tests.ExtractData2"/>
  <system-out/>
  <testcase name="hitUrlAndData" time="67.456" classname="web.mybizz.tests.ExtractData2"/>
  <system-out/>
  <testcase name="hitUrlAndData" time="48.163" classname="web.mybizz.tests.ExtractData2"/>
  <system-out/>
  <testcase name="hitUrlAndData" time="89.792" classname="web.mybizz.tests.ExtractData2"/>
  <system-out/>
  <testcase name="hitUrlAndData" time="67.990" classname="web.mybizz.tests.ExtractData2"/>
  <system-out/>
  <testcase name="hitUrlAndData" time="69.607" classname="web.mybizz.tests.ExtractData2"/>
  <system-out/>
  <testcase name="hitUrlAndData" time="69.217" classname="web.mybizz.tests.ExtractData2"/>
  <system-out/>
  <testcase name="hitUrlAndData" time="30.949" classname="web.mybizz.tests.ExtractData2"/>
  <system-out/>
  <testcase name="hitUrlAndData" time="49.745" classname="web.mybizz.tests.ExtractData2"/>
  <system-out/>
  <testcase name="hitUrlAndData" time="68.099" classname="web.mybizz.tests.ExtractData2"/>
  <system-out/>
  <testcase name="hitUrlAndData" time="49.572" classname="web.mybizz.tests.ExtractData2"/>
  <system-out/>
  <testcase name="hitUrlAndData" time="68.799" classname="web.mybizz.tests.ExtractData2"/>
  <system-out/>
  <testcase name="hitUrlAndData" time="47.828" classname="web.mybizz.tests.ExtractData2"/>
  <system-out/>
  <testcase name="hitUrlAndData" time="48.033" classname="web.mybizz.tests.ExtractData2"/>
  <system-out/>
  <testcase name="hitUrlAndData" time="48.236" classname="web.mybizz.tests.ExtractData2"/>
  <system-out/>
  <testcase name="hitUrlAndData" time="48.224" classname="web.mybizz.tests.ExtractData2"/>
  <system-out/>
  <testcase name="hitUrlAndData" time="48.835" classname="web.mybizz.tests.ExtractData2"/>
  <system-out/>
  <testcase name="hitUrlAndData" time="54.489" classname="web.mybizz.tests.ExtractData2"/>
  <system-out/>
  <testcase name="hitUrlAndData" time="49.709" classname="web.mybizz.tests.ExtractData2"/>
  <system-out/>
  <testcase name="hitUrlAndData" time="68.822" classname="web.mybizz.tests.ExtractData2"/>
  <system-out/>
  <testcase name="hitUrlAndData" time="48.591" classname="web.mybizz.tests.ExtractData2"/>
  <system-out/>
  <testcase name="hitUrlAndData" time="49.005" classname="web.mybizz.tests.ExtractData2"/>
  <system-out/>
  <testcase name="hitUrlAndData" time="49.358" classname="web.mybizz.tests.ExtractData2"/>
  <system-out/>
  <testcase name="hitUrlAndData" time="50.351" classname="web.mybizz.tests.ExtractData2"/>
  <system-out/>
  <testcase name="hitUrlAndData" time="48.840" classname="web.mybizz.tests.ExtractData2"/>
  <system-out/>
  <testcase name="hitUrlAndData" time="48.130" classname="web.mybizz.tests.ExtractData2"/>
  <system-out/>
  <testcase name="hitUrlAndData" time="47.968" classname="web.mybizz.tests.ExtractData2"/>
  <system-out/>
  <testcase name="hitUrlAndData" time="49.072" classname="web.mybizz.tests.ExtractData2"/>
  <system-out/>
  <testcase name="hitUrlAndData" time="53.880" classname="web.mybizz.tests.ExtractData2"/>
  <system-out/>
  <testcase name="hitUrlAndData" time="47.612" classname="web.mybizz.tests.ExtractData2"/>
  <system-out/>
  <testcase name="hitUrlAndData" time="56.660" classname="web.mybizz.tests.ExtractData2"/>
  <system-out/>
  <testcase name="hitUrlAndData" time="49.293" classname="web.mybizz.tests.ExtractData2"/>
  <system-out/>
  <testcase name="hitUrlAndData" time="67.523" classname="web.mybizz.tests.ExtractData2"/>
  <system-out/>
  <testcase name="hitUrlAndData" time="67.835" classname="web.mybizz.tests.ExtractData2"/>
  <system-out/>
  <testcase name="hitUrlAndData" time="66.822" classname="web.mybizz.tests.ExtractData2"/>
  <system-out/>
  <testcase name="hitUrlAndData" time="51.429" classname="web.mybizz.tests.ExtractData2"/>
  <system-out/>
  <testcase name="hitUrlAndData" time="49.409" classname="web.mybizz.tests.ExtractData2"/>
  <system-out/>
  <testcase name="hitUrlAndData" time="48.862" classname="web.mybizz.tests.ExtractData2"/>
  <system-out/>
  <testcase name="hitUrlAndData" time="70.917" classname="web.mybizz.tests.ExtractData2"/>
  <system-out/>
  <testcase name="hitUrlAndData" time="56.447" classname="web.mybizz.tests.ExtractData2"/>
  <system-out/>
  <testcase name="hitUrlAndData" time="49.944" classname="web.mybizz.tests.ExtractData2"/>
  <system-out/>
  <testcase name="hitUrlAndData" time="90.854" classname="web.mybizz.tests.ExtractData2"/>
  <system-out/>
  <testcase name="hitUrlAndData" time="50.078" classname="web.mybizz.tests.ExtractData2"/>
  <system-out/>
  <testcase name="hitUrlAndData" time="90.259" classname="web.mybizz.tests.ExtractData2"/>
  <system-out/>
  <testcase name="hitUrlAndData" time="47.747" classname="web.mybizz.tests.ExtractData2"/>
  <system-out/>
  <testcase name="hitUrlAndData" time="52.494" classname="web.mybizz.tests.ExtractData2"/>
  <system-out/>
  <testcase name="hitUrlAndData" time="47.636" classname="web.mybizz.tests.ExtractData2"/>
  <system-out/>
  <testcase name="hitUrlAndData" time="69.278" classname="web.mybizz.tests.ExtractData2"/>
  <system-out/>
  <testcase name="hitUrlAndData" time="48.575" classname="web.mybizz.tests.ExtractData2"/>
  <system-out/>
  <testcase name="hitUrlAndData" time="67.134" classname="web.mybizz.tests.ExtractData2"/>
  <system-out/>
  <testcase name="hitUrlAndData" time="47.490" classname="web.mybizz.tests.ExtractData2"/>
  <system-out/>
  <testcase name="hitUrlAndData" time="68.006" classname="web.mybizz.tests.ExtractData2"/>
  <system-out/>
  <testcase name="hitUrlAndData" time="67.867" classname="web.mybizz.tests.ExtractData2"/>
  <system-out/>
  <testcase name="hitUrlAndData" time="49.437" classname="web.mybizz.tests.ExtractData2"/>
  <system-out/>
  <testcase name="hitUrlAndData" time="48.347" classname="web.mybizz.tests.ExtractData2"/>
  <system-out/>
  <testcase name="hitUrlAndData" time="49.054" classname="web.mybizz.tests.ExtractData2"/>
  <system-out/>
  <testcase name="hitUrlAndData" time="48.902" classname="web.mybizz.tests.ExtractData2"/>
  <system-out/>
  <testcase name="hitUrlAndData" time="49.469" classname="web.mybizz.tests.ExtractData2"/>
  <system-out/>
  <testcase name="hitUrlAndData" time="49.845" classname="web.mybizz.tests.ExtractData2"/>
  <system-out/>
  <testcase name="hitUrlAndData" time="92.759" classname="web.mybizz.tests.ExtractData2"/>
  <system-out/>
  <testcase name="hitUrlAndData" time="48.997" classname="web.mybizz.tests.ExtractData2"/>
  <system-out/>
  <testcase name="hitUrlAndData" time="67.292" classname="web.mybizz.tests.ExtractData2"/>
  <system-out/>
  <testcase name="hitUrlAndData" time="47.424" classname="web.mybizz.tests.ExtractData2"/>
  <system-out/>
  <testcase name="hitUrlAndData" time="66.709" classname="web.mybizz.tests.ExtractData2"/>
  <system-out/>
  <testcase name="hitUrlAndData" time="49.150" classname="web.mybizz.tests.ExtractData2"/>
  <system-out/>
  <testcase name="hitUrlAndData" time="50.725" classname="web.mybizz.tests.ExtractData2"/>
  <system-out/>
  <testcase name="hitUrlAndData" time="49.678" classname="web.mybizz.tests.ExtractData2"/>
  <system-out/>
  <testcase name="hitUrlAndData" time="48.797" classname="web.mybizz.tests.ExtractData2"/>
  <system-out/>
  <testcase name="hitUrlAndData" time="49.197" classname="web.mybizz.tests.ExtractData2"/>
  <system-out/>
  <testcase name="hitUrlAndData" time="49.539" classname="web.mybizz.tests.ExtractData2"/>
  <system-out/>
  <testcase name="hitUrlAndData" time="90.562" classname="web.mybizz.tests.ExtractData2"/>
  <system-out/>
  <testcase name="hitUrlAndData" time="48.176" classname="web.mybizz.tests.ExtractData2"/>
  <system-out/>
  <testcase name="hitUrlAndData" time="48.488" classname="web.mybizz.tests.ExtractData2"/>
  <system-out/>
  <testcase name="hitUrlAndData" time="48.753" classname="web.mybizz.tests.ExtractData2"/>
  <system-out/>
  <testcase name="hitUrlAndData" time="46.752" classname="web.mybizz.tests.ExtractData2"/>
  <system-out/>
  <testcase name="hitUrlAndData" time="48.706" classname="web.mybizz.tests.ExtractData2"/>
  <system-out/>
  <testcase name="hitUrlAndData" time="47.181" classname="web.mybizz.tests.ExtractData2"/>
  <system-out/>
  <testcase name="hitUrlAndData" time="47.693" classname="web.mybizz.tests.ExtractData2"/>
  <system-out/>
  <testcase name="hitUrlAndData" time="48.279" classname="web.mybizz.tests.ExtractData2"/>
  <system-out/>
  <testcase name="hitUrlAndData" time="67.380" classname="web.mybizz.tests.ExtractData2"/>
  <system-out/>
  <testcase name="hitUrlAndData" time="48.741" classname="web.mybizz.tests.ExtractData2"/>
  <system-out/>
  <testcase name="hitUrlAndData" time="3.081" classname="web.mybizz.tests.ExtractData2">
    <error type="org.openqa.selenium.InvalidArgumentException" message="invalid argument
  (Session info: chrome=123.0.6270.0)
Build info: version: &#039;4.12.1&#039;, revision: &#039;8e34639b11&#039;
System info: os.name: &#039;Windows 10&#039;, os.arch: &#039;amd64&#039;, os.version: &#039;10.0&#039;, java.version: &#039;1.8.0_202&#039;
Driver info: org.openqa.selenium.chrome.ChromeDriver
Command: [0f82e4fe2172000814e5165fa8fcf25e, get {url=makemytrip.com/hotels/hotel-details/?checkin=02282024&amp;checkout=02292024&amp;locusId=CTAMD&amp;locusType=city&amp;city=CTAMD&amp;country=IN&amp;searchText=Kanak%20Beacon%20Hotel%20-%20Ashram%20Road%2C%20Ahmedabad%2C%20Ahmedabad%2C%20Gujarat&amp;roomStayQualifier=1e0e&amp;_uCurrency=INR&amp;reference=hotel&amp;hotelId=202103311331145628&amp;rf=directSearch&amp;lat=23.04674&amp;lng=72.57029&amp;mpo=true&amp;type=hotel&amp;rsc=1e1e0e}]
Capabilities {acceptInsecureCerts: false, browserName: chrome, browserVersion: 123.0.6270.0, chrome: {chromedriverVersion: 123.0.6262.5 (9dc6c13abeee0..., userDataDir: C:\Windows\SystemTemp\scope...}, fedcm:accounts: true, goog:chromeOptions: {debuggerAddress: localhost:55183}, networkConnectionEnabled: false, pageLoadStrategy: normal, platformName: windows, proxy: Proxy(), se:cdp: ws://localhost:55183/devtoo..., se:cdpVersion: 123.0.6270.0, setWindowRect: true, strictFileInteractability: false, timeouts: {implicit: 0, pageLoad: 300000, script: 30000}, unhandledPromptBehavior: dismiss and notify, webauthn:extension:credBlob: true, webauthn:extension:largeBlob: true, webauthn:extension:minPinLength: true, webauthn:extension:prf: true, webauthn:virtualAuthenticators: true}
Session ID: 0f82e4fe2172000814e5165fa8fcf25e">
      <![CDATA[org.openqa.selenium.InvalidArgumentException: invalid argument
  (Session info: chrome=123.0.6270.0)
Build info: version: '4.12.1', revision: '8e34639b11'
System info: os.name: 'Windows 10', os.arch: 'amd64', os.version: '10.0', java.version: '1.8.0_202'
Driver info: org.openqa.selenium.chrome.ChromeDriver
Command: [0f82e4fe2172000814e5165fa8fcf25e, get {url=makemytrip.com/hotels/hotel-details/?checkin=02282024&checkout=02292024&locusId=CTAMD&locusType=city&city=CTAMD&country=IN&searchText=Kanak%20Beacon%20Hotel%20-%20Ashram%20Road%2C%20Ahmedabad%2C%20Ahmedabad%2C%20Gujarat&roomStayQualifier=1e0e&_uCurrency=INR&reference=hotel&hotelId=202103311331145628&rf=directSearch&lat=23.04674&lng=72.57029&mpo=true&type=hotel&rsc=1e1e0e}]
Capabilities {acceptInsecureCerts: false, browserName: chrome, browserVersion: 123.0.6270.0, chrome: {chromedriverVersion: 123.0.6262.5 (9dc6c13abeee0..., userDataDir: C:\Windows\SystemTemp\scope...}, fedcm:accounts: true, goog:chromeOptions: {debuggerAddress: localhost:55183}, networkConnectionEnabled: false, pageLoadStrategy: normal, platformName: windows, proxy: Proxy(), se:cdp: ws://localhost:55183/devtoo..., se:cdpVersion: 123.0.6270.0, setWindowRect: true, strictFileInteractability: false, timeouts: {implicit: 0, pageLoad: 300000, script: 30000}, unhandledPromptBehavior: dismiss and notify, webauthn:extension:credBlob: true, webauthn:extension:largeBlob: true, webauthn:extension:minPinLength: true, webauthn:extension:prf: true, webauthn:virtualAuthenticators: true}
Session ID: 0f82e4fe2172000814e5165fa8fcf25e
at sun.reflect.NativeConstructorAccessorImpl.newInstance0(Native Method)
at sun.reflect.NativeConstructorAccessorImpl.newInstance(NativeConstructorAccessorImpl.java:62)
at sun.reflect.DelegatingConstructorAccessorImpl.newInstance(DelegatingConstructorAccessorImpl.java:45)
at java.lang.reflect.Constructor.newInstance(Constructor.java:423)
at org.openqa.selenium.remote.codec.w3c.W3CHttpResponseCodec.createException(W3CHttpResponseCodec.java:200)
at org.openqa.selenium.remote.codec.w3c.W3CHttpResponseCodec.decode(W3CHttpResponseCodec.java:133)
at org.openqa.selenium.remote.codec.w3c.W3CHttpResponseCodec.decode(W3CHttpResponseCodec.java:52)
at org.openqa.selenium.remote.HttpCommandExecutor.execute(HttpCommandExecutor.java:191)
at org.openqa.selenium.remote.service.DriverCommandExecutor.invokeExecute(DriverCommandExecutor.java:196)
at org.openqa.selenium.remote.service.DriverCommandExecutor.execute(DriverCommandExecutor.java:171)
at org.openqa.selenium.remote.RemoteWebDriver.execute(RemoteWebDriver.java:602)
at org.openqa.selenium.remote.RemoteWebDriver.get(RemoteWebDriver.java:304)
at web.mybizz.tests.ExtractData2.hitUrlAndData(ExtractData2.java:68)
at sun.reflect.GeneratedMethodAccessor2.invoke(Unknown Source)
at sun.reflect.DelegatingMethodAccessorImpl.invoke(DelegatingMethodAccessorImpl.java:43)
at java.lang.reflect.Method.invoke(Method.java:498)
at org.testng.internal.MethodInvocationHelper.invokeMethod(MethodInvocationHelper.java:133)
at org.testng.internal.TestInvoker.invokeMethod(TestInvoker.java:598)
at org.testng.internal.TestInvoker.invokeTestMethod(TestInvoker.java:173)
at org.testng.internal.TestMethodWithDataProviderMethodWorker.call(TestMethodWithDataProviderMethodWorker.java:77)
at org.testng.internal.TestMethodWithDataProviderMethodWorker.call(TestMethodWithDataProviderMethodWorker.java:15)
at java.util.concurrent.FutureTask.run(FutureTask.java:266)
at java.util.concurrent.Executors$RunnableAdapter.call(Executors.java:511)
at java.util.concurrent.FutureTask.run(FutureTask.java:266)
at java.util.concurrent.ThreadPoolExecutor.runWorker(ThreadPoolExecutor.java:1149)
at java.util.concurrent.ThreadPoolExecutor$Worker.run(ThreadPoolExecutor.java:624)
at java.lang.Thread.run(Thread.java:748)
]]>
    </error>
  </testcase> <!-- hitUrlAndData -->
  <system-out/>
  <testcase name="hitUrlAndData" time="50.036" classname="web.mybizz.tests.ExtractData2"/>
  <system-out/>
  <testcase name="hitUrlAndData" time="33.550" classname="web.mybizz.tests.ExtractData2"/>
  <system-out/>
  <testcase name="hitUrlAndData" time="67.097" classname="web.mybizz.tests.ExtractData2"/>
  <system-out/>
  <testcase name="hitUrlAndData" time="50.546" classname="web.mybizz.tests.ExtractData2"/>
  <system-out/>
  <testcase name="hitUrlAndData" time="67.423" classname="web.mybizz.tests.ExtractData2"/>
  <system-out/>
  <testcase name="hitUrlAndData" time="48.811" classname="web.mybizz.tests.ExtractData2"/>
  <system-out/>
  <testcase name="hitUrlAndData" time="67.227" classname="web.mybizz.tests.ExtractData2"/>
  <system-out/>
  <testcase name="hitUrlAndData" time="68.007" classname="web.mybizz.tests.ExtractData2"/>
  <system-out/>
  <testcase name="hitUrlAndData" time="46.283" classname="web.mybizz.tests.ExtractData2"/>
  <system-out/>
  <testcase name="hitUrlAndData" time="67.588" classname="web.mybizz.tests.ExtractData2"/>
  <system-out/>
  <testcase name="hitUrlAndData" time="48.181" classname="web.mybizz.tests.ExtractData2"/>
  <system-out/>
  <testcase name="hitUrlAndData" time="66.896" classname="web.mybizz.tests.ExtractData2"/>
  <system-out/>
  <testcase name="hitUrlAndData" time="67.639" classname="web.mybizz.tests.ExtractData2"/>
  <system-out/>
  <testcase name="hitUrlAndData" time="49.419" classname="web.mybizz.tests.ExtractData2"/>
  <system-out/>
  <testcase name="hitUrlAndData" time="68.413" classname="web.mybizz.tests.ExtractData2"/>
  <system-out/>
  <testcase name="hitUrlAndData" time="48.157" classname="web.mybizz.tests.ExtractData2"/>
  <system-out/>
  <testcase name="hitUrlAndData" time="48.902" classname="web.mybizz.tests.ExtractData2"/>
  <system-out/>
  <testcase name="hitUrlAndData" time="68.420" classname="web.mybizz.tests.ExtractData2"/>
  <system-out/>
  <testcase name="hitUrlAndData" time="67.087" classname="web.mybizz.tests.ExtractData2"/>
  <system-out/>
  <testcase name="hitUrlAndData" time="69.023" classname="web.mybizz.tests.ExtractData2"/>
  <system-out/>
  <testcase name="hitUrlAndData" time="48.076" classname="web.mybizz.tests.ExtractData2"/>
  <system-out/>
  <testcase name="hitUrlAndData" time="46.927" classname="web.mybizz.tests.ExtractData2"/>
  <system-out/>
  <testcase name="hitUrlAndData" time="52.829" classname="web.mybizz.tests.ExtractData2"/>
  <system-out/>
  <testcase name="hitUrlAndData" time="48.708" classname="web.mybizz.tests.ExtractData2"/>
  <system-out/>
  <testcase name="hitUrlAndData" time="47.645" classname="web.mybizz.tests.ExtractData2"/>
  <system-out/>
  <testcase name="hitUrlAndData" time="48.762" classname="web.mybizz.tests.ExtractData2"/>
  <system-out/>
  <testcase name="hitUrlAndData" time="49.619" classname="web.mybizz.tests.ExtractData2"/>
  <system-out/>
  <testcase name="hitUrlAndData" time="66.278" classname="web.mybizz.tests.ExtractData2"/>
  <system-out/>
  <testcase name="hitUrlAndData" time="50.247" classname="web.mybizz.tests.ExtractData2"/>
  <system-out/>
  <testcase name="hitUrlAndData" time="89.104" classname="web.mybizz.tests.ExtractData2"/>
  <system-out/>
  <testcase name="hitUrlAndData" time="47.663" classname="web.mybizz.tests.ExtractData2"/>
  <system-out/>
  <testcase name="hitUrlAndData" time="50.371" classname="web.mybizz.tests.ExtractData2"/>
  <system-out/>
  <testcase name="hitUrlAndData" time="48.489" classname="web.mybizz.tests.ExtractData2"/>
  <system-out/>
  <testcase name="hitUrlAndData" time="52.307" classname="web.mybizz.tests.ExtractData2"/>
  <system-out/>
  <testcase name="hitUrlAndData" time="48.525" classname="web.mybizz.tests.ExtractData2"/>
  <system-out/>
  <testcase name="hitUrlAndData" time="48.550" classname="web.mybizz.tests.ExtractData2"/>
  <system-out/>
  <testcase name="hitUrlAndData" time="70.243" classname="web.mybizz.tests.ExtractData2"/>
  <system-out/>
  <testcase name="hitUrlAndData" time="68.179" classname="web.mybizz.tests.ExtractData2"/>
  <system-out/>
  <testcase name="hitUrlAndData" time="47.726" classname="web.mybizz.tests.ExtractData2"/>
  <system-out/>
  <testcase name="hitUrlAndData" time="68.724" classname="web.mybizz.tests.ExtractData2"/>
  <system-out/>
  <testcase name="hitUrlAndData" time="49.933" classname="web.mybizz.tests.ExtractData2"/>
  <system-out/>
  <testcase name="hitUrlAndData" time="48.257" classname="web.mybizz.tests.ExtractData2"/>
  <system-out/>
  <testcase name="hitUrlAndData" time="66.702" classname="web.mybizz.tests.ExtractData2"/>
  <system-out/>
  <testcase name="hitUrlAndData" time="67.753" classname="web.mybizz.tests.ExtractData2"/>
  <system-out/>
  <testcase name="hitUrlAndData" time="48.446" classname="web.mybizz.tests.ExtractData2"/>
  <system-out/>
  <testcase name="hitUrlAndData" time="66.610" classname="web.mybizz.tests.ExtractData2"/>
  <system-out/>
  <testcase name="hitUrlAndData" time="48.346" classname="web.mybizz.tests.ExtractData2"/>
  <system-out/>
  <testcase name="hitUrlAndData" time="67.663" classname="web.mybizz.tests.ExtractData2"/>
  <system-out/>
  <testcase name="hitUrlAndData" time="48.965" classname="web.mybizz.tests.ExtractData2"/>
  <system-out/>
  <testcase name="hitUrlAndData" time="48.020" classname="web.mybizz.tests.ExtractData2"/>
  <system-out/>
  <testcase name="hitUrlAndData" time="48.157" classname="web.mybizz.tests.ExtractData2"/>
  <system-out/>
  <testcase name="hitUrlAndData" time="48.236" classname="web.mybizz.tests.ExtractData2"/>
  <system-out/>
  <testcase name="hitUrlAndData" time="48.869" classname="web.mybizz.tests.ExtractData2"/>
  <system-out/>
  <testcase name="hitUrlAndData" time="67.909" classname="web.mybizz.tests.ExtractData2"/>
  <system-out/>
  <testcase name="hitUrlAndData" time="49.705" classname="web.mybizz.tests.ExtractData2"/>
  <system-out/>
  <testcase name="hitUrlAndData" time="49.423" classname="web.mybizz.tests.ExtractData2"/>
  <system-out/>
  <testcase name="hitUrlAndData" time="46.900" classname="web.mybizz.tests.ExtractData2"/>
  <system-out/>
  <testcase name="hitUrlAndData" time="48.812" classname="web.mybizz.tests.ExtractData2"/>
  <system-out/>
  <testcase name="hitUrlAndData" time="49.041" classname="web.mybizz.tests.ExtractData2"/>
  <system-out/>
  <testcase name="hitUrlAndData" time="49.511" classname="web.mybizz.tests.ExtractData2"/>
  <system-out/>
  <testcase name="hitUrlAndData" time="49.970" classname="web.mybizz.tests.ExtractData2"/>
  <system-out/>
  <testcase name="hitUrlAndData" time="66.848" classname="web.mybizz.tests.ExtractData2"/>
  <system-out/>
  <testcase name="hitUrlAndData" time="47.891" classname="web.mybizz.tests.ExtractData2"/>
  <system-out/>
  <testcase name="hitUrlAndData" time="50.084" classname="web.mybizz.tests.ExtractData2"/>
  <system-out/>
  <testcase name="hitUrlAndData" time="49.072" classname="web.mybizz.tests.ExtractData2"/>
  <system-out/>
  <testcase name="hitUrlAndData" time="48.967" classname="web.mybizz.tests.ExtractData2"/>
  <system-out/>
  <testcase name="hitUrlAndData" time="66.892" classname="web.mybizz.tests.ExtractData2"/>
  <system-out/>
  <testcase name="hitUrlAndData" time="49.274" classname="web.mybizz.tests.ExtractData2"/>
  <system-out/>
  <testcase name="hitUrlAndData" time="48.071" classname="web.mybizz.tests.ExtractData2"/>
  <system-out/>
  <testcase name="hitUrlAndData" time="47.526" classname="web.mybizz.tests.ExtractData2"/>
  <system-out/>
  <testcase name="hitUrlAndData" time="48.987" classname="web.mybizz.tests.ExtractData2"/>
  <system-out/>
  <testcase name="hitUrlAndData" time="49.190" classname="web.mybizz.tests.ExtractData2"/>
  <system-out/>
  <testcase name="hitUrlAndData" time="46.684" classname="web.mybizz.tests.ExtractData2"/>
  <system-out/>
  <testcase name="hitUrlAndData" time="48.379" classname="web.mybizz.tests.ExtractData2"/>
  <system-out/>
  <testcase name="hitUrlAndData" time="48.345" classname="web.mybizz.tests.ExtractData2"/>
  <system-out/>
  <testcase name="hitUrlAndData" time="49.229" classname="web.mybizz.tests.ExtractData2"/>
  <system-out/>
  <testcase name="hitUrlAndData" time="49.101" classname="web.mybizz.tests.ExtractData2"/>
  <system-out/>
  <testcase name="hitUrlAndData" time="68.102" classname="web.mybizz.tests.ExtractData2"/>
  <system-out/>
  <testcase name="hitUrlAndData" time="88.947" classname="web.mybizz.tests.ExtractData2"/>
  <system-out/>
  <testcase name="hitUrlAndData" time="48.312" classname="web.mybizz.tests.ExtractData2"/>
  <system-out/>
  <testcase name="hitUrlAndData" time="66.773" classname="web.mybizz.tests.ExtractData2"/>
  <system-out/>
  <testcase name="hitUrlAndData" time="67.322" classname="web.mybizz.tests.ExtractData2"/>
  <system-out/>
  <testcase name="hitUrlAndData" time="48.054" classname="web.mybizz.tests.ExtractData2"/>
  <system-out/>
  <testcase name="hitUrlAndData" time="53.555" classname="web.mybizz.tests.ExtractData2"/>
  <system-out/>
  <testcase name="hitUrlAndData" time="50.126" classname="web.mybizz.tests.ExtractData2"/>
  <system-out/>
  <testcase name="hitUrlAndData" time="48.512" classname="web.mybizz.tests.ExtractData2"/>
  <system-out/>
  <testcase name="hitUrlAndData" time="50.042" classname="web.mybizz.tests.ExtractData2"/>
  <system-out/>
  <testcase name="hitUrlAndData" time="47.064" classname="web.mybizz.tests.ExtractData2"/>
  <system-out/>
  <testcase name="hitUrlAndData" time="48.672" classname="web.mybizz.tests.ExtractData2"/>
  <system-out/>
  <testcase name="hitUrlAndData" time="48.024" classname="web.mybizz.tests.ExtractData2"/>
  <system-out/>
  <testcase name="hitUrlAndData" time="47.633" classname="web.mybizz.tests.ExtractData2"/>
  <system-out/>
  <testcase name="hitUrlAndData" time="66.898" classname="web.mybizz.tests.ExtractData2"/>
  <system-out/>
  <testcase name="hitUrlAndData" time="85.810" classname="web.mybizz.tests.ExtractData2"/>
  <system-out/>
  <testcase name="hitUrlAndData" time="49.211" classname="web.mybizz.tests.ExtractData2"/>
  <system-out/>
  <testcase name="hitUrlAndData" time="87.863" classname="web.mybizz.tests.ExtractData2"/>
  <system-out/>
  <testcase name="hitUrlAndData" time="68.061" classname="web.mybizz.tests.ExtractData2"/>
  <system-out/>
  <testcase name="hitUrlAndData" time="46.271" classname="web.mybizz.tests.ExtractData2"/>
  <system-out/>
  <testcase name="hitUrlAndData" time="48.327" classname="web.mybizz.tests.ExtractData2"/>
  <system-out/>
  <testcase name="hitUrlAndData" time="48.132" classname="web.mybizz.tests.ExtractData2"/>
  <system-out/>
  <testcase name="hitUrlAndData" time="49.649" classname="web.mybizz.tests.ExtractData2"/>
  <system-out/>
  <testcase name="hitUrlAndData" time="68.008" classname="web.mybizz.tests.ExtractData2"/>
  <system-out/>
  <testcase name="hitUrlAndData" time="49.966" classname="web.mybizz.tests.ExtractData2"/>
  <system-out/>
  <testcase name="hitUrlAndData" time="47.753" classname="web.mybizz.tests.ExtractData2"/>
  <system-out/>
  <testcase name="hitUrlAndData" time="48.048" classname="web.mybizz.tests.ExtractData2"/>
  <system-out/>
  <testcase name="hitUrlAndData" time="49.284" classname="web.mybizz.tests.ExtractData2"/>
  <system-out/>
  <testcase name="hitUrlAndData" time="68.003" classname="web.mybizz.tests.ExtractData2"/>
  <system-out/>
  <testcase name="hitUrlAndData" time="49.268" classname="web.mybizz.tests.ExtractData2"/>
  <system-out/>
  <testcase name="hitUrlAndData" time="67.320" classname="web.mybizz.tests.ExtractData2"/>
  <system-out/>
  <testcase name="hitUrlAndData" time="64.894" classname="web.mybizz.tests.ExtractData2"/>
  <system-out/>
  <testcase name="hitUrlAndData" time="66.776" classname="web.mybizz.tests.ExtractData2"/>
  <system-out/>
  <testcase name="hitUrlAndData" time="51.603" classname="web.mybizz.tests.ExtractData2"/>
  <system-out/>
  <testcase name="hitUrlAndData" time="51.184" classname="web.mybizz.tests.ExtractData2"/>
  <system-out/>
  <testcase name="hitUrlAndData" time="48.688" classname="web.mybizz.tests.ExtractData2"/>
  <system-out/>
  <testcase name="hitUrlAndData" time="48.961" classname="web.mybizz.tests.ExtractData2"/>
  <system-out/>
  <testcase name="hitUrlAndData" time="66.917" classname="web.mybizz.tests.ExtractData2"/>
  <system-out/>
  <testcase name="hitUrlAndData" time="47.812" classname="web.mybizz.tests.ExtractData2"/>
  <system-out/>
  <testcase name="hitUrlAndData" time="48.823" classname="web.mybizz.tests.ExtractData2"/>
  <system-out/>
  <testcase name="hitUrlAndData" time="46.379" classname="web.mybizz.tests.ExtractData2"/>
  <system-out/>
  <testcase name="hitUrlAndData" time="48.452" classname="web.mybizz.tests.ExtractData2"/>
  <system-out/>
  <testcase name="hitUrlAndData" time="67.700" classname="web.mybizz.tests.ExtractData2"/>
  <system-out/>
  <testcase name="hitUrlAndData" time="67.198" classname="web.mybizz.tests.ExtractData2"/>
  <system-out/>
  <testcase name="hitUrlAndData" time="51.218" classname="web.mybizz.tests.ExtractData2"/>
  <system-out/>
  <testcase name="hitUrlAndData" time="47.185" classname="web.mybizz.tests.ExtractData2"/>
  <system-out/>
  <testcase name="hitUrlAndData" time="47.915" classname="web.mybizz.tests.ExtractData2"/>
  <system-out/>
  <testcase name="hitUrlAndData" time="47.269" classname="web.mybizz.tests.ExtractData2"/>
  <system-out/>
  <testcase name="hitUrlAndData" time="49.103" classname="web.mybizz.tests.ExtractData2"/>
  <system-out/>
  <testcase name="hitUrlAndData" time="47.612" classname="web.mybizz.tests.ExtractData2"/>
  <system-out/>
  <testcase name="hitUrlAndData" time="48.485" classname="web.mybizz.tests.ExtractData2"/>
  <system-out/>
  <testcase name="hitUrlAndData" time="88.189" classname="web.mybizz.tests.ExtractData2"/>
  <system-out/>
  <testcase name="hitUrlAndData" time="49.080" classname="web.mybizz.tests.ExtractData2"/>
  <system-out/>
  <testcase name="hitUrlAndData" time="48.553" classname="web.mybizz.tests.ExtractData2"/>
  <system-out/>
  <testcase name="hitUrlAndData" time="49.570" classname="web.mybizz.tests.ExtractData2"/>
  <system-out/>
  <testcase name="hitUrlAndData" time="48.837" classname="web.mybizz.tests.ExtractData2"/>
  <system-out/>
  <testcase name="hitUrlAndData" time="48.000" classname="web.mybizz.tests.ExtractData2"/>
  <system-out/>
  <testcase name="hitUrlAndData" time="52.075" classname="web.mybizz.tests.ExtractData2"/>
  <system-out/>
  <testcase name="hitUrlAndData" time="50.955" classname="web.mybizz.tests.ExtractData2"/>
  <system-out/>
  <testcase name="hitUrlAndData" time="50.968" classname="web.mybizz.tests.ExtractData2"/>
  <system-out/>
  <testcase name="hitUrlAndData" time="87.161" classname="web.mybizz.tests.ExtractData2"/>
  <system-out/>
  <testcase name="hitUrlAndData" time="48.253" classname="web.mybizz.tests.ExtractData2"/>
  <system-out/>
  <testcase name="hitUrlAndData" time="49.214" classname="web.mybizz.tests.ExtractData2"/>
  <system-out/>
  <testcase name="hitUrlAndData" time="49.595" classname="web.mybizz.tests.ExtractData2"/>
  <system-out/>
  <testcase name="hitUrlAndData" time="66.992" classname="web.mybizz.tests.ExtractData2"/>
  <system-out/>
  <testcase name="hitUrlAndData" time="47.477" classname="web.mybizz.tests.ExtractData2"/>
  <system-out/>
  <testcase name="hitUrlAndData" time="49.553" classname="web.mybizz.tests.ExtractData2"/>
  <system-out/>
  <testcase name="hitUrlAndData" time="48.511" classname="web.mybizz.tests.ExtractData2"/>
  <system-out/>
  <testcase name="hitUrlAndData" time="48.481" classname="web.mybizz.tests.ExtractData2"/>
  <system-out/>
  <testcase name="hitUrlAndData" time="68.150" classname="web.mybizz.tests.ExtractData2"/>
  <system-out/>
  <testcase name="hitUrlAndData" time="88.607" classname="web.mybizz.tests.ExtractData2"/>
  <system-out/>
  <testcase name="hitUrlAndData" time="47.724" classname="web.mybizz.tests.ExtractData2"/>
  <system-out/>
  <testcase name="hitUrlAndData" time="66.373" classname="web.mybizz.tests.ExtractData2"/>
  <system-out/>
  <testcase name="hitUrlAndData" time="67.564" classname="web.mybizz.tests.ExtractData2"/>
  <system-out/>
  <testcase name="hitUrlAndData" time="50.550" classname="web.mybizz.tests.ExtractData2"/>
  <system-out/>
  <testcase name="hitUrlAndData" time="48.967" classname="web.mybizz.tests.ExtractData2"/>
  <system-out/>
  <testcase name="hitUrlAndData" time="49.341" classname="web.mybizz.tests.ExtractData2"/>
  <system-out/>
  <testcase name="hitUrlAndData" time="50.353" classname="web.mybizz.tests.ExtractData2"/>
  <system-out/>
  <testcase name="hitUrlAndData" time="66.635" classname="web.mybizz.tests.ExtractData2"/>
  <system-out/>
  <testcase name="hitUrlAndData" time="66.881" classname="web.mybizz.tests.ExtractData2"/>
  <system-out/>
  <testcase name="hitUrlAndData" time="48.331" classname="web.mybizz.tests.ExtractData2"/>
  <system-out/>
  <testcase name="hitUrlAndData" time="48.718" classname="web.mybizz.tests.ExtractData2"/>
  <system-out/>
  <testcase name="hitUrlAndData" time="68.212" classname="web.mybizz.tests.ExtractData2"/>
  <system-out/>
  <testcase name="hitUrlAndData" time="87.634" classname="web.mybizz.tests.ExtractData2"/>
  <system-out/>
  <testcase name="hitUrlAndData" time="66.474" classname="web.mybizz.tests.ExtractData2"/>
  <system-out/>
  <testcase name="hitUrlAndData" time="49.995" classname="web.mybizz.tests.ExtractData2"/>
  <system-out/>
  <testcase name="hitUrlAndData" time="50.867" classname="web.mybizz.tests.ExtractData2"/>
  <system-out/>
  <testcase name="hitUrlAndData" time="48.527" classname="web.mybizz.tests.ExtractData2"/>
  <system-out/>
  <testcase name="hitUrlAndData" time="48.148" classname="web.mybizz.tests.ExtractData2"/>
  <system-out/>
  <testcase name="hitUrlAndData" time="89.300" classname="web.mybizz.tests.ExtractData2"/>
  <system-out/>
  <testcase name="hitUrlAndData" time="67.745" classname="web.mybizz.tests.ExtractData2"/>
  <system-out/>
  <testcase name="hitUrlAndData" time="48.580" classname="web.mybizz.tests.ExtractData2"/>
  <system-out/>
  <testcase name="hitUrlAndData" time="48.745" classname="web.mybizz.tests.ExtractData2"/>
  <system-out/>
  <testcase name="hitUrlAndData" time="47.471" classname="web.mybizz.tests.ExtractData2"/>
  <system-out/>
  <testcase name="hitUrlAndData" time="47.962" classname="web.mybizz.tests.ExtractData2"/>
  <system-out/>
  <testcase name="hitUrlAndData" time="78.695" classname="web.mybizz.tests.ExtractData2"/>
  <system-out/>
  <testcase name="hitUrlAndData" time="48.927" classname="web.mybizz.tests.ExtractData2"/>
  <system-out/>
  <testcase name="hitUrlAndData" time="48.257" classname="web.mybizz.tests.ExtractData2"/>
  <system-out/>
  <testcase name="hitUrlAndData" time="48.672" classname="web.mybizz.tests.ExtractData2"/>
  <system-out/>
  <testcase name="hitUrlAndData" time="50.234" classname="web.mybizz.tests.ExtractData2"/>
  <system-out/>
  <testcase name="hitUrlAndData" time="48.684" classname="web.mybizz.tests.ExtractData2"/>
  <system-out/>
  <testcase name="hitUrlAndData" time="88.138" classname="web.mybizz.tests.ExtractData2"/>
  <system-out/>
  <testcase name="hitUrlAndData" time="47.038" classname="web.mybizz.tests.ExtractData2"/>
  <system-out/>
  <testcase name="hitUrlAndData" time="51.001" classname="web.mybizz.tests.ExtractData2"/>
  <system-out/>
  <testcase name="hitUrlAndData" time="47.906" classname="web.mybizz.tests.ExtractData2"/>
  <system-out/>
  <testcase name="hitUrlAndData" time="50.541" classname="web.mybizz.tests.ExtractData2"/>
  <system-out/>
  <testcase name="hitUrlAndData" time="48.627" classname="web.mybizz.tests.ExtractData2"/>
  <system-out/>
  <testcase name="hitUrlAndData" time="52.932" classname="web.mybizz.tests.ExtractData2"/>
  <system-out/>
  <testcase name="hitUrlAndData" time="66.795" classname="web.mybizz.tests.ExtractData2"/>
  <system-out/>
  <testcase name="hitUrlAndData" time="28.845" classname="web.mybizz.tests.ExtractData2"/>
  <system-out/>
  <testcase name="hitUrlAndData" time="47.299" classname="web.mybizz.tests.ExtractData2"/>
  <system-out/>
  <testcase name="hitUrlAndData" time="49.353" classname="web.mybizz.tests.ExtractData2"/>
  <system-out/>
  <testcase name="hitUrlAndData" time="90.347" classname="web.mybizz.tests.ExtractData2"/>
  <system-out/>
  <testcase name="hitUrlAndData" time="48.874" classname="web.mybizz.tests.ExtractData2"/>
  <system-out/>
  <testcase name="hitUrlAndData" time="48.443" classname="web.mybizz.tests.ExtractData2"/>
  <system-out/>
  <testcase name="hitUrlAndData" time="48.131" classname="web.mybizz.tests.ExtractData2"/>
  <system-out/>
  <testcase name="hitUrlAndData" time="47.322" classname="web.mybizz.tests.ExtractData2"/>
  <system-out/>
  <testcase name="hitUrlAndData" time="66.713" classname="web.mybizz.tests.ExtractData2"/>
  <system-out/>
  <testcase name="hitUrlAndData" time="66.773" classname="web.mybizz.tests.ExtractData2"/>
  <system-out/>
  <testcase name="hitUrlAndData" time="48.972" classname="web.mybizz.tests.ExtractData2"/>
  <system-out/>
  <testcase name="hitUrlAndData" time="49.883" classname="web.mybizz.tests.ExtractData2"/>
  <system-out/>
  <testcase name="hitUrlAndData" time="48.217" classname="web.mybizz.tests.ExtractData2"/>
  <system-out/>
  <testcase name="hitUrlAndData" time="48.617" classname="web.mybizz.tests.ExtractData2"/>
  <system-out/>
  <testcase name="hitUrlAndData" time="66.983" classname="web.mybizz.tests.ExtractData2"/>
  <system-out/>
  <testcase name="hitUrlAndData" time="67.266" classname="web.mybizz.tests.ExtractData2"/>
  <system-out/>
  <testcase name="hitUrlAndData" time="48.086" classname="web.mybizz.tests.ExtractData2"/>
  <system-out/>
  <testcase name="hitUrlAndData" time="70.010" classname="web.mybizz.tests.ExtractData2"/>
  <system-out/>
  <testcase name="hitUrlAndData" time="67.401" classname="web.mybizz.tests.ExtractData2"/>
  <system-out/>
  <testcase name="hitUrlAndData" time="88.375" classname="web.mybizz.tests.ExtractData2"/>
  <system-out/>
  <testcase name="hitUrlAndData" time="46.989" classname="web.mybizz.tests.ExtractData2"/>
  <system-out/>
  <testcase name="hitUrlAndData" time="49.661" classname="web.mybizz.tests.ExtractData2"/>
  <system-out/>
  <testcase name="hitUrlAndData" time="49.596" classname="web.mybizz.tests.ExtractData2"/>
  <system-out/>
  <testcase name="hitUrlAndData" time="47.270" classname="web.mybizz.tests.ExtractData2"/>
  <system-out/>
  <testcase name="hitUrlAndData" time="48.885" classname="web.mybizz.tests.ExtractData2"/>
  <system-out/>
  <testcase name="hitUrlAndData" time="68.573" classname="web.mybizz.tests.ExtractData2"/>
  <system-out/>
  <testcase name="hitUrlAndData" time="51.004" classname="web.mybizz.tests.ExtractData2"/>
  <system-out/>
  <testcase name="hitUrlAndData" time="68.166" classname="web.mybizz.tests.ExtractData2"/>
  <system-out/>
  <testcase name="hitUrlAndData" time="49.514" classname="web.mybizz.tests.ExtractData2"/>
  <system-out/>
  <testcase name="hitUrlAndData" time="50.393" classname="web.mybizz.tests.ExtractData2"/>
  <system-out/>
  <testcase name="hitUrlAndData" time="68.379" classname="web.mybizz.tests.ExtractData2"/>
  <system-out/>
  <testcase name="hitUrlAndData" time="52.566" classname="web.mybizz.tests.ExtractData2"/>
  <system-out/>
  <testcase name="hitUrlAndData" time="48.774" classname="web.mybizz.tests.ExtractData2"/>
  <system-out/>
  <testcase name="hitUrlAndData" time="48.097" classname="web.mybizz.tests.ExtractData2"/>
  <system-out/>
  <testcase name="hitUrlAndData" time="49.860" classname="web.mybizz.tests.ExtractData2"/>
  <system-out/>
  <testcase name="hitUrlAndData" time="48.227" classname="web.mybizz.tests.ExtractData2"/>
  <system-out/>
  <testcase name="hitUrlAndData" time="49.248" classname="web.mybizz.tests.ExtractData2"/>
  <system-out/>
  <testcase name="hitUrlAndData" time="47.429" classname="web.mybizz.tests.ExtractData2"/>
  <system-out/>
  <testcase name="hitUrlAndData" time="50.468" classname="web.mybizz.tests.ExtractData2"/>
  <system-out/>
  <testcase name="hitUrlAndData" time="47.388" classname="web.mybizz.tests.ExtractData2"/>
  <system-out/>
  <testcase name="hitUrlAndData" time="47.536" classname="web.mybizz.tests.ExtractData2"/>
  <system-out/>
  <testcase name="hitUrlAndData" time="48.075" classname="web.mybizz.tests.ExtractData2"/>
  <system-out/>
  <testcase name="hitUrlAndData" time="48.328" classname="web.mybizz.tests.ExtractData2"/>
  <system-out/>
  <testcase name="hitUrlAndData" time="67.838" classname="web.mybizz.tests.ExtractData2"/>
  <system-out/>
  <testcase name="hitUrlAndData" time="48.828" classname="web.mybizz.tests.ExtractData2"/>
  <system-out/>
  <testcase name="hitUrlAndData" time="49.753" classname="web.mybizz.tests.ExtractData2"/>
  <system-out/>
  <testcase name="hitUrlAndData" time="47.671" classname="web.mybizz.tests.ExtractData2"/>
  <system-out/>
  <testcase name="hitUrlAndData" time="49.205" classname="web.mybizz.tests.ExtractData2"/>
  <system-out/>
  <testcase name="hitUrlAndData" time="67.676" classname="web.mybizz.tests.ExtractData2"/>
  <system-out/>
  <testcase name="hitUrlAndData" time="68.451" classname="web.mybizz.tests.ExtractData2"/>
  <system-out/>
  <testcase name="hitUrlAndData" time="49.775" classname="web.mybizz.tests.ExtractData2"/>
  <system-out/>
  <testcase name="hitUrlAndData" time="51.568" classname="web.mybizz.tests.ExtractData2"/>
  <system-out/>
  <testcase name="hitUrlAndData" time="28.730" classname="web.mybizz.tests.ExtractData2"/>
  <system-out/>
  <testcase name="hitUrlAndData" time="50.234" classname="web.mybizz.tests.ExtractData2"/>
  <system-out/>
  <testcase name="hitUrlAndData" time="46.538" classname="web.mybizz.tests.ExtractData2"/>
  <system-out/>
  <testcase name="hitUrlAndData" time="48.495" classname="web.mybizz.tests.ExtractData2"/>
  <system-out/>
  <testcase name="hitUrlAndData" time="50.878" classname="web.mybizz.tests.ExtractData2"/>
  <system-out/>
  <testcase name="hitUrlAndData" time="66.429" classname="web.mybizz.tests.ExtractData2"/>
  <system-out/>
  <testcase name="hitUrlAndData" time="45.116" classname="web.mybizz.tests.ExtractData2"/>
  <system-out/>
  <testcase name="hitUrlAndData" time="47.261" classname="web.mybizz.tests.ExtractData2"/>
  <system-out/>
  <testcase name="hitUrlAndData" time="47.469" classname="web.mybizz.tests.ExtractData2"/>
  <system-out/>
  <testcase name="hitUrlAndData" time="47.655" classname="web.mybizz.tests.ExtractData2"/>
  <system-out/>
  <testcase name="hitUrlAndData" time="48.025" classname="web.mybizz.tests.ExtractData2"/>
  <system-out/>
  <testcase name="hitUrlAndData" time="68.716" classname="web.mybizz.tests.ExtractData2"/>
  <system-out/>
  <testcase name="hitUrlAndData" time="48.518" classname="web.mybizz.tests.ExtractData2"/>
  <system-out/>
  <testcase name="hitUrlAndData" time="68.094" classname="web.mybizz.tests.ExtractData2"/>
  <system-out/>
  <testcase name="hitUrlAndData" time="51.607" classname="web.mybizz.tests.ExtractData2"/>
  <system-out/>
  <testcase name="hitUrlAndData" time="48.822" classname="web.mybizz.tests.ExtractData2"/>
  <system-out/>
  <testcase name="hitUrlAndData" time="48.726" classname="web.mybizz.tests.ExtractData2"/>
  <system-out/>
  <testcase name="hitUrlAndData" time="48.951" classname="web.mybizz.tests.ExtractData2"/>
  <system-out/>
  <testcase name="hitUrlAndData" time="48.788" classname="web.mybizz.tests.ExtractData2"/>
  <system-out/>
  <testcase name="hitUrlAndData" time="48.433" classname="web.mybizz.tests.ExtractData2"/>
  <system-out/>
  <testcase name="hitUrlAndData" time="47.878" classname="web.mybizz.tests.ExtractData2"/>
  <system-out/>
  <testcase name="hitUrlAndData" time="46.862" classname="web.mybizz.tests.ExtractData2"/>
  <system-out/>
  <testcase name="hitUrlAndData" time="47.997" classname="web.mybizz.tests.ExtractData2"/>
  <system-out/>
  <testcase name="hitUrlAndData" time="48.515" classname="web.mybizz.tests.ExtractData2"/>
  <system-out/>
  <testcase name="hitUrlAndData" time="50.668" classname="web.mybizz.tests.ExtractData2"/>
  <system-out/>
  <testcase name="hitUrlAndData" time="51.196" classname="web.mybizz.tests.ExtractData2"/>
  <system-out/>
  <testcase name="hitUrlAndData" time="51.871" classname="web.mybizz.tests.ExtractData2"/>
  <system-out/>
  <testcase name="hitUrlAndData" time="49.319" classname="web.mybizz.tests.ExtractData2"/>
  <system-out/>
  <testcase name="hitUrlAndData" time="47.275" classname="web.mybizz.tests.ExtractData2"/>
  <system-out/>
  <testcase name="hitUrlAndData" time="48.222" classname="web.mybizz.tests.ExtractData2"/>
  <system-out/>
  <testcase name="hitUrlAndData" time="49.122" classname="web.mybizz.tests.ExtractData2"/>
  <system-out/>
  <testcase name="hitUrlAndData" time="68.034" classname="web.mybizz.tests.ExtractData2"/>
  <system-out/>
  <testcase name="hitUrlAndData" time="49.416" classname="web.mybizz.tests.ExtractData2"/>
  <system-out/>
  <testcase name="hitUrlAndData" time="48.029" classname="web.mybizz.tests.ExtractData2"/>
  <system-out/>
  <testcase name="hitUrlAndData" time="68.687" classname="web.mybizz.tests.ExtractData2"/>
  <system-out/>
  <testcase name="hitUrlAndData" time="67.675" classname="web.mybizz.tests.ExtractData2"/>
  <system-out/>
  <testcase name="hitUrlAndData" time="48.241" classname="web.mybizz.tests.ExtractData2"/>
  <system-out/>
  <testcase name="hitUrlAndData" time="67.021" classname="web.mybizz.tests.ExtractData2"/>
  <system-out/>
  <testcase name="hitUrlAndData" time="89.457" classname="web.mybizz.tests.ExtractData2"/>
  <system-out/>
  <testcase name="hitUrlAndData" time="48.862" classname="web.mybizz.tests.ExtractData2"/>
  <system-out/>
  <testcase name="hitUrlAndData" time="49.222" classname="web.mybizz.tests.ExtractData2"/>
  <system-out/>
  <testcase name="hitUrlAndData" time="50.212" classname="web.mybizz.tests.ExtractData2"/>
  <system-out/>
  <testcase name="hitUrlAndData" time="67.815" classname="web.mybizz.tests.ExtractData2"/>
  <system-out/>
  <testcase name="hitUrlAndData" time="46.607" classname="web.mybizz.tests.ExtractData2"/>
  <system-out/>
  <testcase name="hitUrlAndData" time="50.117" classname="web.mybizz.tests.ExtractData2"/>
  <system-out/>
  <testcase name="hitUrlAndData" time="67.330" classname="web.mybizz.tests.ExtractData2"/>
  <system-out/>
  <testcase name="hitUrlAndData" time="67.644" classname="web.mybizz.tests.ExtractData2"/>
  <system-out/>
  <testcase name="hitUrlAndData" time="47.920" classname="web.mybizz.tests.ExtractData2"/>
  <system-out/>
  <testcase name="hitUrlAndData" time="48.167" classname="web.mybizz.tests.ExtractData2"/>
  <system-out/>
  <testcase name="hitUrlAndData" time="50.029" classname="web.mybizz.tests.ExtractData2"/>
  <system-out/>
  <testcase name="hitUrlAndData" time="48.371" classname="web.mybizz.tests.ExtractData2"/>
  <system-out/>
  <testcase name="hitUrlAndData" time="90.714" classname="web.mybizz.tests.ExtractData2"/>
  <system-out/>
  <testcase name="hitUrlAndData" time="49.799" classname="web.mybizz.tests.ExtractData2"/>
  <system-out/>
  <testcase name="hitUrlAndData" time="52.702" classname="web.mybizz.tests.ExtractData2"/>
  <system-out/>
  <testcase name="hitUrlAndData" time="48.960" classname="web.mybizz.tests.ExtractData2"/>
  <system-out/>
  <testcase name="hitUrlAndData" time="90.634" classname="web.mybizz.tests.ExtractData2"/>
  <system-out/>
  <testcase name="hitUrlAndData" time="69.064" classname="web.mybizz.tests.ExtractData2"/>
  <system-out/>
  <testcase name="hitUrlAndData" time="47.700" classname="web.mybizz.tests.ExtractData2"/>
  <system-out/>
  <testcase name="hitUrlAndData" time="49.117" classname="web.mybizz.tests.ExtractData2"/>
  <system-out/>
  <testcase name="hitUrlAndData" time="47.225" classname="web.mybizz.tests.ExtractData2"/>
  <system-out/>
  <testcase name="hitUrlAndData" time="88.298" classname="web.mybizz.tests.ExtractData2"/>
  <system-out/>
  <testcase name="hitUrlAndData" time="49.624" classname="web.mybizz.tests.ExtractData2"/>
  <system-out/>
  <testcase name="hitUrlAndData" time="48.667" classname="web.mybizz.tests.ExtractData2"/>
  <system-out/>
  <testcase name="hitUrlAndData" time="49.235" classname="web.mybizz.tests.ExtractData2"/>
  <system-out/>
  <testcase name="hitUrlAndData" time="47.352" classname="web.mybizz.tests.ExtractData2"/>
  <system-out/>
  <testcase name="hitUrlAndData" time="68.107" classname="web.mybizz.tests.ExtractData2"/>
  <system-out/>
  <testcase name="hitUrlAndData" time="67.125" classname="web.mybizz.tests.ExtractData2"/>
  <system-out/>
  <testcase name="hitUrlAndData" time="49.237" classname="web.mybizz.tests.ExtractData2"/>
  <system-out/>
  <testcase name="hitUrlAndData" time="67.024" classname="web.mybizz.tests.ExtractData2"/>
  <system-out/>
  <testcase name="hitUrlAndData" time="49.407" classname="web.mybizz.tests.ExtractData2"/>
  <system-out/>
  <testcase name="hitUrlAndData" time="49.650" classname="web.mybizz.tests.ExtractData2"/>
  <system-out/>
  <testcase name="hitUrlAndData" time="68.352" classname="web.mybizz.tests.ExtractData2"/>
  <system-out/>
  <testcase name="hitUrlAndData" time="48.820" classname="web.mybizz.tests.ExtractData2"/>
  <system-out/>
  <testcase name="hitUrlAndData" time="48.628" classname="web.mybizz.tests.ExtractData2"/>
  <system-out/>
  <testcase name="hitUrlAndData" time="52.209" classname="web.mybizz.tests.ExtractData2"/>
  <system-out/>
  <testcase name="hitUrlAndData" time="48.936" classname="web.mybizz.tests.ExtractData2"/>
  <system-out/>
  <testcase name="hitUrlAndData" time="51.568" classname="web.mybizz.tests.ExtractData2"/>
  <system-out/>
  <testcase name="hitUrlAndData" time="48.876" classname="web.mybizz.tests.ExtractData2"/>
  <system-out/>
  <testcase name="hitUrlAndData" time="69.766" classname="web.mybizz.tests.ExtractData2"/>
  <system-out/>
  <testcase name="hitUrlAndData" time="66.688" classname="web.mybizz.tests.ExtractData2"/>
  <system-out/>
  <testcase name="hitUrlAndData" time="48.526" classname="web.mybizz.tests.ExtractData2"/>
  <system-out/>
  <testcase name="hitUrlAndData" time="52.238" classname="web.mybizz.tests.ExtractData2"/>
  <system-out/>
  <testcase name="hitUrlAndData" time="67.339" classname="web.mybizz.tests.ExtractData2"/>
  <system-out/>
  <testcase name="hitUrlAndData" time="48.035" classname="web.mybizz.tests.ExtractData2"/>
  <system-out/>
  <testcase name="hitUrlAndData" time="49.237" classname="web.mybizz.tests.ExtractData2"/>
  <system-out/>
  <testcase name="hitUrlAndData" time="68.115" classname="web.mybizz.tests.ExtractData2"/>
  <system-out/>
  <testcase name="hitUrlAndData" time="47.875" classname="web.mybizz.tests.ExtractData2"/>
  <system-out/>
  <testcase name="hitUrlAndData" time="48.064" classname="web.mybizz.tests.ExtractData2"/>
  <system-out/>
  <testcase name="hitUrlAndData" time="47.937" classname="web.mybizz.tests.ExtractData2"/>
  <system-out/>
  <testcase name="hitUrlAndData" time="47.052" classname="web.mybizz.tests.ExtractData2"/>
  <system-out/>
  <testcase name="hitUrlAndData" time="49.129" classname="web.mybizz.tests.ExtractData2"/>
  <system-out/>
  <testcase name="hitUrlAndData" time="48.414" classname="web.mybizz.tests.ExtractData2"/>
  <system-out/>
  <testcase name="hitUrlAndData" time="46.867" classname="web.mybizz.tests.ExtractData2"/>
  <system-out/>
  <testcase name="hitUrlAndData" time="49.081" classname="web.mybizz.tests.ExtractData2"/>
  <system-out/>
  <testcase name="hitUrlAndData" time="68.257" classname="web.mybizz.tests.ExtractData2"/>
  <system-out/>
  <testcase name="hitUrlAndData" time="68.870" classname="web.mybizz.tests.ExtractData2"/>
  <system-out/>
  <testcase name="hitUrlAndData" time="48.259" classname="web.mybizz.tests.ExtractData2"/>
  <system-out/>
  <testcase name="hitUrlAndData" time="47.970" classname="web.mybizz.tests.ExtractData2"/>
  <system-out/>
  <testcase name="hitUrlAndData" time="29.406" classname="web.mybizz.tests.ExtractData2"/>
  <system-out/>
  <testcase name="hitUrlAndData" time="49.238" classname="web.mybizz.tests.ExtractData2"/>
  <system-out/>
  <testcase name="hitUrlAndData" time="67.229" classname="web.mybizz.tests.ExtractData2"/>
  <system-out/>
  <testcase name="hitUrlAndData" time="49.027" classname="web.mybizz.tests.ExtractData2"/>
  <system-out/>
  <testcase name="hitUrlAndData" time="48.359" classname="web.mybizz.tests.ExtractData2"/>
  <system-out/>
  <testcase name="hitUrlAndData" time="48.329" classname="web.mybizz.tests.ExtractData2"/>
  <system-out/>
  <testcase name="hitUrlAndData" time="50.475" classname="web.mybizz.tests.ExtractData2"/>
  <system-out/>
  <testcase name="hitUrlAndData" time="48.695" classname="web.mybizz.tests.ExtractData2"/>
  <system-out/>
  <testcase name="hitUrlAndData" time="48.809" classname="web.mybizz.tests.ExtractData2"/>
  <system-out/>
  <testcase name="hitUrlAndData" time="67.158" classname="web.mybizz.tests.ExtractData2"/>
  <system-out/>
  <testcase name="hitUrlAndData" time="48.021" classname="web.mybizz.tests.ExtractData2"/>
  <system-out/>
  <testcase name="hitUrlAndData" time="51.952" classname="web.mybizz.tests.ExtractData2"/>
  <system-out/>
  <testcase name="hitUrlAndData" time="67.835" classname="web.mybizz.tests.ExtractData2"/>
  <system-out/>
  <testcase name="hitUrlAndData" time="49.364" classname="web.mybizz.tests.ExtractData2"/>
  <system-out/>
  <testcase name="hitUrlAndData" time="47.165" classname="web.mybizz.tests.ExtractData2"/>
  <system-out/>
  <testcase name="hitUrlAndData" time="68.052" classname="web.mybizz.tests.ExtractData2"/>
  <system-out/>
  <testcase name="hitUrlAndData" time="49.551" classname="web.mybizz.tests.ExtractData2"/>
  <system-out/>
  <testcase name="hitUrlAndData" time="47.901" classname="web.mybizz.tests.ExtractData2"/>
  <system-out/>
  <testcase name="hitUrlAndData" time="67.851" classname="web.mybizz.tests.ExtractData2"/>
  <system-out/>
  <testcase name="hitUrlAndData" time="48.320" classname="web.mybizz.tests.ExtractData2"/>
  <system-out/>
  <testcase name="hitUrlAndData" time="53.101" classname="web.mybizz.tests.ExtractData2"/>
  <system-out/>
  <testcase name="hitUrlAndData" time="88.693" classname="web.mybizz.tests.ExtractData2"/>
  <system-out/>
  <testcase name="hitUrlAndData" time="47.829" classname="web.mybizz.tests.ExtractData2"/>
  <system-out/>
  <testcase name="hitUrlAndData" time="67.964" classname="web.mybizz.tests.ExtractData2"/>
  <system-out/>
  <testcase name="hitUrlAndData" time="48.169" classname="web.mybizz.tests.ExtractData2"/>
  <system-out/>
  <testcase name="hitUrlAndData" time="51.122" classname="web.mybizz.tests.ExtractData2"/>
  <system-out/>
  <testcase name="hitUrlAndData" time="50.364" classname="web.mybizz.tests.ExtractData2"/>
  <system-out/>
  <testcase name="hitUrlAndData" time="67.145" classname="web.mybizz.tests.ExtractData2"/>
  <system-out/>
  <testcase name="hitUrlAndData" time="66.888" classname="web.mybizz.tests.ExtractData2"/>
  <system-out/>
  <testcase name="hitUrlAndData" time="49.999" classname="web.mybizz.tests.ExtractData2"/>
  <system-out/>
  <testcase name="hitUrlAndData" time="48.223" classname="web.mybizz.tests.ExtractData2"/>
  <system-out/>
  <testcase name="hitUrlAndData" time="48.856" classname="web.mybizz.tests.ExtractData2"/>
  <system-out/>
  <testcase name="hitUrlAndData" time="47.574" classname="web.mybizz.tests.ExtractData2"/>
  <system-out/>
  <testcase name="hitUrlAndData" time="66.279" classname="web.mybizz.tests.ExtractData2"/>
  <system-out/>
  <testcase name="hitUrlAndData" time="47.745" classname="web.mybizz.tests.ExtractData2"/>
  <system-out/>
  <testcase name="hitUrlAndData" time="49.324" classname="web.mybizz.tests.ExtractData2"/>
  <system-out/>
  <testcase name="hitUrlAndData" time="48.303" classname="web.mybizz.tests.ExtractData2"/>
  <system-out/>
  <testcase name="hitUrlAndData" time="49.576" classname="web.mybizz.tests.ExtractData2"/>
  <system-out/>
  <testcase name="hitUrlAndData" time="48.241" classname="web.mybizz.tests.ExtractData2"/>
  <system-out/>
  <testcase name="hitUrlAndData" time="47.156" classname="web.mybizz.tests.ExtractData2"/>
  <system-out/>
  <testcase name="hitUrlAndData" time="45.316" classname="web.mybizz.tests.ExtractData2"/>
  <system-out/>
  <testcase name="hitUrlAndData" time="48.864" classname="web.mybizz.tests.ExtractData2"/>
  <system-out/>
  <testcase name="hitUrlAndData" time="52.431" classname="web.mybizz.tests.ExtractData2"/>
  <system-out/>
  <testcase name="hitUrlAndData" time="48.241" classname="web.mybizz.tests.ExtractData2"/>
  <system-out/>
  <testcase name="hitUrlAndData" time="48.578" classname="web.mybizz.tests.ExtractData2"/>
  <system-out/>
  <testcase name="hitUrlAndData" time="88.637" classname="web.mybizz.tests.ExtractData2"/>
  <system-out/>
  <testcase name="hitUrlAndData" time="47.136" classname="web.mybizz.tests.ExtractData2"/>
  <system-out/>
  <testcase name="hitUrlAndData" time="67.810" classname="web.mybizz.tests.ExtractData2"/>
  <system-out/>
  <testcase name="hitUrlAndData" time="51.469" classname="web.mybizz.tests.ExtractData2"/>
  <system-out/>
  <testcase name="hitUrlAndData" time="54.318" classname="web.mybizz.tests.ExtractData2"/>
  <system-out/>
  <testcase name="hitUrlAndData" time="48.009" classname="web.mybizz.tests.ExtractData2"/>
  <system-out/>
  <testcase name="hitUrlAndData" time="49.015" classname="web.mybizz.tests.ExtractData2"/>
  <system-out/>
  <testcase name="hitUrlAndData" time="69.483" classname="web.mybizz.tests.ExtractData2"/>
  <system-out/>
  <testcase name="hitUrlAndData" time="49.673" classname="web.mybizz.tests.ExtractData2"/>
  <system-out/>
  <testcase name="hitUrlAndData" time="48.929" classname="web.mybizz.tests.ExtractData2"/>
  <system-out/>
  <testcase name="hitUrlAndData" time="67.597" classname="web.mybizz.tests.ExtractData2"/>
  <system-out/>
  <testcase name="hitUrlAndData" time="66.843" classname="web.mybizz.tests.ExtractData2"/>
  <system-out/>
  <testcase name="hitUrlAndData" time="49.062" classname="web.mybizz.tests.ExtractData2"/>
  <system-out/>
  <testcase name="hitUrlAndData" time="50.705" classname="web.mybizz.tests.ExtractData2"/>
  <system-out/>
  <testcase name="hitUrlAndData" time="47.230" classname="web.mybizz.tests.ExtractData2"/>
  <system-out/>
  <testcase name="hitUrlAndData" time="48.070" classname="web.mybizz.tests.ExtractData2"/>
  <system-out/>
  <testcase name="hitUrlAndData" time="68.497" classname="web.mybizz.tests.ExtractData2"/>
  <system-out/>
  <testcase name="hitUrlAndData" time="68.863" classname="web.mybizz.tests.ExtractData2"/>
  <system-out/>
  <testcase name="hitUrlAndData" time="3.120" classname="web.mybizz.tests.ExtractData2">
    <error type="java.lang.NullPointerException" message="null value in entry: url=null">
      <![CDATA[java.lang.NullPointerException: null value in entry: url=null
at com.google.common.collect.CollectPreconditions.checkEntryNotNull(CollectPreconditions.java:33)
at com.google.common.collect.SingletonImmutableBiMap.<init>(SingletonImmutableBiMap.java:43)
at com.google.common.collect.ImmutableBiMap.of(ImmutableBiMap.java:81)
at com.google.common.collect.ImmutableMap.of(ImmutableMap.java:126)
at org.openqa.selenium.remote.DriverCommand.GET(DriverCommand.java:191)
at org.openqa.selenium.remote.RemoteWebDriver.get(RemoteWebDriver.java:304)
at web.mybizz.tests.ExtractData2.hitUrlAndData(ExtractData2.java:68)
at sun.reflect.GeneratedMethodAccessor2.invoke(Unknown Source)
at sun.reflect.DelegatingMethodAccessorImpl.invoke(DelegatingMethodAccessorImpl.java:43)
at java.lang.reflect.Method.invoke(Method.java:498)
at org.testng.internal.MethodInvocationHelper.invokeMethod(MethodInvocationHelper.java:133)
at org.testng.internal.TestInvoker.invokeMethod(TestInvoker.java:598)
at org.testng.internal.TestInvoker.invokeTestMethod(TestInvoker.java:173)
at org.testng.internal.TestMethodWithDataProviderMethodWorker.call(TestMethodWithDataProviderMethodWorker.java:77)
at org.testng.internal.TestMethodWithDataProviderMethodWorker.call(TestMethodWithDataProviderMethodWorker.java:15)
at java.util.concurrent.FutureTask.run(FutureTask.java:266)
at java.util.concurrent.Executors$RunnableAdapter.call(Executors.java:511)
at java.util.concurrent.FutureTask.run(FutureTask.java:266)
at java.util.concurrent.ThreadPoolExecutor.runWorker(ThreadPoolExecutor.java:1149)
at java.util.concurrent.ThreadPoolExecutor$Worker.run(ThreadPoolExecutor.java:624)
at java.lang.Thread.run(Thread.java:748)
]]>
    </error>
  </testcase> <!-- hitUrlAndData -->
  <system-out/>
  <testcase name="hitUrlAndData" time="48.086" classname="web.mybizz.tests.ExtractData2"/>
  <system-out/>
  <testcase name="hitUrlAndData" time="48.116" classname="web.mybizz.tests.ExtractData2"/>
  <system-out/>
  <testcase name="hitUrlAndData" time="68.088" classname="web.mybizz.tests.ExtractData2"/>
  <system-out/>
  <testcase name="hitUrlAndData" time="50.069" classname="web.mybizz.tests.ExtractData2"/>
  <system-out/>
  <testcase name="hitUrlAndData" time="47.209" classname="web.mybizz.tests.ExtractData2"/>
  <system-out/>
  <testcase name="hitUrlAndData" time="48.060" classname="web.mybizz.tests.ExtractData2"/>
  <system-out/>
  <testcase name="hitUrlAndData" time="48.047" classname="web.mybizz.tests.ExtractData2"/>
  <system-out/>
  <testcase name="hitUrlAndData" time="50.629" classname="web.mybizz.tests.ExtractData2"/>
  <system-out/>
  <testcase name="hitUrlAndData" time="49.579" classname="web.mybizz.tests.ExtractData2"/>
  <system-out/>
  <testcase name="hitUrlAndData" time="67.948" classname="web.mybizz.tests.ExtractData2"/>
  <system-out/>
  <testcase name="hitUrlAndData" time="66.690" classname="web.mybizz.tests.ExtractData2"/>
  <system-out/>
  <testcase name="hitUrlAndData" time="50.205" classname="web.mybizz.tests.ExtractData2"/>
  <system-out/>
  <testcase name="hitUrlAndData" time="48.918" classname="web.mybizz.tests.ExtractData2"/>
  <system-out/>
  <testcase name="hitUrlAndData" time="48.494" classname="web.mybizz.tests.ExtractData2"/>
  <system-out/>
  <testcase name="hitUrlAndData" time="68.073" classname="web.mybizz.tests.ExtractData2"/>
  <system-out/>
  <testcase name="hitUrlAndData" time="48.459" classname="web.mybizz.tests.ExtractData2"/>
  <system-out/>
  <testcase name="hitUrlAndData" time="47.349" classname="web.mybizz.tests.ExtractData2"/>
  <system-out/>
  <testcase name="hitUrlAndData" time="46.338" classname="web.mybizz.tests.ExtractData2"/>
  <system-out/>
  <testcase name="hitUrlAndData" time="47.742" classname="web.mybizz.tests.ExtractData2"/>
  <system-out/>
  <testcase name="hitUrlAndData" time="49.778" classname="web.mybizz.tests.ExtractData2"/>
  <system-out/>
  <testcase name="hitUrlAndData" time="68.144" classname="web.mybizz.tests.ExtractData2"/>
  <system-out/>
  <testcase name="hitUrlAndData" time="88.305" classname="web.mybizz.tests.ExtractData2"/>
  <system-out/>
  <testcase name="hitUrlAndData" time="47.191" classname="web.mybizz.tests.ExtractData2"/>
  <system-out/>
  <testcase name="hitUrlAndData" time="50.674" classname="web.mybizz.tests.ExtractData2"/>
  <system-out/>
  <testcase name="hitUrlAndData" time="88.677" classname="web.mybizz.tests.ExtractData2"/>
  <system-out/>
  <testcase name="hitUrlAndData" time="49.852" classname="web.mybizz.tests.ExtractData2"/>
  <system-out/>
  <testcase name="hitUrlAndData" time="49.958" classname="web.mybizz.tests.ExtractData2"/>
  <system-out/>
  <testcase name="hitUrlAndData" time="90.702" classname="web.mybizz.tests.ExtractData2"/>
  <system-out/>
  <testcase name="hitUrlAndData" time="48.813" classname="web.mybizz.tests.ExtractData2"/>
  <system-out/>
  <testcase name="hitUrlAndData" time="48.873" classname="web.mybizz.tests.ExtractData2"/>
  <system-out/>
  <testcase name="hitUrlAndData" time="50.115" classname="web.mybizz.tests.ExtractData2"/>
  <system-out/>
  <testcase name="hitUrlAndData" time="46.998" classname="web.mybizz.tests.ExtractData2"/>
  <system-out/>
  <testcase name="hitUrlAndData" time="50.267" classname="web.mybizz.tests.ExtractData2"/>
  <system-out/>
  <testcase name="hitUrlAndData" time="49.397" classname="web.mybizz.tests.ExtractData2"/>
  <system-out/>
  <testcase name="hitUrlAndData" time="48.839" classname="web.mybizz.tests.ExtractData2"/>
  <system-out/>
  <testcase name="hitUrlAndData" time="68.856" classname="web.mybizz.tests.ExtractData2"/>
  <system-out/>
  <testcase name="hitUrlAndData" time="49.698" classname="web.mybizz.tests.ExtractData2"/>
  <system-out/>
  <testcase name="hitUrlAndData" time="49.020" classname="web.mybizz.tests.ExtractData2"/>
  <system-out/>
  <testcase name="hitUrlAndData" time="48.602" classname="web.mybizz.tests.ExtractData2"/>
  <system-out/>
  <testcase name="hitUrlAndData" time="67.903" classname="web.mybizz.tests.ExtractData2"/>
  <system-out/>
  <testcase name="hitUrlAndData" time="53.703" classname="web.mybizz.tests.ExtractData2"/>
  <system-out/>
  <testcase name="hitUrlAndData" time="95.335" classname="web.mybizz.tests.ExtractData2"/>
  <system-out/>
  <testcase name="hitUrlAndData" time="90.687" classname="web.mybizz.tests.ExtractData2"/>
  <system-out/>
  <testcase name="hitUrlAndData" time="49.799" classname="web.mybizz.tests.ExtractData2"/>
  <system-out/>
  <testcase name="hitUrlAndData" time="67.822" classname="web.mybizz.tests.ExtractData2"/>
  <system-out/>
  <testcase name="hitUrlAndData" time="49.405" classname="web.mybizz.tests.ExtractData2"/>
  <system-out/>
  <testcase name="hitUrlAndData" time="50.197" classname="web.mybizz.tests.ExtractData2"/>
  <system-out/>
  <testcase name="hitUrlAndData" time="47.434" classname="web.mybizz.tests.ExtractData2"/>
  <system-out/>
  <testcase name="hitUrlAndData" time="89.165" classname="web.mybizz.tests.ExtractData2"/>
  <system-out/>
  <testcase name="hitUrlAndData" time="50.268" classname="web.mybizz.tests.ExtractData2"/>
  <system-out/>
  <testcase name="hitUrlAndData" time="88.109" classname="web.mybizz.tests.ExtractData2"/>
  <system-out/>
  <testcase name="hitUrlAndData" time="68.322" classname="web.mybizz.tests.ExtractData2"/>
  <system-out/>
  <testcase name="hitUrlAndData" time="49.839" classname="web.mybizz.tests.ExtractData2"/>
  <system-out/>
  <testcase name="hitUrlAndData" time="48.394" classname="web.mybizz.tests.ExtractData2"/>
  <system-out/>
  <testcase name="hitUrlAndData" time="47.444" classname="web.mybizz.tests.ExtractData2"/>
  <system-out/>
  <testcase name="hitUrlAndData" time="51.353" classname="web.mybizz.tests.ExtractData2"/>
  <system-out/>
  <testcase name="hitUrlAndData" time="46.928" classname="web.mybizz.tests.ExtractData2"/>
  <system-out/>
  <testcase name="hitUrlAndData" time="48.545" classname="web.mybizz.tests.ExtractData2"/>
  <system-out/>
  <testcase name="hitUrlAndData" time="67.251" classname="web.mybizz.tests.ExtractData2"/>
  <system-out/>
  <testcase name="hitUrlAndData" time="48.732" classname="web.mybizz.tests.ExtractData2"/>
  <system-out/>
  <testcase name="hitUrlAndData" time="51.877" classname="web.mybizz.tests.ExtractData2"/>
  <system-out/>
  <testcase name="hitUrlAndData" time="50.464" classname="web.mybizz.tests.ExtractData2"/>
  <system-out/>
  <testcase name="hitUrlAndData" time="48.742" classname="web.mybizz.tests.ExtractData2"/>
  <system-out/>
  <testcase name="hitUrlAndData" time="66.985" classname="web.mybizz.tests.ExtractData2"/>
  <system-out/>
  <testcase name="hitUrlAndData" time="48.704" classname="web.mybizz.tests.ExtractData2"/>
  <system-out/>
  <testcase name="hitUrlAndData" time="48.293" classname="web.mybizz.tests.ExtractData2"/>
  <system-out/>
  <testcase name="hitUrlAndData" time="48.393" classname="web.mybizz.tests.ExtractData2"/>
  <system-out/>
  <testcase name="hitUrlAndData" time="51.200" classname="web.mybizz.tests.ExtractData2"/>
  <system-out/>
  <testcase name="hitUrlAndData" time="50.214" classname="web.mybizz.tests.ExtractData2"/>
  <system-out/>
  <testcase name="hitUrlAndData" time="52.461" classname="web.mybizz.tests.ExtractData2"/>
  <system-out/>
  <testcase name="hitUrlAndData" time="49.351" classname="web.mybizz.tests.ExtractData2"/>
  <system-out/>
  <testcase name="hitUrlAndData" time="49.086" classname="web.mybizz.tests.ExtractData2"/>
  <system-out/>
  <testcase name="hitUrlAndData" time="49.069" classname="web.mybizz.tests.ExtractData2"/>
  <system-out/>
  <testcase name="hitUrlAndData" time="49.250" classname="web.mybizz.tests.ExtractData2"/>
  <system-out/>
  <testcase name="hitUrlAndData" time="69.557" classname="web.mybizz.tests.ExtractData2"/>
  <system-out/>
  <testcase name="hitUrlAndData" time="48.021" classname="web.mybizz.tests.ExtractData2"/>
  <system-out/>
  <testcase name="hitUrlAndData" time="46.457" classname="web.mybizz.tests.ExtractData2"/>
  <system-out/>
  <testcase name="hitUrlAndData" time="48.272" classname="web.mybizz.tests.ExtractData2"/>
  <system-out/>
  <testcase name="hitUrlAndData" time="48.466" classname="web.mybizz.tests.ExtractData2"/>
  <system-out/>
  <testcase name="hitUrlAndData" time="48.326" classname="web.mybizz.tests.ExtractData2"/>
  <system-out/>
  <testcase name="hitUrlAndData" time="49.833" classname="web.mybizz.tests.ExtractData2"/>
  <system-out/>
  <testcase name="hitUrlAndData" time="66.458" classname="web.mybizz.tests.ExtractData2"/>
  <system-out/>
  <testcase name="hitUrlAndData" time="50.005" classname="web.mybizz.tests.ExtractData2"/>
  <system-out/>
  <testcase name="hitUrlAndData" time="47.314" classname="web.mybizz.tests.ExtractData2"/>
  <system-out/>
  <testcase name="hitUrlAndData" time="48.353" classname="web.mybizz.tests.ExtractData2"/>
  <system-out/>
  <testcase name="hitUrlAndData" time="49.181" classname="web.mybizz.tests.ExtractData2"/>
  <system-out/>
  <testcase name="hitUrlAndData" time="49.609" classname="web.mybizz.tests.ExtractData2"/>
  <system-out/>
  <testcase name="hitUrlAndData" time="66.573" classname="web.mybizz.tests.ExtractData2"/>
  <system-out/>
  <testcase name="hitUrlAndData" time="67.831" classname="web.mybizz.tests.ExtractData2"/>
  <system-out/>
  <testcase name="hitUrlAndData" time="48.661" classname="web.mybizz.tests.ExtractData2"/>
  <system-out/>
  <testcase name="hitUrlAndData" time="48.610" classname="web.mybizz.tests.ExtractData2"/>
  <system-out/>
  <testcase name="hitUrlAndData" time="49.526" classname="web.mybizz.tests.ExtractData2"/>
  <system-out/>
  <testcase name="hitUrlAndData" time="48.942" classname="web.mybizz.tests.ExtractData2"/>
  <system-out/>
  <testcase name="hitUrlAndData" time="48.609" classname="web.mybizz.tests.ExtractData2"/>
  <system-out/>
  <testcase name="hitUrlAndData" time="66.370" classname="web.mybizz.tests.ExtractData2"/>
  <system-out/>
  <testcase name="hitUrlAndData" time="87.945" classname="web.mybizz.tests.ExtractData2"/>
  <system-out/>
  <testcase name="hitUrlAndData" time="50.887" classname="web.mybizz.tests.ExtractData2"/>
  <system-out/>
  <testcase name="hitUrlAndData" time="46.346" classname="web.mybizz.tests.ExtractData2"/>
  <system-out/>
  <testcase name="hitUrlAndData" time="49.789" classname="web.mybizz.tests.ExtractData2"/>
  <system-out/>
  <testcase name="hitUrlAndData" time="90.689" classname="web.mybizz.tests.ExtractData2"/>
  <system-out/>
  <testcase name="hitUrlAndData" time="49.422" classname="web.mybizz.tests.ExtractData2"/>
  <system-out/>
  <testcase name="hitUrlAndData" time="49.194" classname="web.mybizz.tests.ExtractData2"/>
  <system-out/>
  <testcase name="hitUrlAndData" time="47.242" classname="web.mybizz.tests.ExtractData2"/>
  <system-out/>
  <testcase name="hitUrlAndData" time="51.336" classname="web.mybizz.tests.ExtractData2"/>
  <system-out/>
  <testcase name="hitUrlAndData" time="47.452" classname="web.mybizz.tests.ExtractData2"/>
  <system-out/>
  <testcase name="hitUrlAndData" time="48.138" classname="web.mybizz.tests.ExtractData2"/>
  <system-out/>
  <testcase name="hitUrlAndData" time="47.698" classname="web.mybizz.tests.ExtractData2"/>
  <system-out/>
  <testcase name="hitUrlAndData" time="46.414" classname="web.mybizz.tests.ExtractData2"/>
  <system-out/>
  <testcase name="hitUrlAndData" time="47.481" classname="web.mybizz.tests.ExtractData2"/>
  <system-out/>
  <testcase name="hitUrlAndData" time="50.455" classname="web.mybizz.tests.ExtractData2"/>
  <system-out/>
  <testcase name="hitUrlAndData" time="66.676" classname="web.mybizz.tests.ExtractData2"/>
  <system-out/>
  <testcase name="hitUrlAndData" time="49.423" classname="web.mybizz.tests.ExtractData2"/>
  <system-out/>
  <testcase name="hitUrlAndData" time="48.957" classname="web.mybizz.tests.ExtractData2"/>
  <system-out/>
  <testcase name="hitUrlAndData" time="50.872" classname="web.mybizz.tests.ExtractData2"/>
  <system-out/>
  <testcase name="hitUrlAndData" time="50.102" classname="web.mybizz.tests.ExtractData2"/>
  <system-out/>
  <testcase name="hitUrlAndData" time="67.825" classname="web.mybizz.tests.ExtractData2"/>
  <system-out/>
  <testcase name="hitUrlAndData" time="46.592" classname="web.mybizz.tests.ExtractData2"/>
  <system-out/>
  <testcase name="hitUrlAndData" time="50.152" classname="web.mybizz.tests.ExtractData2"/>
  <system-out/>
  <testcase name="hitUrlAndData" time="47.187" classname="web.mybizz.tests.ExtractData2"/>
  <system-out/>
  <testcase name="hitUrlAndData" time="52.285" classname="web.mybizz.tests.ExtractData2"/>
  <system-out/>
  <testcase name="hitUrlAndData" time="62.657" classname="web.mybizz.tests.ExtractData2"/>
  <system-out/>
  <testcase name="hitUrlAndData" time="89.975" classname="web.mybizz.tests.ExtractData2"/>
  <system-out/>
  <testcase name="hitUrlAndData" time="47.823" classname="web.mybizz.tests.ExtractData2"/>
  <system-out/>
  <testcase name="hitUrlAndData" time="69.113" classname="web.mybizz.tests.ExtractData2"/>
  <system-out/>
  <testcase name="hitUrlAndData" time="69.284" classname="web.mybizz.tests.ExtractData2"/>
  <system-out/>
  <testcase name="hitUrlAndData" time="76.887" classname="web.mybizz.tests.ExtractData2"/>
  <system-out/>
  <testcase name="hitUrlAndData" time="47.280" classname="web.mybizz.tests.ExtractData2"/>
  <system-out/>
  <testcase name="hitUrlAndData" time="49.535" classname="web.mybizz.tests.ExtractData2"/>
  <system-out/>
  <testcase name="hitUrlAndData" time="48.859" classname="web.mybizz.tests.ExtractData2"/>
  <system-out/>
  <testcase name="hitUrlAndData" time="48.775" classname="web.mybizz.tests.ExtractData2"/>
  <system-out/>
  <testcase name="hitUrlAndData" time="68.647" classname="web.mybizz.tests.ExtractData2"/>
  <system-out/>
  <testcase name="hitUrlAndData" time="67.036" classname="web.mybizz.tests.ExtractData2"/>
  <system-out/>
  <testcase name="hitUrlAndData" time="47.894" classname="web.mybizz.tests.ExtractData2"/>
  <system-out/>
  <testcase name="hitUrlAndData" time="48.156" classname="web.mybizz.tests.ExtractData2"/>
  <system-out/>
  <testcase name="hitUrlAndData" time="49.444" classname="web.mybizz.tests.ExtractData2"/>
  <system-out/>
  <testcase name="hitUrlAndData" time="48.243" classname="web.mybizz.tests.ExtractData2"/>
  <system-out/>
  <testcase name="hitUrlAndData" time="48.879" classname="web.mybizz.tests.ExtractData2"/>
  <system-out/>
  <testcase name="hitUrlAndData" time="69.015" classname="web.mybizz.tests.ExtractData2"/>
  <system-out/>
  <testcase name="hitUrlAndData" time="48.986" classname="web.mybizz.tests.ExtractData2"/>
  <system-out/>
  <testcase name="hitUrlAndData" time="66.696" classname="web.mybizz.tests.ExtractData2"/>
  <system-out/>
  <testcase name="hitUrlAndData" time="48.618" classname="web.mybizz.tests.ExtractData2"/>
  <system-out/>
  <testcase name="hitUrlAndData" time="48.091" classname="web.mybizz.tests.ExtractData2"/>
  <system-out/>
  <testcase name="hitUrlAndData" time="69.261" classname="web.mybizz.tests.ExtractData2"/>
  <system-out/>
  <testcase name="hitUrlAndData" time="90.362" classname="web.mybizz.tests.ExtractData2"/>
  <system-out/>
  <testcase name="hitUrlAndData" time="90.202" classname="web.mybizz.tests.ExtractData2"/>
  <system-out/>
  <testcase name="hitUrlAndData" time="50.119" classname="web.mybizz.tests.ExtractData2"/>
  <system-out/>
  <testcase name="hitUrlAndData" time="48.021" classname="web.mybizz.tests.ExtractData2"/>
  <system-out/>
  <testcase name="hitUrlAndData" time="47.968" classname="web.mybizz.tests.ExtractData2"/>
  <system-out/>
  <testcase name="hitUrlAndData" time="67.532" classname="web.mybizz.tests.ExtractData2"/>
  <system-out/>
  <testcase name="hitUrlAndData" time="46.589" classname="web.mybizz.tests.ExtractData2"/>
  <system-out/>
  <testcase name="hitUrlAndData" time="47.877" classname="web.mybizz.tests.ExtractData2"/>
  <system-out/>
  <testcase name="hitUrlAndData" time="85.750" classname="web.mybizz.tests.ExtractData2"/>
  <system-out/>
  <testcase name="hitUrlAndData" time="49.131" classname="web.mybizz.tests.ExtractData2"/>
  <system-out/>
  <testcase name="hitUrlAndData" time="48.057" classname="web.mybizz.tests.ExtractData2"/>
  <system-out/>
  <testcase name="hitUrlAndData" time="47.099" classname="web.mybizz.tests.ExtractData2"/>
  <system-out/>
  <testcase name="hitUrlAndData" time="67.307" classname="web.mybizz.tests.ExtractData2"/>
  <system-out/>
  <testcase name="hitUrlAndData" time="48.175" classname="web.mybizz.tests.ExtractData2"/>
  <system-out/>
  <testcase name="hitUrlAndData" time="67.563" classname="web.mybizz.tests.ExtractData2"/>
  <system-out/>
  <testcase name="hitUrlAndData" time="67.702" classname="web.mybizz.tests.ExtractData2"/>
  <system-out/>
  <testcase name="hitUrlAndData" time="66.442" classname="web.mybizz.tests.ExtractData2"/>
  <system-out/>
  <testcase name="hitUrlAndData" time="49.322" classname="web.mybizz.tests.ExtractData2"/>
  <system-out/>
  <testcase name="hitUrlAndData" time="51.099" classname="web.mybizz.tests.ExtractData2"/>
  <system-out/>
  <testcase name="hitUrlAndData" time="48.025" classname="web.mybizz.tests.ExtractData2"/>
  <system-out/>
  <testcase name="hitUrlAndData" time="47.944" classname="web.mybizz.tests.ExtractData2"/>
  <system-out/>
  <testcase name="hitUrlAndData" time="52.868" classname="web.mybizz.tests.ExtractData2"/>
  <system-out/>
  <testcase name="hitUrlAndData" time="51.738" classname="web.mybizz.tests.ExtractData2"/>
  <system-out/>
  <testcase name="hitUrlAndData" time="48.407" classname="web.mybizz.tests.ExtractData2"/>
  <system-out/>
  <testcase name="hitUrlAndData" time="48.852" classname="web.mybizz.tests.ExtractData2"/>
  <system-out/>
  <testcase name="hitUrlAndData" time="47.962" classname="web.mybizz.tests.ExtractData2"/>
  <system-out/>
  <testcase name="hitUrlAndData" time="47.406" classname="web.mybizz.tests.ExtractData2"/>
  <system-out/>
  <testcase name="hitUrlAndData" time="67.237" classname="web.mybizz.tests.ExtractData2"/>
  <system-out/>
  <testcase name="hitUrlAndData" time="50.446" classname="web.mybizz.tests.ExtractData2"/>
  <system-out/>
  <testcase name="hitUrlAndData" time="88.171" classname="web.mybizz.tests.ExtractData2"/>
  <system-out/>
  <testcase name="hitUrlAndData" time="47.866" classname="web.mybizz.tests.ExtractData2"/>
  <system-out/>
  <testcase name="hitUrlAndData" time="47.590" classname="web.mybizz.tests.ExtractData2"/>
  <system-out/>
  <testcase name="hitUrlAndData" time="66.932" classname="web.mybizz.tests.ExtractData2"/>
  <system-out/>
  <testcase name="hitUrlAndData" time="46.821" classname="web.mybizz.tests.ExtractData2"/>
  <system-out/>
  <testcase name="hitUrlAndData" time="48.030" classname="web.mybizz.tests.ExtractData2"/>
  <system-out/>
  <testcase name="hitUrlAndData" time="90.372" classname="web.mybizz.tests.ExtractData2"/>
  <system-out/>
  <testcase name="hitUrlAndData" time="29.625" classname="web.mybizz.tests.ExtractData2"/>
  <system-out/>
  <testcase name="hitUrlAndData" time="67.232" classname="web.mybizz.tests.ExtractData2"/>
  <system-out/>
  <testcase name="hitUrlAndData" time="48.010" classname="web.mybizz.tests.ExtractData2"/>
  <system-out/>
  <testcase name="hitUrlAndData" time="48.987" classname="web.mybizz.tests.ExtractData2"/>
  <system-out/>
  <testcase name="hitUrlAndData" time="49.777" classname="web.mybizz.tests.ExtractData2"/>
  <system-out/>
  <testcase name="hitUrlAndData" time="69.150" classname="web.mybizz.tests.ExtractData2"/>
  <system-out/>
  <testcase name="hitUrlAndData" time="48.733" classname="web.mybizz.tests.ExtractData2"/>
  <system-out/>
  <testcase name="hitUrlAndData" time="49.061" classname="web.mybizz.tests.ExtractData2"/>
  <system-out/>
  <testcase name="hitUrlAndData" time="48.170" classname="web.mybizz.tests.ExtractData2"/>
  <system-out/>
  <testcase name="hitUrlAndData" time="67.217" classname="web.mybizz.tests.ExtractData2"/>
  <system-out/>
  <testcase name="hitUrlAndData" time="47.176" classname="web.mybizz.tests.ExtractData2"/>
  <system-out/>
  <testcase name="hitUrlAndData" time="49.386" classname="web.mybizz.tests.ExtractData2"/>
  <system-out/>
  <testcase name="hitUrlAndData" time="50.628" classname="web.mybizz.tests.ExtractData2"/>
  <system-out/>
  <testcase name="hitUrlAndData" time="51.463" classname="web.mybizz.tests.ExtractData2"/>
  <system-out/>
  <testcase name="hitUrlAndData" time="49.501" classname="web.mybizz.tests.ExtractData2"/>
  <system-out/>
  <testcase name="hitUrlAndData" time="47.709" classname="web.mybizz.tests.ExtractData2"/>
  <system-out/>
  <testcase name="hitUrlAndData" time="67.372" classname="web.mybizz.tests.ExtractData2"/>
  <system-out/>
  <testcase name="hitUrlAndData" time="93.648" classname="web.mybizz.tests.ExtractData2"/>
  <system-out/>
  <testcase name="hitUrlAndData" time="48.497" classname="web.mybizz.tests.ExtractData2"/>
  <system-out/>
  <testcase name="hitUrlAndData" time="49.576" classname="web.mybizz.tests.ExtractData2"/>
  <system-out/>
  <testcase name="hitUrlAndData" time="87.930" classname="web.mybizz.tests.ExtractData2"/>
  <system-out/>
  <testcase name="hitUrlAndData" time="49.597" classname="web.mybizz.tests.ExtractData2"/>
  <system-out/>
  <testcase name="hitUrlAndData" time="56.099" classname="web.mybizz.tests.ExtractData2"/>
  <system-out/>
  <testcase name="hitUrlAndData" time="49.431" classname="web.mybizz.tests.ExtractData2"/>
  <system-out/>
  <testcase name="hitUrlAndData" time="49.442" classname="web.mybizz.tests.ExtractData2"/>
  <system-out/>
  <testcase name="hitUrlAndData" time="46.652" classname="web.mybizz.tests.ExtractData2"/>
  <system-out/>
  <testcase name="hitUrlAndData" time="49.085" classname="web.mybizz.tests.ExtractData2"/>
  <system-out/>
  <testcase name="hitUrlAndData" time="46.912" classname="web.mybizz.tests.ExtractData2"/>
  <system-out/>
  <testcase name="hitUrlAndData" time="45.023" classname="web.mybizz.tests.ExtractData2"/>
  <system-out/>
  <testcase name="hitUrlAndData" time="67.710" classname="web.mybizz.tests.ExtractData2"/>
  <system-out/>
  <testcase name="hitUrlAndData" time="48.076" classname="web.mybizz.tests.ExtractData2"/>
  <system-out/>
  <testcase name="hitUrlAndData" time="90.029" classname="web.mybizz.tests.ExtractData2"/>
  <system-out/>
  <testcase name="hitUrlAndData" time="50.367" classname="web.mybizz.tests.ExtractData2"/>
  <system-out/>
  <testcase name="hitUrlAndData" time="49.009" classname="web.mybizz.tests.ExtractData2"/>
  <system-out/>
  <testcase name="hitUrlAndData" time="51.236" classname="web.mybizz.tests.ExtractData2"/>
  <system-out/>
  <testcase name="hitUrlAndData" time="67.254" classname="web.mybizz.tests.ExtractData2"/>
  <system-out/>
  <testcase name="hitUrlAndData" time="88.846" classname="web.mybizz.tests.ExtractData2"/>
  <system-out/>
  <testcase name="hitUrlAndData" time="72.238" classname="web.mybizz.tests.ExtractData2"/>
  <system-out/>
  <testcase name="hitUrlAndData" time="47.441" classname="web.mybizz.tests.ExtractData2"/>
  <system-out/>
  <testcase name="hitUrlAndData" time="49.384" classname="web.mybizz.tests.ExtractData2"/>
  <system-out/>
  <testcase name="hitUrlAndData" time="54.416" classname="web.mybizz.tests.ExtractData2"/>
  <system-out/>
  <testcase name="hitUrlAndData" time="54.765" classname="web.mybizz.tests.ExtractData2"/>
  <system-out/>
  <testcase name="hitUrlAndData" time="67.636" classname="web.mybizz.tests.ExtractData2"/>
  <system-out/>
  <testcase name="hitUrlAndData" time="48.354" classname="web.mybizz.tests.ExtractData2"/>
  <system-out/>
  <testcase name="hitUrlAndData" time="49.418" classname="web.mybizz.tests.ExtractData2"/>
  <system-out/>
  <testcase name="hitUrlAndData" time="47.007" classname="web.mybizz.tests.ExtractData2"/>
  <system-out/>
  <testcase name="hitUrlAndData" time="67.409" classname="web.mybizz.tests.ExtractData2"/>
  <system-out/>
  <testcase name="hitUrlAndData" time="68.439" classname="web.mybizz.tests.ExtractData2"/>
  <system-out/>
  <testcase name="hitUrlAndData" time="49.586" classname="web.mybizz.tests.ExtractData2"/>
  <system-out/>
  <testcase name="hitUrlAndData" time="68.552" classname="web.mybizz.tests.ExtractData2"/>
  <system-out/>
  <testcase name="hitUrlAndData" time="46.962" classname="web.mybizz.tests.ExtractData2"/>
  <system-out/>
  <testcase name="hitUrlAndData" time="68.319" classname="web.mybizz.tests.ExtractData2"/>
  <system-out/>
  <testcase name="hitUrlAndData" time="87.182" classname="web.mybizz.tests.ExtractData2"/>
  <system-out/>
  <testcase name="hitUrlAndData" time="68.075" classname="web.mybizz.tests.ExtractData2"/>
  <system-out/>
  <testcase name="hitUrlAndData" time="88.989" classname="web.mybizz.tests.ExtractData2"/>
  <system-out/>
  <testcase name="hitUrlAndData" time="47.659" classname="web.mybizz.tests.ExtractData2"/>
  <system-out/>
  <testcase name="hitUrlAndData" time="49.341" classname="web.mybizz.tests.ExtractData2"/>
  <system-out/>
  <testcase name="hitUrlAndData" time="47.789" classname="web.mybizz.tests.ExtractData2"/>
  <system-out/>
  <testcase name="hitUrlAndData" time="48.646" classname="web.mybizz.tests.ExtractData2"/>
  <system-out/>
  <testcase name="hitUrlAndData" time="51.062" classname="web.mybizz.tests.ExtractData2"/>
  <system-out/>
  <testcase name="hitUrlAndData" time="47.600" classname="web.mybizz.tests.ExtractData2"/>
  <system-out/>
  <testcase name="hitUrlAndData" time="67.292" classname="web.mybizz.tests.ExtractData2"/>
  <system-out/>
  <testcase name="hitUrlAndData" time="88.729" classname="web.mybizz.tests.ExtractData2"/>
  <system-out/>
  <testcase name="hitUrlAndData" time="47.054" classname="web.mybizz.tests.ExtractData2"/>
  <system-out/>
  <testcase name="hitUrlAndData" time="48.201" classname="web.mybizz.tests.ExtractData2"/>
  <system-out/>
  <testcase name="hitUrlAndData" time="46.622" classname="web.mybizz.tests.ExtractData2"/>
  <system-out/>
  <testcase name="hitUrlAndData" time="46.799" classname="web.mybizz.tests.ExtractData2"/>
  <system-out/>
  <testcase name="hitUrlAndData" time="51.533" classname="web.mybizz.tests.ExtractData2"/>
  <system-out/>
  <testcase name="hitUrlAndData" time="49.264" classname="web.mybizz.tests.ExtractData2"/>
  <system-out/>
  <testcase name="hitUrlAndData" time="48.783" classname="web.mybizz.tests.ExtractData2"/>
  <system-out/>
  <testcase name="hitUrlAndData" time="67.107" classname="web.mybizz.tests.ExtractData2"/>
  <system-out/>
  <testcase name="hitUrlAndData" time="48.124" classname="web.mybizz.tests.ExtractData2"/>
  <system-out/>
  <testcase name="hitUrlAndData" time="49.321" classname="web.mybizz.tests.ExtractData2"/>
  <system-out/>
  <testcase name="hitUrlAndData" time="47.532" classname="web.mybizz.tests.ExtractData2"/>
  <system-out/>
  <testcase name="hitUrlAndData" time="89.002" classname="web.mybizz.tests.ExtractData2"/>
  <system-out/>
  <testcase name="hitUrlAndData" time="48.795" classname="web.mybizz.tests.ExtractData2"/>
  <system-out/>
  <testcase name="hitUrlAndData" time="47.889" classname="web.mybizz.tests.ExtractData2"/>
  <system-out/>
  <testcase name="hitUrlAndData" time="70.135" classname="web.mybizz.tests.ExtractData2"/>
  <system-out/>
  <testcase name="hitUrlAndData" time="47.581" classname="web.mybizz.tests.ExtractData2"/>
  <system-out/>
  <testcase name="hitUrlAndData" time="66.759" classname="web.mybizz.tests.ExtractData2"/>
  <system-out/>
  <testcase name="hitUrlAndData" time="47.549" classname="web.mybizz.tests.ExtractData2"/>
  <system-out/>
  <testcase name="hitUrlAndData" time="49.496" classname="web.mybizz.tests.ExtractData2"/>
  <system-out/>
  <testcase name="hitUrlAndData" time="49.429" classname="web.mybizz.tests.ExtractData2"/>
  <system-out/>
  <testcase name="hitUrlAndData" time="47.477" classname="web.mybizz.tests.ExtractData2"/>
  <system-out/>
  <testcase name="hitUrlAndData" time="47.711" classname="web.mybizz.tests.ExtractData2"/>
  <system-out/>
  <testcase name="hitUrlAndData" time="49.175" classname="web.mybizz.tests.ExtractData2"/>
  <system-out/>
  <testcase name="hitUrlAndData" time="67.065" classname="web.mybizz.tests.ExtractData2"/>
  <system-out/>
  <testcase name="hitUrlAndData" time="47.229" classname="web.mybizz.tests.ExtractData2"/>
  <system-out/>
  <testcase name="hitUrlAndData" time="50.572" classname="web.mybizz.tests.ExtractData2"/>
  <system-out/>
  <testcase name="hitUrlAndData" time="48.530" classname="web.mybizz.tests.ExtractData2"/>
  <system-out/>
  <testcase name="hitUrlAndData" time="67.833" classname="web.mybizz.tests.ExtractData2"/>
  <system-out/>
  <testcase name="hitUrlAndData" time="49.836" classname="web.mybizz.tests.ExtractData2"/>
  <system-out/>
  <testcase name="hitUrlAndData" time="48.335" classname="web.mybizz.tests.ExtractData2"/>
  <system-out/>
  <testcase name="hitUrlAndData" time="89.256" classname="web.mybizz.tests.ExtractData2"/>
  <system-out/>
  <testcase name="hitUrlAndData" time="47.430" classname="web.mybizz.tests.ExtractData2"/>
  <system-out/>
  <testcase name="hitUrlAndData" time="67.949" classname="web.mybizz.tests.ExtractData2"/>
  <system-out/>
  <testcase name="hitUrlAndData" time="49.901" classname="web.mybizz.tests.ExtractData2"/>
  <system-out/>
  <testcase name="hitUrlAndData" time="49.666" classname="web.mybizz.tests.ExtractData2"/>
  <system-out/>
  <testcase name="hitUrlAndData" time="48.403" classname="web.mybizz.tests.ExtractData2"/>
  <system-out/>
  <testcase name="hitUrlAndData" time="47.426" classname="web.mybizz.tests.ExtractData2"/>
  <system-out/>
  <testcase name="hitUrlAndData" time="89.508" classname="web.mybizz.tests.ExtractData2"/>
  <system-out/>
  <testcase name="hitUrlAndData" time="66.974" classname="web.mybizz.tests.ExtractData2"/>
  <system-out/>
  <testcase name="hitUrlAndData" time="51.096" classname="web.mybizz.tests.ExtractData2"/>
  <system-out/>
  <testcase name="hitUrlAndData" time="50.422" classname="web.mybizz.tests.ExtractData2"/>
  <system-out/>
  <testcase name="hitUrlAndData" time="48.024" classname="web.mybizz.tests.ExtractData2"/>
  <system-out/>
  <testcase name="hitUrlAndData" time="67.658" classname="web.mybizz.tests.ExtractData2"/>
  <system-out/>
  <testcase name="hitUrlAndData" time="48.414" classname="web.mybizz.tests.ExtractData2"/>
  <system-out/>
  <testcase name="hitUrlAndData" time="66.809" classname="web.mybizz.tests.ExtractData2"/>
  <system-out/>
  <testcase name="hitUrlAndData" time="89.533" classname="web.mybizz.tests.ExtractData2"/>
  <system-out/>
  <testcase name="hitUrlAndData" time="49.054" classname="web.mybizz.tests.ExtractData2"/>
  <system-out/>
  <testcase name="hitUrlAndData" time="67.104" classname="web.mybizz.tests.ExtractData2"/>
  <system-out/>
  <testcase name="hitUrlAndData" time="49.358" classname="web.mybizz.tests.ExtractData2"/>
  <system-out/>
  <testcase name="hitUrlAndData" time="49.820" classname="web.mybizz.tests.ExtractData2"/>
  <system-out/>
  <testcase name="hitUrlAndData" time="48.475" classname="web.mybizz.tests.ExtractData2"/>
  <system-out/>
  <testcase name="hitUrlAndData" time="47.057" classname="web.mybizz.tests.ExtractData2"/>
  <system-out/>
  <testcase name="hitUrlAndData" time="49.260" classname="web.mybizz.tests.ExtractData2"/>
  <system-out/>
  <testcase name="hitUrlAndData" time="49.713" classname="web.mybizz.tests.ExtractData2"/>
  <system-out/>
  <testcase name="hitUrlAndData" time="48.206" classname="web.mybizz.tests.ExtractData2"/>
  <system-out/>
  <testcase name="hitUrlAndData" time="51.613" classname="web.mybizz.tests.ExtractData2"/>
  <system-out/>
  <testcase name="hitUrlAndData" time="48.129" classname="web.mybizz.tests.ExtractData2"/>
  <system-out/>
  <testcase name="hitUrlAndData" time="47.823" classname="web.mybizz.tests.ExtractData2"/>
  <system-out/>
  <testcase name="hitUrlAndData" time="49.127" classname="web.mybizz.tests.ExtractData2"/>
  <system-out/>
  <testcase name="hitUrlAndData" time="67.904" classname="web.mybizz.tests.ExtractData2"/>
  <system-out/>
  <testcase name="hitUrlAndData" time="50.217" classname="web.mybizz.tests.ExtractData2"/>
  <system-out/>
  <testcase name="hitUrlAndData" time="48.121" classname="web.mybizz.tests.ExtractData2"/>
  <system-out/>
  <testcase name="hitUrlAndData" time="47.272" classname="web.mybizz.tests.ExtractData2"/>
  <system-out/>
  <testcase name="hitUrlAndData" time="48.674" classname="web.mybizz.tests.ExtractData2"/>
  <system-out/>
  <testcase name="hitUrlAndData" time="87.968" classname="web.mybizz.tests.ExtractData2"/>
  <system-out/>
  <testcase name="hitUrlAndData" time="66.215" classname="web.mybizz.tests.ExtractData2"/>
  <system-out/>
  <testcase name="hitUrlAndData" time="49.230" classname="web.mybizz.tests.ExtractData2"/>
  <system-out/>
  <testcase name="hitUrlAndData" time="47.995" classname="web.mybizz.tests.ExtractData2"/>
  <system-out/>
  <testcase name="hitUrlAndData" time="49.668" classname="web.mybizz.tests.ExtractData2"/>
  <system-out/>
  <testcase name="hitUrlAndData" time="48.714" classname="web.mybizz.tests.ExtractData2"/>
  <system-out/>
  <testcase name="hitUrlAndData" time="48.932" classname="web.mybizz.tests.ExtractData2"/>
  <system-out/>
  <testcase name="hitUrlAndData" time="65.338" classname="web.mybizz.tests.ExtractData2"/>
  <system-out/>
  <testcase name="hitUrlAndData" time="49.283" classname="web.mybizz.tests.ExtractData2"/>
  <system-out/>
  <testcase name="hitUrlAndData" time="47.118" classname="web.mybizz.tests.ExtractData2"/>
  <system-out/>
  <testcase name="hitUrlAndData" time="51.030" classname="web.mybizz.tests.ExtractData2"/>
  <system-out/>
  <testcase name="hitUrlAndData" time="51.836" classname="web.mybizz.tests.ExtractData2"/>
  <system-out/>
  <testcase name="hitUrlAndData" time="49.081" classname="web.mybizz.tests.ExtractData2"/>
  <system-out/>
  <testcase name="hitUrlAndData" time="48.712" classname="web.mybizz.tests.ExtractData2"/>
  <system-out/>
  <testcase name="hitUrlAndData" time="87.964" classname="web.mybizz.tests.ExtractData2"/>
  <system-out/>
  <testcase name="hitUrlAndData" time="48.872" classname="web.mybizz.tests.ExtractData2"/>
  <system-out/>
  <testcase name="hitUrlAndData" time="92.428" classname="web.mybizz.tests.ExtractData2"/>
  <system-out/>
  <testcase name="hitUrlAndData" time="49.418" classname="web.mybizz.tests.ExtractData2"/>
  <system-out/>
  <testcase name="hitUrlAndData" time="49.854" classname="web.mybizz.tests.ExtractData2"/>
  <system-out/>
  <testcase name="hitUrlAndData" time="49.073" classname="web.mybizz.tests.ExtractData2"/>
  <system-out/>
  <testcase name="hitUrlAndData" time="49.074" classname="web.mybizz.tests.ExtractData2"/>
  <system-out/>
  <testcase name="hitUrlAndData" time="46.445" classname="web.mybizz.tests.ExtractData2"/>
  <system-out/>
  <testcase name="hitUrlAndData" time="67.216" classname="web.mybizz.tests.ExtractData2"/>
  <system-out/>
  <testcase name="hitUrlAndData" time="47.171" classname="web.mybizz.tests.ExtractData2"/>
  <system-out/>
  <testcase name="hitUrlAndData" time="48.461" classname="web.mybizz.tests.ExtractData2"/>
  <system-out/>
  <testcase name="hitUrlAndData" time="49.385" classname="web.mybizz.tests.ExtractData2"/>
  <system-out/>
  <testcase name="hitUrlAndData" time="50.880" classname="web.mybizz.tests.ExtractData2"/>
  <system-out/>
  <testcase name="hitUrlAndData" time="47.859" classname="web.mybizz.tests.ExtractData2"/>
  <system-out/>
  <testcase name="hitUrlAndData" time="48.768" classname="web.mybizz.tests.ExtractData2"/>
  <system-out/>
  <testcase name="hitUrlAndData" time="48.874" classname="web.mybizz.tests.ExtractData2"/>
  <system-out/>
  <testcase name="hitUrlAndData" time="67.345" classname="web.mybizz.tests.ExtractData2"/>
  <system-out/>
  <testcase name="hitUrlAndData" time="49.624" classname="web.mybizz.tests.ExtractData2"/>
  <system-out/>
  <testcase name="hitUrlAndData" time="67.942" classname="web.mybizz.tests.ExtractData2"/>
  <system-out/>
  <testcase name="hitUrlAndData" time="47.974" classname="web.mybizz.tests.ExtractData2"/>
  <system-out/>
  <testcase name="hitUrlAndData" time="67.200" classname="web.mybizz.tests.ExtractData2"/>
  <system-out/>
  <testcase name="hitUrlAndData" time="49.159" classname="web.mybizz.tests.ExtractData2"/>
  <system-out/>
  <testcase name="hitUrlAndData" time="53.595" classname="web.mybizz.tests.ExtractData2"/>
  <system-out/>
  <testcase name="hitUrlAndData" time="68.162" classname="web.mybizz.tests.ExtractData2"/>
  <system-out/>
  <testcase name="hitUrlAndData" time="90.885" classname="web.mybizz.tests.ExtractData2"/>
  <system-out/>
  <testcase name="hitUrlAndData" time="55.108" classname="web.mybizz.tests.ExtractData2"/>
  <system-out/>
  <testcase name="hitUrlAndData" time="68.085" classname="web.mybizz.tests.ExtractData2"/>
  <system-out/>
  <testcase name="hitUrlAndData" time="48.137" classname="web.mybizz.tests.ExtractData2"/>
  <system-out/>
  <testcase name="hitUrlAndData" time="50.347" classname="web.mybizz.tests.ExtractData2"/>
  <system-out/>
  <testcase name="hitUrlAndData" time="49.496" classname="web.mybizz.tests.ExtractData2"/>
  <system-out/>
  <testcase name="hitUrlAndData" time="47.260" classname="web.mybizz.tests.ExtractData2"/>
  <system-out/>
  <testcase name="hitUrlAndData" time="49.081" classname="web.mybizz.tests.ExtractData2"/>
  <system-out/>
  <testcase name="hitUrlAndData" time="48.910" classname="web.mybizz.tests.ExtractData2"/>
  <system-out/>
  <testcase name="hitUrlAndData" time="48.803" classname="web.mybizz.tests.ExtractData2"/>
  <system-out/>
  <testcase name="hitUrlAndData" time="46.799" classname="web.mybizz.tests.ExtractData2"/>
  <system-out/>
  <testcase name="hitUrlAndData" time="47.521" classname="web.mybizz.tests.ExtractData2"/>
  <system-out/>
  <testcase name="hitUrlAndData" time="67.445" classname="web.mybizz.tests.ExtractData2"/>
  <system-out/>
  <testcase name="hitUrlAndData" time="48.537" classname="web.mybizz.tests.ExtractData2"/>
  <system-out/>
  <testcase name="hitUrlAndData" time="50.244" classname="web.mybizz.tests.ExtractData2"/>
  <system-out/>
  <testcase name="hitUrlAndData" time="48.581" classname="web.mybizz.tests.ExtractData2"/>
  <system-out/>
  <testcase name="hitUrlAndData" time="90.424" classname="web.mybizz.tests.ExtractData2"/>
  <system-out/>
  <testcase name="hitUrlAndData" time="66.376" classname="web.mybizz.tests.ExtractData2"/>
  <system-out/>
  <testcase name="hitUrlAndData" time="49.198" classname="web.mybizz.tests.ExtractData2"/>
  <system-out/>
  <testcase name="hitUrlAndData" time="68.647" classname="web.mybizz.tests.ExtractData2"/>
  <system-out/>
  <testcase name="hitUrlAndData" time="49.130" classname="web.mybizz.tests.ExtractData2"/>
  <system-out/>
  <testcase name="hitUrlAndData" time="47.632" classname="web.mybizz.tests.ExtractData2"/>
  <system-out/>
  <testcase name="hitUrlAndData" time="67.664" classname="web.mybizz.tests.ExtractData2"/>
  <system-out/>
  <testcase name="hitUrlAndData" time="53.379" classname="web.mybizz.tests.ExtractData2"/>
  <system-out/>
  <testcase name="hitUrlAndData" time="47.781" classname="web.mybizz.tests.ExtractData2"/>
  <system-out/>
  <testcase name="hitUrlAndData" time="50.062" classname="web.mybizz.tests.ExtractData2"/>
  <system-out/>
  <testcase name="hitUrlAndData" time="50.085" classname="web.mybizz.tests.ExtractData2"/>
  <system-out/>
  <testcase name="hitUrlAndData" time="89.097" classname="web.mybizz.tests.ExtractData2"/>
  <system-out/>
  <testcase name="hitUrlAndData" time="67.330" classname="web.mybizz.tests.ExtractData2"/>
  <system-out/>
  <testcase name="hitUrlAndData" time="47.566" classname="web.mybizz.tests.ExtractData2"/>
  <system-out/>
  <testcase name="hitUrlAndData" time="51.155" classname="web.mybizz.tests.ExtractData2"/>
  <system-out/>
  <testcase name="hitUrlAndData" time="51.709" classname="web.mybizz.tests.ExtractData2"/>
  <system-out/>
  <testcase name="hitUrlAndData" time="49.117" classname="web.mybizz.tests.ExtractData2"/>
  <system-out/>
  <testcase name="hitUrlAndData" time="49.276" classname="web.mybizz.tests.ExtractData2"/>
  <system-out/>
  <testcase name="hitUrlAndData" time="48.215" classname="web.mybizz.tests.ExtractData2"/>
  <system-out/>
  <testcase name="hitUrlAndData" time="47.538" classname="web.mybizz.tests.ExtractData2"/>
  <system-out/>
  <testcase name="hitUrlAndData" time="67.885" classname="web.mybizz.tests.ExtractData2"/>
  <system-out/>
  <testcase name="hitUrlAndData" time="50.564" classname="web.mybizz.tests.ExtractData2"/>
  <system-out/>
  <testcase name="hitUrlAndData" time="72.008" classname="web.mybizz.tests.ExtractData2"/>
  <system-out/>
  <testcase name="hitUrlAndData" time="47.852" classname="web.mybizz.tests.ExtractData2"/>
  <system-out/>
  <testcase name="hitUrlAndData" time="48.193" classname="web.mybizz.tests.ExtractData2"/>
  <system-out/>
  <testcase name="hitUrlAndData" time="67.524" classname="web.mybizz.tests.ExtractData2"/>
  <system-out/>
  <testcase name="hitUrlAndData" time="50.846" classname="web.mybizz.tests.ExtractData2"/>
  <system-out/>
  <testcase name="hitUrlAndData" time="50.086" classname="web.mybizz.tests.ExtractData2"/>
  <system-out/>
  <testcase name="hitUrlAndData" time="89.072" classname="web.mybizz.tests.ExtractData2"/>
  <system-out/>
  <testcase name="hitUrlAndData" time="67.981" classname="web.mybizz.tests.ExtractData2"/>
  <system-out/>
  <testcase name="hitUrlAndData" time="47.923" classname="web.mybizz.tests.ExtractData2"/>
  <system-out/>
  <testcase name="hitUrlAndData" time="72.097" classname="web.mybizz.tests.ExtractData2"/>
  <system-out/>
  <testcase name="hitUrlAndData" time="51.156" classname="web.mybizz.tests.ExtractData2"/>
  <system-out/>
  <testcase name="hitUrlAndData" time="67.998" classname="web.mybizz.tests.ExtractData2"/>
  <system-out/>
  <testcase name="hitUrlAndData" time="46.708" classname="web.mybizz.tests.ExtractData2"/>
  <system-out/>
  <testcase name="hitUrlAndData" time="66.533" classname="web.mybizz.tests.ExtractData2"/>
  <system-out/>
  <testcase name="hitUrlAndData" time="48.473" classname="web.mybizz.tests.ExtractData2"/>
  <system-out/>
  <testcase name="hitUrlAndData" time="88.542" classname="web.mybizz.tests.ExtractData2"/>
  <system-out/>
  <testcase name="hitUrlAndData" time="67.086" classname="web.mybizz.tests.ExtractData2"/>
  <system-out/>
  <testcase name="hitUrlAndData" time="47.712" classname="web.mybizz.tests.ExtractData2"/>
  <system-out/>
  <testcase name="hitUrlAndData" time="48.506" classname="web.mybizz.tests.ExtractData2"/>
  <system-out/>
  <testcase name="hitUrlAndData" time="49.120" classname="web.mybizz.tests.ExtractData2"/>
  <system-out/>
  <testcase name="hitUrlAndData" time="48.079" classname="web.mybizz.tests.ExtractData2"/>
  <system-out/>
  <testcase name="hitUrlAndData" time="68.842" classname="web.mybizz.tests.ExtractData2"/>
  <system-out/>
  <testcase name="hitUrlAndData" time="49.508" classname="web.mybizz.tests.ExtractData2"/>
  <system-out/>
  <testcase name="hitUrlAndData" time="48.345" classname="web.mybizz.tests.ExtractData2"/>
  <system-out/>
  <testcase name="hitUrlAndData" time="48.041" classname="web.mybizz.tests.ExtractData2"/>
  <system-out/>
  <testcase name="hitUrlAndData" time="48.681" classname="web.mybizz.tests.ExtractData2"/>
  <system-out/>
  <testcase name="hitUrlAndData" time="51.651" classname="web.mybizz.tests.ExtractData2"/>
  <system-out/>
  <testcase name="hitUrlAndData" time="67.387" classname="web.mybizz.tests.ExtractData2"/>
  <system-out/>
  <testcase name="hitUrlAndData" time="50.007" classname="web.mybizz.tests.ExtractData2"/>
  <system-out/>
  <testcase name="hitUrlAndData" time="48.667" classname="web.mybizz.tests.ExtractData2"/>
  <system-out/>
  <testcase name="hitUrlAndData" time="87.825" classname="web.mybizz.tests.ExtractData2"/>
  <system-out/>
  <testcase name="hitUrlAndData" time="46.951" classname="web.mybizz.tests.ExtractData2"/>
  <system-out/>
  <testcase name="hitUrlAndData" time="89.332" classname="web.mybizz.tests.ExtractData2"/>
  <system-out/>
  <testcase name="hitUrlAndData" time="48.257" classname="web.mybizz.tests.ExtractData2"/>
  <system-out/>
  <testcase name="hitUrlAndData" time="53.806" classname="web.mybizz.tests.ExtractData2"/>
  <system-out/>
  <testcase name="hitUrlAndData" time="89.671" classname="web.mybizz.tests.ExtractData2"/>
  <system-out/>
  <testcase name="hitUrlAndData" time="48.208" classname="web.mybizz.tests.ExtractData2"/>
  <system-out/>
  <testcase name="hitUrlAndData" time="69.611" classname="web.mybizz.tests.ExtractData2"/>
  <system-out/>
  <testcase name="hitUrlAndData" time="47.120" classname="web.mybizz.tests.ExtractData2"/>
  <system-out/>
  <testcase name="hitUrlAndData" time="46.850" classname="web.mybizz.tests.ExtractData2"/>
  <system-out/>
  <testcase name="hitUrlAndData" time="48.666" classname="web.mybizz.tests.ExtractData2"/>
  <system-out/>
  <testcase name="hitUrlAndData" time="50.829" classname="web.mybizz.tests.ExtractData2"/>
  <system-out/>
  <testcase name="hitUrlAndData" time="47.792" classname="web.mybizz.tests.ExtractData2"/>
  <system-out/>
  <testcase name="hitUrlAndData" time="68.955" classname="web.mybizz.tests.ExtractData2"/>
  <system-out/>
  <testcase name="hitUrlAndData" time="66.223" classname="web.mybizz.tests.ExtractData2"/>
  <system-out/>
  <testcase name="hitUrlAndData" time="49.923" classname="web.mybizz.tests.ExtractData2"/>
  <system-out/>
  <testcase name="hitUrlAndData" time="67.194" classname="web.mybizz.tests.ExtractData2"/>
  <system-out/>
  <testcase name="hitUrlAndData" time="50.054" classname="web.mybizz.tests.ExtractData2"/>
  <system-out/>
  <testcase name="hitUrlAndData" time="47.353" classname="web.mybizz.tests.ExtractData2"/>
  <system-out/>
  <testcase name="hitUrlAndData" time="49.754" classname="web.mybizz.tests.ExtractData2"/>
  <system-out/>
  <testcase name="hitUrlAndData" time="68.033" classname="web.mybizz.tests.ExtractData2"/>
  <system-out/>
  <testcase name="hitUrlAndData" time="48.912" classname="web.mybizz.tests.ExtractData2"/>
  <system-out/>
  <testcase name="hitUrlAndData" time="88.269" classname="web.mybizz.tests.ExtractData2"/>
  <system-out/>
  <testcase name="hitUrlAndData" time="48.014" classname="web.mybizz.tests.ExtractData2"/>
  <system-out/>
  <testcase name="hitUrlAndData" time="67.949" classname="web.mybizz.tests.ExtractData2"/>
  <system-out/>
  <testcase name="hitUrlAndData" time="48.876" classname="web.mybizz.tests.ExtractData2"/>
  <system-out/>
  <testcase name="hitUrlAndData" time="48.541" classname="web.mybizz.tests.ExtractData2"/>
  <system-out/>
  <testcase name="hitUrlAndData" time="88.498" classname="web.mybizz.tests.ExtractData2"/>
  <system-out/>
  <testcase name="hitUrlAndData" time="51.774" classname="web.mybizz.tests.ExtractData2"/>
  <system-out/>
  <testcase name="hitUrlAndData" time="2.873" classname="web.mybizz.tests.ExtractData2">
    <error type="java.lang.NullPointerException" message="null value in entry: url=null">
      <![CDATA[java.lang.NullPointerException: null value in entry: url=null
at com.google.common.collect.CollectPreconditions.checkEntryNotNull(CollectPreconditions.java:33)
at com.google.common.collect.SingletonImmutableBiMap.<init>(SingletonImmutableBiMap.java:43)
at com.google.common.collect.ImmutableBiMap.of(ImmutableBiMap.java:81)
at com.google.common.collect.ImmutableMap.of(ImmutableMap.java:126)
at org.openqa.selenium.remote.DriverCommand.GET(DriverCommand.java:191)
at org.openqa.selenium.remote.RemoteWebDriver.get(RemoteWebDriver.java:304)
at web.mybizz.tests.ExtractData2.hitUrlAndData(ExtractData2.java:68)
at sun.reflect.GeneratedMethodAccessor2.invoke(Unknown Source)
at sun.reflect.DelegatingMethodAccessorImpl.invoke(DelegatingMethodAccessorImpl.java:43)
at java.lang.reflect.Method.invoke(Method.java:498)
at org.testng.internal.MethodInvocationHelper.invokeMethod(MethodInvocationHelper.java:133)
at org.testng.internal.TestInvoker.invokeMethod(TestInvoker.java:598)
at org.testng.internal.TestInvoker.invokeTestMethod(TestInvoker.java:173)
at org.testng.internal.TestMethodWithDataProviderMethodWorker.call(TestMethodWithDataProviderMethodWorker.java:77)
at org.testng.internal.TestMethodWithDataProviderMethodWorker.call(TestMethodWithDataProviderMethodWorker.java:15)
at java.util.concurrent.FutureTask.run(FutureTask.java:266)
at java.util.concurrent.Executors$RunnableAdapter.call(Executors.java:511)
at java.util.concurrent.FutureTask.run(FutureTask.java:266)
at java.util.concurrent.ThreadPoolExecutor.runWorker(ThreadPoolExecutor.java:1149)
at java.util.concurrent.ThreadPoolExecutor$Worker.run(ThreadPoolExecutor.java:624)
at java.lang.Thread.run(Thread.java:748)
]]>
    </error>
  </testcase> <!-- hitUrlAndData -->
  <system-out/>
  <testcase name="hitUrlAndData" time="66.928" classname="web.mybizz.tests.ExtractData2"/>
  <system-out/>
  <testcase name="hitUrlAndData" time="68.287" classname="web.mybizz.tests.ExtractData2"/>
  <system-out/>
  <testcase name="hitUrlAndData" time="67.423" classname="web.mybizz.tests.ExtractData2"/>
  <system-out/>
  <testcase name="hitUrlAndData" time="66.588" classname="web.mybizz.tests.ExtractData2"/>
  <system-out/>
  <testcase name="hitUrlAndData" time="49.556" classname="web.mybizz.tests.ExtractData2"/>
  <system-out/>
  <testcase name="hitUrlAndData" time="47.131" classname="web.mybizz.tests.ExtractData2"/>
  <system-out/>
  <testcase name="hitUrlAndData" time="89.002" classname="web.mybizz.tests.ExtractData2"/>
  <system-out/>
  <testcase name="hitUrlAndData" time="67.093" classname="web.mybizz.tests.ExtractData2"/>
  <system-out/>
  <testcase name="hitUrlAndData" time="48.519" classname="web.mybizz.tests.ExtractData2"/>
  <system-out/>
  <testcase name="hitUrlAndData" time="47.818" classname="web.mybizz.tests.ExtractData2"/>
  <system-out/>
  <testcase name="hitUrlAndData" time="49.084" classname="web.mybizz.tests.ExtractData2"/>
  <system-out/>
  <testcase name="hitUrlAndData" time="67.622" classname="web.mybizz.tests.ExtractData2"/>
  <system-out/>
  <testcase name="hitUrlAndData" time="48.092" classname="web.mybizz.tests.ExtractData2"/>
  <system-out/>
  <testcase name="hitUrlAndData" time="49.351" classname="web.mybizz.tests.ExtractData2"/>
  <system-out/>
  <testcase name="hitUrlAndData" time="68.771" classname="web.mybizz.tests.ExtractData2"/>
  <system-out/>
  <testcase name="hitUrlAndData" time="47.298" classname="web.mybizz.tests.ExtractData2"/>
  <system-out/>
  <testcase name="hitUrlAndData" time="68.219" classname="web.mybizz.tests.ExtractData2"/>
  <system-out/>
  <testcase name="hitUrlAndData" time="71.056" classname="web.mybizz.tests.ExtractData2"/>
  <system-out/>
  <testcase name="hitUrlAndData" time="51.814" classname="web.mybizz.tests.ExtractData2"/>
  <system-out/>
  <testcase name="hitUrlAndData" time="50.637" classname="web.mybizz.tests.ExtractData2"/>
  <system-out/>
  <testcase name="hitUrlAndData" time="48.104" classname="web.mybizz.tests.ExtractData2"/>
  <system-out/>
  <testcase name="hitUrlAndData" time="48.864" classname="web.mybizz.tests.ExtractData2"/>
  <system-out/>
  <testcase name="hitUrlAndData" time="68.254" classname="web.mybizz.tests.ExtractData2"/>
  <system-out/>
  <testcase name="hitUrlAndData" time="90.433" classname="web.mybizz.tests.ExtractData2"/>
  <system-out/>
  <testcase name="hitUrlAndData" time="47.974" classname="web.mybizz.tests.ExtractData2"/>
  <system-out/>
  <testcase name="hitUrlAndData" time="49.943" classname="web.mybizz.tests.ExtractData2"/>
  <system-out/>
  <testcase name="hitUrlAndData" time="48.919" classname="web.mybizz.tests.ExtractData2"/>
  <system-out/>
  <testcase name="hitUrlAndData" time="90.980" classname="web.mybizz.tests.ExtractData2"/>
  <system-out/>
  <testcase name="hitUrlAndData" time="48.619" classname="web.mybizz.tests.ExtractData2"/>
  <system-out/>
  <testcase name="hitUrlAndData" time="48.417" classname="web.mybizz.tests.ExtractData2"/>
  <system-out/>
  <testcase name="hitUrlAndData" time="45.618" classname="web.mybizz.tests.ExtractData2"/>
  <system-out/>
  <testcase name="hitUrlAndData" time="89.463" classname="web.mybizz.tests.ExtractData2"/>
  <system-out/>
  <testcase name="hitUrlAndData" time="67.217" classname="web.mybizz.tests.ExtractData2"/>
  <system-out/>
  <testcase name="hitUrlAndData" time="48.884" classname="web.mybizz.tests.ExtractData2"/>
  <system-out/>
  <testcase name="hitUrlAndData" time="49.326" classname="web.mybizz.tests.ExtractData2"/>
  <system-out/>
  <testcase name="hitUrlAndData" time="47.742" classname="web.mybizz.tests.ExtractData2"/>
  <system-out/>
  <testcase name="hitUrlAndData" time="87.265" classname="web.mybizz.tests.ExtractData2"/>
  <system-out/>
  <testcase name="hitUrlAndData" time="48.836" classname="web.mybizz.tests.ExtractData2"/>
  <system-out/>
  <testcase name="hitUrlAndData" time="68.295" classname="web.mybizz.tests.ExtractData2"/>
  <system-out/>
  <testcase name="hitUrlAndData" time="52.824" classname="web.mybizz.tests.ExtractData2"/>
  <system-out/>
  <testcase name="hitUrlAndData" time="66.547" classname="web.mybizz.tests.ExtractData2"/>
  <system-out/>
  <testcase name="hitUrlAndData" time="68.457" classname="web.mybizz.tests.ExtractData2"/>
  <system-out/>
  <testcase name="hitUrlAndData" time="46.384" classname="web.mybizz.tests.ExtractData2"/>
  <system-out/>
  <testcase name="hitUrlAndData" time="47.487" classname="web.mybizz.tests.ExtractData2"/>
  <system-out/>
  <testcase name="hitUrlAndData" time="49.023" classname="web.mybizz.tests.ExtractData2"/>
  <system-out/>
  <testcase name="hitUrlAndData" time="48.386" classname="web.mybizz.tests.ExtractData2"/>
  <system-out/>
  <testcase name="hitUrlAndData" time="47.937" classname="web.mybizz.tests.ExtractData2"/>
  <system-out/>
  <testcase name="hitUrlAndData" time="50.086" classname="web.mybizz.tests.ExtractData2"/>
  <system-out/>
  <testcase name="hitUrlAndData" time="87.977" classname="web.mybizz.tests.ExtractData2"/>
  <system-out/>
  <testcase name="hitUrlAndData" time="49.150" classname="web.mybizz.tests.ExtractData2"/>
  <system-out/>
  <testcase name="hitUrlAndData" time="67.229" classname="web.mybizz.tests.ExtractData2"/>
  <system-out/>
  <testcase name="hitUrlAndData" time="50.626" classname="web.mybizz.tests.ExtractData2"/>
  <system-out/>
  <testcase name="hitUrlAndData" time="47.752" classname="web.mybizz.tests.ExtractData2"/>
  <system-out/>
  <testcase name="hitUrlAndData" time="67.254" classname="web.mybizz.tests.ExtractData2"/>
  <system-out/>
  <testcase name="hitUrlAndData" time="49.278" classname="web.mybizz.tests.ExtractData2"/>
  <system-out/>
  <testcase name="hitUrlAndData" time="69.319" classname="web.mybizz.tests.ExtractData2"/>
  <system-out/>
  <testcase name="hitUrlAndData" time="47.377" classname="web.mybizz.tests.ExtractData2"/>
  <system-out/>
  <testcase name="hitUrlAndData" time="50.801" classname="web.mybizz.tests.ExtractData2"/>
  <system-out/>
  <testcase name="hitUrlAndData" time="85.413" classname="web.mybizz.tests.ExtractData2"/>
  <system-out/>
  <testcase name="hitUrlAndData" time="49.184" classname="web.mybizz.tests.ExtractData2"/>
  <system-out/>
  <testcase name="hitUrlAndData" time="50.325" classname="web.mybizz.tests.ExtractData2"/>
  <system-out/>
  <testcase name="hitUrlAndData" time="47.022" classname="web.mybizz.tests.ExtractData2"/>
  <system-out/>
  <testcase name="hitUrlAndData" time="50.227" classname="web.mybizz.tests.ExtractData2"/>
  <system-out/>
  <testcase name="hitUrlAndData" time="48.657" classname="web.mybizz.tests.ExtractData2"/>
  <system-out/>
  <testcase name="hitUrlAndData" time="48.603" classname="web.mybizz.tests.ExtractData2"/>
  <system-out/>
  <testcase name="hitUrlAndData" time="50.745" classname="web.mybizz.tests.ExtractData2"/>
  <system-out/>
  <testcase name="hitUrlAndData" time="51.557" classname="web.mybizz.tests.ExtractData2"/>
  <system-out/>
  <testcase name="hitUrlAndData" time="47.703" classname="web.mybizz.tests.ExtractData2"/>
  <system-out/>
  <testcase name="hitUrlAndData" time="49.078" classname="web.mybizz.tests.ExtractData2"/>
  <system-out/>
  <testcase name="hitUrlAndData" time="50.045" classname="web.mybizz.tests.ExtractData2"/>
  <system-out/>
  <testcase name="hitUrlAndData" time="66.948" classname="web.mybizz.tests.ExtractData2"/>
  <system-out/>
  <testcase name="hitUrlAndData" time="68.210" classname="web.mybizz.tests.ExtractData2"/>
  <system-out/>
  <testcase name="hitUrlAndData" time="46.790" classname="web.mybizz.tests.ExtractData2"/>
  <system-out/>
  <testcase name="hitUrlAndData" time="48.184" classname="web.mybizz.tests.ExtractData2"/>
  <system-out/>
  <testcase name="hitUrlAndData" time="48.585" classname="web.mybizz.tests.ExtractData2"/>
  <system-out/>
  <testcase name="hitUrlAndData" time="67.472" classname="web.mybizz.tests.ExtractData2"/>
  <system-out/>
  <testcase name="hitUrlAndData" time="67.201" classname="web.mybizz.tests.ExtractData2"/>
  <system-out/>
  <testcase name="hitUrlAndData" time="47.604" classname="web.mybizz.tests.ExtractData2"/>
  <system-out/>
  <testcase name="hitUrlAndData" time="66.594" classname="web.mybizz.tests.ExtractData2"/>
  <system-out/>
  <testcase name="hitUrlAndData" time="66.767" classname="web.mybizz.tests.ExtractData2"/>
  <system-out/>
  <testcase name="hitUrlAndData" time="48.879" classname="web.mybizz.tests.ExtractData2"/>
  <system-out/>
  <testcase name="hitUrlAndData" time="67.546" classname="web.mybizz.tests.ExtractData2"/>
  <system-out/>
  <testcase name="hitUrlAndData" time="68.115" classname="web.mybizz.tests.ExtractData2"/>
  <system-out/>
  <testcase name="hitUrlAndData" time="48.058" classname="web.mybizz.tests.ExtractData2"/>
  <system-out/>
  <testcase name="hitUrlAndData" time="68.673" classname="web.mybizz.tests.ExtractData2"/>
  <system-out/>
  <testcase name="hitUrlAndData" time="50.452" classname="web.mybizz.tests.ExtractData2"/>
  <system-out/>
  <testcase name="hitUrlAndData" time="47.759" classname="web.mybizz.tests.ExtractData2"/>
  <system-out/>
  <testcase name="hitUrlAndData" time="50.524" classname="web.mybizz.tests.ExtractData2"/>
  <system-out/>
  <testcase name="hitUrlAndData" time="48.259" classname="web.mybizz.tests.ExtractData2"/>
  <system-out/>
  <testcase name="hitUrlAndData" time="51.038" classname="web.mybizz.tests.ExtractData2"/>
  <system-out/>
  <testcase name="hitUrlAndData" time="48.022" classname="web.mybizz.tests.ExtractData2"/>
  <system-out/>
  <testcase name="hitUrlAndData" time="67.773" classname="web.mybizz.tests.ExtractData2"/>
  <system-out/>
  <testcase name="hitUrlAndData" time="48.257" classname="web.mybizz.tests.ExtractData2"/>
  <system-out/>
  <testcase name="hitUrlAndData" time="49.039" classname="web.mybizz.tests.ExtractData2"/>
  <system-out/>
  <testcase name="hitUrlAndData" time="68.469" classname="web.mybizz.tests.ExtractData2"/>
  <system-out/>
  <testcase name="hitUrlAndData" time="67.489" classname="web.mybizz.tests.ExtractData2"/>
  <system-out/>
  <testcase name="hitUrlAndData" time="68.873" classname="web.mybizz.tests.ExtractData2"/>
  <system-out/>
  <testcase name="hitUrlAndData" time="94.745" classname="web.mybizz.tests.ExtractData2"/>
  <system-out/>
  <testcase name="hitUrlAndData" time="49.294" classname="web.mybizz.tests.ExtractData2"/>
  <system-out/>
  <testcase name="hitUrlAndData" time="49.734" classname="web.mybizz.tests.ExtractData2"/>
  <system-out/>
  <testcase name="hitUrlAndData" time="54.865" classname="web.mybizz.tests.ExtractData2"/>
  <system-out/>
  <testcase name="hitUrlAndData" time="68.855" classname="web.mybizz.tests.ExtractData2"/>
  <system-out/>
  <testcase name="hitUrlAndData" time="50.557" classname="web.mybizz.tests.ExtractData2"/>
  <system-out/>
  <testcase name="hitUrlAndData" time="49.688" classname="web.mybizz.tests.ExtractData2"/>
  <system-out/>
  <testcase name="hitUrlAndData" time="67.348" classname="web.mybizz.tests.ExtractData2"/>
  <system-out/>
  <testcase name="hitUrlAndData" time="49.670" classname="web.mybizz.tests.ExtractData2"/>
  <system-out/>
  <testcase name="hitUrlAndData" time="69.602" classname="web.mybizz.tests.ExtractData2"/>
  <system-out/>
  <testcase name="hitUrlAndData" time="69.358" classname="web.mybizz.tests.ExtractData2"/>
  <system-out/>
  <testcase name="hitUrlAndData" time="67.975" classname="web.mybizz.tests.ExtractData2"/>
  <system-out/>
  <testcase name="hitUrlAndData" time="47.007" classname="web.mybizz.tests.ExtractData2"/>
  <system-out/>
  <testcase name="hitUrlAndData" time="49.594" classname="web.mybizz.tests.ExtractData2"/>
  <system-out/>
  <testcase name="hitUrlAndData" time="71.404" classname="web.mybizz.tests.ExtractData2"/>
  <system-out/>
  <testcase name="hitUrlAndData" time="49.152" classname="web.mybizz.tests.ExtractData2"/>
  <system-out/>
  <testcase name="hitUrlAndData" time="50.788" classname="web.mybizz.tests.ExtractData2"/>
  <system-out/>
  <testcase name="hitUrlAndData" time="51.303" classname="web.mybizz.tests.ExtractData2"/>
  <system-out/>
  <testcase name="hitUrlAndData" time="48.114" classname="web.mybizz.tests.ExtractData2"/>
  <system-out/>
  <testcase name="hitUrlAndData" time="48.324" classname="web.mybizz.tests.ExtractData2"/>
  <system-out/>
  <testcase name="hitUrlAndData" time="68.726" classname="web.mybizz.tests.ExtractData2"/>
  <system-out/>
  <testcase name="hitUrlAndData" time="49.790" classname="web.mybizz.tests.ExtractData2"/>
  <system-out/>
  <testcase name="hitUrlAndData" time="47.645" classname="web.mybizz.tests.ExtractData2"/>
  <system-out/>
  <testcase name="hitUrlAndData" time="46.947" classname="web.mybizz.tests.ExtractData2"/>
  <system-out/>
  <testcase name="hitUrlAndData" time="47.569" classname="web.mybizz.tests.ExtractData2"/>
  <system-out/>
  <testcase name="hitUrlAndData" time="50.155" classname="web.mybizz.tests.ExtractData2"/>
  <system-out/>
  <testcase name="hitUrlAndData" time="49.709" classname="web.mybizz.tests.ExtractData2"/>
  <system-out/>
  <testcase name="hitUrlAndData" time="46.799" classname="web.mybizz.tests.ExtractData2"/>
  <system-out/>
  <testcase name="hitUrlAndData" time="88.374" classname="web.mybizz.tests.ExtractData2"/>
  <system-out/>
  <testcase name="hitUrlAndData" time="47.084" classname="web.mybizz.tests.ExtractData2"/>
  <system-out/>
  <testcase name="hitUrlAndData" time="49.954" classname="web.mybizz.tests.ExtractData2"/>
  <system-out/>
  <testcase name="hitUrlAndData" time="48.952" classname="web.mybizz.tests.ExtractData2"/>
  <system-out/>
  <testcase name="hitUrlAndData" time="49.079" classname="web.mybizz.tests.ExtractData2"/>
  <system-out/>
  <testcase name="hitUrlAndData" time="47.059" classname="web.mybizz.tests.ExtractData2"/>
  <system-out/>
  <testcase name="hitUrlAndData" time="49.098" classname="web.mybizz.tests.ExtractData2"/>
  <system-out/>
  <testcase name="hitUrlAndData" time="67.851" classname="web.mybizz.tests.ExtractData2"/>
  <system-out/>
  <testcase name="hitUrlAndData" time="49.147" classname="web.mybizz.tests.ExtractData2"/>
  <system-out/>
  <testcase name="hitUrlAndData" time="48.323" classname="web.mybizz.tests.ExtractData2"/>
  <system-out/>
  <testcase name="hitUrlAndData" time="50.219" classname="web.mybizz.tests.ExtractData2"/>
  <system-out/>
  <testcase name="hitUrlAndData" time="49.594" classname="web.mybizz.tests.ExtractData2"/>
  <system-out/>
  <testcase name="hitUrlAndData" time="49.303" classname="web.mybizz.tests.ExtractData2"/>
  <system-out/>
  <testcase name="hitUrlAndData" time="87.806" classname="web.mybizz.tests.ExtractData2"/>
  <system-out/>
  <testcase name="hitUrlAndData" time="49.316" classname="web.mybizz.tests.ExtractData2"/>
  <system-out/>
  <testcase name="hitUrlAndData" time="49.151" classname="web.mybizz.tests.ExtractData2"/>
  <system-out/>
  <testcase name="hitUrlAndData" time="49.231" classname="web.mybizz.tests.ExtractData2"/>
  <system-out/>
  <testcase name="hitUrlAndData" time="67.651" classname="web.mybizz.tests.ExtractData2"/>
  <system-out/>
  <testcase name="hitUrlAndData" time="50.706" classname="web.mybizz.tests.ExtractData2"/>
  <system-out/>
  <testcase name="hitUrlAndData" time="45.630" classname="web.mybizz.tests.ExtractData2"/>
  <system-out/>
  <testcase name="hitUrlAndData" time="49.961" classname="web.mybizz.tests.ExtractData2"/>
  <system-out/>
  <testcase name="hitUrlAndData" time="67.787" classname="web.mybizz.tests.ExtractData2"/>
  <system-out/>
  <testcase name="hitUrlAndData" time="48.478" classname="web.mybizz.tests.ExtractData2"/>
  <system-out/>
  <testcase name="hitUrlAndData" time="66.849" classname="web.mybizz.tests.ExtractData2"/>
  <system-out/>
  <testcase name="hitUrlAndData" time="49.006" classname="web.mybizz.tests.ExtractData2"/>
  <system-out/>
  <testcase name="hitUrlAndData" time="47.269" classname="web.mybizz.tests.ExtractData2"/>
  <system-out/>
  <testcase name="hitUrlAndData" time="49.054" classname="web.mybizz.tests.ExtractData2"/>
  <system-out/>
  <testcase name="hitUrlAndData" time="48.966" classname="web.mybizz.tests.ExtractData2"/>
  <system-out/>
  <testcase name="hitUrlAndData" time="47.536" classname="web.mybizz.tests.ExtractData2"/>
  <system-out/>
  <testcase name="hitUrlAndData" time="48.105" classname="web.mybizz.tests.ExtractData2"/>
  <system-out/>
  <testcase name="hitUrlAndData" time="49.097" classname="web.mybizz.tests.ExtractData2"/>
  <system-out/>
  <testcase name="hitUrlAndData" time="48.144" classname="web.mybizz.tests.ExtractData2"/>
  <system-out/>
  <testcase name="hitUrlAndData" time="69.364" classname="web.mybizz.tests.ExtractData2"/>
  <system-out/>
  <testcase name="hitUrlAndData" time="68.577" classname="web.mybizz.tests.ExtractData2"/>
  <system-out/>
  <testcase name="hitUrlAndData" time="49.781" classname="web.mybizz.tests.ExtractData2"/>
  <system-out/>
  <testcase name="hitUrlAndData" time="48.610" classname="web.mybizz.tests.ExtractData2"/>
  <system-out/>
  <testcase name="hitUrlAndData" time="48.553" classname="web.mybizz.tests.ExtractData2"/>
  <system-out/>
  <testcase name="hitUrlAndData" time="49.226" classname="web.mybizz.tests.ExtractData2"/>
  <system-out/>
  <testcase name="hitUrlAndData" time="48.477" classname="web.mybizz.tests.ExtractData2"/>
  <system-out/>
  <testcase name="hitUrlAndData" time="49.437" classname="web.mybizz.tests.ExtractData2"/>
  <system-out/>
  <testcase name="hitUrlAndData" time="48.834" classname="web.mybizz.tests.ExtractData2"/>
  <system-out/>
  <testcase name="hitUrlAndData" time="66.788" classname="web.mybizz.tests.ExtractData2"/>
  <system-out/>
  <testcase name="hitUrlAndData" time="49.535" classname="web.mybizz.tests.ExtractData2"/>
  <system-out/>
  <testcase name="hitUrlAndData" time="48.909" classname="web.mybizz.tests.ExtractData2"/>
  <system-out/>
  <testcase name="hitUrlAndData" time="67.587" classname="web.mybizz.tests.ExtractData2"/>
  <system-out/>
  <testcase name="hitUrlAndData" time="48.570" classname="web.mybizz.tests.ExtractData2"/>
  <system-out/>
  <testcase name="hitUrlAndData" time="49.097" classname="web.mybizz.tests.ExtractData2"/>
  <system-out/>
  <testcase name="hitUrlAndData" time="50.250" classname="web.mybizz.tests.ExtractData2"/>
  <system-out/>
  <testcase name="hitUrlAndData" time="49.508" classname="web.mybizz.tests.ExtractData2"/>
  <system-out/>
  <testcase name="hitUrlAndData" time="47.806" classname="web.mybizz.tests.ExtractData2"/>
  <system-out/>
  <testcase name="hitUrlAndData" time="47.965" classname="web.mybizz.tests.ExtractData2"/>
  <system-out/>
  <testcase name="hitUrlAndData" time="48.145" classname="web.mybizz.tests.ExtractData2"/>
  <system-out/>
  <testcase name="hitUrlAndData" time="68.508" classname="web.mybizz.tests.ExtractData2"/>
  <system-out/>
  <testcase name="hitUrlAndData" time="50.334" classname="web.mybizz.tests.ExtractData2"/>
  <system-out/>
  <testcase name="hitUrlAndData" time="49.056" classname="web.mybizz.tests.ExtractData2"/>
  <system-out/>
  <testcase name="hitUrlAndData" time="48.388" classname="web.mybizz.tests.ExtractData2"/>
  <system-out/>
  <testcase name="hitUrlAndData" time="47.124" classname="web.mybizz.tests.ExtractData2"/>
  <system-out/>
  <testcase name="hitUrlAndData" time="47.769" classname="web.mybizz.tests.ExtractData2"/>
  <system-out/>
  <testcase name="hitUrlAndData" time="47.316" classname="web.mybizz.tests.ExtractData2"/>
  <system-out/>
  <testcase name="hitUrlAndData" time="70.693" classname="web.mybizz.tests.ExtractData2"/>
  <system-out/>
  <testcase name="hitUrlAndData" time="66.661" classname="web.mybizz.tests.ExtractData2"/>
  <system-out/>
  <testcase name="hitUrlAndData" time="47.660" classname="web.mybizz.tests.ExtractData2"/>
  <system-out/>
  <testcase name="hitUrlAndData" time="51.020" classname="web.mybizz.tests.ExtractData2"/>
  <system-out/>
  <testcase name="hitUrlAndData" time="47.177" classname="web.mybizz.tests.ExtractData2"/>
  <system-out/>
  <testcase name="hitUrlAndData" time="66.948" classname="web.mybizz.tests.ExtractData2"/>
  <system-out/>
  <testcase name="hitUrlAndData" time="48.468" classname="web.mybizz.tests.ExtractData2"/>
  <system-out/>
  <testcase name="hitUrlAndData" time="48.738" classname="web.mybizz.tests.ExtractData2"/>
  <system-out/>
  <testcase name="hitUrlAndData" time="67.648" classname="web.mybizz.tests.ExtractData2"/>
  <system-out/>
  <testcase name="hitUrlAndData" time="46.539" classname="web.mybizz.tests.ExtractData2"/>
  <system-out/>
  <testcase name="hitUrlAndData" time="52.737" classname="web.mybizz.tests.ExtractData2"/>
  <system-out/>
  <testcase name="hitUrlAndData" time="48.008" classname="web.mybizz.tests.ExtractData2"/>
  <system-out/>
  <testcase name="hitUrlAndData" time="69.032" classname="web.mybizz.tests.ExtractData2"/>
  <system-out/>
  <testcase name="hitUrlAndData" time="88.294" classname="web.mybizz.tests.ExtractData2"/>
  <system-out/>
  <testcase name="hitUrlAndData" time="50.643" classname="web.mybizz.tests.ExtractData2"/>
  <system-out/>
  <testcase name="hitUrlAndData" time="47.895" classname="web.mybizz.tests.ExtractData2"/>
  <system-out/>
  <testcase name="hitUrlAndData" time="87.988" classname="web.mybizz.tests.ExtractData2"/>
  <system-out/>
  <testcase name="hitUrlAndData" time="48.336" classname="web.mybizz.tests.ExtractData2"/>
  <system-out/>
  <testcase name="hitUrlAndData" time="50.969" classname="web.mybizz.tests.ExtractData2"/>
  <system-out/>
  <testcase name="hitUrlAndData" time="49.275" classname="web.mybizz.tests.ExtractData2"/>
  <system-out/>
  <testcase name="hitUrlAndData" time="47.805" classname="web.mybizz.tests.ExtractData2"/>
  <system-out/>
  <testcase name="hitUrlAndData" time="48.072" classname="web.mybizz.tests.ExtractData2"/>
  <system-out/>
  <testcase name="hitUrlAndData" time="67.151" classname="web.mybizz.tests.ExtractData2"/>
  <system-out/>
  <testcase name="hitUrlAndData" time="50.108" classname="web.mybizz.tests.ExtractData2"/>
  <system-out/>
  <testcase name="hitUrlAndData" time="47.164" classname="web.mybizz.tests.ExtractData2"/>
  <system-out/>
  <testcase name="hitUrlAndData" time="51.100" classname="web.mybizz.tests.ExtractData2"/>
  <system-out/>
  <testcase name="hitUrlAndData" time="53.603" classname="web.mybizz.tests.ExtractData2"/>
  <system-out/>
  <testcase name="hitUrlAndData" time="68.797" classname="web.mybizz.tests.ExtractData2"/>
  <system-out/>
  <testcase name="hitUrlAndData" time="68.590" classname="web.mybizz.tests.ExtractData2"/>
  <system-out/>
  <testcase name="hitUrlAndData" time="68.202" classname="web.mybizz.tests.ExtractData2"/>
  <system-out/>
  <testcase name="hitUrlAndData" time="48.750" classname="web.mybizz.tests.ExtractData2"/>
  <system-out/>
  <testcase name="hitUrlAndData" time="49.050" classname="web.mybizz.tests.ExtractData2"/>
  <system-out/>
  <testcase name="hitUrlAndData" time="87.590" classname="web.mybizz.tests.ExtractData2"/>
  <system-out/>
  <testcase name="hitUrlAndData" time="68.156" classname="web.mybizz.tests.ExtractData2"/>
  <system-out/>
  <testcase name="hitUrlAndData" time="47.499" classname="web.mybizz.tests.ExtractData2"/>
  <system-out/>
  <testcase name="hitUrlAndData" time="48.993" classname="web.mybizz.tests.ExtractData2"/>
  <system-out/>
  <testcase name="hitUrlAndData" time="45.341" classname="web.mybizz.tests.ExtractData2"/>
  <system-out/>
  <testcase name="hitUrlAndData" time="49.377" classname="web.mybizz.tests.ExtractData2"/>
  <system-out/>
  <testcase name="hitUrlAndData" time="47.922" classname="web.mybizz.tests.ExtractData2"/>
  <system-out/>
  <testcase name="hitUrlAndData" time="87.719" classname="web.mybizz.tests.ExtractData2"/>
  <system-out/>
  <testcase name="hitUrlAndData" time="49.837" classname="web.mybizz.tests.ExtractData2"/>
  <system-out/>
  <testcase name="hitUrlAndData" time="48.856" classname="web.mybizz.tests.ExtractData2"/>
  <system-out/>
  <testcase name="hitUrlAndData" time="48.002" classname="web.mybizz.tests.ExtractData2"/>
  <system-out/>
  <testcase name="hitUrlAndData" time="47.699" classname="web.mybizz.tests.ExtractData2"/>
  <system-out/>
  <testcase name="hitUrlAndData" time="48.971" classname="web.mybizz.tests.ExtractData2"/>
  <system-out/>
  <testcase name="hitUrlAndData" time="48.175" classname="web.mybizz.tests.ExtractData2"/>
  <system-out/>
  <testcase name="hitUrlAndData" time="50.308" classname="web.mybizz.tests.ExtractData2"/>
  <system-out/>
  <testcase name="hitUrlAndData" time="68.637" classname="web.mybizz.tests.ExtractData2"/>
  <system-out/>
  <testcase name="hitUrlAndData" time="88.510" classname="web.mybizz.tests.ExtractData2"/>
  <system-out/>
  <testcase name="hitUrlAndData" time="88.849" classname="web.mybizz.tests.ExtractData2"/>
  <system-out/>
  <testcase name="hitUrlAndData" time="69.098" classname="web.mybizz.tests.ExtractData2"/>
  <system-out/>
  <testcase name="hitUrlAndData" time="49.622" classname="web.mybizz.tests.ExtractData2"/>
  <system-out/>
  <testcase name="hitUrlAndData" time="88.639" classname="web.mybizz.tests.ExtractData2"/>
  <system-out/>
  <testcase name="hitUrlAndData" time="47.803" classname="web.mybizz.tests.ExtractData2"/>
  <system-out/>
  <testcase name="hitUrlAndData" time="67.154" classname="web.mybizz.tests.ExtractData2"/>
  <system-out/>
  <testcase name="hitUrlAndData" time="49.046" classname="web.mybizz.tests.ExtractData2"/>
  <system-out/>
  <testcase name="hitUrlAndData" time="51.146" classname="web.mybizz.tests.ExtractData2"/>
  <system-out/>
  <testcase name="hitUrlAndData" time="88.348" classname="web.mybizz.tests.ExtractData2"/>
  <system-out/>
  <testcase name="hitUrlAndData" time="49.741" classname="web.mybizz.tests.ExtractData2"/>
  <system-out/>
  <testcase name="hitUrlAndData" time="50.714" classname="web.mybizz.tests.ExtractData2"/>
  <system-out/>
  <testcase name="hitUrlAndData" time="68.149" classname="web.mybizz.tests.ExtractData2"/>
  <system-out/>
  <testcase name="hitUrlAndData" time="50.075" classname="web.mybizz.tests.ExtractData2"/>
  <system-out/>
  <testcase name="hitUrlAndData" time="59.329" classname="web.mybizz.tests.ExtractData2"/>
  <system-out/>
  <testcase name="hitUrlAndData" time="67.278" classname="web.mybizz.tests.ExtractData2"/>
  <system-out/>
  <testcase name="hitUrlAndData" time="68.226" classname="web.mybizz.tests.ExtractData2"/>
  <system-out/>
  <testcase name="hitUrlAndData" time="48.051" classname="web.mybizz.tests.ExtractData2"/>
  <system-out/>
  <testcase name="hitUrlAndData" time="48.163" classname="web.mybizz.tests.ExtractData2"/>
  <system-out/>
  <testcase name="hitUrlAndData" time="68.456" classname="web.mybizz.tests.ExtractData2"/>
  <system-out/>
  <testcase name="hitUrlAndData" time="50.370" classname="web.mybizz.tests.ExtractData2"/>
  <system-out/>
  <testcase name="hitUrlAndData" time="47.597" classname="web.mybizz.tests.ExtractData2"/>
  <system-out/>
  <testcase name="hitUrlAndData" time="49.498" classname="web.mybizz.tests.ExtractData2"/>
  <system-out/>
  <testcase name="hitUrlAndData" time="47.492" classname="web.mybizz.tests.ExtractData2"/>
  <system-out/>
  <testcase name="hitUrlAndData" time="49.808" classname="web.mybizz.tests.ExtractData2"/>
  <system-out/>
  <testcase name="hitUrlAndData" time="48.307" classname="web.mybizz.tests.ExtractData2"/>
  <system-out/>
  <testcase name="hitUrlAndData" time="47.937" classname="web.mybizz.tests.ExtractData2"/>
  <system-out/>
  <testcase name="hitUrlAndData" time="48.669" classname="web.mybizz.tests.ExtractData2"/>
  <system-out/>
  <testcase name="hitUrlAndData" time="51.244" classname="web.mybizz.tests.ExtractData2"/>
  <system-out/>
  <testcase name="hitUrlAndData" time="45.732" classname="web.mybizz.tests.ExtractData2"/>
  <system-out/>
  <testcase name="hitUrlAndData" time="49.156" classname="web.mybizz.tests.ExtractData2"/>
  <system-out/>
  <testcase name="hitUrlAndData" time="46.989" classname="web.mybizz.tests.ExtractData2"/>
  <system-out/>
  <testcase name="hitUrlAndData" time="51.692" classname="web.mybizz.tests.ExtractData2"/>
  <system-out/>
  <testcase name="hitUrlAndData" time="47.338" classname="web.mybizz.tests.ExtractData2"/>
  <system-out/>
  <testcase name="hitUrlAndData" time="46.936" classname="web.mybizz.tests.ExtractData2"/>
  <system-out/>
  <testcase name="hitUrlAndData" time="46.608" classname="web.mybizz.tests.ExtractData2"/>
  <system-out/>
  <testcase name="hitUrlAndData" time="47.427" classname="web.mybizz.tests.ExtractData2"/>
  <system-out/>
  <testcase name="hitUrlAndData" time="49.007" classname="web.mybizz.tests.ExtractData2"/>
  <system-out/>
  <testcase name="hitUrlAndData" time="51.025" classname="web.mybizz.tests.ExtractData2"/>
  <system-out/>
  <testcase name="hitUrlAndData" time="49.795" classname="web.mybizz.tests.ExtractData2"/>
  <system-out/>
  <testcase name="hitUrlAndData" time="49.731" classname="web.mybizz.tests.ExtractData2"/>
  <system-out/>
  <testcase name="hitUrlAndData" time="74.817" classname="web.mybizz.tests.ExtractData2"/>
  <system-out/>
  <testcase name="hitUrlAndData" time="52.477" classname="web.mybizz.tests.ExtractData2"/>
  <system-out/>
  <testcase name="hitUrlAndData" time="52.015" classname="web.mybizz.tests.ExtractData2"/>
  <system-out/>
  <testcase name="hitUrlAndData" time="66.973" classname="web.mybizz.tests.ExtractData2"/>
  <system-out/>
  <testcase name="hitUrlAndData" time="49.592" classname="web.mybizz.tests.ExtractData2"/>
  <system-out/>
  <testcase name="hitUrlAndData" time="68.076" classname="web.mybizz.tests.ExtractData2"/>
  <system-out/>
  <testcase name="hitUrlAndData" time="67.815" classname="web.mybizz.tests.ExtractData2"/>
  <system-out/>
  <testcase name="hitUrlAndData" time="67.505" classname="web.mybizz.tests.ExtractData2"/>
  <system-out/>
  <testcase name="hitUrlAndData" time="47.854" classname="web.mybizz.tests.ExtractData2"/>
  <system-out/>
  <testcase name="hitUrlAndData" time="49.173" classname="web.mybizz.tests.ExtractData2"/>
  <system-out/>
  <testcase name="hitUrlAndData" time="46.912" classname="web.mybizz.tests.ExtractData2"/>
  <system-out/>
  <testcase name="hitUrlAndData" time="55.416" classname="web.mybizz.tests.ExtractData2"/>
  <system-out/>
  <testcase name="hitUrlAndData" time="50.204" classname="web.mybizz.tests.ExtractData2"/>
  <system-out/>
  <testcase name="hitUrlAndData" time="49.350" classname="web.mybizz.tests.ExtractData2"/>
  <system-out/>
  <testcase name="hitUrlAndData" time="48.976" classname="web.mybizz.tests.ExtractData2"/>
  <system-out/>
  <testcase name="hitUrlAndData" time="46.880" classname="web.mybizz.tests.ExtractData2"/>
  <system-out/>
  <testcase name="hitUrlAndData" time="50.070" classname="web.mybizz.tests.ExtractData2"/>
  <system-out/>
  <testcase name="hitUrlAndData" time="52.613" classname="web.mybizz.tests.ExtractData2"/>
  <system-out/>
  <testcase name="hitUrlAndData" time="47.509" classname="web.mybizz.tests.ExtractData2"/>
  <system-out/>
  <testcase name="hitUrlAndData" time="51.065" classname="web.mybizz.tests.ExtractData2"/>
  <system-out/>
  <testcase name="hitUrlAndData" time="49.373" classname="web.mybizz.tests.ExtractData2"/>
  <system-out/>
  <testcase name="hitUrlAndData" time="48.920" classname="web.mybizz.tests.ExtractData2"/>
  <system-out/>
  <testcase name="hitUrlAndData" time="49.233" classname="web.mybizz.tests.ExtractData2"/>
  <system-out/>
  <testcase name="hitUrlAndData" time="49.927" classname="web.mybizz.tests.ExtractData2"/>
  <system-out/>
  <testcase name="hitUrlAndData" time="28.209" classname="web.mybizz.tests.ExtractData2"/>
  <system-out/>
  <testcase name="hitUrlAndData" time="51.379" classname="web.mybizz.tests.ExtractData2"/>
  <system-out/>
  <testcase name="hitUrlAndData" time="66.469" classname="web.mybizz.tests.ExtractData2"/>
  <system-out/>
  <testcase name="hitUrlAndData" time="48.923" classname="web.mybizz.tests.ExtractData2"/>
  <system-out/>
  <testcase name="hitUrlAndData" time="49.789" classname="web.mybizz.tests.ExtractData2"/>
  <system-out/>
  <testcase name="hitUrlAndData" time="67.588" classname="web.mybizz.tests.ExtractData2"/>
  <system-out/>
  <testcase name="hitUrlAndData" time="67.759" classname="web.mybizz.tests.ExtractData2"/>
  <system-out/>
  <testcase name="hitUrlAndData" time="78.975" classname="web.mybizz.tests.ExtractData2"/>
  <system-out/>
  <testcase name="hitUrlAndData" time="49.302" classname="web.mybizz.tests.ExtractData2"/>
  <system-out/>
  <testcase name="hitUrlAndData" time="47.321" classname="web.mybizz.tests.ExtractData2"/>
  <system-out/>
  <testcase name="hitUrlAndData" time="50.873" classname="web.mybizz.tests.ExtractData2"/>
  <system-out/>
  <testcase name="hitUrlAndData" time="89.375" classname="web.mybizz.tests.ExtractData2"/>
  <system-out/>
  <testcase name="hitUrlAndData" time="48.615" classname="web.mybizz.tests.ExtractData2"/>
  <system-out/>
  <testcase name="hitUrlAndData" time="71.558" classname="web.mybizz.tests.ExtractData2"/>
  <system-out/>
  <testcase name="hitUrlAndData" time="48.620" classname="web.mybizz.tests.ExtractData2"/>
  <system-out/>
  <testcase name="hitUrlAndData" time="47.605" classname="web.mybizz.tests.ExtractData2"/>
  <system-out/>
  <testcase name="hitUrlAndData" time="67.274" classname="web.mybizz.tests.ExtractData2"/>
  <system-out/>
  <testcase name="hitUrlAndData" time="49.696" classname="web.mybizz.tests.ExtractData2"/>
  <system-out/>
  <testcase name="hitUrlAndData" time="48.750" classname="web.mybizz.tests.ExtractData2"/>
  <system-out/>
  <testcase name="hitUrlAndData" time="48.630" classname="web.mybizz.tests.ExtractData2"/>
  <system-out/>
  <testcase name="hitUrlAndData" time="49.148" classname="web.mybizz.tests.ExtractData2"/>
  <system-out/>
  <testcase name="hitUrlAndData" time="48.911" classname="web.mybizz.tests.ExtractData2"/>
  <system-out/>
  <testcase name="hitUrlAndData" time="49.578" classname="web.mybizz.tests.ExtractData2"/>
  <system-out/>
  <testcase name="hitUrlAndData" time="67.422" classname="web.mybizz.tests.ExtractData2"/>
  <system-out/>
  <testcase name="hitUrlAndData" time="47.329" classname="web.mybizz.tests.ExtractData2"/>
  <system-out/>
  <testcase name="hitUrlAndData" time="67.077" classname="web.mybizz.tests.ExtractData2"/>
  <system-out/>
  <testcase name="hitUrlAndData" time="90.661" classname="web.mybizz.tests.ExtractData2"/>
  <system-out/>
  <testcase name="hitUrlAndData" time="67.683" classname="web.mybizz.tests.ExtractData2"/>
  <system-out/>
  <testcase name="hitUrlAndData" time="49.917" classname="web.mybizz.tests.ExtractData2"/>
  <system-out/>
  <testcase name="hitUrlAndData" time="50.964" classname="web.mybizz.tests.ExtractData2"/>
  <system-out/>
  <testcase name="hitUrlAndData" time="67.237" classname="web.mybizz.tests.ExtractData2"/>
  <system-out/>
  <testcase name="hitUrlAndData" time="49.944" classname="web.mybizz.tests.ExtractData2"/>
  <system-out/>
  <testcase name="hitUrlAndData" time="50.387" classname="web.mybizz.tests.ExtractData2"/>
  <system-out/>
  <testcase name="hitUrlAndData" time="47.452" classname="web.mybizz.tests.ExtractData2"/>
  <system-out/>
  <testcase name="hitUrlAndData" time="49.833" classname="web.mybizz.tests.ExtractData2"/>
  <system-out/>
  <testcase name="hitUrlAndData" time="51.450" classname="web.mybizz.tests.ExtractData2"/>
  <system-out/>
  <testcase name="hitUrlAndData" time="48.045" classname="web.mybizz.tests.ExtractData2"/>
  <system-out/>
  <testcase name="hitUrlAndData" time="68.621" classname="web.mybizz.tests.ExtractData2"/>
  <system-out/>
  <testcase name="hitUrlAndData" time="50.839" classname="web.mybizz.tests.ExtractData2"/>
  <system-out/>
  <testcase name="hitUrlAndData" time="50.673" classname="web.mybizz.tests.ExtractData2"/>
  <system-out/>
  <testcase name="hitUrlAndData" time="67.490" classname="web.mybizz.tests.ExtractData2"/>
  <system-out/>
  <testcase name="hitUrlAndData" time="47.620" classname="web.mybizz.tests.ExtractData2"/>
  <system-out/>
  <testcase name="hitUrlAndData" time="67.423" classname="web.mybizz.tests.ExtractData2"/>
  <system-out/>
  <testcase name="hitUrlAndData" time="49.222" classname="web.mybizz.tests.ExtractData2"/>
  <system-out/>
  <testcase name="hitUrlAndData" time="69.608" classname="web.mybizz.tests.ExtractData2"/>
  <system-out/>
  <testcase name="hitUrlAndData" time="48.667" classname="web.mybizz.tests.ExtractData2"/>
  <system-out/>
  <testcase name="hitUrlAndData" time="47.489" classname="web.mybizz.tests.ExtractData2"/>
  <system-out/>
  <testcase name="hitUrlAndData" time="47.318" classname="web.mybizz.tests.ExtractData2"/>
  <system-out/>
  <testcase name="hitUrlAndData" time="47.616" classname="web.mybizz.tests.ExtractData2"/>
  <system-out/>
  <testcase name="hitUrlAndData" time="47.851" classname="web.mybizz.tests.ExtractData2"/>
  <system-out/>
  <testcase name="hitUrlAndData" time="67.262" classname="web.mybizz.tests.ExtractData2"/>
  <system-out/>
  <testcase name="hitUrlAndData" time="47.511" classname="web.mybizz.tests.ExtractData2"/>
  <system-out/>
  <testcase name="hitUrlAndData" time="50.413" classname="web.mybizz.tests.ExtractData2"/>
  <system-out/>
  <testcase name="hitUrlAndData" time="49.140" classname="web.mybizz.tests.ExtractData2"/>
  <system-out/>
  <testcase name="hitUrlAndData" time="48.000" classname="web.mybizz.tests.ExtractData2"/>
  <system-out/>
  <testcase name="hitUrlAndData" time="46.951" classname="web.mybizz.tests.ExtractData2"/>
  <system-out/>
  <testcase name="hitUrlAndData" time="50.608" classname="web.mybizz.tests.ExtractData2"/>
  <system-out/>
  <testcase name="hitUrlAndData" time="50.058" classname="web.mybizz.tests.ExtractData2"/>
  <system-out/>
  <testcase name="hitUrlAndData" time="49.365" classname="web.mybizz.tests.ExtractData2"/>
  <system-out/>
  <testcase name="hitUrlAndData" time="48.861" classname="web.mybizz.tests.ExtractData2"/>
  <system-out/>
  <testcase name="hitUrlAndData" time="93.508" classname="web.mybizz.tests.ExtractData2"/>
  <system-out/>
  <testcase name="hitUrlAndData" time="87.203" classname="web.mybizz.tests.ExtractData2"/>
  <system-out/>
  <testcase name="hitUrlAndData" time="33.005" classname="web.mybizz.tests.ExtractData2"/>
  <system-out/>
  <testcase name="hitUrlAndData" time="47.041" classname="web.mybizz.tests.ExtractData2"/>
  <system-out/>
  <testcase name="hitUrlAndData" time="47.956" classname="web.mybizz.tests.ExtractData2"/>
  <system-out/>
  <testcase name="hitUrlAndData" time="66.933" classname="web.mybizz.tests.ExtractData2"/>
  <system-out/>
  <testcase name="hitUrlAndData" time="48.668" classname="web.mybizz.tests.ExtractData2"/>
  <system-out/>
  <testcase name="hitUrlAndData" time="48.586" classname="web.mybizz.tests.ExtractData2"/>
  <system-out/>
  <testcase name="hitUrlAndData" time="47.991" classname="web.mybizz.tests.ExtractData2"/>
  <system-out/>
  <testcase name="hitUrlAndData" time="67.293" classname="web.mybizz.tests.ExtractData2"/>
  <system-out/>
  <testcase name="hitUrlAndData" time="48.268" classname="web.mybizz.tests.ExtractData2"/>
  <system-out/>
  <testcase name="hitUrlAndData" time="52.277" classname="web.mybizz.tests.ExtractData2"/>
  <system-out/>
  <testcase name="hitUrlAndData" time="49.016" classname="web.mybizz.tests.ExtractData2"/>
  <system-out/>
  <testcase name="hitUrlAndData" time="48.279" classname="web.mybizz.tests.ExtractData2"/>
  <system-out/>
  <testcase name="hitUrlAndData" time="52.212" classname="web.mybizz.tests.ExtractData2"/>
  <system-out/>
  <testcase name="hitUrlAndData" time="67.151" classname="web.mybizz.tests.ExtractData2"/>
  <system-out/>
  <testcase name="hitUrlAndData" time="50.969" classname="web.mybizz.tests.ExtractData2"/>
  <system-out/>
  <testcase name="hitUrlAndData" time="50.056" classname="web.mybizz.tests.ExtractData2"/>
  <system-out/>
  <testcase name="hitUrlAndData" time="48.481" classname="web.mybizz.tests.ExtractData2"/>
  <system-out/>
  <testcase name="hitUrlAndData" time="90.783" classname="web.mybizz.tests.ExtractData2"/>
  <system-out/>
  <testcase name="hitUrlAndData" time="51.540" classname="web.mybizz.tests.ExtractData2"/>
  <system-out/>
  <testcase name="hitUrlAndData" time="48.913" classname="web.mybizz.tests.ExtractData2"/>
  <system-out/>
  <testcase name="hitUrlAndData" time="49.003" classname="web.mybizz.tests.ExtractData2"/>
  <system-out/>
  <testcase name="hitUrlAndData" time="49.535" classname="web.mybizz.tests.ExtractData2"/>
  <system-out/>
  <testcase name="hitUrlAndData" time="63.310" classname="web.mybizz.tests.ExtractData2"/>
  <system-out/>
  <testcase name="hitUrlAndData" time="48.460" classname="web.mybizz.tests.ExtractData2"/>
  <system-out/>
  <testcase name="hitUrlAndData" time="67.424" classname="web.mybizz.tests.ExtractData2"/>
  <system-out/>
  <testcase name="hitUrlAndData" time="69.650" classname="web.mybizz.tests.ExtractData2"/>
  <system-out/>
  <testcase name="hitUrlAndData" time="53.272" classname="web.mybizz.tests.ExtractData2"/>
  <system-out/>
  <testcase name="hitUrlAndData" time="49.305" classname="web.mybizz.tests.ExtractData2"/>
  <system-out/>
  <testcase name="hitUrlAndData" time="47.793" classname="web.mybizz.tests.ExtractData2"/>
  <system-out/>
  <testcase name="hitUrlAndData" time="88.657" classname="web.mybizz.tests.ExtractData2"/>
  <system-out/>
  <testcase name="hitUrlAndData" time="48.512" classname="web.mybizz.tests.ExtractData2"/>
  <system-out/>
  <testcase name="hitUrlAndData" time="66.517" classname="web.mybizz.tests.ExtractData2"/>
  <system-out/>
  <testcase name="hitUrlAndData" time="48.645" classname="web.mybizz.tests.ExtractData2"/>
  <system-out/>
  <testcase name="hitUrlAndData" time="49.542" classname="web.mybizz.tests.ExtractData2"/>
  <system-out/>
  <testcase name="hitUrlAndData" time="49.836" classname="web.mybizz.tests.ExtractData2"/>
  <system-out/>
  <testcase name="hitUrlAndData" time="48.463" classname="web.mybizz.tests.ExtractData2"/>
  <system-out/>
  <testcase name="hitUrlAndData" time="68.210" classname="web.mybizz.tests.ExtractData2"/>
  <system-out/>
  <testcase name="hitUrlAndData" time="48.771" classname="web.mybizz.tests.ExtractData2"/>
  <system-out/>
  <testcase name="hitUrlAndData" time="48.726" classname="web.mybizz.tests.ExtractData2"/>
  <system-out/>
  <testcase name="hitUrlAndData" time="49.113" classname="web.mybizz.tests.ExtractData2"/>
  <system-out/>
  <testcase name="hitUrlAndData" time="49.487" classname="web.mybizz.tests.ExtractData2"/>
  <system-out/>
  <testcase name="hitUrlAndData" time="69.816" classname="web.mybizz.tests.ExtractData2"/>
  <system-out/>
  <testcase name="hitUrlAndData" time="48.137" classname="web.mybizz.tests.ExtractData2"/>
  <system-out/>
  <testcase name="hitUrlAndData" time="66.580" classname="web.mybizz.tests.ExtractData2"/>
  <system-out/>
  <testcase name="hitUrlAndData" time="70.747" classname="web.mybizz.tests.ExtractData2"/>
  <system-out/>
  <testcase name="hitUrlAndData" time="48.572" classname="web.mybizz.tests.ExtractData2"/>
  <system-out/>
  <testcase name="hitUrlAndData" time="47.234" classname="web.mybizz.tests.ExtractData2"/>
  <system-out/>
  <testcase name="hitUrlAndData" time="47.750" classname="web.mybizz.tests.ExtractData2"/>
  <system-out/>
  <testcase name="hitUrlAndData" time="46.580" classname="web.mybizz.tests.ExtractData2"/>
  <system-out/>
  <testcase name="hitUrlAndData" time="68.426" classname="web.mybizz.tests.ExtractData2"/>
  <system-out/>
  <testcase name="hitUrlAndData" time="47.290" classname="web.mybizz.tests.ExtractData2"/>
  <system-out/>
  <testcase name="hitUrlAndData" time="48.961" classname="web.mybizz.tests.ExtractData2"/>
  <system-out/>
  <testcase name="hitUrlAndData" time="47.104" classname="web.mybizz.tests.ExtractData2"/>
  <system-out/>
  <testcase name="hitUrlAndData" time="47.043" classname="web.mybizz.tests.ExtractData2"/>
  <system-out/>
  <testcase name="hitUrlAndData" time="49.278" classname="web.mybizz.tests.ExtractData2"/>
  <system-out/>
  <testcase name="hitUrlAndData" time="47.803" classname="web.mybizz.tests.ExtractData2"/>
  <system-out/>
  <testcase name="hitUrlAndData" time="50.445" classname="web.mybizz.tests.ExtractData2"/>
  <system-out/>
  <testcase name="hitUrlAndData" time="46.432" classname="web.mybizz.tests.ExtractData2"/>
  <system-out/>
  <testcase name="hitUrlAndData" time="50.305" classname="web.mybizz.tests.ExtractData2"/>
  <system-out/>
  <testcase name="hitUrlAndData" time="45.484" classname="web.mybizz.tests.ExtractData2"/>
  <system-out/>
  <testcase name="hitUrlAndData" time="69.682" classname="web.mybizz.tests.ExtractData2"/>
  <system-out/>
  <testcase name="hitUrlAndData" time="49.921" classname="web.mybizz.tests.ExtractData2"/>
  <system-out/>
  <testcase name="hitUrlAndData" time="89.450" classname="web.mybizz.tests.ExtractData2"/>
  <system-out/>
  <testcase name="hitUrlAndData" time="47.831" classname="web.mybizz.tests.ExtractData2"/>
  <system-out/>
  <testcase name="hitUrlAndData" time="50.096" classname="web.mybizz.tests.ExtractData2"/>
  <system-out/>
  <testcase name="hitUrlAndData" time="48.989" classname="web.mybizz.tests.ExtractData2"/>
  <system-out/>
  <testcase name="hitUrlAndData" time="49.827" classname="web.mybizz.tests.ExtractData2"/>
  <system-out/>
  <testcase name="hitUrlAndData" time="88.203" classname="web.mybizz.tests.ExtractData2"/>
  <system-out/>
  <testcase name="hitUrlAndData" time="48.641" classname="web.mybizz.tests.ExtractData2"/>
  <system-out/>
  <testcase name="hitUrlAndData" time="50.172" classname="web.mybizz.tests.ExtractData2"/>
  <system-out/>
  <testcase name="hitUrlAndData" time="49.424" classname="web.mybizz.tests.ExtractData2"/>
  <system-out/>
  <testcase name="hitUrlAndData" time="47.968" classname="web.mybizz.tests.ExtractData2"/>
  <system-out/>
  <testcase name="hitUrlAndData" time="49.776" classname="web.mybizz.tests.ExtractData2"/>
  <system-out/>
  <testcase name="hitUrlAndData" time="47.532" classname="web.mybizz.tests.ExtractData2"/>
  <system-out/>
  <testcase name="hitUrlAndData" time="87.557" classname="web.mybizz.tests.ExtractData2"/>
  <system-out/>
  <testcase name="hitUrlAndData" time="90.538" classname="web.mybizz.tests.ExtractData2"/>
  <system-out/>
  <testcase name="hitUrlAndData" time="66.394" classname="web.mybizz.tests.ExtractData2"/>
  <system-out/>
  <testcase name="hitUrlAndData" time="67.285" classname="web.mybizz.tests.ExtractData2"/>
  <system-out/>
  <testcase name="hitUrlAndData" time="47.444" classname="web.mybizz.tests.ExtractData2"/>
  <system-out/>
  <testcase name="hitUrlAndData" time="50.379" classname="web.mybizz.tests.ExtractData2"/>
  <system-out/>
  <testcase name="hitUrlAndData" time="47.700" classname="web.mybizz.tests.ExtractData2"/>
  <system-out/>
  <testcase name="hitUrlAndData" time="47.799" classname="web.mybizz.tests.ExtractData2"/>
  <system-out/>
  <testcase name="hitUrlAndData" time="49.319" classname="web.mybizz.tests.ExtractData2"/>
  <system-out/>
  <testcase name="hitUrlAndData" time="48.845" classname="web.mybizz.tests.ExtractData2"/>
  <system-out/>
  <testcase name="hitUrlAndData" time="47.546" classname="web.mybizz.tests.ExtractData2"/>
  <system-out/>
  <testcase name="hitUrlAndData" time="49.214" classname="web.mybizz.tests.ExtractData2"/>
  <system-out/>
  <testcase name="hitUrlAndData" time="48.984" classname="web.mybizz.tests.ExtractData2"/>
  <system-out/>
  <testcase name="hitUrlAndData" time="68.646" classname="web.mybizz.tests.ExtractData2"/>
  <system-out/>
  <testcase name="hitUrlAndData" time="49.241" classname="web.mybizz.tests.ExtractData2"/>
  <system-out/>
  <testcase name="hitUrlAndData" time="47.758" classname="web.mybizz.tests.ExtractData2"/>
  <system-out/>
  <testcase name="hitUrlAndData" time="45.683" classname="web.mybizz.tests.ExtractData2"/>
  <system-out/>
  <testcase name="hitUrlAndData" time="67.412" classname="web.mybizz.tests.ExtractData2"/>
  <system-out/>
  <testcase name="hitUrlAndData" time="48.201" classname="web.mybizz.tests.ExtractData2"/>
  <system-out/>
  <testcase name="hitUrlAndData" time="47.817" classname="web.mybizz.tests.ExtractData2"/>
  <system-out/>
  <testcase name="hitUrlAndData" time="66.961" classname="web.mybizz.tests.ExtractData2"/>
  <system-out/>
  <testcase name="hitUrlAndData" time="66.936" classname="web.mybizz.tests.ExtractData2"/>
  <system-out/>
  <testcase name="hitUrlAndData" time="48.218" classname="web.mybizz.tests.ExtractData2"/>
  <system-out/>
  <testcase name="hitUrlAndData" time="67.888" classname="web.mybizz.tests.ExtractData2"/>
  <system-out/>
  <testcase name="hitUrlAndData" time="46.733" classname="web.mybizz.tests.ExtractData2"/>
  <system-out/>
  <testcase name="hitUrlAndData" time="50.000" classname="web.mybizz.tests.ExtractData2"/>
  <system-out/>
  <testcase name="hitUrlAndData" time="67.179" classname="web.mybizz.tests.ExtractData2"/>
  <system-out/>
  <testcase name="hitUrlAndData" time="48.302" classname="web.mybizz.tests.ExtractData2"/>
  <system-out/>
  <testcase name="hitUrlAndData" time="67.277" classname="web.mybizz.tests.ExtractData2"/>
  <system-out/>
  <testcase name="hitUrlAndData" time="46.936" classname="web.mybizz.tests.ExtractData2"/>
  <system-out/>
  <testcase name="hitUrlAndData" time="47.567" classname="web.mybizz.tests.ExtractData2"/>
  <system-out/>
  <testcase name="hitUrlAndData" time="47.482" classname="web.mybizz.tests.ExtractData2"/>
  <system-out/>
  <testcase name="hitUrlAndData" time="49.254" classname="web.mybizz.tests.ExtractData2"/>
  <system-out/>
  <testcase name="hitUrlAndData" time="49.061" classname="web.mybizz.tests.ExtractData2"/>
  <system-out/>
  <testcase name="hitUrlAndData" time="46.846" classname="web.mybizz.tests.ExtractData2"/>
  <system-out/>
  <testcase name="hitUrlAndData" time="48.722" classname="web.mybizz.tests.ExtractData2"/>
  <system-out/>
  <testcase name="hitUrlAndData" time="68.100" classname="web.mybizz.tests.ExtractData2"/>
  <system-out/>
  <testcase name="hitUrlAndData" time="48.831" classname="web.mybizz.tests.ExtractData2"/>
  <system-out/>
  <testcase name="hitUrlAndData" time="52.929" classname="web.mybizz.tests.ExtractData2"/>
  <system-out/>
  <testcase name="hitUrlAndData" time="48.505" classname="web.mybizz.tests.ExtractData2"/>
  <system-out/>
  <testcase name="hitUrlAndData" time="47.942" classname="web.mybizz.tests.ExtractData2"/>
  <system-out/>
  <testcase name="hitUrlAndData" time="49.686" classname="web.mybizz.tests.ExtractData2"/>
  <system-out/>
  <testcase name="hitUrlAndData" time="49.825" classname="web.mybizz.tests.ExtractData2"/>
  <system-out/>
  <testcase name="hitUrlAndData" time="67.370" classname="web.mybizz.tests.ExtractData2"/>
  <system-out/>
  <testcase name="hitUrlAndData" time="67.026" classname="web.mybizz.tests.ExtractData2"/>
  <system-out/>
  <testcase name="hitUrlAndData" time="51.445" classname="web.mybizz.tests.ExtractData2"/>
  <system-out/>
  <testcase name="hitUrlAndData" time="49.283" classname="web.mybizz.tests.ExtractData2"/>
  <system-out/>
  <testcase name="hitUrlAndData" time="48.947" classname="web.mybizz.tests.ExtractData2"/>
  <system-out/>
  <testcase name="hitUrlAndData" time="50.006" classname="web.mybizz.tests.ExtractData2"/>
  <system-out/>
  <testcase name="hitUrlAndData" time="67.359" classname="web.mybizz.tests.ExtractData2"/>
  <system-out/>
  <testcase name="hitUrlAndData" time="69.248" classname="web.mybizz.tests.ExtractData2"/>
  <system-out/>
  <testcase name="hitUrlAndData" time="87.763" classname="web.mybizz.tests.ExtractData2"/>
  <system-out/>
  <testcase name="hitUrlAndData" time="48.047" classname="web.mybizz.tests.ExtractData2"/>
  <system-out/>
  <testcase name="hitUrlAndData" time="67.509" classname="web.mybizz.tests.ExtractData2"/>
  <system-out/>
  <testcase name="hitUrlAndData" time="49.722" classname="web.mybizz.tests.ExtractData2"/>
  <system-out/>
  <testcase name="hitUrlAndData" time="68.325" classname="web.mybizz.tests.ExtractData2"/>
  <system-out/>
  <testcase name="hitUrlAndData" time="50.213" classname="web.mybizz.tests.ExtractData2"/>
  <system-out/>
  <testcase name="hitUrlAndData" time="49.464" classname="web.mybizz.tests.ExtractData2"/>
  <system-out/>
  <testcase name="hitUrlAndData" time="69.063" classname="web.mybizz.tests.ExtractData2"/>
  <system-out/>
  <testcase name="hitUrlAndData" time="49.227" classname="web.mybizz.tests.ExtractData2"/>
  <system-out/>
  <testcase name="hitUrlAndData" time="48.643" classname="web.mybizz.tests.ExtractData2"/>
  <system-out/>
  <testcase name="hitUrlAndData" time="67.586" classname="web.mybizz.tests.ExtractData2"/>
  <system-out/>
  <testcase name="hitUrlAndData" time="68.987" classname="web.mybizz.tests.ExtractData2"/>
  <system-out/>
  <testcase name="hitUrlAndData" time="48.250" classname="web.mybizz.tests.ExtractData2"/>
  <system-out/>
  <testcase name="hitUrlAndData" time="48.728" classname="web.mybizz.tests.ExtractData2"/>
  <system-out/>
  <testcase name="hitUrlAndData" time="69.660" classname="web.mybizz.tests.ExtractData2"/>
  <system-out/>
  <testcase name="hitUrlAndData" time="67.644" classname="web.mybizz.tests.ExtractData2"/>
  <system-out/>
  <testcase name="hitUrlAndData" time="78.786" classname="web.mybizz.tests.ExtractData2"/>
  <system-out/>
  <testcase name="hitUrlAndData" time="48.625" classname="web.mybizz.tests.ExtractData2"/>
  <system-out/>
  <testcase name="hitUrlAndData" time="50.224" classname="web.mybizz.tests.ExtractData2"/>
  <system-out/>
  <testcase name="hitUrlAndData" time="50.358" classname="web.mybizz.tests.ExtractData2"/>
  <system-out/>
  <testcase name="hitUrlAndData" time="49.240" classname="web.mybizz.tests.ExtractData2"/>
  <system-out/>
  <testcase name="hitUrlAndData" time="48.430" classname="web.mybizz.tests.ExtractData2"/>
  <system-out/>
  <testcase name="hitUrlAndData" time="47.927" classname="web.mybizz.tests.ExtractData2"/>
  <system-out/>
  <testcase name="hitUrlAndData" time="49.213" classname="web.mybizz.tests.ExtractData2"/>
  <system-out/>
  <testcase name="hitUrlAndData" time="67.270" classname="web.mybizz.tests.ExtractData2"/>
  <system-out/>
  <testcase name="hitUrlAndData" time="48.164" classname="web.mybizz.tests.ExtractData2"/>
  <system-out/>
  <testcase name="hitUrlAndData" time="69.493" classname="web.mybizz.tests.ExtractData2"/>
  <system-out/>
  <testcase name="hitUrlAndData" time="51.123" classname="web.mybizz.tests.ExtractData2"/>
  <system-out/>
  <testcase name="hitUrlAndData" time="48.481" classname="web.mybizz.tests.ExtractData2"/>
  <system-out/>
  <testcase name="hitUrlAndData" time="50.671" classname="web.mybizz.tests.ExtractData2"/>
  <system-out/>
  <testcase name="hitUrlAndData" time="47.673" classname="web.mybizz.tests.ExtractData2"/>
  <system-out/>
  <testcase name="hitUrlAndData" time="66.289" classname="web.mybizz.tests.ExtractData2"/>
  <system-out/>
  <testcase name="hitUrlAndData" time="66.981" classname="web.mybizz.tests.ExtractData2"/>
  <system-out/>
  <testcase name="hitUrlAndData" time="48.110" classname="web.mybizz.tests.ExtractData2"/>
  <system-out/>
  <testcase name="hitUrlAndData" time="51.161" classname="web.mybizz.tests.ExtractData2"/>
  <system-out/>
  <testcase name="hitUrlAndData" time="67.632" classname="web.mybizz.tests.ExtractData2"/>
  <system-out/>
  <testcase name="hitUrlAndData" time="68.636" classname="web.mybizz.tests.ExtractData2"/>
  <system-out/>
  <testcase name="hitUrlAndData" time="52.915" classname="web.mybizz.tests.ExtractData2"/>
  <system-out/>
  <testcase name="hitUrlAndData" time="67.585" classname="web.mybizz.tests.ExtractData2"/>
  <system-out/>
  <testcase name="hitUrlAndData" time="50.370" classname="web.mybizz.tests.ExtractData2"/>
  <system-out/>
  <testcase name="hitUrlAndData" time="48.582" classname="web.mybizz.tests.ExtractData2"/>
  <system-out/>
  <testcase name="hitUrlAndData" time="49.186" classname="web.mybizz.tests.ExtractData2"/>
  <system-out/>
  <testcase name="hitUrlAndData" time="68.001" classname="web.mybizz.tests.ExtractData2"/>
  <system-out/>
  <testcase name="hitUrlAndData" time="29.823" classname="web.mybizz.tests.ExtractData2"/>
  <system-out/>
  <testcase name="hitUrlAndData" time="70.035" classname="web.mybizz.tests.ExtractData2"/>
  <system-out/>
  <testcase name="hitUrlAndData" time="48.011" classname="web.mybizz.tests.ExtractData2"/>
  <system-out/>
  <testcase name="hitUrlAndData" time="67.682" classname="web.mybizz.tests.ExtractData2"/>
  <system-out/>
  <testcase name="hitUrlAndData" time="47.911" classname="web.mybizz.tests.ExtractData2"/>
  <system-out/>
  <testcase name="hitUrlAndData" time="47.947" classname="web.mybizz.tests.ExtractData2"/>
  <system-out/>
  <testcase name="hitUrlAndData" time="49.509" classname="web.mybizz.tests.ExtractData2"/>
  <system-out/>
  <testcase name="hitUrlAndData" time="67.831" classname="web.mybizz.tests.ExtractData2"/>
  <system-out/>
  <testcase name="hitUrlAndData" time="51.680" classname="web.mybizz.tests.ExtractData2"/>
  <system-out/>
  <testcase name="hitUrlAndData" time="49.967" classname="web.mybizz.tests.ExtractData2"/>
  <system-out/>
  <testcase name="hitUrlAndData" time="49.790" classname="web.mybizz.tests.ExtractData2"/>
  <system-out/>
  <testcase name="hitUrlAndData" time="67.601" classname="web.mybizz.tests.ExtractData2"/>
  <system-out/>
  <testcase name="hitUrlAndData" time="68.031" classname="web.mybizz.tests.ExtractData2"/>
  <system-out/>
  <testcase name="hitUrlAndData" time="47.996" classname="web.mybizz.tests.ExtractData2"/>
  <system-out/>
  <testcase name="hitUrlAndData" time="67.804" classname="web.mybizz.tests.ExtractData2"/>
  <system-out/>
  <testcase name="hitUrlAndData" time="48.246" classname="web.mybizz.tests.ExtractData2"/>
  <system-out/>
  <testcase name="hitUrlAndData" time="49.159" classname="web.mybizz.tests.ExtractData2"/>
  <system-out/>
  <testcase name="hitUrlAndData" time="67.667" classname="web.mybizz.tests.ExtractData2"/>
  <system-out/>
  <testcase name="hitUrlAndData" time="49.805" classname="web.mybizz.tests.ExtractData2"/>
  <system-out/>
  <testcase name="hitUrlAndData" time="47.919" classname="web.mybizz.tests.ExtractData2"/>
  <system-out/>
  <testcase name="hitUrlAndData" time="49.056" classname="web.mybizz.tests.ExtractData2"/>
  <system-out/>
  <testcase name="hitUrlAndData" time="49.335" classname="web.mybizz.tests.ExtractData2"/>
  <system-out/>
  <testcase name="hitUrlAndData" time="68.149" classname="web.mybizz.tests.ExtractData2"/>
  <system-out/>
  <testcase name="hitUrlAndData" time="47.000" classname="web.mybizz.tests.ExtractData2"/>
  <system-out/>
  <testcase name="hitUrlAndData" time="87.389" classname="web.mybizz.tests.ExtractData2"/>
  <system-out/>
  <testcase name="hitUrlAndData" time="88.203" classname="web.mybizz.tests.ExtractData2"/>
  <system-out/>
  <testcase name="hitUrlAndData" time="47.134" classname="web.mybizz.tests.ExtractData2"/>
  <system-out/>
  <testcase name="hitUrlAndData" time="48.279" classname="web.mybizz.tests.ExtractData2"/>
  <system-out/>
  <testcase name="hitUrlAndData" time="49.711" classname="web.mybizz.tests.ExtractData2"/>
  <system-out/>
  <testcase name="hitUrlAndData" time="47.624" classname="web.mybizz.tests.ExtractData2"/>
  <system-out/>
  <testcase name="hitUrlAndData" time="67.285" classname="web.mybizz.tests.ExtractData2"/>
  <system-out/>
  <testcase name="hitUrlAndData" time="49.819" classname="web.mybizz.tests.ExtractData2"/>
  <system-out/>
  <testcase name="hitUrlAndData" time="47.444" classname="web.mybizz.tests.ExtractData2"/>
  <system-out/>
  <testcase name="hitUrlAndData" time="66.503" classname="web.mybizz.tests.ExtractData2"/>
  <system-out/>
  <testcase name="hitUrlAndData" time="67.783" classname="web.mybizz.tests.ExtractData2"/>
  <system-out/>
  <testcase name="hitUrlAndData" time="50.244" classname="web.mybizz.tests.ExtractData2"/>
  <system-out/>
  <testcase name="hitUrlAndData" time="66.573" classname="web.mybizz.tests.ExtractData2"/>
  <system-out/>
  <testcase name="hitUrlAndData" time="90.816" classname="web.mybizz.tests.ExtractData2"/>
  <system-out/>
  <testcase name="hitUrlAndData" time="49.325" classname="web.mybizz.tests.ExtractData2"/>
  <system-out/>
  <testcase name="hitUrlAndData" time="68.176" classname="web.mybizz.tests.ExtractData2"/>
  <system-out/>
  <testcase name="hitUrlAndData" time="49.949" classname="web.mybizz.tests.ExtractData2"/>
  <system-out/>
  <testcase name="hitUrlAndData" time="49.387" classname="web.mybizz.tests.ExtractData2"/>
  <system-out/>
  <testcase name="hitUrlAndData" time="48.141" classname="web.mybizz.tests.ExtractData2"/>
  <system-out/>
  <testcase name="hitUrlAndData" time="48.066" classname="web.mybizz.tests.ExtractData2"/>
  <system-out/>
  <testcase name="hitUrlAndData" time="68.266" classname="web.mybizz.tests.ExtractData2"/>
  <system-out/>
  <testcase name="hitUrlAndData" time="48.060" classname="web.mybizz.tests.ExtractData2"/>
  <system-out/>
  <testcase name="hitUrlAndData" time="66.629" classname="web.mybizz.tests.ExtractData2"/>
  <system-out/>
  <testcase name="hitUrlAndData" time="50.239" classname="web.mybizz.tests.ExtractData2"/>
  <system-out/>
  <testcase name="hitUrlAndData" time="50.462" classname="web.mybizz.tests.ExtractData2"/>
  <system-out/>
  <testcase name="hitUrlAndData" time="48.360" classname="web.mybizz.tests.ExtractData2"/>
  <system-out/>
  <testcase name="hitUrlAndData" time="48.295" classname="web.mybizz.tests.ExtractData2"/>
  <system-out/>
  <testcase name="hitUrlAndData" time="48.345" classname="web.mybizz.tests.ExtractData2"/>
  <system-out/>
  <testcase name="hitUrlAndData" time="47.704" classname="web.mybizz.tests.ExtractData2"/>
  <system-out/>
  <testcase name="hitUrlAndData" time="52.500" classname="web.mybizz.tests.ExtractData2"/>
  <system-out/>
  <testcase name="hitUrlAndData" time="51.325" classname="web.mybizz.tests.ExtractData2"/>
  <system-out/>
  <testcase name="hitUrlAndData" time="88.939" classname="web.mybizz.tests.ExtractData2"/>
  <system-out/>
  <testcase name="hitUrlAndData" time="49.922" classname="web.mybizz.tests.ExtractData2"/>
  <system-out/>
  <testcase name="hitUrlAndData" time="48.152" classname="web.mybizz.tests.ExtractData2"/>
  <system-out/>
  <testcase name="hitUrlAndData" time="49.198" classname="web.mybizz.tests.ExtractData2"/>
  <system-out/>
  <testcase name="hitUrlAndData" time="49.089" classname="web.mybizz.tests.ExtractData2"/>
  <system-out/>
  <testcase name="hitUrlAndData" time="48.047" classname="web.mybizz.tests.ExtractData2"/>
  <system-out/>
  <testcase name="hitUrlAndData" time="49.376" classname="web.mybizz.tests.ExtractData2"/>
  <system-out/>
  <testcase name="hitUrlAndData" time="50.056" classname="web.mybizz.tests.ExtractData2"/>
  <system-out/>
  <testcase name="hitUrlAndData" time="92.161" classname="web.mybizz.tests.ExtractData2"/>
  <system-out/>
  <testcase name="hitUrlAndData" time="49.411" classname="web.mybizz.tests.ExtractData2"/>
  <system-out/>
  <testcase name="hitUrlAndData" time="67.486" classname="web.mybizz.tests.ExtractData2"/>
  <system-out/>
  <testcase name="hitUrlAndData" time="50.810" classname="web.mybizz.tests.ExtractData2"/>
  <system-out/>
  <testcase name="hitUrlAndData" time="67.751" classname="web.mybizz.tests.ExtractData2"/>
  <system-out/>
  <testcase name="hitUrlAndData" time="50.445" classname="web.mybizz.tests.ExtractData2"/>
  <system-out/>
  <testcase name="hitUrlAndData" time="50.096" classname="web.mybizz.tests.ExtractData2"/>
  <system-out/>
  <testcase name="hitUrlAndData" time="48.551" classname="web.mybizz.tests.ExtractData2"/>
  <system-out/>
  <testcase name="hitUrlAndData" time="49.395" classname="web.mybizz.tests.ExtractData2"/>
  <system-out/>
  <testcase name="hitUrlAndData" time="47.932" classname="web.mybizz.tests.ExtractData2"/>
  <system-out/>
  <testcase name="hitUrlAndData" time="49.419" classname="web.mybizz.tests.ExtractData2"/>
  <system-out/>
  <testcase name="hitUrlAndData" time="68.579" classname="web.mybizz.tests.ExtractData2"/>
  <system-out/>
  <testcase name="hitUrlAndData" time="31.256" classname="web.mybizz.tests.ExtractData2"/>
  <system-out/>
  <testcase name="hitUrlAndData" time="48.814" classname="web.mybizz.tests.ExtractData2"/>
  <system-out/>
  <testcase name="hitUrlAndData" time="49.198" classname="web.mybizz.tests.ExtractData2"/>
  <system-out/>
  <testcase name="hitUrlAndData" time="66.735" classname="web.mybizz.tests.ExtractData2"/>
  <system-out/>
  <testcase name="hitUrlAndData" time="48.416" classname="web.mybizz.tests.ExtractData2"/>
  <system-out/>
  <testcase name="hitUrlAndData" time="47.208" classname="web.mybizz.tests.ExtractData2"/>
  <system-out/>
  <testcase name="hitUrlAndData" time="47.561" classname="web.mybizz.tests.ExtractData2"/>
  <system-out/>
  <testcase name="hitUrlAndData" time="67.140" classname="web.mybizz.tests.ExtractData2"/>
  <system-out/>
  <testcase name="hitUrlAndData" time="48.001" classname="web.mybizz.tests.ExtractData2"/>
  <system-out/>
  <testcase name="hitUrlAndData" time="44.781" classname="web.mybizz.tests.ExtractData2"/>
  <system-out/>
  <testcase name="hitUrlAndData" time="47.892" classname="web.mybizz.tests.ExtractData2"/>
  <system-out/>
  <testcase name="hitUrlAndData" time="93.252" classname="web.mybizz.tests.ExtractData2"/>
  <system-out/>
  <testcase name="hitUrlAndData" time="67.969" classname="web.mybizz.tests.ExtractData2"/>
  <system-out/>
  <testcase name="hitUrlAndData" time="67.080" classname="web.mybizz.tests.ExtractData2"/>
  <system-out/>
  <testcase name="hitUrlAndData" time="49.416" classname="web.mybizz.tests.ExtractData2"/>
  <system-out/>
  <testcase name="hitUrlAndData" time="91.176" classname="web.mybizz.tests.ExtractData2"/>
  <system-out/>
  <testcase name="hitUrlAndData" time="48.744" classname="web.mybizz.tests.ExtractData2"/>
  <system-out/>
  <testcase name="hitUrlAndData" time="47.997" classname="web.mybizz.tests.ExtractData2"/>
  <system-out/>
  <testcase name="hitUrlAndData" time="48.949" classname="web.mybizz.tests.ExtractData2"/>
  <system-out/>
  <testcase name="hitUrlAndData" time="48.385" classname="web.mybizz.tests.ExtractData2"/>
  <system-out/>
  <testcase name="hitUrlAndData" time="67.061" classname="web.mybizz.tests.ExtractData2"/>
  <system-out/>
  <testcase name="hitUrlAndData" time="48.828" classname="web.mybizz.tests.ExtractData2"/>
  <system-out/>
  <testcase name="hitUrlAndData" time="49.905" classname="web.mybizz.tests.ExtractData2"/>
  <system-out/>
  <testcase name="hitUrlAndData" time="48.132" classname="web.mybizz.tests.ExtractData2"/>
  <system-out/>
  <testcase name="hitUrlAndData" time="67.503" classname="web.mybizz.tests.ExtractData2"/>
  <system-out/>
  <testcase name="hitUrlAndData" time="47.710" classname="web.mybizz.tests.ExtractData2"/>
  <system-out/>
  <testcase name="hitUrlAndData" time="47.256" classname="web.mybizz.tests.ExtractData2"/>
  <system-out/>
  <testcase name="hitUrlAndData" time="88.514" classname="web.mybizz.tests.ExtractData2"/>
  <system-out/>
  <testcase name="hitUrlAndData" time="67.204" classname="web.mybizz.tests.ExtractData2"/>
  <system-out/>
  <testcase name="hitUrlAndData" time="49.095" classname="web.mybizz.tests.ExtractData2"/>
  <system-out/>
  <testcase name="hitUrlAndData" time="68.194" classname="web.mybizz.tests.ExtractData2"/>
  <system-out/>
  <testcase name="hitUrlAndData" time="50.535" classname="web.mybizz.tests.ExtractData2"/>
  <system-out/>
  <testcase name="hitUrlAndData" time="50.035" classname="web.mybizz.tests.ExtractData2"/>
  <system-out/>
  <testcase name="hitUrlAndData" time="68.749" classname="web.mybizz.tests.ExtractData2"/>
  <system-out/>
  <testcase name="hitUrlAndData" time="48.070" classname="web.mybizz.tests.ExtractData2"/>
  <system-out/>
  <testcase name="hitUrlAndData" time="48.152" classname="web.mybizz.tests.ExtractData2"/>
  <system-out/>
  <testcase name="hitUrlAndData" time="47.319" classname="web.mybizz.tests.ExtractData2"/>
  <system-out/>
  <testcase name="hitUrlAndData" time="49.984" classname="web.mybizz.tests.ExtractData2"/>
  <system-out/>
  <testcase name="hitUrlAndData" time="67.643" classname="web.mybizz.tests.ExtractData2"/>
  <system-out/>
  <testcase name="hitUrlAndData" time="47.729" classname="web.mybizz.tests.ExtractData2"/>
  <system-out/>
  <testcase name="hitUrlAndData" time="46.655" classname="web.mybizz.tests.ExtractData2"/>
  <system-out/>
  <testcase name="hitUrlAndData" time="48.264" classname="web.mybizz.tests.ExtractData2"/>
  <system-out/>
  <testcase name="hitUrlAndData" time="48.710" classname="web.mybizz.tests.ExtractData2"/>
  <system-out/>
  <testcase name="hitUrlAndData" time="48.797" classname="web.mybizz.tests.ExtractData2"/>
  <system-out/>
  <testcase name="hitUrlAndData" time="48.305" classname="web.mybizz.tests.ExtractData2"/>
  <system-out/>
  <testcase name="hitUrlAndData" time="48.771" classname="web.mybizz.tests.ExtractData2"/>
  <system-out/>
  <testcase name="hitUrlAndData" time="48.288" classname="web.mybizz.tests.ExtractData2"/>
  <system-out/>
  <testcase name="hitUrlAndData" time="49.361" classname="web.mybizz.tests.ExtractData2"/>
  <system-out/>
  <testcase name="hitUrlAndData" time="49.739" classname="web.mybizz.tests.ExtractData2"/>
  <system-out/>
  <testcase name="hitUrlAndData" time="46.617" classname="web.mybizz.tests.ExtractData2"/>
  <system-out/>
  <testcase name="hitUrlAndData" time="46.730" classname="web.mybizz.tests.ExtractData2"/>
  <system-out/>
  <testcase name="hitUrlAndData" time="68.988" classname="web.mybizz.tests.ExtractData2"/>
  <system-out/>
  <testcase name="hitUrlAndData" time="67.291" classname="web.mybizz.tests.ExtractData2"/>
  <system-out/>
  <testcase name="hitUrlAndData" time="47.226" classname="web.mybizz.tests.ExtractData2"/>
  <system-out/>
  <testcase name="hitUrlAndData" time="49.958" classname="web.mybizz.tests.ExtractData2"/>
  <system-out/>
  <testcase name="hitUrlAndData" time="48.591" classname="web.mybizz.tests.ExtractData2"/>
  <system-out/>
  <testcase name="hitUrlAndData" time="48.094" classname="web.mybizz.tests.ExtractData2"/>
  <system-out/>
  <testcase name="hitUrlAndData" time="67.004" classname="web.mybizz.tests.ExtractData2"/>
  <system-out/>
  <testcase name="hitUrlAndData" time="67.449" classname="web.mybizz.tests.ExtractData2"/>
  <system-out/>
  <testcase name="hitUrlAndData" time="46.799" classname="web.mybizz.tests.ExtractData2"/>
  <system-out/>
  <testcase name="hitUrlAndData" time="66.726" classname="web.mybizz.tests.ExtractData2"/>
  <system-out/>
  <testcase name="hitUrlAndData" time="48.400" classname="web.mybizz.tests.ExtractData2"/>
  <system-out/>
  <testcase name="hitUrlAndData" time="47.455" classname="web.mybizz.tests.ExtractData2"/>
  <system-out/>
  <testcase name="hitUrlAndData" time="67.105" classname="web.mybizz.tests.ExtractData2"/>
  <system-out/>
  <testcase name="hitUrlAndData" time="49.468" classname="web.mybizz.tests.ExtractData2"/>
  <system-out/>
  <testcase name="hitUrlAndData" time="49.674" classname="web.mybizz.tests.ExtractData2"/>
  <system-out/>
  <testcase name="hitUrlAndData" time="49.550" classname="web.mybizz.tests.ExtractData2"/>
  <system-out/>
  <testcase name="hitUrlAndData" time="70.070" classname="web.mybizz.tests.ExtractData2"/>
  <system-out/>
  <testcase name="hitUrlAndData" time="68.990" classname="web.mybizz.tests.ExtractData2"/>
  <system-out/>
  <testcase name="hitUrlAndData" time="53.432" classname="web.mybizz.tests.ExtractData2"/>
  <system-out/>
  <testcase name="hitUrlAndData" time="69.395" classname="web.mybizz.tests.ExtractData2"/>
  <system-out/>
  <testcase name="hitUrlAndData" time="49.271" classname="web.mybizz.tests.ExtractData2"/>
  <system-out/>
  <testcase name="hitUrlAndData" time="51.083" classname="web.mybizz.tests.ExtractData2"/>
  <system-out/>
  <testcase name="hitUrlAndData" time="66.744" classname="web.mybizz.tests.ExtractData2"/>
  <system-out/>
  <testcase name="hitUrlAndData" time="70.023" classname="web.mybizz.tests.ExtractData2"/>
  <system-out/>
  <testcase name="hitUrlAndData" time="68.765" classname="web.mybizz.tests.ExtractData2"/>
  <system-out/>
  <testcase name="hitUrlAndData" time="66.326" classname="web.mybizz.tests.ExtractData2"/>
  <system-out/>
  <testcase name="hitUrlAndData" time="48.027" classname="web.mybizz.tests.ExtractData2"/>
  <system-out/>
  <testcase name="hitUrlAndData" time="50.360" classname="web.mybizz.tests.ExtractData2"/>
  <system-out/>
  <testcase name="hitUrlAndData" time="46.458" classname="web.mybizz.tests.ExtractData2"/>
  <system-out/>
  <testcase name="hitUrlAndData" time="68.059" classname="web.mybizz.tests.ExtractData2"/>
  <system-out/>
  <testcase name="hitUrlAndData" time="47.030" classname="web.mybizz.tests.ExtractData2"/>
  <system-out/>
  <testcase name="hitUrlAndData" time="66.669" classname="web.mybizz.tests.ExtractData2"/>
  <system-out/>
  <testcase name="hitUrlAndData" time="47.868" classname="web.mybizz.tests.ExtractData2"/>
  <system-out/>
  <testcase name="hitUrlAndData" time="66.640" classname="web.mybizz.tests.ExtractData2"/>
  <system-out/>
  <testcase name="hitUrlAndData" time="46.746" classname="web.mybizz.tests.ExtractData2"/>
  <system-out/>
  <testcase name="hitUrlAndData" time="48.065" classname="web.mybizz.tests.ExtractData2"/>
  <system-out/>
  <testcase name="hitUrlAndData" time="47.405" classname="web.mybizz.tests.ExtractData2"/>
  <system-out/>
  <testcase name="hitUrlAndData" time="49.261" classname="web.mybizz.tests.ExtractData2"/>
  <system-out/>
  <testcase name="hitUrlAndData" time="88.594" classname="web.mybizz.tests.ExtractData2"/>
  <system-out/>
  <testcase name="hitUrlAndData" time="48.083" classname="web.mybizz.tests.ExtractData2"/>
  <system-out/>
  <testcase name="hitUrlAndData" time="67.494" classname="web.mybizz.tests.ExtractData2"/>
  <system-out/>
  <testcase name="hitUrlAndData" time="50.995" classname="web.mybizz.tests.ExtractData2"/>
  <system-out/>
  <testcase name="hitUrlAndData" time="49.398" classname="web.mybizz.tests.ExtractData2"/>
  <system-out/>
  <testcase name="hitUrlAndData" time="49.633" classname="web.mybizz.tests.ExtractData2"/>
  <system-out/>
  <testcase name="hitUrlAndData" time="48.072" classname="web.mybizz.tests.ExtractData2"/>
  <system-out/>
  <testcase name="hitUrlAndData" time="67.630" classname="web.mybizz.tests.ExtractData2"/>
  <system-out/>
  <testcase name="hitUrlAndData" time="67.241" classname="web.mybizz.tests.ExtractData2"/>
  <system-out/>
  <testcase name="hitUrlAndData" time="47.768" classname="web.mybizz.tests.ExtractData2"/>
  <system-out/>
  <testcase name="hitUrlAndData" time="47.524" classname="web.mybizz.tests.ExtractData2"/>
  <system-out/>
  <testcase name="hitUrlAndData" time="68.048" classname="web.mybizz.tests.ExtractData2"/>
  <system-out/>
  <testcase name="hitUrlAndData" time="48.048" classname="web.mybizz.tests.ExtractData2"/>
  <system-out/>
  <testcase name="hitUrlAndData" time="48.347" classname="web.mybizz.tests.ExtractData2"/>
  <system-out/>
  <testcase name="hitUrlAndData" time="51.923" classname="web.mybizz.tests.ExtractData2"/>
  <system-out/>
  <testcase name="hitUrlAndData" time="49.219" classname="web.mybizz.tests.ExtractData2"/>
  <system-out/>
  <testcase name="hitUrlAndData" time="47.116" classname="web.mybizz.tests.ExtractData2"/>
  <system-out/>
  <testcase name="hitUrlAndData" time="48.144" classname="web.mybizz.tests.ExtractData2"/>
  <system-out/>
  <testcase name="hitUrlAndData" time="89.188" classname="web.mybizz.tests.ExtractData2"/>
  <system-out/>
  <testcase name="hitUrlAndData" time="66.448" classname="web.mybizz.tests.ExtractData2"/>
  <system-out/>
  <testcase name="hitUrlAndData" time="67.689" classname="web.mybizz.tests.ExtractData2"/>
  <system-out/>
  <testcase name="hitUrlAndData" time="46.655" classname="web.mybizz.tests.ExtractData2"/>
  <system-out/>
  <testcase name="hitUrlAndData" time="49.283" classname="web.mybizz.tests.ExtractData2"/>
  <system-out/>
  <testcase name="hitUrlAndData" time="50.181" classname="web.mybizz.tests.ExtractData2"/>
  <system-out/>
  <testcase name="hitUrlAndData" time="49.634" classname="web.mybizz.tests.ExtractData2"/>
  <system-out/>
  <testcase name="hitUrlAndData" time="47.418" classname="web.mybizz.tests.ExtractData2"/>
  <system-out/>
  <testcase name="hitUrlAndData" time="48.477" classname="web.mybizz.tests.ExtractData2"/>
  <system-out/>
  <testcase name="hitUrlAndData" time="51.670" classname="web.mybizz.tests.ExtractData2"/>
  <system-out/>
  <testcase name="hitUrlAndData" time="68.629" classname="web.mybizz.tests.ExtractData2"/>
  <system-out/>
  <testcase name="hitUrlAndData" time="49.374" classname="web.mybizz.tests.ExtractData2"/>
  <system-out/>
  <testcase name="hitUrlAndData" time="49.395" classname="web.mybizz.tests.ExtractData2"/>
  <system-out/>
  <testcase name="hitUrlAndData" time="67.056" classname="web.mybizz.tests.ExtractData2"/>
  <system-out/>
  <testcase name="hitUrlAndData" time="90.316" classname="web.mybizz.tests.ExtractData2"/>
  <system-out/>
  <testcase name="hitUrlAndData" time="46.740" classname="web.mybizz.tests.ExtractData2"/>
  <system-out/>
  <testcase name="hitUrlAndData" time="90.783" classname="web.mybizz.tests.ExtractData2"/>
  <system-out/>
  <testcase name="hitUrlAndData" time="47.963" classname="web.mybizz.tests.ExtractData2"/>
  <system-out/>
  <testcase name="hitUrlAndData" time="46.512" classname="web.mybizz.tests.ExtractData2"/>
  <system-out/>
  <testcase name="hitUrlAndData" time="68.639" classname="web.mybizz.tests.ExtractData2"/>
  <system-out/>
  <testcase name="hitUrlAndData" time="48.500" classname="web.mybizz.tests.ExtractData2"/>
  <system-out/>
  <testcase name="hitUrlAndData" time="52.366" classname="web.mybizz.tests.ExtractData2"/>
  <system-out/>
  <testcase name="hitUrlAndData" time="50.546" classname="web.mybizz.tests.ExtractData2"/>
  <system-out/>
  <testcase name="hitUrlAndData" time="48.436" classname="web.mybizz.tests.ExtractData2"/>
  <system-out/>
  <testcase name="hitUrlAndData" time="50.149" classname="web.mybizz.tests.ExtractData2"/>
  <system-out/>
  <testcase name="hitUrlAndData" time="50.086" classname="web.mybizz.tests.ExtractData2"/>
  <system-out/>
  <testcase name="hitUrlAndData" time="47.557" classname="web.mybizz.tests.ExtractData2"/>
  <system-out/>
  <testcase name="hitUrlAndData" time="49.673" classname="web.mybizz.tests.ExtractData2"/>
  <system-out/>
  <testcase name="hitUrlAndData" time="88.368" classname="web.mybizz.tests.ExtractData2"/>
  <system-out/>
  <testcase name="hitUrlAndData" time="49.093" classname="web.mybizz.tests.ExtractData2"/>
  <system-out/>
  <testcase name="hitUrlAndData" time="89.872" classname="web.mybizz.tests.ExtractData2"/>
  <system-out/>
  <testcase name="hitUrlAndData" time="48.036" classname="web.mybizz.tests.ExtractData2"/>
  <system-out/>
  <testcase name="hitUrlAndData" time="88.170" classname="web.mybizz.tests.ExtractData2"/>
  <system-out/>
  <testcase name="hitUrlAndData" time="48.060" classname="web.mybizz.tests.ExtractData2"/>
  <system-out/>
  <testcase name="hitUrlAndData" time="49.934" classname="web.mybizz.tests.ExtractData2"/>
  <system-out/>
  <testcase name="hitUrlAndData" time="55.663" classname="web.mybizz.tests.ExtractData2"/>
  <system-out/>
  <testcase name="hitUrlAndData" time="50.424" classname="web.mybizz.tests.ExtractData2"/>
  <system-out/>
  <testcase name="hitUrlAndData" time="47.008" classname="web.mybizz.tests.ExtractData2"/>
  <system-out/>
  <testcase name="hitUrlAndData" time="48.963" classname="web.mybizz.tests.ExtractData2"/>
  <system-out/>
  <testcase name="hitUrlAndData" time="48.580" classname="web.mybizz.tests.ExtractData2"/>
  <system-out/>
  <testcase name="hitUrlAndData" time="50.147" classname="web.mybizz.tests.ExtractData2"/>
  <system-out/>
  <testcase name="hitUrlAndData" time="51.433" classname="web.mybizz.tests.ExtractData2"/>
  <system-out/>
  <testcase name="hitUrlAndData" time="48.178" classname="web.mybizz.tests.ExtractData2"/>
  <system-out/>
  <testcase name="hitUrlAndData" time="48.142" classname="web.mybizz.tests.ExtractData2"/>
  <system-out/>
  <testcase name="hitUrlAndData" time="88.199" classname="web.mybizz.tests.ExtractData2"/>
  <system-out/>
  <testcase name="hitUrlAndData" time="89.341" classname="web.mybizz.tests.ExtractData2"/>
  <system-out/>
  <testcase name="hitUrlAndData" time="68.276" classname="web.mybizz.tests.ExtractData2"/>
  <system-out/>
  <testcase name="hitUrlAndData" time="47.751" classname="web.mybizz.tests.ExtractData2"/>
  <system-out/>
  <testcase name="hitUrlAndData" time="48.637" classname="web.mybizz.tests.ExtractData2"/>
  <system-out/>
  <testcase name="hitUrlAndData" time="48.703" classname="web.mybizz.tests.ExtractData2"/>
  <system-out/>
  <testcase name="hitUrlAndData" time="29.562" classname="web.mybizz.tests.ExtractData2"/>
  <system-out/>
  <testcase name="hitUrlAndData" time="89.351" classname="web.mybizz.tests.ExtractData2"/>
  <system-out/>
  <testcase name="hitUrlAndData" time="48.161" classname="web.mybizz.tests.ExtractData2"/>
  <system-out/>
  <testcase name="hitUrlAndData" time="49.286" classname="web.mybizz.tests.ExtractData2"/>
  <system-out/>
  <testcase name="hitUrlAndData" time="87.175" classname="web.mybizz.tests.ExtractData2"/>
  <system-out/>
  <testcase name="hitUrlAndData" time="88.459" classname="web.mybizz.tests.ExtractData2"/>
  <system-out/>
  <testcase name="hitUrlAndData" time="51.145" classname="web.mybizz.tests.ExtractData2"/>
  <system-out/>
  <testcase name="hitUrlAndData" time="67.815" classname="web.mybizz.tests.ExtractData2"/>
  <system-out/>
  <testcase name="hitUrlAndData" time="28.932" classname="web.mybizz.tests.ExtractData2"/>
  <system-out/>
  <testcase name="hitUrlAndData" time="47.557" classname="web.mybizz.tests.ExtractData2"/>
  <system-out/>
  <testcase name="hitUrlAndData" time="48.769" classname="web.mybizz.tests.ExtractData2"/>
  <system-out/>
  <testcase name="hitUrlAndData" time="48.225" classname="web.mybizz.tests.ExtractData2"/>
  <system-out/>
  <testcase name="hitUrlAndData" time="68.049" classname="web.mybizz.tests.ExtractData2"/>
  <system-out/>
  <testcase name="hitUrlAndData" time="69.572" classname="web.mybizz.tests.ExtractData2"/>
  <system-out/>
  <testcase name="hitUrlAndData" time="52.128" classname="web.mybizz.tests.ExtractData2"/>
  <system-out/>
  <testcase name="hitUrlAndData" time="63.561" classname="web.mybizz.tests.ExtractData2"/>
  <system-out/>
  <testcase name="hitUrlAndData" time="49.333" classname="web.mybizz.tests.ExtractData2"/>
  <system-out/>
  <testcase name="hitUrlAndData" time="68.285" classname="web.mybizz.tests.ExtractData2"/>
  <system-out/>
  <testcase name="hitUrlAndData" time="48.724" classname="web.mybizz.tests.ExtractData2"/>
  <system-out/>
  <testcase name="hitUrlAndData" time="68.183" classname="web.mybizz.tests.ExtractData2"/>
  <system-out/>
  <testcase name="hitUrlAndData" time="66.818" classname="web.mybizz.tests.ExtractData2"/>
  <system-out/>
  <testcase name="hitUrlAndData" time="49.224" classname="web.mybizz.tests.ExtractData2"/>
  <system-out/>
  <testcase name="hitUrlAndData" time="48.070" classname="web.mybizz.tests.ExtractData2"/>
  <system-out/>
  <testcase name="hitUrlAndData" time="49.222" classname="web.mybizz.tests.ExtractData2"/>
  <system-out/>
  <testcase name="hitUrlAndData" time="48.179" classname="web.mybizz.tests.ExtractData2"/>
  <system-out/>
  <testcase name="hitUrlAndData" time="67.560" classname="web.mybizz.tests.ExtractData2"/>
  <system-out/>
  <testcase name="hitUrlAndData" time="67.128" classname="web.mybizz.tests.ExtractData2"/>
  <system-out/>
  <testcase name="hitUrlAndData" time="48.643" classname="web.mybizz.tests.ExtractData2"/>
  <system-out/>
  <testcase name="hitUrlAndData" time="49.561" classname="web.mybizz.tests.ExtractData2"/>
  <system-out/>
  <testcase name="hitUrlAndData" time="47.712" classname="web.mybizz.tests.ExtractData2"/>
  <system-out/>
  <testcase name="hitUrlAndData" time="47.889" classname="web.mybizz.tests.ExtractData2"/>
  <system-out/>
  <testcase name="hitUrlAndData" time="89.802" classname="web.mybizz.tests.ExtractData2"/>
  <system-out/>
  <testcase name="hitUrlAndData" time="48.268" classname="web.mybizz.tests.ExtractData2"/>
  <system-out/>
  <testcase name="hitUrlAndData" time="47.625" classname="web.mybizz.tests.ExtractData2"/>
  <system-out/>
  <testcase name="hitUrlAndData" time="49.170" classname="web.mybizz.tests.ExtractData2"/>
  <system-out/>
  <testcase name="hitUrlAndData" time="49.131" classname="web.mybizz.tests.ExtractData2"/>
  <system-out/>
  <testcase name="hitUrlAndData" time="49.203" classname="web.mybizz.tests.ExtractData2"/>
  <system-out/>
  <testcase name="hitUrlAndData" time="51.000" classname="web.mybizz.tests.ExtractData2"/>
  <system-out/>
  <testcase name="hitUrlAndData" time="47.388" classname="web.mybizz.tests.ExtractData2"/>
  <system-out/>
  <testcase name="hitUrlAndData" time="48.846" classname="web.mybizz.tests.ExtractData2"/>
  <system-out/>
  <testcase name="hitUrlAndData" time="68.450" classname="web.mybizz.tests.ExtractData2"/>
  <system-out/>
  <testcase name="hitUrlAndData" time="49.153" classname="web.mybizz.tests.ExtractData2"/>
  <system-out/>
  <testcase name="hitUrlAndData" time="48.979" classname="web.mybizz.tests.ExtractData2"/>
  <system-out/>
  <testcase name="hitUrlAndData" time="48.654" classname="web.mybizz.tests.ExtractData2"/>
  <system-out/>
  <testcase name="hitUrlAndData" time="68.236" classname="web.mybizz.tests.ExtractData2"/>
  <system-out/>
  <testcase name="hitUrlAndData" time="48.576" classname="web.mybizz.tests.ExtractData2"/>
  <system-out/>
  <testcase name="hitUrlAndData" time="48.256" classname="web.mybizz.tests.ExtractData2"/>
  <system-out/>
  <testcase name="hitUrlAndData" time="68.437" classname="web.mybizz.tests.ExtractData2"/>
  <system-out/>
  <testcase name="hitUrlAndData" time="50.328" classname="web.mybizz.tests.ExtractData2"/>
  <system-out/>
  <testcase name="hitUrlAndData" time="48.076" classname="web.mybizz.tests.ExtractData2"/>
  <system-out/>
  <testcase name="hitUrlAndData" time="67.333" classname="web.mybizz.tests.ExtractData2"/>
  <system-out/>
  <testcase name="hitUrlAndData" time="88.165" classname="web.mybizz.tests.ExtractData2"/>
  <system-out/>
  <testcase name="hitUrlAndData" time="48.208" classname="web.mybizz.tests.ExtractData2"/>
  <system-out/>
  <testcase name="hitUrlAndData" time="48.808" classname="web.mybizz.tests.ExtractData2"/>
  <system-out/>
  <testcase name="hitUrlAndData" time="3.257" classname="web.mybizz.tests.ExtractData2">
    <error type="java.lang.NullPointerException" message="null value in entry: url=null">
      <![CDATA[java.lang.NullPointerException: null value in entry: url=null
at com.google.common.collect.CollectPreconditions.checkEntryNotNull(CollectPreconditions.java:33)
at com.google.common.collect.SingletonImmutableBiMap.<init>(SingletonImmutableBiMap.java:43)
at com.google.common.collect.ImmutableBiMap.of(ImmutableBiMap.java:81)
at com.google.common.collect.ImmutableMap.of(ImmutableMap.java:126)
at org.openqa.selenium.remote.DriverCommand.GET(DriverCommand.java:191)
at org.openqa.selenium.remote.RemoteWebDriver.get(RemoteWebDriver.java:304)
at web.mybizz.tests.ExtractData2.hitUrlAndData(ExtractData2.java:68)
at sun.reflect.GeneratedMethodAccessor2.invoke(Unknown Source)
at sun.reflect.DelegatingMethodAccessorImpl.invoke(DelegatingMethodAccessorImpl.java:43)
at java.lang.reflect.Method.invoke(Method.java:498)
at org.testng.internal.MethodInvocationHelper.invokeMethod(MethodInvocationHelper.java:133)
at org.testng.internal.TestInvoker.invokeMethod(TestInvoker.java:598)
at org.testng.internal.TestInvoker.invokeTestMethod(TestInvoker.java:173)
at org.testng.internal.TestMethodWithDataProviderMethodWorker.call(TestMethodWithDataProviderMethodWorker.java:77)
at org.testng.internal.TestMethodWithDataProviderMethodWorker.call(TestMethodWithDataProviderMethodWorker.java:15)
at java.util.concurrent.FutureTask.run(FutureTask.java:266)
at java.util.concurrent.Executors$RunnableAdapter.call(Executors.java:511)
at java.util.concurrent.FutureTask.run(FutureTask.java:266)
at java.util.concurrent.ThreadPoolExecutor.runWorker(ThreadPoolExecutor.java:1149)
at java.util.concurrent.ThreadPoolExecutor$Worker.run(ThreadPoolExecutor.java:624)
at java.lang.Thread.run(Thread.java:748)
]]>
    </error>
  </testcase> <!-- hitUrlAndData -->
  <system-out/>
  <testcase name="hitUrlAndData" time="49.135" classname="web.mybizz.tests.ExtractData2"/>
  <system-out/>
  <testcase name="hitUrlAndData" time="49.366" classname="web.mybizz.tests.ExtractData2"/>
  <system-out/>
  <testcase name="hitUrlAndData" time="48.512" classname="web.mybizz.tests.ExtractData2"/>
  <system-out/>
  <testcase name="hitUrlAndData" time="89.290" classname="web.mybizz.tests.ExtractData2"/>
  <system-out/>
  <testcase name="hitUrlAndData" time="89.768" classname="web.mybizz.tests.ExtractData2"/>
  <system-out/>
  <testcase name="hitUrlAndData" time="88.911" classname="web.mybizz.tests.ExtractData2"/>
  <system-out/>
  <testcase name="hitUrlAndData" time="48.338" classname="web.mybizz.tests.ExtractData2"/>
  <system-out/>
  <testcase name="hitUrlAndData" time="47.982" classname="web.mybizz.tests.ExtractData2"/>
  <system-out/>
  <testcase name="hitUrlAndData" time="66.844" classname="web.mybizz.tests.ExtractData2"/>
  <system-out/>
  <testcase name="hitUrlAndData" time="50.045" classname="web.mybizz.tests.ExtractData2"/>
  <system-out/>
  <testcase name="hitUrlAndData" time="47.769" classname="web.mybizz.tests.ExtractData2"/>
  <system-out/>
  <testcase name="hitUrlAndData" time="47.927" classname="web.mybizz.tests.ExtractData2"/>
  <system-out/>
  <testcase name="hitUrlAndData" time="68.422" classname="web.mybizz.tests.ExtractData2"/>
  <system-out/>
  <testcase name="hitUrlAndData" time="70.285" classname="web.mybizz.tests.ExtractData2"/>
  <system-out/>
  <testcase name="hitUrlAndData" time="49.656" classname="web.mybizz.tests.ExtractData2"/>
  <system-out/>
  <testcase name="hitUrlAndData" time="67.132" classname="web.mybizz.tests.ExtractData2"/>
  <system-out/>
  <testcase name="hitUrlAndData" time="66.832" classname="web.mybizz.tests.ExtractData2"/>
  <system-out/>
  <testcase name="hitUrlAndData" time="48.305" classname="web.mybizz.tests.ExtractData2"/>
  <system-out/>
  <testcase name="hitUrlAndData" time="88.222" classname="web.mybizz.tests.ExtractData2"/>
  <system-out/>
  <testcase name="hitUrlAndData" time="48.830" classname="web.mybizz.tests.ExtractData2"/>
  <system-out/>
  <testcase name="hitUrlAndData" time="47.417" classname="web.mybizz.tests.ExtractData2"/>
  <system-out/>
  <testcase name="hitUrlAndData" time="47.787" classname="web.mybizz.tests.ExtractData2"/>
  <system-out/>
  <testcase name="hitUrlAndData" time="69.310" classname="web.mybizz.tests.ExtractData2"/>
  <system-out/>
  <testcase name="hitUrlAndData" time="48.157" classname="web.mybizz.tests.ExtractData2"/>
  <system-out/>
  <testcase name="hitUrlAndData" time="68.453" classname="web.mybizz.tests.ExtractData2"/>
  <system-out/>
  <testcase name="hitUrlAndData" time="46.507" classname="web.mybizz.tests.ExtractData2"/>
  <system-out/>
  <testcase name="hitUrlAndData" time="67.274" classname="web.mybizz.tests.ExtractData2"/>
  <system-out/>
  <testcase name="hitUrlAndData" time="48.559" classname="web.mybizz.tests.ExtractData2"/>
  <system-out/>
  <testcase name="hitUrlAndData" time="49.900" classname="web.mybizz.tests.ExtractData2"/>
  <system-out/>
  <testcase name="hitUrlAndData" time="67.578" classname="web.mybizz.tests.ExtractData2"/>
  <system-out/>
  <testcase name="hitUrlAndData" time="51.202" classname="web.mybizz.tests.ExtractData2"/>
  <system-out/>
  <testcase name="hitUrlAndData" time="50.745" classname="web.mybizz.tests.ExtractData2"/>
  <system-out/>
  <testcase name="hitUrlAndData" time="47.828" classname="web.mybizz.tests.ExtractData2"/>
  <system-out/>
  <testcase name="hitUrlAndData" time="50.438" classname="web.mybizz.tests.ExtractData2"/>
  <system-out/>
  <testcase name="hitUrlAndData" time="48.615" classname="web.mybizz.tests.ExtractData2"/>
  <system-out/>
  <testcase name="hitUrlAndData" time="46.496" classname="web.mybizz.tests.ExtractData2"/>
  <system-out/>
  <testcase name="hitUrlAndData" time="51.064" classname="web.mybizz.tests.ExtractData2"/>
  <system-out/>
  <testcase name="hitUrlAndData" time="48.620" classname="web.mybizz.tests.ExtractData2"/>
  <system-out/>
  <testcase name="hitUrlAndData" time="48.679" classname="web.mybizz.tests.ExtractData2"/>
  <system-out/>
  <testcase name="hitUrlAndData" time="48.210" classname="web.mybizz.tests.ExtractData2"/>
  <system-out/>
  <testcase name="hitUrlAndData" time="68.563" classname="web.mybizz.tests.ExtractData2"/>
  <system-out/>
  <testcase name="hitUrlAndData" time="48.144" classname="web.mybizz.tests.ExtractData2"/>
  <system-out/>
  <testcase name="hitUrlAndData" time="49.225" classname="web.mybizz.tests.ExtractData2"/>
  <system-out/>
  <testcase name="hitUrlAndData" time="48.545" classname="web.mybizz.tests.ExtractData2"/>
  <system-out/>
  <testcase name="hitUrlAndData" time="68.418" classname="web.mybizz.tests.ExtractData2"/>
  <system-out/>
  <testcase name="hitUrlAndData" time="48.102" classname="web.mybizz.tests.ExtractData2"/>
  <system-out/>
  <testcase name="hitUrlAndData" time="53.388" classname="web.mybizz.tests.ExtractData2"/>
  <system-out/>
  <testcase name="hitUrlAndData" time="48.813" classname="web.mybizz.tests.ExtractData2"/>
  <system-out/>
  <testcase name="hitUrlAndData" time="48.177" classname="web.mybizz.tests.ExtractData2"/>
  <system-out/>
  <testcase name="hitUrlAndData" time="48.783" classname="web.mybizz.tests.ExtractData2"/>
  <system-out/>
  <testcase name="hitUrlAndData" time="51.242" classname="web.mybizz.tests.ExtractData2"/>
  <system-out/>
  <testcase name="hitUrlAndData" time="48.721" classname="web.mybizz.tests.ExtractData2"/>
  <system-out/>
  <testcase name="hitUrlAndData" time="48.586" classname="web.mybizz.tests.ExtractData2"/>
  <system-out/>
  <testcase name="hitUrlAndData" time="72.607" classname="web.mybizz.tests.ExtractData2"/>
  <system-out/>
  <testcase name="hitUrlAndData" time="67.731" classname="web.mybizz.tests.ExtractData2"/>
  <system-out/>
  <testcase name="hitUrlAndData" time="49.969" classname="web.mybizz.tests.ExtractData2"/>
  <system-out/>
  <testcase name="hitUrlAndData" time="50.857" classname="web.mybizz.tests.ExtractData2"/>
  <system-out/>
  <testcase name="hitUrlAndData" time="48.216" classname="web.mybizz.tests.ExtractData2"/>
  <system-out/>
  <testcase name="hitUrlAndData" time="47.944" classname="web.mybizz.tests.ExtractData2"/>
  <system-out/>
  <testcase name="hitUrlAndData" time="50.726" classname="web.mybizz.tests.ExtractData2"/>
  <system-out/>
  <testcase name="hitUrlAndData" time="67.405" classname="web.mybizz.tests.ExtractData2"/>
  <system-out/>
  <testcase name="hitUrlAndData" time="48.932" classname="web.mybizz.tests.ExtractData2"/>
  <system-out/>
  <testcase name="hitUrlAndData" time="69.369" classname="web.mybizz.tests.ExtractData2"/>
  <system-out/>
  <testcase name="hitUrlAndData" time="28.734" classname="web.mybizz.tests.ExtractData2"/>
  <system-out/>
  <testcase name="hitUrlAndData" time="49.556" classname="web.mybizz.tests.ExtractData2"/>
  <system-out/>
  <testcase name="hitUrlAndData" time="68.955" classname="web.mybizz.tests.ExtractData2"/>
  <system-out/>
  <testcase name="hitUrlAndData" time="50.222" classname="web.mybizz.tests.ExtractData2"/>
  <system-out/>
  <testcase name="hitUrlAndData" time="66.525" classname="web.mybizz.tests.ExtractData2"/>
  <system-out/>
  <testcase name="hitUrlAndData" time="47.850" classname="web.mybizz.tests.ExtractData2"/>
  <system-out/>
  <testcase name="hitUrlAndData" time="48.917" classname="web.mybizz.tests.ExtractData2"/>
  <system-out/>
  <testcase name="hitUrlAndData" time="51.776" classname="web.mybizz.tests.ExtractData2"/>
  <system-out/>
  <testcase name="hitUrlAndData" time="67.170" classname="web.mybizz.tests.ExtractData2"/>
  <system-out/>
  <testcase name="hitUrlAndData" time="49.928" classname="web.mybizz.tests.ExtractData2"/>
  <system-out/>
  <testcase name="hitUrlAndData" time="49.488" classname="web.mybizz.tests.ExtractData2"/>
  <system-out/>
  <testcase name="hitUrlAndData" time="48.107" classname="web.mybizz.tests.ExtractData2"/>
  <system-out/>
  <testcase name="hitUrlAndData" time="51.621" classname="web.mybizz.tests.ExtractData2"/>
  <system-out/>
  <testcase name="hitUrlAndData" time="49.643" classname="web.mybizz.tests.ExtractData2"/>
  <system-out/>
  <testcase name="hitUrlAndData" time="48.685" classname="web.mybizz.tests.ExtractData2"/>
  <system-out/>
  <testcase name="hitUrlAndData" time="48.337" classname="web.mybizz.tests.ExtractData2"/>
  <system-out/>
  <testcase name="hitUrlAndData" time="47.334" classname="web.mybizz.tests.ExtractData2"/>
  <system-out/>
  <testcase name="hitUrlAndData" time="66.671" classname="web.mybizz.tests.ExtractData2"/>
  <system-out/>
  <testcase name="hitUrlAndData" time="50.224" classname="web.mybizz.tests.ExtractData2"/>
  <system-out/>
  <testcase name="hitUrlAndData" time="47.933" classname="web.mybizz.tests.ExtractData2"/>
  <system-out/>
  <testcase name="hitUrlAndData" time="67.749" classname="web.mybizz.tests.ExtractData2"/>
  <system-out/>
  <testcase name="hitUrlAndData" time="48.178" classname="web.mybizz.tests.ExtractData2"/>
  <system-out/>
  <testcase name="hitUrlAndData" time="48.058" classname="web.mybizz.tests.ExtractData2"/>
  <system-out/>
  <testcase name="hitUrlAndData" time="48.242" classname="web.mybizz.tests.ExtractData2"/>
  <system-out/>
  <testcase name="hitUrlAndData" time="69.269" classname="web.mybizz.tests.ExtractData2"/>
  <system-out/>
  <testcase name="hitUrlAndData" time="48.320" classname="web.mybizz.tests.ExtractData2"/>
  <system-out/>
  <testcase name="hitUrlAndData" time="67.300" classname="web.mybizz.tests.ExtractData2"/>
  <system-out/>
  <testcase name="hitUrlAndData" time="48.748" classname="web.mybizz.tests.ExtractData2"/>
  <system-out/>
  <testcase name="hitUrlAndData" time="49.009" classname="web.mybizz.tests.ExtractData2"/>
  <system-out/>
  <testcase name="hitUrlAndData" time="48.088" classname="web.mybizz.tests.ExtractData2"/>
  <system-out/>
  <testcase name="hitUrlAndData" time="48.557" classname="web.mybizz.tests.ExtractData2"/>
  <system-out/>
  <testcase name="hitUrlAndData" time="48.590" classname="web.mybizz.tests.ExtractData2"/>
  <system-out/>
  <testcase name="hitUrlAndData" time="47.330" classname="web.mybizz.tests.ExtractData2"/>
  <system-out/>
  <testcase name="hitUrlAndData" time="52.394" classname="web.mybizz.tests.ExtractData2"/>
  <system-out/>
  <testcase name="hitUrlAndData" time="47.176" classname="web.mybizz.tests.ExtractData2"/>
  <system-out/>
  <testcase name="hitUrlAndData" time="49.138" classname="web.mybizz.tests.ExtractData2"/>
  <system-out/>
  <testcase name="hitUrlAndData" time="47.924" classname="web.mybizz.tests.ExtractData2"/>
  <system-out/>
  <testcase name="hitUrlAndData" time="50.499" classname="web.mybizz.tests.ExtractData2"/>
  <system-out/>
  <testcase name="hitUrlAndData" time="48.448" classname="web.mybizz.tests.ExtractData2"/>
  <system-out/>
  <testcase name="hitUrlAndData" time="52.596" classname="web.mybizz.tests.ExtractData2"/>
  <system-out/>
  <testcase name="hitUrlAndData" time="48.952" classname="web.mybizz.tests.ExtractData2"/>
  <system-out/>
  <testcase name="hitUrlAndData" time="49.285" classname="web.mybizz.tests.ExtractData2"/>
  <system-out/>
  <testcase name="hitUrlAndData" time="51.450" classname="web.mybizz.tests.ExtractData2"/>
  <system-out/>
  <testcase name="hitUrlAndData" time="48.701" classname="web.mybizz.tests.ExtractData2"/>
  <system-out/>
  <testcase name="hitUrlAndData" time="47.693" classname="web.mybizz.tests.ExtractData2"/>
  <system-out/>
  <testcase name="hitUrlAndData" time="47.670" classname="web.mybizz.tests.ExtractData2"/>
  <system-out/>
  <testcase name="hitUrlAndData" time="51.714" classname="web.mybizz.tests.ExtractData2"/>
  <system-out/>
  <testcase name="hitUrlAndData" time="47.661" classname="web.mybizz.tests.ExtractData2"/>
  <system-out/>
  <testcase name="hitUrlAndData" time="89.248" classname="web.mybizz.tests.ExtractData2"/>
  <system-out/>
  <testcase name="hitUrlAndData" time="49.127" classname="web.mybizz.tests.ExtractData2"/>
  <system-out/>
  <testcase name="hitUrlAndData" time="91.353" classname="web.mybizz.tests.ExtractData2"/>
  <system-out/>
  <testcase name="hitUrlAndData" time="49.242" classname="web.mybizz.tests.ExtractData2"/>
  <system-out/>
  <testcase name="hitUrlAndData" time="47.659" classname="web.mybizz.tests.ExtractData2"/>
  <system-out/>
  <testcase name="hitUrlAndData" time="67.344" classname="web.mybizz.tests.ExtractData2"/>
  <system-out/>
  <testcase name="hitUrlAndData" time="67.034" classname="web.mybizz.tests.ExtractData2"/>
  <system-out/>
  <testcase name="hitUrlAndData" time="49.064" classname="web.mybizz.tests.ExtractData2"/>
  <system-out/>
  <testcase name="hitUrlAndData" time="49.839" classname="web.mybizz.tests.ExtractData2"/>
  <system-out/>
  <testcase name="hitUrlAndData" time="49.534" classname="web.mybizz.tests.ExtractData2"/>
  <system-out/>
  <testcase name="hitUrlAndData" time="46.400" classname="web.mybizz.tests.ExtractData2"/>
  <system-out/>
  <testcase name="hitUrlAndData" time="48.467" classname="web.mybizz.tests.ExtractData2"/>
  <system-out/>
  <testcase name="hitUrlAndData" time="47.034" classname="web.mybizz.tests.ExtractData2"/>
  <system-out/>
  <testcase name="hitUrlAndData" time="49.513" classname="web.mybizz.tests.ExtractData2"/>
  <system-out/>
  <testcase name="hitUrlAndData" time="67.532" classname="web.mybizz.tests.ExtractData2"/>
  <system-out/>
  <testcase name="hitUrlAndData" time="49.824" classname="web.mybizz.tests.ExtractData2"/>
  <system-out/>
  <testcase name="hitUrlAndData" time="47.981" classname="web.mybizz.tests.ExtractData2"/>
  <system-out/>
  <testcase name="hitUrlAndData" time="88.088" classname="web.mybizz.tests.ExtractData2"/>
  <system-out/>
  <testcase name="hitUrlAndData" time="66.928" classname="web.mybizz.tests.ExtractData2"/>
  <system-out/>
  <testcase name="hitUrlAndData" time="89.529" classname="web.mybizz.tests.ExtractData2"/>
  <system-out/>
  <testcase name="hitUrlAndData" time="47.035" classname="web.mybizz.tests.ExtractData2"/>
  <system-out/>
  <testcase name="hitUrlAndData" time="48.378" classname="web.mybizz.tests.ExtractData2"/>
  <system-out/>
  <testcase name="hitUrlAndData" time="29.488" classname="web.mybizz.tests.ExtractData2"/>
  <system-out/>
  <testcase name="hitUrlAndData" time="67.825" classname="web.mybizz.tests.ExtractData2"/>
  <system-out/>
  <testcase name="hitUrlAndData" time="48.045" classname="web.mybizz.tests.ExtractData2"/>
  <system-out/>
  <testcase name="hitUrlAndData" time="49.486" classname="web.mybizz.tests.ExtractData2"/>
  <system-out/>
  <testcase name="hitUrlAndData" time="50.689" classname="web.mybizz.tests.ExtractData2"/>
  <system-out/>
  <testcase name="hitUrlAndData" time="50.146" classname="web.mybizz.tests.ExtractData2"/>
  <system-out/>
  <testcase name="hitUrlAndData" time="50.604" classname="web.mybizz.tests.ExtractData2"/>
  <system-out/>
  <testcase name="hitUrlAndData" time="50.088" classname="web.mybizz.tests.ExtractData2"/>
  <system-out/>
  <testcase name="hitUrlAndData" time="49.379" classname="web.mybizz.tests.ExtractData2"/>
  <system-out/>
  <testcase name="hitUrlAndData" time="46.643" classname="web.mybizz.tests.ExtractData2"/>
  <system-out/>
  <testcase name="hitUrlAndData" time="49.635" classname="web.mybizz.tests.ExtractData2"/>
  <system-out/>
  <testcase name="hitUrlAndData" time="48.812" classname="web.mybizz.tests.ExtractData2"/>
  <system-out/>
  <testcase name="hitUrlAndData" time="47.067" classname="web.mybizz.tests.ExtractData2"/>
  <system-out/>
  <testcase name="hitUrlAndData" time="50.253" classname="web.mybizz.tests.ExtractData2"/>
  <system-out/>
  <testcase name="hitUrlAndData" time="49.054" classname="web.mybizz.tests.ExtractData2"/>
  <system-out/>
  <testcase name="hitUrlAndData" time="47.972" classname="web.mybizz.tests.ExtractData2"/>
  <system-out/>
  <testcase name="hitUrlAndData" time="47.839" classname="web.mybizz.tests.ExtractData2"/>
  <system-out/>
  <testcase name="hitUrlAndData" time="49.386" classname="web.mybizz.tests.ExtractData2"/>
  <system-out/>
  <testcase name="hitUrlAndData" time="68.097" classname="web.mybizz.tests.ExtractData2"/>
  <system-out/>
  <testcase name="hitUrlAndData" time="47.320" classname="web.mybizz.tests.ExtractData2"/>
  <system-out/>
  <testcase name="hitUrlAndData" time="65.306" classname="web.mybizz.tests.ExtractData2"/>
  <system-out/>
  <testcase name="hitUrlAndData" time="87.601" classname="web.mybizz.tests.ExtractData2"/>
  <system-out/>
  <testcase name="hitUrlAndData" time="67.515" classname="web.mybizz.tests.ExtractData2"/>
  <system-out/>
  <testcase name="hitUrlAndData" time="49.963" classname="web.mybizz.tests.ExtractData2"/>
  <system-out/>
  <testcase name="hitUrlAndData" time="53.815" classname="web.mybizz.tests.ExtractData2"/>
  <system-out/>
  <testcase name="hitUrlAndData" time="48.718" classname="web.mybizz.tests.ExtractData2"/>
  <system-out/>
  <testcase name="hitUrlAndData" time="66.973" classname="web.mybizz.tests.ExtractData2"/>
  <system-out/>
  <testcase name="hitUrlAndData" time="50.740" classname="web.mybizz.tests.ExtractData2"/>
  <system-out/>
  <testcase name="hitUrlAndData" time="49.618" classname="web.mybizz.tests.ExtractData2"/>
  <system-out/>
  <testcase name="hitUrlAndData" time="49.637" classname="web.mybizz.tests.ExtractData2"/>
  <system-out/>
  <testcase name="hitUrlAndData" time="50.007" classname="web.mybizz.tests.ExtractData2"/>
  <system-out/>
  <testcase name="hitUrlAndData" time="67.165" classname="web.mybizz.tests.ExtractData2"/>
  <system-out/>
  <testcase name="hitUrlAndData" time="48.442" classname="web.mybizz.tests.ExtractData2"/>
  <system-out/>
  <testcase name="hitUrlAndData" time="68.982" classname="web.mybizz.tests.ExtractData2"/>
  <system-out/>
  <testcase name="hitUrlAndData" time="49.727" classname="web.mybizz.tests.ExtractData2"/>
  <system-out/>
  <testcase name="hitUrlAndData" time="66.942" classname="web.mybizz.tests.ExtractData2"/>
  <system-out/>
  <testcase name="hitUrlAndData" time="48.474" classname="web.mybizz.tests.ExtractData2"/>
  <system-out/>
  <testcase name="hitUrlAndData" time="48.231" classname="web.mybizz.tests.ExtractData2"/>
  <system-out/>
  <testcase name="hitUrlAndData" time="49.453" classname="web.mybizz.tests.ExtractData2"/>
  <system-out/>
  <testcase name="hitUrlAndData" time="29.205" classname="web.mybizz.tests.ExtractData2"/>
  <system-out/>
  <testcase name="hitUrlAndData" time="49.964" classname="web.mybizz.tests.ExtractData2"/>
  <system-out/>
  <testcase name="hitUrlAndData" time="67.708" classname="web.mybizz.tests.ExtractData2"/>
  <system-out/>
  <testcase name="hitUrlAndData" time="48.955" classname="web.mybizz.tests.ExtractData2"/>
  <system-out/>
  <testcase name="hitUrlAndData" time="67.611" classname="web.mybizz.tests.ExtractData2"/>
  <system-out/>
  <testcase name="hitUrlAndData" time="47.309" classname="web.mybizz.tests.ExtractData2"/>
  <system-out/>
  <testcase name="hitUrlAndData" time="49.964" classname="web.mybizz.tests.ExtractData2"/>
  <system-out/>
  <testcase name="hitUrlAndData" time="47.119" classname="web.mybizz.tests.ExtractData2"/>
  <system-out/>
  <testcase name="hitUrlAndData" time="46.289" classname="web.mybizz.tests.ExtractData2"/>
  <system-out/>
  <testcase name="hitUrlAndData" time="66.556" classname="web.mybizz.tests.ExtractData2"/>
  <system-out/>
  <testcase name="hitUrlAndData" time="68.441" classname="web.mybizz.tests.ExtractData2"/>
  <system-out/>
  <testcase name="hitUrlAndData" time="69.190" classname="web.mybizz.tests.ExtractData2"/>
  <system-out/>
  <testcase name="hitUrlAndData" time="49.475" classname="web.mybizz.tests.ExtractData2"/>
  <system-out/>
  <testcase name="hitUrlAndData" time="47.645" classname="web.mybizz.tests.ExtractData2"/>
  <system-out/>
  <testcase name="hitUrlAndData" time="48.449" classname="web.mybizz.tests.ExtractData2"/>
  <system-out/>
  <testcase name="hitUrlAndData" time="67.673" classname="web.mybizz.tests.ExtractData2"/>
  <system-out/>
  <testcase name="hitUrlAndData" time="49.138" classname="web.mybizz.tests.ExtractData2"/>
  <system-out/>
  <testcase name="hitUrlAndData" time="48.036" classname="web.mybizz.tests.ExtractData2"/>
  <system-out/>
  <testcase name="hitUrlAndData" time="50.014" classname="web.mybizz.tests.ExtractData2"/>
  <system-out/>
  <testcase name="hitUrlAndData" time="48.634" classname="web.mybizz.tests.ExtractData2"/>
  <system-out/>
  <testcase name="hitUrlAndData" time="51.585" classname="web.mybizz.tests.ExtractData2"/>
  <system-out/>
  <testcase name="hitUrlAndData" time="48.445" classname="web.mybizz.tests.ExtractData2"/>
  <system-out/>
  <testcase name="hitUrlAndData" time="49.751" classname="web.mybizz.tests.ExtractData2"/>
  <system-out/>
  <testcase name="hitUrlAndData" time="49.036" classname="web.mybizz.tests.ExtractData2"/>
  <system-out/>
  <testcase name="hitUrlAndData" time="89.613" classname="web.mybizz.tests.ExtractData2"/>
  <system-out/>
  <testcase name="hitUrlAndData" time="69.385" classname="web.mybizz.tests.ExtractData2"/>
  <system-out/>
  <testcase name="hitUrlAndData" time="51.196" classname="web.mybizz.tests.ExtractData2"/>
  <system-out/>
  <testcase name="hitUrlAndData" time="48.649" classname="web.mybizz.tests.ExtractData2"/>
  <system-out/>
  <testcase name="hitUrlAndData" time="47.472" classname="web.mybizz.tests.ExtractData2"/>
  <system-out/>
  <testcase name="hitUrlAndData" time="47.457" classname="web.mybizz.tests.ExtractData2"/>
  <system-out/>
  <testcase name="hitUrlAndData" time="68.452" classname="web.mybizz.tests.ExtractData2"/>
  <system-out/>
  <testcase name="hitUrlAndData" time="90.063" classname="web.mybizz.tests.ExtractData2"/>
  <system-out/>
  <testcase name="hitUrlAndData" time="48.868" classname="web.mybizz.tests.ExtractData2"/>
  <system-out/>
  <testcase name="hitUrlAndData" time="48.836" classname="web.mybizz.tests.ExtractData2"/>
  <system-out/>
  <testcase name="hitUrlAndData" time="68.513" classname="web.mybizz.tests.ExtractData2"/>
  <system-out/>
  <testcase name="hitUrlAndData" time="48.833" classname="web.mybizz.tests.ExtractData2"/>
  <system-out/>
  <testcase name="hitUrlAndData" time="49.820" classname="web.mybizz.tests.ExtractData2"/>
  <system-out/>
  <testcase name="hitUrlAndData" time="87.296" classname="web.mybizz.tests.ExtractData2"/>
  <system-out/>
  <testcase name="hitUrlAndData" time="47.829" classname="web.mybizz.tests.ExtractData2"/>
  <system-out/>
  <testcase name="hitUrlAndData" time="51.537" classname="web.mybizz.tests.ExtractData2"/>
  <system-out/>
  <testcase name="hitUrlAndData" time="48.292" classname="web.mybizz.tests.ExtractData2"/>
  <system-out/>
  <testcase name="hitUrlAndData" time="67.072" classname="web.mybizz.tests.ExtractData2"/>
  <system-out/>
  <testcase name="hitUrlAndData" time="50.034" classname="web.mybizz.tests.ExtractData2"/>
  <system-out/>
  <testcase name="hitUrlAndData" time="66.645" classname="web.mybizz.tests.ExtractData2"/>
  <system-out/>
  <testcase name="hitUrlAndData" time="87.992" classname="web.mybizz.tests.ExtractData2"/>
  <system-out/>
  <testcase name="hitUrlAndData" time="48.919" classname="web.mybizz.tests.ExtractData2"/>
  <system-out/>
  <testcase name="hitUrlAndData" time="68.501" classname="web.mybizz.tests.ExtractData2"/>
  <system-out/>
  <testcase name="hitUrlAndData" time="48.813" classname="web.mybizz.tests.ExtractData2"/>
  <system-out/>
  <testcase name="hitUrlAndData" time="47.095" classname="web.mybizz.tests.ExtractData2"/>
  <system-out/>
  <testcase name="hitUrlAndData" time="68.847" classname="web.mybizz.tests.ExtractData2"/>
  <system-out/>
  <testcase name="hitUrlAndData" time="48.502" classname="web.mybizz.tests.ExtractData2"/>
  <system-out/>
  <testcase name="hitUrlAndData" time="90.860" classname="web.mybizz.tests.ExtractData2"/>
  <system-out/>
  <testcase name="hitUrlAndData" time="89.222" classname="web.mybizz.tests.ExtractData2"/>
  <system-out/>
  <testcase name="hitUrlAndData" time="53.286" classname="web.mybizz.tests.ExtractData2"/>
  <system-out/>
  <testcase name="hitUrlAndData" time="48.582" classname="web.mybizz.tests.ExtractData2"/>
  <system-out/>
  <testcase name="hitUrlAndData" time="50.927" classname="web.mybizz.tests.ExtractData2"/>
  <system-out/>
  <testcase name="hitUrlAndData" time="50.098" classname="web.mybizz.tests.ExtractData2"/>
  <system-out/>
  <testcase name="hitUrlAndData" time="48.651" classname="web.mybizz.tests.ExtractData2"/>
  <system-out/>
  <testcase name="hitUrlAndData" time="49.215" classname="web.mybizz.tests.ExtractData2"/>
  <system-out/>
  <testcase name="hitUrlAndData" time="48.647" classname="web.mybizz.tests.ExtractData2"/>
  <system-out/>
  <testcase name="hitUrlAndData" time="49.194" classname="web.mybizz.tests.ExtractData2"/>
  <system-out/>
  <testcase name="hitUrlAndData" time="49.530" classname="web.mybizz.tests.ExtractData2"/>
  <system-out/>
  <testcase name="hitUrlAndData" time="46.975" classname="web.mybizz.tests.ExtractData2"/>
  <system-out/>
  <testcase name="hitUrlAndData" time="68.073" classname="web.mybizz.tests.ExtractData2"/>
  <system-out/>
  <testcase name="hitUrlAndData" time="50.369" classname="web.mybizz.tests.ExtractData2"/>
  <system-out/>
  <testcase name="hitUrlAndData" time="48.562" classname="web.mybizz.tests.ExtractData2"/>
  <system-out/>
  <testcase name="hitUrlAndData" time="47.352" classname="web.mybizz.tests.ExtractData2"/>
  <system-out/>
  <testcase name="hitUrlAndData" time="70.996" classname="web.mybizz.tests.ExtractData2"/>
  <system-out/>
  <testcase name="hitUrlAndData" time="69.243" classname="web.mybizz.tests.ExtractData2"/>
  <system-out/>
  <testcase name="hitUrlAndData" time="49.481" classname="web.mybizz.tests.ExtractData2"/>
  <system-out/>
  <testcase name="hitUrlAndData" time="69.770" classname="web.mybizz.tests.ExtractData2"/>
  <system-out/>
  <testcase name="hitUrlAndData" time="48.844" classname="web.mybizz.tests.ExtractData2"/>
  <system-out/>
  <testcase name="hitUrlAndData" time="66.699" classname="web.mybizz.tests.ExtractData2"/>
  <system-out/>
  <testcase name="hitUrlAndData" time="50.536" classname="web.mybizz.tests.ExtractData2"/>
  <system-out/>
  <testcase name="hitUrlAndData" time="47.384" classname="web.mybizz.tests.ExtractData2"/>
  <system-out/>
  <testcase name="hitUrlAndData" time="46.667" classname="web.mybizz.tests.ExtractData2"/>
  <system-out/>
  <testcase name="hitUrlAndData" time="69.933" classname="web.mybizz.tests.ExtractData2"/>
  <system-out/>
  <testcase name="hitUrlAndData" time="49.404" classname="web.mybizz.tests.ExtractData2"/>
  <system-out/>
  <testcase name="hitUrlAndData" time="47.650" classname="web.mybizz.tests.ExtractData2"/>
  <system-out/>
  <testcase name="hitUrlAndData" time="47.532" classname="web.mybizz.tests.ExtractData2"/>
  <system-out/>
  <testcase name="hitUrlAndData" time="49.193" classname="web.mybizz.tests.ExtractData2"/>
  <system-out/>
  <testcase name="hitUrlAndData" time="48.431" classname="web.mybizz.tests.ExtractData2"/>
  <system-out/>
  <testcase name="hitUrlAndData" time="49.695" classname="web.mybizz.tests.ExtractData2"/>
  <system-out/>
  <testcase name="hitUrlAndData" time="49.805" classname="web.mybizz.tests.ExtractData2"/>
  <system-out/>
  <testcase name="hitUrlAndData" time="48.590" classname="web.mybizz.tests.ExtractData2"/>
  <system-out/>
  <testcase name="hitUrlAndData" time="68.165" classname="web.mybizz.tests.ExtractData2"/>
  <system-out/>
  <testcase name="hitUrlAndData" time="88.423" classname="web.mybizz.tests.ExtractData2"/>
  <system-out/>
  <testcase name="hitUrlAndData" time="88.678" classname="web.mybizz.tests.ExtractData2"/>
  <system-out/>
  <testcase name="hitUrlAndData" time="48.868" classname="web.mybizz.tests.ExtractData2"/>
  <system-out/>
  <testcase name="hitUrlAndData" time="48.627" classname="web.mybizz.tests.ExtractData2"/>
  <system-out/>
  <testcase name="hitUrlAndData" time="49.198" classname="web.mybizz.tests.ExtractData2"/>
  <system-out/>
  <testcase name="hitUrlAndData" time="48.985" classname="web.mybizz.tests.ExtractData2"/>
  <system-out/>
  <testcase name="hitUrlAndData" time="67.942" classname="web.mybizz.tests.ExtractData2"/>
  <system-out/>
  <testcase name="hitUrlAndData" time="51.618" classname="web.mybizz.tests.ExtractData2"/>
  <system-out/>
  <testcase name="hitUrlAndData" time="67.507" classname="web.mybizz.tests.ExtractData2"/>
  <system-out/>
  <testcase name="hitUrlAndData" time="47.494" classname="web.mybizz.tests.ExtractData2"/>
  <system-out/>
  <testcase name="hitUrlAndData" time="47.256" classname="web.mybizz.tests.ExtractData2"/>
  <system-out/>
  <testcase name="hitUrlAndData" time="50.590" classname="web.mybizz.tests.ExtractData2"/>
  <system-out/>
  <testcase name="hitUrlAndData" time="49.768" classname="web.mybizz.tests.ExtractData2"/>
  <system-out/>
  <testcase name="hitUrlAndData" time="47.762" classname="web.mybizz.tests.ExtractData2"/>
  <system-out/>
  <testcase name="hitUrlAndData" time="49.351" classname="web.mybizz.tests.ExtractData2"/>
  <system-out/>
  <testcase name="hitUrlAndData" time="49.501" classname="web.mybizz.tests.ExtractData2"/>
  <system-out/>
  <testcase name="hitUrlAndData" time="90.178" classname="web.mybizz.tests.ExtractData2"/>
  <system-out/>
  <testcase name="hitUrlAndData" time="71.264" classname="web.mybizz.tests.ExtractData2"/>
  <system-out/>
</testsuite> <!-- web.mybizz.tests.ExtractData2 -->
